[2025-04-29T19:54:37.572+0000] {processor.py:186} INFO - Started process (PID=119) to work on /home/airflow/.local/lib/python3.12/site-packages/airflow/example_dags/example_sensors.py
[2025-04-29T19:54:37.573+0000] {processor.py:914} INFO - Processing file /home/airflow/.local/lib/python3.12/site-packages/airflow/example_dags/example_sensors.py for tasks to queue
[2025-04-29T19:54:37.576+0000] {logging_mixin.py:190} INFO - [2025-04-29T19:54:37.576+0000] {dagbag.py:588} INFO - Filling up the DagBag from /home/airflow/.local/lib/python3.12/site-packages/airflow/example_dags/example_sensors.py
[2025-04-29T19:54:37.589+0000] {processor.py:925} INFO - DAG(s) 'example_sensors' retrieved from /home/airflow/.local/lib/python3.12/site-packages/airflow/example_dags/example_sensors.py
[2025-04-29T19:54:37.619+0000] {logging_mixin.py:190} INFO - [2025-04-29T19:54:37.619+0000] {dag.py:3239} INFO - Sync 1 DAGs
[2025-04-29T19:54:37.639+0000] {logging_mixin.py:190} INFO - [2025-04-29T19:54:37.638+0000] {dag.py:4180} INFO - Setting next_dagrun for example_sensors to None, run_after=None
[2025-04-29T19:54:37.663+0000] {processor.py:208} INFO - Processing /home/airflow/.local/lib/python3.12/site-packages/airflow/example_dags/example_sensors.py took 0.098 seconds
[2025-04-29T19:55:09.633+0000] {processor.py:186} INFO - Started process (PID=182) to work on /home/airflow/.local/lib/python3.12/site-packages/airflow/example_dags/example_sensors.py
[2025-04-29T19:55:09.635+0000] {processor.py:914} INFO - Processing file /home/airflow/.local/lib/python3.12/site-packages/airflow/example_dags/example_sensors.py for tasks to queue
[2025-04-29T19:55:09.638+0000] {logging_mixin.py:190} INFO - [2025-04-29T19:55:09.637+0000] {dagbag.py:588} INFO - Filling up the DagBag from /home/airflow/.local/lib/python3.12/site-packages/airflow/example_dags/example_sensors.py
[2025-04-29T19:55:09.651+0000] {processor.py:925} INFO - DAG(s) 'example_sensors' retrieved from /home/airflow/.local/lib/python3.12/site-packages/airflow/example_dags/example_sensors.py
[2025-04-29T19:55:09.697+0000] {logging_mixin.py:190} INFO - [2025-04-29T19:55:09.697+0000] {dag.py:3239} INFO - Sync 1 DAGs
[2025-04-29T19:55:09.729+0000] {logging_mixin.py:190} INFO - [2025-04-29T19:55:09.728+0000] {dag.py:4180} INFO - Setting next_dagrun for example_sensors to None, run_after=None
[2025-04-29T19:55:09.775+0000] {processor.py:208} INFO - Processing /home/airflow/.local/lib/python3.12/site-packages/airflow/example_dags/example_sensors.py took 0.150 seconds
[2025-04-29T19:55:40.989+0000] {processor.py:186} INFO - Started process (PID=245) to work on /home/airflow/.local/lib/python3.12/site-packages/airflow/example_dags/example_sensors.py
[2025-04-29T19:55:40.990+0000] {processor.py:914} INFO - Processing file /home/airflow/.local/lib/python3.12/site-packages/airflow/example_dags/example_sensors.py for tasks to queue
[2025-04-29T19:55:40.993+0000] {logging_mixin.py:190} INFO - [2025-04-29T19:55:40.993+0000] {dagbag.py:588} INFO - Filling up the DagBag from /home/airflow/.local/lib/python3.12/site-packages/airflow/example_dags/example_sensors.py
[2025-04-29T19:55:41.005+0000] {processor.py:925} INFO - DAG(s) 'example_sensors' retrieved from /home/airflow/.local/lib/python3.12/site-packages/airflow/example_dags/example_sensors.py
[2025-04-29T19:55:41.037+0000] {logging_mixin.py:190} INFO - [2025-04-29T19:55:41.037+0000] {dag.py:3239} INFO - Sync 1 DAGs
[2025-04-29T19:55:41.054+0000] {logging_mixin.py:190} INFO - [2025-04-29T19:55:41.054+0000] {dag.py:4180} INFO - Setting next_dagrun for example_sensors to None, run_after=None
[2025-04-29T19:55:41.083+0000] {processor.py:208} INFO - Processing /home/airflow/.local/lib/python3.12/site-packages/airflow/example_dags/example_sensors.py took 0.105 seconds
[2025-04-29T19:56:11.460+0000] {processor.py:186} INFO - Started process (PID=307) to work on /home/airflow/.local/lib/python3.12/site-packages/airflow/example_dags/example_sensors.py
[2025-04-29T19:56:11.462+0000] {processor.py:914} INFO - Processing file /home/airflow/.local/lib/python3.12/site-packages/airflow/example_dags/example_sensors.py for tasks to queue
[2025-04-29T19:56:11.466+0000] {logging_mixin.py:190} INFO - [2025-04-29T19:56:11.465+0000] {dagbag.py:588} INFO - Filling up the DagBag from /home/airflow/.local/lib/python3.12/site-packages/airflow/example_dags/example_sensors.py
[2025-04-29T19:56:11.478+0000] {processor.py:925} INFO - DAG(s) 'example_sensors' retrieved from /home/airflow/.local/lib/python3.12/site-packages/airflow/example_dags/example_sensors.py
[2025-04-29T19:56:11.512+0000] {logging_mixin.py:190} INFO - [2025-04-29T19:56:11.512+0000] {dag.py:3239} INFO - Sync 1 DAGs
[2025-04-29T19:56:11.530+0000] {logging_mixin.py:190} INFO - [2025-04-29T19:56:11.529+0000] {dag.py:4180} INFO - Setting next_dagrun for example_sensors to None, run_after=None
[2025-04-29T19:56:11.563+0000] {processor.py:208} INFO - Processing /home/airflow/.local/lib/python3.12/site-packages/airflow/example_dags/example_sensors.py took 0.110 seconds
[2025-04-29T19:56:41.674+0000] {processor.py:186} INFO - Started process (PID=369) to work on /home/airflow/.local/lib/python3.12/site-packages/airflow/example_dags/example_sensors.py
[2025-04-29T19:56:41.675+0000] {processor.py:914} INFO - Processing file /home/airflow/.local/lib/python3.12/site-packages/airflow/example_dags/example_sensors.py for tasks to queue
[2025-04-29T19:56:41.678+0000] {logging_mixin.py:190} INFO - [2025-04-29T19:56:41.678+0000] {dagbag.py:588} INFO - Filling up the DagBag from /home/airflow/.local/lib/python3.12/site-packages/airflow/example_dags/example_sensors.py
[2025-04-29T19:56:41.691+0000] {processor.py:925} INFO - DAG(s) 'example_sensors' retrieved from /home/airflow/.local/lib/python3.12/site-packages/airflow/example_dags/example_sensors.py
[2025-04-29T19:56:41.725+0000] {logging_mixin.py:190} INFO - [2025-04-29T19:56:41.725+0000] {dag.py:3239} INFO - Sync 1 DAGs
[2025-04-29T19:56:41.745+0000] {logging_mixin.py:190} INFO - [2025-04-29T19:56:41.744+0000] {dag.py:4180} INFO - Setting next_dagrun for example_sensors to None, run_after=None
[2025-04-29T19:56:41.782+0000] {processor.py:208} INFO - Processing /home/airflow/.local/lib/python3.12/site-packages/airflow/example_dags/example_sensors.py took 0.116 seconds
[2025-04-29T19:57:12.610+0000] {processor.py:186} INFO - Started process (PID=432) to work on /home/airflow/.local/lib/python3.12/site-packages/airflow/example_dags/example_sensors.py
[2025-04-29T19:57:12.612+0000] {processor.py:914} INFO - Processing file /home/airflow/.local/lib/python3.12/site-packages/airflow/example_dags/example_sensors.py for tasks to queue
[2025-04-29T19:57:12.617+0000] {logging_mixin.py:190} INFO - [2025-04-29T19:57:12.616+0000] {dagbag.py:588} INFO - Filling up the DagBag from /home/airflow/.local/lib/python3.12/site-packages/airflow/example_dags/example_sensors.py
[2025-04-29T19:57:12.639+0000] {processor.py:925} INFO - DAG(s) 'example_sensors' retrieved from /home/airflow/.local/lib/python3.12/site-packages/airflow/example_dags/example_sensors.py
[2025-04-29T19:57:12.691+0000] {logging_mixin.py:190} INFO - [2025-04-29T19:57:12.691+0000] {dag.py:3239} INFO - Sync 1 DAGs
[2025-04-29T19:57:12.719+0000] {logging_mixin.py:190} INFO - [2025-04-29T19:57:12.718+0000] {dag.py:4180} INFO - Setting next_dagrun for example_sensors to None, run_after=None
[2025-04-29T19:57:12.751+0000] {processor.py:208} INFO - Processing /home/airflow/.local/lib/python3.12/site-packages/airflow/example_dags/example_sensors.py took 0.153 seconds
[2025-04-29T19:57:42.967+0000] {processor.py:186} INFO - Started process (PID=494) to work on /home/airflow/.local/lib/python3.12/site-packages/airflow/example_dags/example_sensors.py
[2025-04-29T19:57:42.969+0000] {processor.py:914} INFO - Processing file /home/airflow/.local/lib/python3.12/site-packages/airflow/example_dags/example_sensors.py for tasks to queue
[2025-04-29T19:57:42.975+0000] {logging_mixin.py:190} INFO - [2025-04-29T19:57:42.974+0000] {dagbag.py:588} INFO - Filling up the DagBag from /home/airflow/.local/lib/python3.12/site-packages/airflow/example_dags/example_sensors.py
[2025-04-29T19:57:42.991+0000] {processor.py:925} INFO - DAG(s) 'example_sensors' retrieved from /home/airflow/.local/lib/python3.12/site-packages/airflow/example_dags/example_sensors.py
[2025-04-29T19:57:43.040+0000] {logging_mixin.py:190} INFO - [2025-04-29T19:57:43.040+0000] {dag.py:3239} INFO - Sync 1 DAGs
[2025-04-29T19:57:43.060+0000] {logging_mixin.py:190} INFO - [2025-04-29T19:57:43.059+0000] {dag.py:4180} INFO - Setting next_dagrun for example_sensors to None, run_after=None
[2025-04-29T19:57:43.102+0000] {processor.py:208} INFO - Processing /home/airflow/.local/lib/python3.12/site-packages/airflow/example_dags/example_sensors.py took 0.144 seconds
[2025-04-29T19:58:13.163+0000] {processor.py:186} INFO - Started process (PID=556) to work on /home/airflow/.local/lib/python3.12/site-packages/airflow/example_dags/example_sensors.py
[2025-04-29T19:58:13.166+0000] {processor.py:914} INFO - Processing file /home/airflow/.local/lib/python3.12/site-packages/airflow/example_dags/example_sensors.py for tasks to queue
[2025-04-29T19:58:13.170+0000] {logging_mixin.py:190} INFO - [2025-04-29T19:58:13.170+0000] {dagbag.py:588} INFO - Filling up the DagBag from /home/airflow/.local/lib/python3.12/site-packages/airflow/example_dags/example_sensors.py
[2025-04-29T19:58:13.186+0000] {processor.py:925} INFO - DAG(s) 'example_sensors' retrieved from /home/airflow/.local/lib/python3.12/site-packages/airflow/example_dags/example_sensors.py
[2025-04-29T19:58:13.218+0000] {logging_mixin.py:190} INFO - [2025-04-29T19:58:13.218+0000] {dag.py:3239} INFO - Sync 1 DAGs
[2025-04-29T19:58:13.236+0000] {logging_mixin.py:190} INFO - [2025-04-29T19:58:13.236+0000] {dag.py:4180} INFO - Setting next_dagrun for example_sensors to None, run_after=None
[2025-04-29T19:58:13.286+0000] {processor.py:208} INFO - Processing /home/airflow/.local/lib/python3.12/site-packages/airflow/example_dags/example_sensors.py took 0.133 seconds
[2025-04-29T19:58:44.371+0000] {processor.py:186} INFO - Started process (PID=619) to work on /home/airflow/.local/lib/python3.12/site-packages/airflow/example_dags/example_sensors.py
[2025-04-29T19:58:44.373+0000] {processor.py:914} INFO - Processing file /home/airflow/.local/lib/python3.12/site-packages/airflow/example_dags/example_sensors.py for tasks to queue
[2025-04-29T19:58:44.379+0000] {logging_mixin.py:190} INFO - [2025-04-29T19:58:44.378+0000] {dagbag.py:588} INFO - Filling up the DagBag from /home/airflow/.local/lib/python3.12/site-packages/airflow/example_dags/example_sensors.py
[2025-04-29T19:58:44.392+0000] {processor.py:925} INFO - DAG(s) 'example_sensors' retrieved from /home/airflow/.local/lib/python3.12/site-packages/airflow/example_dags/example_sensors.py
[2025-04-29T19:58:44.428+0000] {logging_mixin.py:190} INFO - [2025-04-29T19:58:44.428+0000] {dag.py:3239} INFO - Sync 1 DAGs
[2025-04-29T19:58:44.446+0000] {logging_mixin.py:190} INFO - [2025-04-29T19:58:44.446+0000] {dag.py:4180} INFO - Setting next_dagrun for example_sensors to None, run_after=None
[2025-04-29T19:58:44.475+0000] {processor.py:208} INFO - Processing /home/airflow/.local/lib/python3.12/site-packages/airflow/example_dags/example_sensors.py took 0.120 seconds
[2025-04-29T19:59:15.407+0000] {processor.py:186} INFO - Started process (PID=682) to work on /home/airflow/.local/lib/python3.12/site-packages/airflow/example_dags/example_sensors.py
[2025-04-29T19:59:15.410+0000] {processor.py:914} INFO - Processing file /home/airflow/.local/lib/python3.12/site-packages/airflow/example_dags/example_sensors.py for tasks to queue
[2025-04-29T19:59:15.418+0000] {logging_mixin.py:190} INFO - [2025-04-29T19:59:15.417+0000] {dagbag.py:588} INFO - Filling up the DagBag from /home/airflow/.local/lib/python3.12/site-packages/airflow/example_dags/example_sensors.py
[2025-04-29T19:59:15.452+0000] {processor.py:925} INFO - DAG(s) 'example_sensors' retrieved from /home/airflow/.local/lib/python3.12/site-packages/airflow/example_dags/example_sensors.py
[2025-04-29T19:59:15.501+0000] {logging_mixin.py:190} INFO - [2025-04-29T19:59:15.501+0000] {dag.py:3239} INFO - Sync 1 DAGs
[2025-04-29T19:59:15.524+0000] {logging_mixin.py:190} INFO - [2025-04-29T19:59:15.524+0000] {dag.py:4180} INFO - Setting next_dagrun for example_sensors to None, run_after=None
[2025-04-29T19:59:15.575+0000] {processor.py:208} INFO - Processing /home/airflow/.local/lib/python3.12/site-packages/airflow/example_dags/example_sensors.py took 0.184 seconds
[2025-04-29T19:59:46.611+0000] {processor.py:186} INFO - Started process (PID=745) to work on /home/airflow/.local/lib/python3.12/site-packages/airflow/example_dags/example_sensors.py
[2025-04-29T19:59:46.613+0000] {processor.py:914} INFO - Processing file /home/airflow/.local/lib/python3.12/site-packages/airflow/example_dags/example_sensors.py for tasks to queue
[2025-04-29T19:59:46.617+0000] {logging_mixin.py:190} INFO - [2025-04-29T19:59:46.616+0000] {dagbag.py:588} INFO - Filling up the DagBag from /home/airflow/.local/lib/python3.12/site-packages/airflow/example_dags/example_sensors.py
[2025-04-29T19:59:46.634+0000] {processor.py:925} INFO - DAG(s) 'example_sensors' retrieved from /home/airflow/.local/lib/python3.12/site-packages/airflow/example_dags/example_sensors.py
[2025-04-29T19:59:46.680+0000] {logging_mixin.py:190} INFO - [2025-04-29T19:59:46.680+0000] {dag.py:3239} INFO - Sync 1 DAGs
[2025-04-29T19:59:46.702+0000] {logging_mixin.py:190} INFO - [2025-04-29T19:59:46.702+0000] {dag.py:4180} INFO - Setting next_dagrun for example_sensors to None, run_after=None
[2025-04-29T19:59:46.742+0000] {processor.py:208} INFO - Processing /home/airflow/.local/lib/python3.12/site-packages/airflow/example_dags/example_sensors.py took 0.138 seconds
[2025-04-29T20:00:17.106+0000] {processor.py:186} INFO - Started process (PID=806) to work on /home/airflow/.local/lib/python3.12/site-packages/airflow/example_dags/example_sensors.py
[2025-04-29T20:00:17.108+0000] {processor.py:914} INFO - Processing file /home/airflow/.local/lib/python3.12/site-packages/airflow/example_dags/example_sensors.py for tasks to queue
[2025-04-29T20:00:17.115+0000] {logging_mixin.py:190} INFO - [2025-04-29T20:00:17.114+0000] {dagbag.py:588} INFO - Filling up the DagBag from /home/airflow/.local/lib/python3.12/site-packages/airflow/example_dags/example_sensors.py
[2025-04-29T20:00:17.138+0000] {processor.py:925} INFO - DAG(s) 'example_sensors' retrieved from /home/airflow/.local/lib/python3.12/site-packages/airflow/example_dags/example_sensors.py
[2025-04-29T20:00:17.193+0000] {logging_mixin.py:190} INFO - [2025-04-29T20:00:17.192+0000] {dag.py:3239} INFO - Sync 1 DAGs
[2025-04-29T20:00:17.215+0000] {logging_mixin.py:190} INFO - [2025-04-29T20:00:17.214+0000] {dag.py:4180} INFO - Setting next_dagrun for example_sensors to None, run_after=None
[2025-04-29T20:00:17.248+0000] {processor.py:208} INFO - Processing /home/airflow/.local/lib/python3.12/site-packages/airflow/example_dags/example_sensors.py took 0.157 seconds
[2025-04-29T20:00:47.834+0000] {processor.py:186} INFO - Started process (PID=869) to work on /home/airflow/.local/lib/python3.12/site-packages/airflow/example_dags/example_sensors.py
[2025-04-29T20:00:47.837+0000] {processor.py:914} INFO - Processing file /home/airflow/.local/lib/python3.12/site-packages/airflow/example_dags/example_sensors.py for tasks to queue
[2025-04-29T20:00:47.845+0000] {logging_mixin.py:190} INFO - [2025-04-29T20:00:47.843+0000] {dagbag.py:588} INFO - Filling up the DagBag from /home/airflow/.local/lib/python3.12/site-packages/airflow/example_dags/example_sensors.py
[2025-04-29T20:00:47.869+0000] {processor.py:925} INFO - DAG(s) 'example_sensors' retrieved from /home/airflow/.local/lib/python3.12/site-packages/airflow/example_dags/example_sensors.py
[2025-04-29T20:00:47.911+0000] {logging_mixin.py:190} INFO - [2025-04-29T20:00:47.911+0000] {dag.py:3239} INFO - Sync 1 DAGs
[2025-04-29T20:00:47.934+0000] {logging_mixin.py:190} INFO - [2025-04-29T20:00:47.933+0000] {dag.py:4180} INFO - Setting next_dagrun for example_sensors to None, run_after=None
[2025-04-29T20:00:47.966+0000] {processor.py:208} INFO - Processing /home/airflow/.local/lib/python3.12/site-packages/airflow/example_dags/example_sensors.py took 0.151 seconds
[2025-04-29T20:01:18.236+0000] {processor.py:186} INFO - Started process (PID=932) to work on /home/airflow/.local/lib/python3.12/site-packages/airflow/example_dags/example_sensors.py
[2025-04-29T20:01:18.238+0000] {processor.py:914} INFO - Processing file /home/airflow/.local/lib/python3.12/site-packages/airflow/example_dags/example_sensors.py for tasks to queue
[2025-04-29T20:01:18.245+0000] {logging_mixin.py:190} INFO - [2025-04-29T20:01:18.244+0000] {dagbag.py:588} INFO - Filling up the DagBag from /home/airflow/.local/lib/python3.12/site-packages/airflow/example_dags/example_sensors.py
[2025-04-29T20:01:18.269+0000] {processor.py:925} INFO - DAG(s) 'example_sensors' retrieved from /home/airflow/.local/lib/python3.12/site-packages/airflow/example_dags/example_sensors.py
[2025-04-29T20:01:18.313+0000] {logging_mixin.py:190} INFO - [2025-04-29T20:01:18.312+0000] {dag.py:3239} INFO - Sync 1 DAGs
[2025-04-29T20:01:18.331+0000] {logging_mixin.py:190} INFO - [2025-04-29T20:01:18.331+0000] {dag.py:4180} INFO - Setting next_dagrun for example_sensors to None, run_after=None
[2025-04-29T20:01:18.357+0000] {processor.py:208} INFO - Processing /home/airflow/.local/lib/python3.12/site-packages/airflow/example_dags/example_sensors.py took 0.133 seconds
[2025-04-29T20:01:49.172+0000] {processor.py:186} INFO - Started process (PID=995) to work on /home/airflow/.local/lib/python3.12/site-packages/airflow/example_dags/example_sensors.py
[2025-04-29T20:01:49.174+0000] {processor.py:914} INFO - Processing file /home/airflow/.local/lib/python3.12/site-packages/airflow/example_dags/example_sensors.py for tasks to queue
[2025-04-29T20:01:49.178+0000] {logging_mixin.py:190} INFO - [2025-04-29T20:01:49.177+0000] {dagbag.py:588} INFO - Filling up the DagBag from /home/airflow/.local/lib/python3.12/site-packages/airflow/example_dags/example_sensors.py
[2025-04-29T20:01:49.196+0000] {processor.py:925} INFO - DAG(s) 'example_sensors' retrieved from /home/airflow/.local/lib/python3.12/site-packages/airflow/example_dags/example_sensors.py
[2025-04-29T20:01:49.242+0000] {logging_mixin.py:190} INFO - [2025-04-29T20:01:49.242+0000] {dag.py:3239} INFO - Sync 1 DAGs
[2025-04-29T20:01:49.265+0000] {logging_mixin.py:190} INFO - [2025-04-29T20:01:49.265+0000] {dag.py:4180} INFO - Setting next_dagrun for example_sensors to None, run_after=None
[2025-04-29T20:01:49.301+0000] {processor.py:208} INFO - Processing /home/airflow/.local/lib/python3.12/site-packages/airflow/example_dags/example_sensors.py took 0.137 seconds
[2025-04-29T20:02:19.397+0000] {processor.py:186} INFO - Started process (PID=1058) to work on /home/airflow/.local/lib/python3.12/site-packages/airflow/example_dags/example_sensors.py
[2025-04-29T20:02:19.399+0000] {processor.py:914} INFO - Processing file /home/airflow/.local/lib/python3.12/site-packages/airflow/example_dags/example_sensors.py for tasks to queue
[2025-04-29T20:02:19.404+0000] {logging_mixin.py:190} INFO - [2025-04-29T20:02:19.403+0000] {dagbag.py:588} INFO - Filling up the DagBag from /home/airflow/.local/lib/python3.12/site-packages/airflow/example_dags/example_sensors.py
[2025-04-29T20:02:19.440+0000] {processor.py:925} INFO - DAG(s) 'example_sensors' retrieved from /home/airflow/.local/lib/python3.12/site-packages/airflow/example_dags/example_sensors.py
[2025-04-29T20:02:19.529+0000] {logging_mixin.py:190} INFO - [2025-04-29T20:02:19.528+0000] {dag.py:3239} INFO - Sync 1 DAGs
[2025-04-29T20:02:19.574+0000] {logging_mixin.py:190} INFO - [2025-04-29T20:02:19.574+0000] {dag.py:4180} INFO - Setting next_dagrun for example_sensors to None, run_after=None
[2025-04-29T20:02:19.612+0000] {processor.py:208} INFO - Processing /home/airflow/.local/lib/python3.12/site-packages/airflow/example_dags/example_sensors.py took 0.222 seconds
[2025-04-29T20:02:50.251+0000] {processor.py:186} INFO - Started process (PID=1121) to work on /home/airflow/.local/lib/python3.12/site-packages/airflow/example_dags/example_sensors.py
[2025-04-29T20:02:50.253+0000] {processor.py:914} INFO - Processing file /home/airflow/.local/lib/python3.12/site-packages/airflow/example_dags/example_sensors.py for tasks to queue
[2025-04-29T20:02:50.259+0000] {logging_mixin.py:190} INFO - [2025-04-29T20:02:50.259+0000] {dagbag.py:588} INFO - Filling up the DagBag from /home/airflow/.local/lib/python3.12/site-packages/airflow/example_dags/example_sensors.py
[2025-04-29T20:02:50.277+0000] {processor.py:925} INFO - DAG(s) 'example_sensors' retrieved from /home/airflow/.local/lib/python3.12/site-packages/airflow/example_dags/example_sensors.py
[2025-04-29T20:02:50.316+0000] {logging_mixin.py:190} INFO - [2025-04-29T20:02:50.316+0000] {dag.py:3239} INFO - Sync 1 DAGs
[2025-04-29T20:02:50.340+0000] {logging_mixin.py:190} INFO - [2025-04-29T20:02:50.339+0000] {dag.py:4180} INFO - Setting next_dagrun for example_sensors to None, run_after=None
[2025-04-29T20:02:50.381+0000] {processor.py:208} INFO - Processing /home/airflow/.local/lib/python3.12/site-packages/airflow/example_dags/example_sensors.py took 0.141 seconds
[2025-04-29T20:03:20.637+0000] {processor.py:186} INFO - Started process (PID=1184) to work on /home/airflow/.local/lib/python3.12/site-packages/airflow/example_dags/example_sensors.py
[2025-04-29T20:03:20.640+0000] {processor.py:914} INFO - Processing file /home/airflow/.local/lib/python3.12/site-packages/airflow/example_dags/example_sensors.py for tasks to queue
[2025-04-29T20:03:20.646+0000] {logging_mixin.py:190} INFO - [2025-04-29T20:03:20.645+0000] {dagbag.py:588} INFO - Filling up the DagBag from /home/airflow/.local/lib/python3.12/site-packages/airflow/example_dags/example_sensors.py
[2025-04-29T20:03:20.671+0000] {processor.py:925} INFO - DAG(s) 'example_sensors' retrieved from /home/airflow/.local/lib/python3.12/site-packages/airflow/example_dags/example_sensors.py
[2025-04-29T20:03:20.735+0000] {logging_mixin.py:190} INFO - [2025-04-29T20:03:20.734+0000] {dag.py:3239} INFO - Sync 1 DAGs
[2025-04-29T20:03:20.757+0000] {logging_mixin.py:190} INFO - [2025-04-29T20:03:20.756+0000] {dag.py:4180} INFO - Setting next_dagrun for example_sensors to None, run_after=None
[2025-04-29T20:03:20.799+0000] {processor.py:208} INFO - Processing /home/airflow/.local/lib/python3.12/site-packages/airflow/example_dags/example_sensors.py took 0.176 seconds
[2025-04-29T20:03:51.390+0000] {processor.py:186} INFO - Started process (PID=1247) to work on /home/airflow/.local/lib/python3.12/site-packages/airflow/example_dags/example_sensors.py
[2025-04-29T20:03:51.395+0000] {processor.py:914} INFO - Processing file /home/airflow/.local/lib/python3.12/site-packages/airflow/example_dags/example_sensors.py for tasks to queue
[2025-04-29T20:03:51.402+0000] {logging_mixin.py:190} INFO - [2025-04-29T20:03:51.400+0000] {dagbag.py:588} INFO - Filling up the DagBag from /home/airflow/.local/lib/python3.12/site-packages/airflow/example_dags/example_sensors.py
[2025-04-29T20:03:51.434+0000] {processor.py:925} INFO - DAG(s) 'example_sensors' retrieved from /home/airflow/.local/lib/python3.12/site-packages/airflow/example_dags/example_sensors.py
[2025-04-29T20:03:51.490+0000] {logging_mixin.py:190} INFO - [2025-04-29T20:03:51.490+0000] {dag.py:3239} INFO - Sync 1 DAGs
[2025-04-29T20:03:51.517+0000] {logging_mixin.py:190} INFO - [2025-04-29T20:03:51.517+0000] {dag.py:4180} INFO - Setting next_dagrun for example_sensors to None, run_after=None
[2025-04-29T20:03:51.579+0000] {processor.py:208} INFO - Processing /home/airflow/.local/lib/python3.12/site-packages/airflow/example_dags/example_sensors.py took 0.205 seconds
[2025-04-29T20:04:22.422+0000] {processor.py:186} INFO - Started process (PID=1310) to work on /home/airflow/.local/lib/python3.12/site-packages/airflow/example_dags/example_sensors.py
[2025-04-29T20:04:22.424+0000] {processor.py:914} INFO - Processing file /home/airflow/.local/lib/python3.12/site-packages/airflow/example_dags/example_sensors.py for tasks to queue
[2025-04-29T20:04:22.429+0000] {logging_mixin.py:190} INFO - [2025-04-29T20:04:22.429+0000] {dagbag.py:588} INFO - Filling up the DagBag from /home/airflow/.local/lib/python3.12/site-packages/airflow/example_dags/example_sensors.py
[2025-04-29T20:04:22.461+0000] {processor.py:925} INFO - DAG(s) 'example_sensors' retrieved from /home/airflow/.local/lib/python3.12/site-packages/airflow/example_dags/example_sensors.py
[2025-04-29T20:04:22.534+0000] {logging_mixin.py:190} INFO - [2025-04-29T20:04:22.533+0000] {dag.py:3239} INFO - Sync 1 DAGs
[2025-04-29T20:04:22.566+0000] {logging_mixin.py:190} INFO - [2025-04-29T20:04:22.566+0000] {dag.py:4180} INFO - Setting next_dagrun for example_sensors to None, run_after=None
[2025-04-29T20:04:22.628+0000] {processor.py:208} INFO - Processing /home/airflow/.local/lib/python3.12/site-packages/airflow/example_dags/example_sensors.py took 0.218 seconds
[2025-04-29T20:04:52.774+0000] {processor.py:186} INFO - Started process (PID=1373) to work on /home/airflow/.local/lib/python3.12/site-packages/airflow/example_dags/example_sensors.py
[2025-04-29T20:04:52.775+0000] {processor.py:914} INFO - Processing file /home/airflow/.local/lib/python3.12/site-packages/airflow/example_dags/example_sensors.py for tasks to queue
[2025-04-29T20:04:52.779+0000] {logging_mixin.py:190} INFO - [2025-04-29T20:04:52.778+0000] {dagbag.py:588} INFO - Filling up the DagBag from /home/airflow/.local/lib/python3.12/site-packages/airflow/example_dags/example_sensors.py
[2025-04-29T20:04:52.792+0000] {processor.py:925} INFO - DAG(s) 'example_sensors' retrieved from /home/airflow/.local/lib/python3.12/site-packages/airflow/example_dags/example_sensors.py
[2025-04-29T20:04:52.825+0000] {logging_mixin.py:190} INFO - [2025-04-29T20:04:52.824+0000] {dag.py:3239} INFO - Sync 1 DAGs
[2025-04-29T20:04:52.841+0000] {logging_mixin.py:190} INFO - [2025-04-29T20:04:52.840+0000] {dag.py:4180} INFO - Setting next_dagrun for example_sensors to None, run_after=None
[2025-04-29T20:04:52.872+0000] {processor.py:208} INFO - Processing /home/airflow/.local/lib/python3.12/site-packages/airflow/example_dags/example_sensors.py took 0.111 seconds
[2025-04-29T20:05:23.567+0000] {processor.py:186} INFO - Started process (PID=1436) to work on /home/airflow/.local/lib/python3.12/site-packages/airflow/example_dags/example_sensors.py
[2025-04-29T20:05:23.572+0000] {processor.py:914} INFO - Processing file /home/airflow/.local/lib/python3.12/site-packages/airflow/example_dags/example_sensors.py for tasks to queue
[2025-04-29T20:05:23.579+0000] {logging_mixin.py:190} INFO - [2025-04-29T20:05:23.578+0000] {dagbag.py:588} INFO - Filling up the DagBag from /home/airflow/.local/lib/python3.12/site-packages/airflow/example_dags/example_sensors.py
[2025-04-29T20:05:23.607+0000] {processor.py:925} INFO - DAG(s) 'example_sensors' retrieved from /home/airflow/.local/lib/python3.12/site-packages/airflow/example_dags/example_sensors.py
[2025-04-29T20:05:23.663+0000] {logging_mixin.py:190} INFO - [2025-04-29T20:05:23.662+0000] {dag.py:3239} INFO - Sync 1 DAGs
[2025-04-29T20:05:23.686+0000] {logging_mixin.py:190} INFO - [2025-04-29T20:05:23.686+0000] {dag.py:4180} INFO - Setting next_dagrun for example_sensors to None, run_after=None
[2025-04-29T20:05:23.733+0000] {processor.py:208} INFO - Processing /home/airflow/.local/lib/python3.12/site-packages/airflow/example_dags/example_sensors.py took 0.179 seconds
[2025-04-29T20:05:54.090+0000] {processor.py:186} INFO - Started process (PID=1499) to work on /home/airflow/.local/lib/python3.12/site-packages/airflow/example_dags/example_sensors.py
[2025-04-29T20:05:54.093+0000] {processor.py:914} INFO - Processing file /home/airflow/.local/lib/python3.12/site-packages/airflow/example_dags/example_sensors.py for tasks to queue
[2025-04-29T20:05:54.101+0000] {logging_mixin.py:190} INFO - [2025-04-29T20:05:54.099+0000] {dagbag.py:588} INFO - Filling up the DagBag from /home/airflow/.local/lib/python3.12/site-packages/airflow/example_dags/example_sensors.py
[2025-04-29T20:05:54.126+0000] {processor.py:925} INFO - DAG(s) 'example_sensors' retrieved from /home/airflow/.local/lib/python3.12/site-packages/airflow/example_dags/example_sensors.py
[2025-04-29T20:05:54.185+0000] {logging_mixin.py:190} INFO - [2025-04-29T20:05:54.185+0000] {dag.py:3239} INFO - Sync 1 DAGs
[2025-04-29T20:05:54.215+0000] {logging_mixin.py:190} INFO - [2025-04-29T20:05:54.215+0000] {dag.py:4180} INFO - Setting next_dagrun for example_sensors to None, run_after=None
[2025-04-29T20:05:54.266+0000] {processor.py:208} INFO - Processing /home/airflow/.local/lib/python3.12/site-packages/airflow/example_dags/example_sensors.py took 0.189 seconds
[2025-04-29T20:06:24.520+0000] {processor.py:186} INFO - Started process (PID=1562) to work on /home/airflow/.local/lib/python3.12/site-packages/airflow/example_dags/example_sensors.py
[2025-04-29T20:06:24.523+0000] {processor.py:914} INFO - Processing file /home/airflow/.local/lib/python3.12/site-packages/airflow/example_dags/example_sensors.py for tasks to queue
[2025-04-29T20:06:24.531+0000] {logging_mixin.py:190} INFO - [2025-04-29T20:06:24.530+0000] {dagbag.py:588} INFO - Filling up the DagBag from /home/airflow/.local/lib/python3.12/site-packages/airflow/example_dags/example_sensors.py
[2025-04-29T20:06:24.555+0000] {processor.py:925} INFO - DAG(s) 'example_sensors' retrieved from /home/airflow/.local/lib/python3.12/site-packages/airflow/example_dags/example_sensors.py
[2025-04-29T20:06:24.607+0000] {logging_mixin.py:190} INFO - [2025-04-29T20:06:24.606+0000] {dag.py:3239} INFO - Sync 1 DAGs
[2025-04-29T20:06:24.637+0000] {logging_mixin.py:190} INFO - [2025-04-29T20:06:24.637+0000] {dag.py:4180} INFO - Setting next_dagrun for example_sensors to None, run_after=None
[2025-04-29T20:06:24.685+0000] {processor.py:208} INFO - Processing /home/airflow/.local/lib/python3.12/site-packages/airflow/example_dags/example_sensors.py took 0.177 seconds
[2025-04-29T20:06:54.942+0000] {processor.py:186} INFO - Started process (PID=1625) to work on /home/airflow/.local/lib/python3.12/site-packages/airflow/example_dags/example_sensors.py
[2025-04-29T20:06:54.945+0000] {processor.py:914} INFO - Processing file /home/airflow/.local/lib/python3.12/site-packages/airflow/example_dags/example_sensors.py for tasks to queue
[2025-04-29T20:06:54.955+0000] {logging_mixin.py:190} INFO - [2025-04-29T20:06:54.953+0000] {dagbag.py:588} INFO - Filling up the DagBag from /home/airflow/.local/lib/python3.12/site-packages/airflow/example_dags/example_sensors.py
[2025-04-29T20:06:54.984+0000] {processor.py:925} INFO - DAG(s) 'example_sensors' retrieved from /home/airflow/.local/lib/python3.12/site-packages/airflow/example_dags/example_sensors.py
[2025-04-29T20:06:55.062+0000] {logging_mixin.py:190} INFO - [2025-04-29T20:06:55.061+0000] {dag.py:3239} INFO - Sync 1 DAGs
[2025-04-29T20:06:55.102+0000] {logging_mixin.py:190} INFO - [2025-04-29T20:06:55.101+0000] {dag.py:4180} INFO - Setting next_dagrun for example_sensors to None, run_after=None
[2025-04-29T20:06:55.135+0000] {processor.py:208} INFO - Processing /home/airflow/.local/lib/python3.12/site-packages/airflow/example_dags/example_sensors.py took 0.214 seconds
[2025-04-29T20:07:25.236+0000] {processor.py:186} INFO - Started process (PID=1688) to work on /home/airflow/.local/lib/python3.12/site-packages/airflow/example_dags/example_sensors.py
[2025-04-29T20:07:25.238+0000] {processor.py:914} INFO - Processing file /home/airflow/.local/lib/python3.12/site-packages/airflow/example_dags/example_sensors.py for tasks to queue
[2025-04-29T20:07:25.245+0000] {logging_mixin.py:190} INFO - [2025-04-29T20:07:25.245+0000] {dagbag.py:588} INFO - Filling up the DagBag from /home/airflow/.local/lib/python3.12/site-packages/airflow/example_dags/example_sensors.py
[2025-04-29T20:07:25.280+0000] {processor.py:925} INFO - DAG(s) 'example_sensors' retrieved from /home/airflow/.local/lib/python3.12/site-packages/airflow/example_dags/example_sensors.py
[2025-04-29T20:07:25.344+0000] {logging_mixin.py:190} INFO - [2025-04-29T20:07:25.343+0000] {dag.py:3239} INFO - Sync 1 DAGs
[2025-04-29T20:07:25.390+0000] {logging_mixin.py:190} INFO - [2025-04-29T20:07:25.389+0000] {dag.py:4180} INFO - Setting next_dagrun for example_sensors to None, run_after=None
[2025-04-29T20:07:25.453+0000] {processor.py:208} INFO - Processing /home/airflow/.local/lib/python3.12/site-packages/airflow/example_dags/example_sensors.py took 0.231 seconds
[2025-04-29T20:07:55.515+0000] {processor.py:186} INFO - Started process (PID=1751) to work on /home/airflow/.local/lib/python3.12/site-packages/airflow/example_dags/example_sensors.py
[2025-04-29T20:07:55.518+0000] {processor.py:914} INFO - Processing file /home/airflow/.local/lib/python3.12/site-packages/airflow/example_dags/example_sensors.py for tasks to queue
[2025-04-29T20:07:55.523+0000] {logging_mixin.py:190} INFO - [2025-04-29T20:07:55.522+0000] {dagbag.py:588} INFO - Filling up the DagBag from /home/airflow/.local/lib/python3.12/site-packages/airflow/example_dags/example_sensors.py
[2025-04-29T20:07:55.548+0000] {processor.py:925} INFO - DAG(s) 'example_sensors' retrieved from /home/airflow/.local/lib/python3.12/site-packages/airflow/example_dags/example_sensors.py
[2025-04-29T20:07:55.599+0000] {logging_mixin.py:190} INFO - [2025-04-29T20:07:55.598+0000] {dag.py:3239} INFO - Sync 1 DAGs
[2025-04-29T20:07:55.624+0000] {logging_mixin.py:190} INFO - [2025-04-29T20:07:55.624+0000] {dag.py:4180} INFO - Setting next_dagrun for example_sensors to None, run_after=None
[2025-04-29T20:07:55.671+0000] {processor.py:208} INFO - Processing /home/airflow/.local/lib/python3.12/site-packages/airflow/example_dags/example_sensors.py took 0.167 seconds
[2025-04-29T20:08:26.675+0000] {processor.py:186} INFO - Started process (PID=1814) to work on /home/airflow/.local/lib/python3.12/site-packages/airflow/example_dags/example_sensors.py
[2025-04-29T20:08:26.676+0000] {processor.py:914} INFO - Processing file /home/airflow/.local/lib/python3.12/site-packages/airflow/example_dags/example_sensors.py for tasks to queue
[2025-04-29T20:08:26.681+0000] {logging_mixin.py:190} INFO - [2025-04-29T20:08:26.681+0000] {dagbag.py:588} INFO - Filling up the DagBag from /home/airflow/.local/lib/python3.12/site-packages/airflow/example_dags/example_sensors.py
[2025-04-29T20:08:26.698+0000] {processor.py:925} INFO - DAG(s) 'example_sensors' retrieved from /home/airflow/.local/lib/python3.12/site-packages/airflow/example_dags/example_sensors.py
[2025-04-29T20:08:26.732+0000] {logging_mixin.py:190} INFO - [2025-04-29T20:08:26.731+0000] {dag.py:3239} INFO - Sync 1 DAGs
[2025-04-29T20:08:26.747+0000] {logging_mixin.py:190} INFO - [2025-04-29T20:08:26.747+0000] {dag.py:4180} INFO - Setting next_dagrun for example_sensors to None, run_after=None
[2025-04-29T20:08:26.779+0000] {processor.py:208} INFO - Processing /home/airflow/.local/lib/python3.12/site-packages/airflow/example_dags/example_sensors.py took 0.111 seconds
[2025-04-29T20:08:57.457+0000] {processor.py:186} INFO - Started process (PID=1877) to work on /home/airflow/.local/lib/python3.12/site-packages/airflow/example_dags/example_sensors.py
[2025-04-29T20:08:57.458+0000] {processor.py:914} INFO - Processing file /home/airflow/.local/lib/python3.12/site-packages/airflow/example_dags/example_sensors.py for tasks to queue
[2025-04-29T20:08:57.465+0000] {logging_mixin.py:190} INFO - [2025-04-29T20:08:57.464+0000] {dagbag.py:588} INFO - Filling up the DagBag from /home/airflow/.local/lib/python3.12/site-packages/airflow/example_dags/example_sensors.py
[2025-04-29T20:08:57.483+0000] {processor.py:925} INFO - DAG(s) 'example_sensors' retrieved from /home/airflow/.local/lib/python3.12/site-packages/airflow/example_dags/example_sensors.py
[2025-04-29T20:08:57.533+0000] {logging_mixin.py:190} INFO - [2025-04-29T20:08:57.532+0000] {dag.py:3239} INFO - Sync 1 DAGs
[2025-04-29T20:08:57.563+0000] {logging_mixin.py:190} INFO - [2025-04-29T20:08:57.563+0000] {dag.py:4180} INFO - Setting next_dagrun for example_sensors to None, run_after=None
[2025-04-29T20:08:57.598+0000] {processor.py:208} INFO - Processing /home/airflow/.local/lib/python3.12/site-packages/airflow/example_dags/example_sensors.py took 0.150 seconds
[2025-04-29T20:09:27.905+0000] {processor.py:186} INFO - Started process (PID=1940) to work on /home/airflow/.local/lib/python3.12/site-packages/airflow/example_dags/example_sensors.py
[2025-04-29T20:09:27.908+0000] {processor.py:914} INFO - Processing file /home/airflow/.local/lib/python3.12/site-packages/airflow/example_dags/example_sensors.py for tasks to queue
[2025-04-29T20:09:27.915+0000] {logging_mixin.py:190} INFO - [2025-04-29T20:09:27.914+0000] {dagbag.py:588} INFO - Filling up the DagBag from /home/airflow/.local/lib/python3.12/site-packages/airflow/example_dags/example_sensors.py
[2025-04-29T20:09:27.945+0000] {processor.py:925} INFO - DAG(s) 'example_sensors' retrieved from /home/airflow/.local/lib/python3.12/site-packages/airflow/example_dags/example_sensors.py
[2025-04-29T20:09:28.020+0000] {logging_mixin.py:190} INFO - [2025-04-29T20:09:28.020+0000] {dag.py:3239} INFO - Sync 1 DAGs
[2025-04-29T20:09:28.055+0000] {logging_mixin.py:190} INFO - [2025-04-29T20:09:28.054+0000] {dag.py:4180} INFO - Setting next_dagrun for example_sensors to None, run_after=None
[2025-04-29T20:09:28.117+0000] {processor.py:208} INFO - Processing /home/airflow/.local/lib/python3.12/site-packages/airflow/example_dags/example_sensors.py took 0.227 seconds
[2025-04-29T20:09:58.452+0000] {processor.py:186} INFO - Started process (PID=2003) to work on /home/airflow/.local/lib/python3.12/site-packages/airflow/example_dags/example_sensors.py
[2025-04-29T20:09:58.455+0000] {processor.py:914} INFO - Processing file /home/airflow/.local/lib/python3.12/site-packages/airflow/example_dags/example_sensors.py for tasks to queue
[2025-04-29T20:09:58.460+0000] {logging_mixin.py:190} INFO - [2025-04-29T20:09:58.460+0000] {dagbag.py:588} INFO - Filling up the DagBag from /home/airflow/.local/lib/python3.12/site-packages/airflow/example_dags/example_sensors.py
[2025-04-29T20:09:58.494+0000] {processor.py:925} INFO - DAG(s) 'example_sensors' retrieved from /home/airflow/.local/lib/python3.12/site-packages/airflow/example_dags/example_sensors.py
[2025-04-29T20:09:58.541+0000] {logging_mixin.py:190} INFO - [2025-04-29T20:09:58.540+0000] {dag.py:3239} INFO - Sync 1 DAGs
[2025-04-29T20:09:58.561+0000] {logging_mixin.py:190} INFO - [2025-04-29T20:09:58.560+0000] {dag.py:4180} INFO - Setting next_dagrun for example_sensors to None, run_after=None
[2025-04-29T20:09:58.592+0000] {processor.py:208} INFO - Processing /home/airflow/.local/lib/python3.12/site-packages/airflow/example_dags/example_sensors.py took 0.155 seconds
[2025-04-29T20:10:29.064+0000] {processor.py:186} INFO - Started process (PID=2066) to work on /home/airflow/.local/lib/python3.12/site-packages/airflow/example_dags/example_sensors.py
[2025-04-29T20:10:29.067+0000] {processor.py:914} INFO - Processing file /home/airflow/.local/lib/python3.12/site-packages/airflow/example_dags/example_sensors.py for tasks to queue
[2025-04-29T20:10:29.073+0000] {logging_mixin.py:190} INFO - [2025-04-29T20:10:29.072+0000] {dagbag.py:588} INFO - Filling up the DagBag from /home/airflow/.local/lib/python3.12/site-packages/airflow/example_dags/example_sensors.py
[2025-04-29T20:10:29.101+0000] {processor.py:925} INFO - DAG(s) 'example_sensors' retrieved from /home/airflow/.local/lib/python3.12/site-packages/airflow/example_dags/example_sensors.py
[2025-04-29T20:10:29.152+0000] {logging_mixin.py:190} INFO - [2025-04-29T20:10:29.151+0000] {dag.py:3239} INFO - Sync 1 DAGs
[2025-04-29T20:10:29.182+0000] {logging_mixin.py:190} INFO - [2025-04-29T20:10:29.181+0000] {dag.py:4180} INFO - Setting next_dagrun for example_sensors to None, run_after=None
[2025-04-29T20:10:29.231+0000] {processor.py:208} INFO - Processing /home/airflow/.local/lib/python3.12/site-packages/airflow/example_dags/example_sensors.py took 0.178 seconds
[2025-04-29T20:10:59.435+0000] {processor.py:186} INFO - Started process (PID=2129) to work on /home/airflow/.local/lib/python3.12/site-packages/airflow/example_dags/example_sensors.py
[2025-04-29T20:10:59.438+0000] {processor.py:914} INFO - Processing file /home/airflow/.local/lib/python3.12/site-packages/airflow/example_dags/example_sensors.py for tasks to queue
[2025-04-29T20:10:59.443+0000] {logging_mixin.py:190} INFO - [2025-04-29T20:10:59.442+0000] {dagbag.py:588} INFO - Filling up the DagBag from /home/airflow/.local/lib/python3.12/site-packages/airflow/example_dags/example_sensors.py
[2025-04-29T20:10:59.471+0000] {processor.py:925} INFO - DAG(s) 'example_sensors' retrieved from /home/airflow/.local/lib/python3.12/site-packages/airflow/example_dags/example_sensors.py
[2025-04-29T20:10:59.527+0000] {logging_mixin.py:190} INFO - [2025-04-29T20:10:59.527+0000] {dag.py:3239} INFO - Sync 1 DAGs
[2025-04-29T20:10:59.549+0000] {logging_mixin.py:190} INFO - [2025-04-29T20:10:59.549+0000] {dag.py:4180} INFO - Setting next_dagrun for example_sensors to None, run_after=None
[2025-04-29T20:10:59.588+0000] {processor.py:208} INFO - Processing /home/airflow/.local/lib/python3.12/site-packages/airflow/example_dags/example_sensors.py took 0.165 seconds
[2025-04-29T20:11:30.197+0000] {processor.py:186} INFO - Started process (PID=2192) to work on /home/airflow/.local/lib/python3.12/site-packages/airflow/example_dags/example_sensors.py
[2025-04-29T20:11:30.199+0000] {processor.py:914} INFO - Processing file /home/airflow/.local/lib/python3.12/site-packages/airflow/example_dags/example_sensors.py for tasks to queue
[2025-04-29T20:11:30.204+0000] {logging_mixin.py:190} INFO - [2025-04-29T20:11:30.204+0000] {dagbag.py:588} INFO - Filling up the DagBag from /home/airflow/.local/lib/python3.12/site-packages/airflow/example_dags/example_sensors.py
[2025-04-29T20:11:30.222+0000] {processor.py:925} INFO - DAG(s) 'example_sensors' retrieved from /home/airflow/.local/lib/python3.12/site-packages/airflow/example_dags/example_sensors.py
[2025-04-29T20:11:30.270+0000] {logging_mixin.py:190} INFO - [2025-04-29T20:11:30.269+0000] {dag.py:3239} INFO - Sync 1 DAGs
[2025-04-29T20:11:30.293+0000] {logging_mixin.py:190} INFO - [2025-04-29T20:11:30.292+0000] {dag.py:4180} INFO - Setting next_dagrun for example_sensors to None, run_after=None
[2025-04-29T20:11:30.345+0000] {processor.py:208} INFO - Processing /home/airflow/.local/lib/python3.12/site-packages/airflow/example_dags/example_sensors.py took 0.165 seconds
[2025-04-29T20:12:00.562+0000] {processor.py:186} INFO - Started process (PID=2255) to work on /home/airflow/.local/lib/python3.12/site-packages/airflow/example_dags/example_sensors.py
[2025-04-29T20:12:00.567+0000] {processor.py:914} INFO - Processing file /home/airflow/.local/lib/python3.12/site-packages/airflow/example_dags/example_sensors.py for tasks to queue
[2025-04-29T20:12:00.574+0000] {logging_mixin.py:190} INFO - [2025-04-29T20:12:00.573+0000] {dagbag.py:588} INFO - Filling up the DagBag from /home/airflow/.local/lib/python3.12/site-packages/airflow/example_dags/example_sensors.py
[2025-04-29T20:12:00.597+0000] {processor.py:925} INFO - DAG(s) 'example_sensors' retrieved from /home/airflow/.local/lib/python3.12/site-packages/airflow/example_dags/example_sensors.py
[2025-04-29T20:12:00.655+0000] {logging_mixin.py:190} INFO - [2025-04-29T20:12:00.654+0000] {dag.py:3239} INFO - Sync 1 DAGs
[2025-04-29T20:12:00.686+0000] {logging_mixin.py:190} INFO - [2025-04-29T20:12:00.685+0000] {dag.py:4180} INFO - Setting next_dagrun for example_sensors to None, run_after=None
[2025-04-29T20:12:00.738+0000] {processor.py:208} INFO - Processing /home/airflow/.local/lib/python3.12/site-packages/airflow/example_dags/example_sensors.py took 0.189 seconds
[2025-04-29T20:12:31.500+0000] {processor.py:186} INFO - Started process (PID=2318) to work on /home/airflow/.local/lib/python3.12/site-packages/airflow/example_dags/example_sensors.py
[2025-04-29T20:12:31.502+0000] {processor.py:914} INFO - Processing file /home/airflow/.local/lib/python3.12/site-packages/airflow/example_dags/example_sensors.py for tasks to queue
[2025-04-29T20:12:31.506+0000] {logging_mixin.py:190} INFO - [2025-04-29T20:12:31.505+0000] {dagbag.py:588} INFO - Filling up the DagBag from /home/airflow/.local/lib/python3.12/site-packages/airflow/example_dags/example_sensors.py
[2025-04-29T20:12:31.525+0000] {processor.py:925} INFO - DAG(s) 'example_sensors' retrieved from /home/airflow/.local/lib/python3.12/site-packages/airflow/example_dags/example_sensors.py
[2025-04-29T20:12:31.576+0000] {logging_mixin.py:190} INFO - [2025-04-29T20:12:31.575+0000] {dag.py:3239} INFO - Sync 1 DAGs
[2025-04-29T20:12:31.598+0000] {logging_mixin.py:190} INFO - [2025-04-29T20:12:31.597+0000] {dag.py:4180} INFO - Setting next_dagrun for example_sensors to None, run_after=None
[2025-04-29T20:12:31.639+0000] {processor.py:208} INFO - Processing /home/airflow/.local/lib/python3.12/site-packages/airflow/example_dags/example_sensors.py took 0.150 seconds
[2025-04-29T20:13:01.809+0000] {processor.py:186} INFO - Started process (PID=2381) to work on /home/airflow/.local/lib/python3.12/site-packages/airflow/example_dags/example_sensors.py
[2025-04-29T20:13:01.812+0000] {processor.py:914} INFO - Processing file /home/airflow/.local/lib/python3.12/site-packages/airflow/example_dags/example_sensors.py for tasks to queue
[2025-04-29T20:13:01.819+0000] {logging_mixin.py:190} INFO - [2025-04-29T20:13:01.818+0000] {dagbag.py:588} INFO - Filling up the DagBag from /home/airflow/.local/lib/python3.12/site-packages/airflow/example_dags/example_sensors.py
[2025-04-29T20:13:01.844+0000] {processor.py:925} INFO - DAG(s) 'example_sensors' retrieved from /home/airflow/.local/lib/python3.12/site-packages/airflow/example_dags/example_sensors.py
[2025-04-29T20:13:01.898+0000] {logging_mixin.py:190} INFO - [2025-04-29T20:13:01.898+0000] {dag.py:3239} INFO - Sync 1 DAGs
[2025-04-29T20:13:01.927+0000] {logging_mixin.py:190} INFO - [2025-04-29T20:13:01.927+0000] {dag.py:4180} INFO - Setting next_dagrun for example_sensors to None, run_after=None
[2025-04-29T20:13:01.985+0000] {processor.py:208} INFO - Processing /home/airflow/.local/lib/python3.12/site-packages/airflow/example_dags/example_sensors.py took 0.188 seconds
[2025-04-29T20:13:32.834+0000] {processor.py:186} INFO - Started process (PID=2444) to work on /home/airflow/.local/lib/python3.12/site-packages/airflow/example_dags/example_sensors.py
[2025-04-29T20:13:32.835+0000] {processor.py:914} INFO - Processing file /home/airflow/.local/lib/python3.12/site-packages/airflow/example_dags/example_sensors.py for tasks to queue
[2025-04-29T20:13:32.838+0000] {logging_mixin.py:190} INFO - [2025-04-29T20:13:32.838+0000] {dagbag.py:588} INFO - Filling up the DagBag from /home/airflow/.local/lib/python3.12/site-packages/airflow/example_dags/example_sensors.py
[2025-04-29T20:13:32.851+0000] {processor.py:925} INFO - DAG(s) 'example_sensors' retrieved from /home/airflow/.local/lib/python3.12/site-packages/airflow/example_dags/example_sensors.py
[2025-04-29T20:13:32.901+0000] {logging_mixin.py:190} INFO - [2025-04-29T20:13:32.901+0000] {dag.py:3239} INFO - Sync 1 DAGs
[2025-04-29T20:13:32.917+0000] {logging_mixin.py:190} INFO - [2025-04-29T20:13:32.917+0000] {dag.py:4180} INFO - Setting next_dagrun for example_sensors to None, run_after=None
[2025-04-29T20:13:32.951+0000] {processor.py:208} INFO - Processing /home/airflow/.local/lib/python3.12/site-packages/airflow/example_dags/example_sensors.py took 0.124 seconds
[2025-04-29T20:14:03.467+0000] {processor.py:186} INFO - Started process (PID=2507) to work on /home/airflow/.local/lib/python3.12/site-packages/airflow/example_dags/example_sensors.py
[2025-04-29T20:14:03.469+0000] {processor.py:914} INFO - Processing file /home/airflow/.local/lib/python3.12/site-packages/airflow/example_dags/example_sensors.py for tasks to queue
[2025-04-29T20:14:03.475+0000] {logging_mixin.py:190} INFO - [2025-04-29T20:14:03.474+0000] {dagbag.py:588} INFO - Filling up the DagBag from /home/airflow/.local/lib/python3.12/site-packages/airflow/example_dags/example_sensors.py
[2025-04-29T20:14:03.499+0000] {processor.py:925} INFO - DAG(s) 'example_sensors' retrieved from /home/airflow/.local/lib/python3.12/site-packages/airflow/example_dags/example_sensors.py
[2025-04-29T20:14:03.548+0000] {logging_mixin.py:190} INFO - [2025-04-29T20:14:03.547+0000] {dag.py:3239} INFO - Sync 1 DAGs
[2025-04-29T20:14:03.574+0000] {logging_mixin.py:190} INFO - [2025-04-29T20:14:03.573+0000] {dag.py:4180} INFO - Setting next_dagrun for example_sensors to None, run_after=None
[2025-04-29T20:14:03.619+0000] {processor.py:208} INFO - Processing /home/airflow/.local/lib/python3.12/site-packages/airflow/example_dags/example_sensors.py took 0.164 seconds
[2025-04-29T20:14:33.938+0000] {processor.py:186} INFO - Started process (PID=2570) to work on /home/airflow/.local/lib/python3.12/site-packages/airflow/example_dags/example_sensors.py
[2025-04-29T20:14:33.939+0000] {processor.py:914} INFO - Processing file /home/airflow/.local/lib/python3.12/site-packages/airflow/example_dags/example_sensors.py for tasks to queue
[2025-04-29T20:14:33.943+0000] {logging_mixin.py:190} INFO - [2025-04-29T20:14:33.943+0000] {dagbag.py:588} INFO - Filling up the DagBag from /home/airflow/.local/lib/python3.12/site-packages/airflow/example_dags/example_sensors.py
[2025-04-29T20:14:33.958+0000] {processor.py:925} INFO - DAG(s) 'example_sensors' retrieved from /home/airflow/.local/lib/python3.12/site-packages/airflow/example_dags/example_sensors.py
[2025-04-29T20:14:33.988+0000] {logging_mixin.py:190} INFO - [2025-04-29T20:14:33.988+0000] {dag.py:3239} INFO - Sync 1 DAGs
[2025-04-29T20:14:34.007+0000] {logging_mixin.py:190} INFO - [2025-04-29T20:14:34.007+0000] {dag.py:4180} INFO - Setting next_dagrun for example_sensors to None, run_after=None
[2025-04-29T20:14:34.042+0000] {processor.py:208} INFO - Processing /home/airflow/.local/lib/python3.12/site-packages/airflow/example_dags/example_sensors.py took 0.111 seconds
[2025-04-29T20:15:04.969+0000] {processor.py:186} INFO - Started process (PID=2633) to work on /home/airflow/.local/lib/python3.12/site-packages/airflow/example_dags/example_sensors.py
[2025-04-29T20:15:04.971+0000] {processor.py:914} INFO - Processing file /home/airflow/.local/lib/python3.12/site-packages/airflow/example_dags/example_sensors.py for tasks to queue
[2025-04-29T20:15:04.976+0000] {logging_mixin.py:190} INFO - [2025-04-29T20:15:04.975+0000] {dagbag.py:588} INFO - Filling up the DagBag from /home/airflow/.local/lib/python3.12/site-packages/airflow/example_dags/example_sensors.py
[2025-04-29T20:15:04.996+0000] {processor.py:925} INFO - DAG(s) 'example_sensors' retrieved from /home/airflow/.local/lib/python3.12/site-packages/airflow/example_dags/example_sensors.py
[2025-04-29T20:15:05.044+0000] {logging_mixin.py:190} INFO - [2025-04-29T20:15:05.043+0000] {dag.py:3239} INFO - Sync 1 DAGs
[2025-04-29T20:15:05.074+0000] {logging_mixin.py:190} INFO - [2025-04-29T20:15:05.073+0000] {dag.py:4180} INFO - Setting next_dagrun for example_sensors to None, run_after=None
[2025-04-29T20:15:05.109+0000] {processor.py:208} INFO - Processing /home/airflow/.local/lib/python3.12/site-packages/airflow/example_dags/example_sensors.py took 0.152 seconds
[2025-04-29T20:15:35.349+0000] {processor.py:186} INFO - Started process (PID=2696) to work on /home/airflow/.local/lib/python3.12/site-packages/airflow/example_dags/example_sensors.py
[2025-04-29T20:15:35.350+0000] {processor.py:914} INFO - Processing file /home/airflow/.local/lib/python3.12/site-packages/airflow/example_dags/example_sensors.py for tasks to queue
[2025-04-29T20:15:35.360+0000] {logging_mixin.py:190} INFO - [2025-04-29T20:15:35.359+0000] {dagbag.py:588} INFO - Filling up the DagBag from /home/airflow/.local/lib/python3.12/site-packages/airflow/example_dags/example_sensors.py
[2025-04-29T20:15:35.379+0000] {processor.py:925} INFO - DAG(s) 'example_sensors' retrieved from /home/airflow/.local/lib/python3.12/site-packages/airflow/example_dags/example_sensors.py
[2025-04-29T20:15:35.412+0000] {logging_mixin.py:190} INFO - [2025-04-29T20:15:35.412+0000] {dag.py:3239} INFO - Sync 1 DAGs
[2025-04-29T20:15:35.429+0000] {logging_mixin.py:190} INFO - [2025-04-29T20:15:35.429+0000] {dag.py:4180} INFO - Setting next_dagrun for example_sensors to None, run_after=None
[2025-04-29T20:15:35.457+0000] {processor.py:208} INFO - Processing /home/airflow/.local/lib/python3.12/site-packages/airflow/example_dags/example_sensors.py took 0.115 seconds
[2025-04-29T20:16:06.285+0000] {processor.py:186} INFO - Started process (PID=2759) to work on /home/airflow/.local/lib/python3.12/site-packages/airflow/example_dags/example_sensors.py
[2025-04-29T20:16:06.288+0000] {processor.py:914} INFO - Processing file /home/airflow/.local/lib/python3.12/site-packages/airflow/example_dags/example_sensors.py for tasks to queue
[2025-04-29T20:16:06.294+0000] {logging_mixin.py:190} INFO - [2025-04-29T20:16:06.293+0000] {dagbag.py:588} INFO - Filling up the DagBag from /home/airflow/.local/lib/python3.12/site-packages/airflow/example_dags/example_sensors.py
[2025-04-29T20:16:06.318+0000] {processor.py:925} INFO - DAG(s) 'example_sensors' retrieved from /home/airflow/.local/lib/python3.12/site-packages/airflow/example_dags/example_sensors.py
[2025-04-29T20:16:06.374+0000] {logging_mixin.py:190} INFO - [2025-04-29T20:16:06.373+0000] {dag.py:3239} INFO - Sync 1 DAGs
[2025-04-29T20:16:06.405+0000] {logging_mixin.py:190} INFO - [2025-04-29T20:16:06.405+0000] {dag.py:4180} INFO - Setting next_dagrun for example_sensors to None, run_after=None
[2025-04-29T20:16:06.455+0000] {processor.py:208} INFO - Processing /home/airflow/.local/lib/python3.12/site-packages/airflow/example_dags/example_sensors.py took 0.182 seconds
[2025-04-29T20:16:36.818+0000] {processor.py:186} INFO - Started process (PID=2822) to work on /home/airflow/.local/lib/python3.12/site-packages/airflow/example_dags/example_sensors.py
[2025-04-29T20:16:36.821+0000] {processor.py:914} INFO - Processing file /home/airflow/.local/lib/python3.12/site-packages/airflow/example_dags/example_sensors.py for tasks to queue
[2025-04-29T20:16:36.829+0000] {logging_mixin.py:190} INFO - [2025-04-29T20:16:36.828+0000] {dagbag.py:588} INFO - Filling up the DagBag from /home/airflow/.local/lib/python3.12/site-packages/airflow/example_dags/example_sensors.py
[2025-04-29T20:16:36.857+0000] {processor.py:925} INFO - DAG(s) 'example_sensors' retrieved from /home/airflow/.local/lib/python3.12/site-packages/airflow/example_dags/example_sensors.py
[2025-04-29T20:16:36.907+0000] {logging_mixin.py:190} INFO - [2025-04-29T20:16:36.906+0000] {dag.py:3239} INFO - Sync 1 DAGs
[2025-04-29T20:16:36.930+0000] {logging_mixin.py:190} INFO - [2025-04-29T20:16:36.930+0000] {dag.py:4180} INFO - Setting next_dagrun for example_sensors to None, run_after=None
[2025-04-29T20:16:36.970+0000] {processor.py:208} INFO - Processing /home/airflow/.local/lib/python3.12/site-packages/airflow/example_dags/example_sensors.py took 0.166 seconds
[2025-04-29T20:17:07.881+0000] {processor.py:186} INFO - Started process (PID=2884) to work on /home/airflow/.local/lib/python3.12/site-packages/airflow/example_dags/example_sensors.py
[2025-04-29T20:17:07.883+0000] {processor.py:914} INFO - Processing file /home/airflow/.local/lib/python3.12/site-packages/airflow/example_dags/example_sensors.py for tasks to queue
[2025-04-29T20:17:07.889+0000] {logging_mixin.py:190} INFO - [2025-04-29T20:17:07.889+0000] {dagbag.py:588} INFO - Filling up the DagBag from /home/airflow/.local/lib/python3.12/site-packages/airflow/example_dags/example_sensors.py
[2025-04-29T20:17:07.917+0000] {processor.py:925} INFO - DAG(s) 'example_sensors' retrieved from /home/airflow/.local/lib/python3.12/site-packages/airflow/example_dags/example_sensors.py
[2025-04-29T20:17:07.973+0000] {logging_mixin.py:190} INFO - [2025-04-29T20:17:07.972+0000] {dag.py:3239} INFO - Sync 1 DAGs
[2025-04-29T20:17:08.000+0000] {logging_mixin.py:190} INFO - [2025-04-29T20:17:08.000+0000] {dag.py:4180} INFO - Setting next_dagrun for example_sensors to None, run_after=None
[2025-04-29T20:17:08.052+0000] {processor.py:208} INFO - Processing /home/airflow/.local/lib/python3.12/site-packages/airflow/example_dags/example_sensors.py took 0.184 seconds
[2025-04-29T20:17:38.220+0000] {processor.py:186} INFO - Started process (PID=2946) to work on /home/airflow/.local/lib/python3.12/site-packages/airflow/example_dags/example_sensors.py
[2025-04-29T20:17:38.222+0000] {processor.py:914} INFO - Processing file /home/airflow/.local/lib/python3.12/site-packages/airflow/example_dags/example_sensors.py for tasks to queue
[2025-04-29T20:17:38.227+0000] {logging_mixin.py:190} INFO - [2025-04-29T20:17:38.226+0000] {dagbag.py:588} INFO - Filling up the DagBag from /home/airflow/.local/lib/python3.12/site-packages/airflow/example_dags/example_sensors.py
[2025-04-29T20:17:38.249+0000] {processor.py:925} INFO - DAG(s) 'example_sensors' retrieved from /home/airflow/.local/lib/python3.12/site-packages/airflow/example_dags/example_sensors.py
[2025-04-29T20:17:38.286+0000] {logging_mixin.py:190} INFO - [2025-04-29T20:17:38.286+0000] {dag.py:3239} INFO - Sync 1 DAGs
[2025-04-29T20:17:38.304+0000] {logging_mixin.py:190} INFO - [2025-04-29T20:17:38.304+0000] {dag.py:4180} INFO - Setting next_dagrun for example_sensors to None, run_after=None
[2025-04-29T20:17:38.337+0000] {processor.py:208} INFO - Processing /home/airflow/.local/lib/python3.12/site-packages/airflow/example_dags/example_sensors.py took 0.124 seconds
[2025-04-29T20:18:08.644+0000] {processor.py:186} INFO - Started process (PID=3009) to work on /home/airflow/.local/lib/python3.12/site-packages/airflow/example_dags/example_sensors.py
[2025-04-29T20:18:08.645+0000] {processor.py:914} INFO - Processing file /home/airflow/.local/lib/python3.12/site-packages/airflow/example_dags/example_sensors.py for tasks to queue
[2025-04-29T20:18:08.648+0000] {logging_mixin.py:190} INFO - [2025-04-29T20:18:08.648+0000] {dagbag.py:588} INFO - Filling up the DagBag from /home/airflow/.local/lib/python3.12/site-packages/airflow/example_dags/example_sensors.py
[2025-04-29T20:18:08.661+0000] {processor.py:925} INFO - DAG(s) 'example_sensors' retrieved from /home/airflow/.local/lib/python3.12/site-packages/airflow/example_dags/example_sensors.py
[2025-04-29T20:18:08.697+0000] {logging_mixin.py:190} INFO - [2025-04-29T20:18:08.697+0000] {dag.py:3239} INFO - Sync 1 DAGs
[2025-04-29T20:18:08.713+0000] {logging_mixin.py:190} INFO - [2025-04-29T20:18:08.713+0000] {dag.py:4180} INFO - Setting next_dagrun for example_sensors to None, run_after=None
[2025-04-29T20:18:08.744+0000] {processor.py:208} INFO - Processing /home/airflow/.local/lib/python3.12/site-packages/airflow/example_dags/example_sensors.py took 0.107 seconds
[2025-04-29T20:18:40.338+0000] {processor.py:186} INFO - Started process (PID=3076) to work on /home/airflow/.local/lib/python3.12/site-packages/airflow/example_dags/example_sensors.py
[2025-04-29T20:18:40.340+0000] {processor.py:914} INFO - Processing file /home/airflow/.local/lib/python3.12/site-packages/airflow/example_dags/example_sensors.py for tasks to queue
[2025-04-29T20:18:40.343+0000] {logging_mixin.py:190} INFO - [2025-04-29T20:18:40.342+0000] {dagbag.py:588} INFO - Filling up the DagBag from /home/airflow/.local/lib/python3.12/site-packages/airflow/example_dags/example_sensors.py
[2025-04-29T20:18:40.356+0000] {processor.py:925} INFO - DAG(s) 'example_sensors' retrieved from /home/airflow/.local/lib/python3.12/site-packages/airflow/example_dags/example_sensors.py
[2025-04-29T20:18:40.387+0000] {logging_mixin.py:190} INFO - [2025-04-29T20:18:40.387+0000] {dag.py:3239} INFO - Sync 1 DAGs
[2025-04-29T20:18:40.403+0000] {logging_mixin.py:190} INFO - [2025-04-29T20:18:40.403+0000] {dag.py:4180} INFO - Setting next_dagrun for example_sensors to None, run_after=None
[2025-04-29T20:18:40.427+0000] {processor.py:208} INFO - Processing /home/airflow/.local/lib/python3.12/site-packages/airflow/example_dags/example_sensors.py took 0.095 seconds
[2025-04-29T20:19:13.124+0000] {processor.py:186} INFO - Started process (PID=3135) to work on /home/airflow/.local/lib/python3.12/site-packages/airflow/example_dags/example_sensors.py
[2025-04-29T20:19:13.126+0000] {processor.py:914} INFO - Processing file /home/airflow/.local/lib/python3.12/site-packages/airflow/example_dags/example_sensors.py for tasks to queue
[2025-04-29T20:19:13.128+0000] {logging_mixin.py:190} INFO - [2025-04-29T20:19:13.128+0000] {dagbag.py:588} INFO - Filling up the DagBag from /home/airflow/.local/lib/python3.12/site-packages/airflow/example_dags/example_sensors.py
[2025-04-29T20:19:13.141+0000] {processor.py:925} INFO - DAG(s) 'example_sensors' retrieved from /home/airflow/.local/lib/python3.12/site-packages/airflow/example_dags/example_sensors.py
[2025-04-29T20:19:13.172+0000] {logging_mixin.py:190} INFO - [2025-04-29T20:19:13.172+0000] {dag.py:3239} INFO - Sync 1 DAGs
[2025-04-29T20:19:13.364+0000] {logging_mixin.py:190} INFO - [2025-04-29T20:19:13.364+0000] {dag.py:4180} INFO - Setting next_dagrun for example_sensors to None, run_after=None
[2025-04-29T20:19:13.397+0000] {processor.py:208} INFO - Processing /home/airflow/.local/lib/python3.12/site-packages/airflow/example_dags/example_sensors.py took 0.279 seconds
[2025-04-29T20:19:43.837+0000] {processor.py:186} INFO - Started process (PID=3198) to work on /home/airflow/.local/lib/python3.12/site-packages/airflow/example_dags/example_sensors.py
[2025-04-29T20:19:43.839+0000] {processor.py:914} INFO - Processing file /home/airflow/.local/lib/python3.12/site-packages/airflow/example_dags/example_sensors.py for tasks to queue
[2025-04-29T20:19:43.843+0000] {logging_mixin.py:190} INFO - [2025-04-29T20:19:43.842+0000] {dagbag.py:588} INFO - Filling up the DagBag from /home/airflow/.local/lib/python3.12/site-packages/airflow/example_dags/example_sensors.py
[2025-04-29T20:19:43.857+0000] {processor.py:925} INFO - DAG(s) 'example_sensors' retrieved from /home/airflow/.local/lib/python3.12/site-packages/airflow/example_dags/example_sensors.py
[2025-04-29T20:19:43.895+0000] {logging_mixin.py:190} INFO - [2025-04-29T20:19:43.895+0000] {dag.py:3239} INFO - Sync 1 DAGs
[2025-04-29T20:19:44.089+0000] {logging_mixin.py:190} INFO - [2025-04-29T20:19:44.089+0000] {dag.py:4180} INFO - Setting next_dagrun for example_sensors to None, run_after=None
[2025-04-29T20:19:44.121+0000] {processor.py:208} INFO - Processing /home/airflow/.local/lib/python3.12/site-packages/airflow/example_dags/example_sensors.py took 0.295 seconds
[2025-04-29T20:20:14.436+0000] {processor.py:186} INFO - Started process (PID=3260) to work on /home/airflow/.local/lib/python3.12/site-packages/airflow/example_dags/example_sensors.py
[2025-04-29T20:20:14.438+0000] {processor.py:914} INFO - Processing file /home/airflow/.local/lib/python3.12/site-packages/airflow/example_dags/example_sensors.py for tasks to queue
[2025-04-29T20:20:14.445+0000] {logging_mixin.py:190} INFO - [2025-04-29T20:20:14.444+0000] {dagbag.py:588} INFO - Filling up the DagBag from /home/airflow/.local/lib/python3.12/site-packages/airflow/example_dags/example_sensors.py
[2025-04-29T20:20:14.467+0000] {processor.py:925} INFO - DAG(s) 'example_sensors' retrieved from /home/airflow/.local/lib/python3.12/site-packages/airflow/example_dags/example_sensors.py
[2025-04-29T20:20:14.513+0000] {logging_mixin.py:190} INFO - [2025-04-29T20:20:14.513+0000] {dag.py:3239} INFO - Sync 1 DAGs
[2025-04-29T20:20:14.542+0000] {logging_mixin.py:190} INFO - [2025-04-29T20:20:14.541+0000] {dag.py:4180} INFO - Setting next_dagrun for example_sensors to None, run_after=None
[2025-04-29T20:20:14.763+0000] {processor.py:208} INFO - Processing /home/airflow/.local/lib/python3.12/site-packages/airflow/example_dags/example_sensors.py took 0.336 seconds
[2025-04-29T20:20:44.987+0000] {processor.py:186} INFO - Started process (PID=3323) to work on /home/airflow/.local/lib/python3.12/site-packages/airflow/example_dags/example_sensors.py
[2025-04-29T20:20:44.990+0000] {processor.py:914} INFO - Processing file /home/airflow/.local/lib/python3.12/site-packages/airflow/example_dags/example_sensors.py for tasks to queue
[2025-04-29T20:20:44.996+0000] {logging_mixin.py:190} INFO - [2025-04-29T20:20:44.996+0000] {dagbag.py:588} INFO - Filling up the DagBag from /home/airflow/.local/lib/python3.12/site-packages/airflow/example_dags/example_sensors.py
[2025-04-29T20:20:45.019+0000] {processor.py:925} INFO - DAG(s) 'example_sensors' retrieved from /home/airflow/.local/lib/python3.12/site-packages/airflow/example_dags/example_sensors.py
[2025-04-29T20:20:45.077+0000] {logging_mixin.py:190} INFO - [2025-04-29T20:20:45.077+0000] {dag.py:3239} INFO - Sync 1 DAGs
[2025-04-29T20:20:45.099+0000] {logging_mixin.py:190} INFO - [2025-04-29T20:20:45.099+0000] {dag.py:4180} INFO - Setting next_dagrun for example_sensors to None, run_after=None
[2025-04-29T20:20:45.361+0000] {processor.py:208} INFO - Processing /home/airflow/.local/lib/python3.12/site-packages/airflow/example_dags/example_sensors.py took 0.394 seconds
[2025-04-29T20:21:15.983+0000] {processor.py:186} INFO - Started process (PID=3385) to work on /home/airflow/.local/lib/python3.12/site-packages/airflow/example_dags/example_sensors.py
[2025-04-29T20:21:15.984+0000] {processor.py:914} INFO - Processing file /home/airflow/.local/lib/python3.12/site-packages/airflow/example_dags/example_sensors.py for tasks to queue
[2025-04-29T20:21:15.987+0000] {logging_mixin.py:190} INFO - [2025-04-29T20:21:15.987+0000] {dagbag.py:588} INFO - Filling up the DagBag from /home/airflow/.local/lib/python3.12/site-packages/airflow/example_dags/example_sensors.py
[2025-04-29T20:21:16.000+0000] {processor.py:925} INFO - DAG(s) 'example_sensors' retrieved from /home/airflow/.local/lib/python3.12/site-packages/airflow/example_dags/example_sensors.py
[2025-04-29T20:21:16.030+0000] {logging_mixin.py:190} INFO - [2025-04-29T20:21:16.030+0000] {dag.py:3239} INFO - Sync 1 DAGs
[2025-04-29T20:21:16.047+0000] {logging_mixin.py:190} INFO - [2025-04-29T20:21:16.046+0000] {dag.py:4180} INFO - Setting next_dagrun for example_sensors to None, run_after=None
[2025-04-29T20:21:16.075+0000] {processor.py:208} INFO - Processing /home/airflow/.local/lib/python3.12/site-packages/airflow/example_dags/example_sensors.py took 0.099 seconds
[2025-04-29T20:21:46.976+0000] {processor.py:186} INFO - Started process (PID=3448) to work on /home/airflow/.local/lib/python3.12/site-packages/airflow/example_dags/example_sensors.py
[2025-04-29T20:21:46.977+0000] {processor.py:914} INFO - Processing file /home/airflow/.local/lib/python3.12/site-packages/airflow/example_dags/example_sensors.py for tasks to queue
[2025-04-29T20:21:46.980+0000] {logging_mixin.py:190} INFO - [2025-04-29T20:21:46.980+0000] {dagbag.py:588} INFO - Filling up the DagBag from /home/airflow/.local/lib/python3.12/site-packages/airflow/example_dags/example_sensors.py
[2025-04-29T20:21:46.992+0000] {processor.py:925} INFO - DAG(s) 'example_sensors' retrieved from /home/airflow/.local/lib/python3.12/site-packages/airflow/example_dags/example_sensors.py
[2025-04-29T20:21:47.023+0000] {logging_mixin.py:190} INFO - [2025-04-29T20:21:47.023+0000] {dag.py:3239} INFO - Sync 1 DAGs
[2025-04-29T20:21:47.039+0000] {logging_mixin.py:190} INFO - [2025-04-29T20:21:47.039+0000] {dag.py:4180} INFO - Setting next_dagrun for example_sensors to None, run_after=None
[2025-04-29T20:21:47.077+0000] {processor.py:208} INFO - Processing /home/airflow/.local/lib/python3.12/site-packages/airflow/example_dags/example_sensors.py took 0.108 seconds
[2025-04-29T20:22:17.878+0000] {processor.py:186} INFO - Started process (PID=3511) to work on /home/airflow/.local/lib/python3.12/site-packages/airflow/example_dags/example_sensors.py
[2025-04-29T20:22:17.880+0000] {processor.py:914} INFO - Processing file /home/airflow/.local/lib/python3.12/site-packages/airflow/example_dags/example_sensors.py for tasks to queue
[2025-04-29T20:22:17.884+0000] {logging_mixin.py:190} INFO - [2025-04-29T20:22:17.883+0000] {dagbag.py:588} INFO - Filling up the DagBag from /home/airflow/.local/lib/python3.12/site-packages/airflow/example_dags/example_sensors.py
[2025-04-29T20:22:17.902+0000] {processor.py:925} INFO - DAG(s) 'example_sensors' retrieved from /home/airflow/.local/lib/python3.12/site-packages/airflow/example_dags/example_sensors.py
[2025-04-29T20:22:17.946+0000] {logging_mixin.py:190} INFO - [2025-04-29T20:22:17.946+0000] {dag.py:3239} INFO - Sync 1 DAGs
[2025-04-29T20:22:17.962+0000] {logging_mixin.py:190} INFO - [2025-04-29T20:22:17.962+0000] {dag.py:4180} INFO - Setting next_dagrun for example_sensors to None, run_after=None
[2025-04-29T20:22:17.986+0000] {processor.py:208} INFO - Processing /home/airflow/.local/lib/python3.12/site-packages/airflow/example_dags/example_sensors.py took 0.117 seconds
[2025-04-29T20:22:48.698+0000] {processor.py:186} INFO - Started process (PID=3573) to work on /home/airflow/.local/lib/python3.12/site-packages/airflow/example_dags/example_sensors.py
[2025-04-29T20:22:48.700+0000] {processor.py:914} INFO - Processing file /home/airflow/.local/lib/python3.12/site-packages/airflow/example_dags/example_sensors.py for tasks to queue
[2025-04-29T20:22:48.704+0000] {logging_mixin.py:190} INFO - [2025-04-29T20:22:48.703+0000] {dagbag.py:588} INFO - Filling up the DagBag from /home/airflow/.local/lib/python3.12/site-packages/airflow/example_dags/example_sensors.py
[2025-04-29T20:22:48.716+0000] {processor.py:925} INFO - DAG(s) 'example_sensors' retrieved from /home/airflow/.local/lib/python3.12/site-packages/airflow/example_dags/example_sensors.py
[2025-04-29T20:22:48.751+0000] {logging_mixin.py:190} INFO - [2025-04-29T20:22:48.751+0000] {dag.py:3239} INFO - Sync 1 DAGs
[2025-04-29T20:22:48.768+0000] {logging_mixin.py:190} INFO - [2025-04-29T20:22:48.767+0000] {dag.py:4180} INFO - Setting next_dagrun for example_sensors to None, run_after=None
[2025-04-29T20:22:48.791+0000] {processor.py:208} INFO - Processing /home/airflow/.local/lib/python3.12/site-packages/airflow/example_dags/example_sensors.py took 0.100 seconds
[2025-04-29T20:23:19.018+0000] {processor.py:186} INFO - Started process (PID=3635) to work on /home/airflow/.local/lib/python3.12/site-packages/airflow/example_dags/example_sensors.py
[2025-04-29T20:23:19.020+0000] {processor.py:914} INFO - Processing file /home/airflow/.local/lib/python3.12/site-packages/airflow/example_dags/example_sensors.py for tasks to queue
[2025-04-29T20:23:19.024+0000] {logging_mixin.py:190} INFO - [2025-04-29T20:23:19.023+0000] {dagbag.py:588} INFO - Filling up the DagBag from /home/airflow/.local/lib/python3.12/site-packages/airflow/example_dags/example_sensors.py
[2025-04-29T20:23:19.038+0000] {processor.py:925} INFO - DAG(s) 'example_sensors' retrieved from /home/airflow/.local/lib/python3.12/site-packages/airflow/example_dags/example_sensors.py
[2025-04-29T20:23:19.078+0000] {logging_mixin.py:190} INFO - [2025-04-29T20:23:19.078+0000] {dag.py:3239} INFO - Sync 1 DAGs
[2025-04-29T20:23:19.099+0000] {logging_mixin.py:190} INFO - [2025-04-29T20:23:19.098+0000] {dag.py:4180} INFO - Setting next_dagrun for example_sensors to None, run_after=None
[2025-04-29T20:23:19.138+0000] {processor.py:208} INFO - Processing /home/airflow/.local/lib/python3.12/site-packages/airflow/example_dags/example_sensors.py took 0.132 seconds
[2025-04-29T20:23:49.827+0000] {processor.py:186} INFO - Started process (PID=3698) to work on /home/airflow/.local/lib/python3.12/site-packages/airflow/example_dags/example_sensors.py
[2025-04-29T20:23:49.830+0000] {processor.py:914} INFO - Processing file /home/airflow/.local/lib/python3.12/site-packages/airflow/example_dags/example_sensors.py for tasks to queue
[2025-04-29T20:23:49.837+0000] {logging_mixin.py:190} INFO - [2025-04-29T20:23:49.836+0000] {dagbag.py:588} INFO - Filling up the DagBag from /home/airflow/.local/lib/python3.12/site-packages/airflow/example_dags/example_sensors.py
[2025-04-29T20:23:49.864+0000] {processor.py:925} INFO - DAG(s) 'example_sensors' retrieved from /home/airflow/.local/lib/python3.12/site-packages/airflow/example_dags/example_sensors.py
[2025-04-29T20:23:49.909+0000] {logging_mixin.py:190} INFO - [2025-04-29T20:23:49.909+0000] {dag.py:3239} INFO - Sync 1 DAGs
[2025-04-29T20:23:49.929+0000] {logging_mixin.py:190} INFO - [2025-04-29T20:23:49.929+0000] {dag.py:4180} INFO - Setting next_dagrun for example_sensors to None, run_after=None
[2025-04-29T20:23:49.967+0000] {processor.py:208} INFO - Processing /home/airflow/.local/lib/python3.12/site-packages/airflow/example_dags/example_sensors.py took 0.159 seconds
[2025-04-29T20:24:20.927+0000] {processor.py:186} INFO - Started process (PID=3762) to work on /home/airflow/.local/lib/python3.12/site-packages/airflow/example_dags/example_sensors.py
[2025-04-29T20:24:20.929+0000] {processor.py:914} INFO - Processing file /home/airflow/.local/lib/python3.12/site-packages/airflow/example_dags/example_sensors.py for tasks to queue
[2025-04-29T20:24:20.932+0000] {logging_mixin.py:190} INFO - [2025-04-29T20:24:20.932+0000] {dagbag.py:588} INFO - Filling up the DagBag from /home/airflow/.local/lib/python3.12/site-packages/airflow/example_dags/example_sensors.py
[2025-04-29T20:24:20.945+0000] {processor.py:925} INFO - DAG(s) 'example_sensors' retrieved from /home/airflow/.local/lib/python3.12/site-packages/airflow/example_dags/example_sensors.py
[2025-04-29T20:24:20.979+0000] {logging_mixin.py:190} INFO - [2025-04-29T20:24:20.979+0000] {dag.py:3239} INFO - Sync 1 DAGs
[2025-04-29T20:24:20.996+0000] {logging_mixin.py:190} INFO - [2025-04-29T20:24:20.995+0000] {dag.py:4180} INFO - Setting next_dagrun for example_sensors to None, run_after=None
[2025-04-29T20:24:21.021+0000] {processor.py:208} INFO - Processing /home/airflow/.local/lib/python3.12/site-packages/airflow/example_dags/example_sensors.py took 0.105 seconds
[2025-04-29T20:24:51.956+0000] {processor.py:186} INFO - Started process (PID=3825) to work on /home/airflow/.local/lib/python3.12/site-packages/airflow/example_dags/example_sensors.py
[2025-04-29T20:24:51.958+0000] {processor.py:914} INFO - Processing file /home/airflow/.local/lib/python3.12/site-packages/airflow/example_dags/example_sensors.py for tasks to queue
[2025-04-29T20:24:51.962+0000] {logging_mixin.py:190} INFO - [2025-04-29T20:24:51.962+0000] {dagbag.py:588} INFO - Filling up the DagBag from /home/airflow/.local/lib/python3.12/site-packages/airflow/example_dags/example_sensors.py
[2025-04-29T20:24:51.975+0000] {processor.py:925} INFO - DAG(s) 'example_sensors' retrieved from /home/airflow/.local/lib/python3.12/site-packages/airflow/example_dags/example_sensors.py
[2025-04-29T20:24:52.006+0000] {logging_mixin.py:190} INFO - [2025-04-29T20:24:52.006+0000] {dag.py:3239} INFO - Sync 1 DAGs
[2025-04-29T20:24:52.023+0000] {logging_mixin.py:190} INFO - [2025-04-29T20:24:52.022+0000] {dag.py:4180} INFO - Setting next_dagrun for example_sensors to None, run_after=None
[2025-04-29T20:24:52.054+0000] {processor.py:208} INFO - Processing /home/airflow/.local/lib/python3.12/site-packages/airflow/example_dags/example_sensors.py took 0.108 seconds
[2025-04-29T20:25:22.191+0000] {processor.py:186} INFO - Started process (PID=3887) to work on /home/airflow/.local/lib/python3.12/site-packages/airflow/example_dags/example_sensors.py
[2025-04-29T20:25:22.193+0000] {processor.py:914} INFO - Processing file /home/airflow/.local/lib/python3.12/site-packages/airflow/example_dags/example_sensors.py for tasks to queue
[2025-04-29T20:25:22.198+0000] {logging_mixin.py:190} INFO - [2025-04-29T20:25:22.198+0000] {dagbag.py:588} INFO - Filling up the DagBag from /home/airflow/.local/lib/python3.12/site-packages/airflow/example_dags/example_sensors.py
[2025-04-29T20:25:22.224+0000] {processor.py:925} INFO - DAG(s) 'example_sensors' retrieved from /home/airflow/.local/lib/python3.12/site-packages/airflow/example_dags/example_sensors.py
[2025-04-29T20:25:22.274+0000] {logging_mixin.py:190} INFO - [2025-04-29T20:25:22.273+0000] {dag.py:3239} INFO - Sync 1 DAGs
[2025-04-29T20:25:22.307+0000] {logging_mixin.py:190} INFO - [2025-04-29T20:25:22.307+0000] {dag.py:4180} INFO - Setting next_dagrun for example_sensors to None, run_after=None
[2025-04-29T20:25:22.354+0000] {processor.py:208} INFO - Processing /home/airflow/.local/lib/python3.12/site-packages/airflow/example_dags/example_sensors.py took 0.177 seconds
[2025-04-29T20:25:52.511+0000] {processor.py:186} INFO - Started process (PID=3950) to work on /home/airflow/.local/lib/python3.12/site-packages/airflow/example_dags/example_sensors.py
[2025-04-29T20:25:52.512+0000] {processor.py:914} INFO - Processing file /home/airflow/.local/lib/python3.12/site-packages/airflow/example_dags/example_sensors.py for tasks to queue
[2025-04-29T20:25:52.517+0000] {logging_mixin.py:190} INFO - [2025-04-29T20:25:52.516+0000] {dagbag.py:588} INFO - Filling up the DagBag from /home/airflow/.local/lib/python3.12/site-packages/airflow/example_dags/example_sensors.py
[2025-04-29T20:25:52.530+0000] {processor.py:925} INFO - DAG(s) 'example_sensors' retrieved from /home/airflow/.local/lib/python3.12/site-packages/airflow/example_dags/example_sensors.py
[2025-04-29T20:25:52.564+0000] {logging_mixin.py:190} INFO - [2025-04-29T20:25:52.563+0000] {dag.py:3239} INFO - Sync 1 DAGs
[2025-04-29T20:25:52.583+0000] {logging_mixin.py:190} INFO - [2025-04-29T20:25:52.583+0000] {dag.py:4180} INFO - Setting next_dagrun for example_sensors to None, run_after=None
[2025-04-29T20:25:52.624+0000] {processor.py:208} INFO - Processing /home/airflow/.local/lib/python3.12/site-packages/airflow/example_dags/example_sensors.py took 0.121 seconds
[2025-04-29T20:26:22.891+0000] {processor.py:186} INFO - Started process (PID=4012) to work on /home/airflow/.local/lib/python3.12/site-packages/airflow/example_dags/example_sensors.py
[2025-04-29T20:26:22.893+0000] {processor.py:914} INFO - Processing file /home/airflow/.local/lib/python3.12/site-packages/airflow/example_dags/example_sensors.py for tasks to queue
[2025-04-29T20:26:22.896+0000] {logging_mixin.py:190} INFO - [2025-04-29T20:26:22.895+0000] {dagbag.py:588} INFO - Filling up the DagBag from /home/airflow/.local/lib/python3.12/site-packages/airflow/example_dags/example_sensors.py
[2025-04-29T20:26:22.911+0000] {processor.py:925} INFO - DAG(s) 'example_sensors' retrieved from /home/airflow/.local/lib/python3.12/site-packages/airflow/example_dags/example_sensors.py
[2025-04-29T20:26:22.948+0000] {logging_mixin.py:190} INFO - [2025-04-29T20:26:22.947+0000] {dag.py:3239} INFO - Sync 1 DAGs
[2025-04-29T20:26:22.979+0000] {logging_mixin.py:190} INFO - [2025-04-29T20:26:22.979+0000] {dag.py:4180} INFO - Setting next_dagrun for example_sensors to None, run_after=None
[2025-04-29T20:26:23.018+0000] {processor.py:208} INFO - Processing /home/airflow/.local/lib/python3.12/site-packages/airflow/example_dags/example_sensors.py took 0.134 seconds
[2025-04-29T20:26:53.304+0000] {processor.py:186} INFO - Started process (PID=4075) to work on /home/airflow/.local/lib/python3.12/site-packages/airflow/example_dags/example_sensors.py
[2025-04-29T20:26:53.306+0000] {processor.py:914} INFO - Processing file /home/airflow/.local/lib/python3.12/site-packages/airflow/example_dags/example_sensors.py for tasks to queue
[2025-04-29T20:26:53.312+0000] {logging_mixin.py:190} INFO - [2025-04-29T20:26:53.311+0000] {dagbag.py:588} INFO - Filling up the DagBag from /home/airflow/.local/lib/python3.12/site-packages/airflow/example_dags/example_sensors.py
[2025-04-29T20:26:53.328+0000] {processor.py:925} INFO - DAG(s) 'example_sensors' retrieved from /home/airflow/.local/lib/python3.12/site-packages/airflow/example_dags/example_sensors.py
[2025-04-29T20:26:53.367+0000] {logging_mixin.py:190} INFO - [2025-04-29T20:26:53.366+0000] {dag.py:3239} INFO - Sync 1 DAGs
[2025-04-29T20:26:53.393+0000] {logging_mixin.py:190} INFO - [2025-04-29T20:26:53.392+0000] {dag.py:4180} INFO - Setting next_dagrun for example_sensors to None, run_after=None
[2025-04-29T20:26:53.429+0000] {processor.py:208} INFO - Processing /home/airflow/.local/lib/python3.12/site-packages/airflow/example_dags/example_sensors.py took 0.140 seconds
[2025-04-29T20:27:24.042+0000] {processor.py:186} INFO - Started process (PID=4138) to work on /home/airflow/.local/lib/python3.12/site-packages/airflow/example_dags/example_sensors.py
[2025-04-29T20:27:24.044+0000] {processor.py:914} INFO - Processing file /home/airflow/.local/lib/python3.12/site-packages/airflow/example_dags/example_sensors.py for tasks to queue
[2025-04-29T20:27:24.049+0000] {logging_mixin.py:190} INFO - [2025-04-29T20:27:24.049+0000] {dagbag.py:588} INFO - Filling up the DagBag from /home/airflow/.local/lib/python3.12/site-packages/airflow/example_dags/example_sensors.py
[2025-04-29T20:27:24.067+0000] {processor.py:925} INFO - DAG(s) 'example_sensors' retrieved from /home/airflow/.local/lib/python3.12/site-packages/airflow/example_dags/example_sensors.py
[2025-04-29T20:27:24.105+0000] {logging_mixin.py:190} INFO - [2025-04-29T20:27:24.104+0000] {dag.py:3239} INFO - Sync 1 DAGs
[2025-04-29T20:27:24.124+0000] {logging_mixin.py:190} INFO - [2025-04-29T20:27:24.124+0000] {dag.py:4180} INFO - Setting next_dagrun for example_sensors to None, run_after=None
[2025-04-29T20:27:24.153+0000] {processor.py:208} INFO - Processing /home/airflow/.local/lib/python3.12/site-packages/airflow/example_dags/example_sensors.py took 0.122 seconds
[2025-04-29T20:27:54.820+0000] {processor.py:186} INFO - Started process (PID=4201) to work on /home/airflow/.local/lib/python3.12/site-packages/airflow/example_dags/example_sensors.py
[2025-04-29T20:27:54.822+0000] {processor.py:914} INFO - Processing file /home/airflow/.local/lib/python3.12/site-packages/airflow/example_dags/example_sensors.py for tasks to queue
[2025-04-29T20:27:54.827+0000] {logging_mixin.py:190} INFO - [2025-04-29T20:27:54.826+0000] {dagbag.py:588} INFO - Filling up the DagBag from /home/airflow/.local/lib/python3.12/site-packages/airflow/example_dags/example_sensors.py
[2025-04-29T20:27:54.845+0000] {processor.py:925} INFO - DAG(s) 'example_sensors' retrieved from /home/airflow/.local/lib/python3.12/site-packages/airflow/example_dags/example_sensors.py
[2025-04-29T20:27:54.881+0000] {logging_mixin.py:190} INFO - [2025-04-29T20:27:54.880+0000] {dag.py:3239} INFO - Sync 1 DAGs
[2025-04-29T20:27:54.902+0000] {logging_mixin.py:190} INFO - [2025-04-29T20:27:54.901+0000] {dag.py:4180} INFO - Setting next_dagrun for example_sensors to None, run_after=None
[2025-04-29T20:27:54.943+0000] {processor.py:208} INFO - Processing /home/airflow/.local/lib/python3.12/site-packages/airflow/example_dags/example_sensors.py took 0.131 seconds
[2025-04-29T20:28:25.692+0000] {processor.py:186} INFO - Started process (PID=4263) to work on /home/airflow/.local/lib/python3.12/site-packages/airflow/example_dags/example_sensors.py
[2025-04-29T20:28:25.693+0000] {processor.py:914} INFO - Processing file /home/airflow/.local/lib/python3.12/site-packages/airflow/example_dags/example_sensors.py for tasks to queue
[2025-04-29T20:28:25.697+0000] {logging_mixin.py:190} INFO - [2025-04-29T20:28:25.697+0000] {dagbag.py:588} INFO - Filling up the DagBag from /home/airflow/.local/lib/python3.12/site-packages/airflow/example_dags/example_sensors.py
[2025-04-29T20:28:25.726+0000] {processor.py:925} INFO - DAG(s) 'example_sensors' retrieved from /home/airflow/.local/lib/python3.12/site-packages/airflow/example_dags/example_sensors.py
[2025-04-29T20:28:25.768+0000] {logging_mixin.py:190} INFO - [2025-04-29T20:28:25.767+0000] {dag.py:3239} INFO - Sync 1 DAGs
[2025-04-29T20:28:25.790+0000] {logging_mixin.py:190} INFO - [2025-04-29T20:28:25.789+0000] {dag.py:4180} INFO - Setting next_dagrun for example_sensors to None, run_after=None
[2025-04-29T20:28:25.831+0000] {processor.py:208} INFO - Processing /home/airflow/.local/lib/python3.12/site-packages/airflow/example_dags/example_sensors.py took 0.149 seconds
[2025-04-29T20:28:56.740+0000] {processor.py:186} INFO - Started process (PID=4326) to work on /home/airflow/.local/lib/python3.12/site-packages/airflow/example_dags/example_sensors.py
[2025-04-29T20:28:56.743+0000] {processor.py:914} INFO - Processing file /home/airflow/.local/lib/python3.12/site-packages/airflow/example_dags/example_sensors.py for tasks to queue
[2025-04-29T20:28:56.748+0000] {logging_mixin.py:190} INFO - [2025-04-29T20:28:56.748+0000] {dagbag.py:588} INFO - Filling up the DagBag from /home/airflow/.local/lib/python3.12/site-packages/airflow/example_dags/example_sensors.py
[2025-04-29T20:28:56.785+0000] {processor.py:925} INFO - DAG(s) 'example_sensors' retrieved from /home/airflow/.local/lib/python3.12/site-packages/airflow/example_dags/example_sensors.py
[2025-04-29T20:28:56.857+0000] {logging_mixin.py:190} INFO - [2025-04-29T20:28:56.857+0000] {dag.py:3239} INFO - Sync 1 DAGs
[2025-04-29T20:28:56.881+0000] {logging_mixin.py:190} INFO - [2025-04-29T20:28:56.880+0000] {dag.py:4180} INFO - Setting next_dagrun for example_sensors to None, run_after=None
[2025-04-29T20:28:56.916+0000] {processor.py:208} INFO - Processing /home/airflow/.local/lib/python3.12/site-packages/airflow/example_dags/example_sensors.py took 0.191 seconds
[2025-04-29T20:29:27.641+0000] {processor.py:186} INFO - Started process (PID=4389) to work on /home/airflow/.local/lib/python3.12/site-packages/airflow/example_dags/example_sensors.py
[2025-04-29T20:29:27.643+0000] {processor.py:914} INFO - Processing file /home/airflow/.local/lib/python3.12/site-packages/airflow/example_dags/example_sensors.py for tasks to queue
[2025-04-29T20:29:27.649+0000] {logging_mixin.py:190} INFO - [2025-04-29T20:29:27.649+0000] {dagbag.py:588} INFO - Filling up the DagBag from /home/airflow/.local/lib/python3.12/site-packages/airflow/example_dags/example_sensors.py
[2025-04-29T20:29:27.670+0000] {processor.py:925} INFO - DAG(s) 'example_sensors' retrieved from /home/airflow/.local/lib/python3.12/site-packages/airflow/example_dags/example_sensors.py
[2025-04-29T20:29:27.710+0000] {logging_mixin.py:190} INFO - [2025-04-29T20:29:27.710+0000] {dag.py:3239} INFO - Sync 1 DAGs
[2025-04-29T20:29:27.729+0000] {logging_mixin.py:190} INFO - [2025-04-29T20:29:27.728+0000] {dag.py:4180} INFO - Setting next_dagrun for example_sensors to None, run_after=None
[2025-04-29T20:29:27.761+0000] {processor.py:208} INFO - Processing /home/airflow/.local/lib/python3.12/site-packages/airflow/example_dags/example_sensors.py took 0.133 seconds
[2025-04-29T20:29:57.914+0000] {processor.py:186} INFO - Started process (PID=4452) to work on /home/airflow/.local/lib/python3.12/site-packages/airflow/example_dags/example_sensors.py
[2025-04-29T20:29:57.916+0000] {processor.py:914} INFO - Processing file /home/airflow/.local/lib/python3.12/site-packages/airflow/example_dags/example_sensors.py for tasks to queue
[2025-04-29T20:29:57.925+0000] {logging_mixin.py:190} INFO - [2025-04-29T20:29:57.924+0000] {dagbag.py:588} INFO - Filling up the DagBag from /home/airflow/.local/lib/python3.12/site-packages/airflow/example_dags/example_sensors.py
[2025-04-29T20:29:57.941+0000] {processor.py:925} INFO - DAG(s) 'example_sensors' retrieved from /home/airflow/.local/lib/python3.12/site-packages/airflow/example_dags/example_sensors.py
[2025-04-29T20:29:57.977+0000] {logging_mixin.py:190} INFO - [2025-04-29T20:29:57.977+0000] {dag.py:3239} INFO - Sync 1 DAGs
[2025-04-29T20:29:57.994+0000] {logging_mixin.py:190} INFO - [2025-04-29T20:29:57.994+0000] {dag.py:4180} INFO - Setting next_dagrun for example_sensors to None, run_after=None
[2025-04-29T20:29:58.029+0000] {processor.py:208} INFO - Processing /home/airflow/.local/lib/python3.12/site-packages/airflow/example_dags/example_sensors.py took 0.128 seconds
[2025-04-29T20:30:28.487+0000] {processor.py:186} INFO - Started process (PID=4515) to work on /home/airflow/.local/lib/python3.12/site-packages/airflow/example_dags/example_sensors.py
[2025-04-29T20:30:28.488+0000] {processor.py:914} INFO - Processing file /home/airflow/.local/lib/python3.12/site-packages/airflow/example_dags/example_sensors.py for tasks to queue
[2025-04-29T20:30:28.494+0000] {logging_mixin.py:190} INFO - [2025-04-29T20:30:28.493+0000] {dagbag.py:588} INFO - Filling up the DagBag from /home/airflow/.local/lib/python3.12/site-packages/airflow/example_dags/example_sensors.py
[2025-04-29T20:30:28.510+0000] {processor.py:925} INFO - DAG(s) 'example_sensors' retrieved from /home/airflow/.local/lib/python3.12/site-packages/airflow/example_dags/example_sensors.py
[2025-04-29T20:30:28.547+0000] {logging_mixin.py:190} INFO - [2025-04-29T20:30:28.546+0000] {dag.py:3239} INFO - Sync 1 DAGs
[2025-04-29T20:30:28.570+0000] {logging_mixin.py:190} INFO - [2025-04-29T20:30:28.569+0000] {dag.py:4180} INFO - Setting next_dagrun for example_sensors to None, run_after=None
[2025-04-29T20:30:28.617+0000] {processor.py:208} INFO - Processing /home/airflow/.local/lib/python3.12/site-packages/airflow/example_dags/example_sensors.py took 0.137 seconds
[2025-04-29T20:30:59.560+0000] {processor.py:186} INFO - Started process (PID=4577) to work on /home/airflow/.local/lib/python3.12/site-packages/airflow/example_dags/example_sensors.py
[2025-04-29T20:30:59.561+0000] {processor.py:914} INFO - Processing file /home/airflow/.local/lib/python3.12/site-packages/airflow/example_dags/example_sensors.py for tasks to queue
[2025-04-29T20:30:59.566+0000] {logging_mixin.py:190} INFO - [2025-04-29T20:30:59.566+0000] {dagbag.py:588} INFO - Filling up the DagBag from /home/airflow/.local/lib/python3.12/site-packages/airflow/example_dags/example_sensors.py
[2025-04-29T20:30:59.583+0000] {processor.py:925} INFO - DAG(s) 'example_sensors' retrieved from /home/airflow/.local/lib/python3.12/site-packages/airflow/example_dags/example_sensors.py
[2025-04-29T20:30:59.621+0000] {logging_mixin.py:190} INFO - [2025-04-29T20:30:59.620+0000] {dag.py:3239} INFO - Sync 1 DAGs
[2025-04-29T20:30:59.644+0000] {logging_mixin.py:190} INFO - [2025-04-29T20:30:59.644+0000] {dag.py:4180} INFO - Setting next_dagrun for example_sensors to None, run_after=None
[2025-04-29T20:30:59.679+0000] {processor.py:208} INFO - Processing /home/airflow/.local/lib/python3.12/site-packages/airflow/example_dags/example_sensors.py took 0.131 seconds
[2025-04-29T20:31:29.980+0000] {processor.py:186} INFO - Started process (PID=4639) to work on /home/airflow/.local/lib/python3.12/site-packages/airflow/example_dags/example_sensors.py
[2025-04-29T20:31:29.982+0000] {processor.py:914} INFO - Processing file /home/airflow/.local/lib/python3.12/site-packages/airflow/example_dags/example_sensors.py for tasks to queue
[2025-04-29T20:31:29.986+0000] {logging_mixin.py:190} INFO - [2025-04-29T20:31:29.985+0000] {dagbag.py:588} INFO - Filling up the DagBag from /home/airflow/.local/lib/python3.12/site-packages/airflow/example_dags/example_sensors.py
[2025-04-29T20:31:30.006+0000] {processor.py:925} INFO - DAG(s) 'example_sensors' retrieved from /home/airflow/.local/lib/python3.12/site-packages/airflow/example_dags/example_sensors.py
[2025-04-29T20:31:30.045+0000] {logging_mixin.py:190} INFO - [2025-04-29T20:31:30.045+0000] {dag.py:3239} INFO - Sync 1 DAGs
[2025-04-29T20:31:30.068+0000] {logging_mixin.py:190} INFO - [2025-04-29T20:31:30.067+0000] {dag.py:4180} INFO - Setting next_dagrun for example_sensors to None, run_after=None
[2025-04-29T20:31:30.115+0000] {processor.py:208} INFO - Processing /home/airflow/.local/lib/python3.12/site-packages/airflow/example_dags/example_sensors.py took 0.145 seconds
[2025-04-29T20:32:00.509+0000] {processor.py:186} INFO - Started process (PID=4702) to work on /home/airflow/.local/lib/python3.12/site-packages/airflow/example_dags/example_sensors.py
[2025-04-29T20:32:00.510+0000] {processor.py:914} INFO - Processing file /home/airflow/.local/lib/python3.12/site-packages/airflow/example_dags/example_sensors.py for tasks to queue
[2025-04-29T20:32:00.514+0000] {logging_mixin.py:190} INFO - [2025-04-29T20:32:00.513+0000] {dagbag.py:588} INFO - Filling up the DagBag from /home/airflow/.local/lib/python3.12/site-packages/airflow/example_dags/example_sensors.py
[2025-04-29T20:32:00.528+0000] {processor.py:925} INFO - DAG(s) 'example_sensors' retrieved from /home/airflow/.local/lib/python3.12/site-packages/airflow/example_dags/example_sensors.py
[2025-04-29T20:32:00.566+0000] {logging_mixin.py:190} INFO - [2025-04-29T20:32:00.565+0000] {dag.py:3239} INFO - Sync 1 DAGs
[2025-04-29T20:32:00.583+0000] {logging_mixin.py:190} INFO - [2025-04-29T20:32:00.583+0000] {dag.py:4180} INFO - Setting next_dagrun for example_sensors to None, run_after=None
[2025-04-29T20:32:00.608+0000] {processor.py:208} INFO - Processing /home/airflow/.local/lib/python3.12/site-packages/airflow/example_dags/example_sensors.py took 0.107 seconds
[2025-04-29T20:32:31.032+0000] {processor.py:186} INFO - Started process (PID=4764) to work on /home/airflow/.local/lib/python3.12/site-packages/airflow/example_dags/example_sensors.py
[2025-04-29T20:32:31.034+0000] {processor.py:914} INFO - Processing file /home/airflow/.local/lib/python3.12/site-packages/airflow/example_dags/example_sensors.py for tasks to queue
[2025-04-29T20:32:31.037+0000] {logging_mixin.py:190} INFO - [2025-04-29T20:32:31.037+0000] {dagbag.py:588} INFO - Filling up the DagBag from /home/airflow/.local/lib/python3.12/site-packages/airflow/example_dags/example_sensors.py
[2025-04-29T20:32:31.051+0000] {processor.py:925} INFO - DAG(s) 'example_sensors' retrieved from /home/airflow/.local/lib/python3.12/site-packages/airflow/example_dags/example_sensors.py
[2025-04-29T20:32:31.095+0000] {logging_mixin.py:190} INFO - [2025-04-29T20:32:31.095+0000] {dag.py:3239} INFO - Sync 1 DAGs
[2025-04-29T20:32:31.126+0000] {logging_mixin.py:190} INFO - [2025-04-29T20:32:31.126+0000] {dag.py:4180} INFO - Setting next_dagrun for example_sensors to None, run_after=None
[2025-04-29T20:32:31.153+0000] {processor.py:208} INFO - Processing /home/airflow/.local/lib/python3.12/site-packages/airflow/example_dags/example_sensors.py took 0.132 seconds
[2025-04-29T20:33:01.458+0000] {processor.py:186} INFO - Started process (PID=4827) to work on /home/airflow/.local/lib/python3.12/site-packages/airflow/example_dags/example_sensors.py
[2025-04-29T20:33:01.460+0000] {processor.py:914} INFO - Processing file /home/airflow/.local/lib/python3.12/site-packages/airflow/example_dags/example_sensors.py for tasks to queue
[2025-04-29T20:33:01.464+0000] {logging_mixin.py:190} INFO - [2025-04-29T20:33:01.464+0000] {dagbag.py:588} INFO - Filling up the DagBag from /home/airflow/.local/lib/python3.12/site-packages/airflow/example_dags/example_sensors.py
[2025-04-29T20:33:01.479+0000] {processor.py:925} INFO - DAG(s) 'example_sensors' retrieved from /home/airflow/.local/lib/python3.12/site-packages/airflow/example_dags/example_sensors.py
[2025-04-29T20:33:01.517+0000] {logging_mixin.py:190} INFO - [2025-04-29T20:33:01.517+0000] {dag.py:3239} INFO - Sync 1 DAGs
[2025-04-29T20:33:01.539+0000] {logging_mixin.py:190} INFO - [2025-04-29T20:33:01.539+0000] {dag.py:4180} INFO - Setting next_dagrun for example_sensors to None, run_after=None
[2025-04-29T20:33:01.567+0000] {processor.py:208} INFO - Processing /home/airflow/.local/lib/python3.12/site-packages/airflow/example_dags/example_sensors.py took 0.119 seconds
[2025-04-29T20:33:32.120+0000] {processor.py:186} INFO - Started process (PID=4890) to work on /home/airflow/.local/lib/python3.12/site-packages/airflow/example_dags/example_sensors.py
[2025-04-29T20:33:32.124+0000] {processor.py:914} INFO - Processing file /home/airflow/.local/lib/python3.12/site-packages/airflow/example_dags/example_sensors.py for tasks to queue
[2025-04-29T20:33:32.129+0000] {logging_mixin.py:190} INFO - [2025-04-29T20:33:32.128+0000] {dagbag.py:588} INFO - Filling up the DagBag from /home/airflow/.local/lib/python3.12/site-packages/airflow/example_dags/example_sensors.py
[2025-04-29T20:33:32.147+0000] {processor.py:925} INFO - DAG(s) 'example_sensors' retrieved from /home/airflow/.local/lib/python3.12/site-packages/airflow/example_dags/example_sensors.py
[2025-04-29T20:33:32.191+0000] {logging_mixin.py:190} INFO - [2025-04-29T20:33:32.190+0000] {dag.py:3239} INFO - Sync 1 DAGs
[2025-04-29T20:33:32.213+0000] {logging_mixin.py:190} INFO - [2025-04-29T20:33:32.212+0000] {dag.py:4180} INFO - Setting next_dagrun for example_sensors to None, run_after=None
[2025-04-29T20:33:32.271+0000] {processor.py:208} INFO - Processing /home/airflow/.local/lib/python3.12/site-packages/airflow/example_dags/example_sensors.py took 0.162 seconds
