[2025-04-29T19:54:37.931+0000] {processor.py:186} INFO - Started process (PID=123) to work on /home/airflow/.local/lib/python3.12/site-packages/airflow/example_dags/example_complex.py
[2025-04-29T19:54:37.932+0000] {processor.py:914} INFO - Processing file /home/airflow/.local/lib/python3.12/site-packages/airflow/example_dags/example_complex.py for tasks to queue
[2025-04-29T19:54:37.936+0000] {logging_mixin.py:190} INFO - [2025-04-29T19:54:37.935+0000] {dagbag.py:588} INFO - Filling up the DagBag from /home/airflow/.local/lib/python3.12/site-packages/airflow/example_dags/example_complex.py
[2025-04-29T19:54:37.949+0000] {processor.py:925} INFO - DAG(s) 'example_complex' retrieved from /home/airflow/.local/lib/python3.12/site-packages/airflow/example_dags/example_complex.py
[2025-04-29T19:54:37.983+0000] {logging_mixin.py:190} INFO - [2025-04-29T19:54:37.983+0000] {dag.py:3239} INFO - Sync 1 DAGs
[2025-04-29T19:54:38.002+0000] {logging_mixin.py:190} INFO - [2025-04-29T19:54:38.002+0000] {dag.py:4180} INFO - Setting next_dagrun for example_complex to None, run_after=None
[2025-04-29T19:54:38.027+0000] {processor.py:208} INFO - Processing /home/airflow/.local/lib/python3.12/site-packages/airflow/example_dags/example_complex.py took 0.103 seconds
[2025-04-29T19:55:09.991+0000] {processor.py:186} INFO - Started process (PID=186) to work on /home/airflow/.local/lib/python3.12/site-packages/airflow/example_dags/example_complex.py
[2025-04-29T19:55:09.992+0000] {processor.py:914} INFO - Processing file /home/airflow/.local/lib/python3.12/site-packages/airflow/example_dags/example_complex.py for tasks to queue
[2025-04-29T19:55:09.995+0000] {logging_mixin.py:190} INFO - [2025-04-29T19:55:09.994+0000] {dagbag.py:588} INFO - Filling up the DagBag from /home/airflow/.local/lib/python3.12/site-packages/airflow/example_dags/example_complex.py
[2025-04-29T19:55:10.010+0000] {processor.py:925} INFO - DAG(s) 'example_complex' retrieved from /home/airflow/.local/lib/python3.12/site-packages/airflow/example_dags/example_complex.py
[2025-04-29T19:55:10.057+0000] {logging_mixin.py:190} INFO - [2025-04-29T19:55:10.057+0000] {dag.py:3239} INFO - Sync 1 DAGs
[2025-04-29T19:55:10.077+0000] {logging_mixin.py:190} INFO - [2025-04-29T19:55:10.076+0000] {dag.py:4180} INFO - Setting next_dagrun for example_complex to None, run_after=None
[2025-04-29T19:55:10.101+0000] {processor.py:208} INFO - Processing /home/airflow/.local/lib/python3.12/site-packages/airflow/example_dags/example_complex.py took 0.117 seconds
[2025-04-29T19:55:41.530+0000] {processor.py:186} INFO - Started process (PID=249) to work on /home/airflow/.local/lib/python3.12/site-packages/airflow/example_dags/example_complex.py
[2025-04-29T19:55:41.532+0000] {processor.py:914} INFO - Processing file /home/airflow/.local/lib/python3.12/site-packages/airflow/example_dags/example_complex.py for tasks to queue
[2025-04-29T19:55:41.536+0000] {logging_mixin.py:190} INFO - [2025-04-29T19:55:41.535+0000] {dagbag.py:588} INFO - Filling up the DagBag from /home/airflow/.local/lib/python3.12/site-packages/airflow/example_dags/example_complex.py
[2025-04-29T19:55:41.550+0000] {processor.py:925} INFO - DAG(s) 'example_complex' retrieved from /home/airflow/.local/lib/python3.12/site-packages/airflow/example_dags/example_complex.py
[2025-04-29T19:55:41.591+0000] {logging_mixin.py:190} INFO - [2025-04-29T19:55:41.591+0000] {dag.py:3239} INFO - Sync 1 DAGs
[2025-04-29T19:55:41.612+0000] {logging_mixin.py:190} INFO - [2025-04-29T19:55:41.612+0000] {dag.py:4180} INFO - Setting next_dagrun for example_complex to None, run_after=None
[2025-04-29T19:55:41.640+0000] {processor.py:208} INFO - Processing /home/airflow/.local/lib/python3.12/site-packages/airflow/example_dags/example_complex.py took 0.119 seconds
[2025-04-29T19:56:12.639+0000] {processor.py:186} INFO - Started process (PID=312) to work on /home/airflow/.local/lib/python3.12/site-packages/airflow/example_dags/example_complex.py
[2025-04-29T19:56:12.641+0000] {processor.py:914} INFO - Processing file /home/airflow/.local/lib/python3.12/site-packages/airflow/example_dags/example_complex.py for tasks to queue
[2025-04-29T19:56:12.644+0000] {logging_mixin.py:190} INFO - [2025-04-29T19:56:12.644+0000] {dagbag.py:588} INFO - Filling up the DagBag from /home/airflow/.local/lib/python3.12/site-packages/airflow/example_dags/example_complex.py
[2025-04-29T19:56:12.658+0000] {processor.py:925} INFO - DAG(s) 'example_complex' retrieved from /home/airflow/.local/lib/python3.12/site-packages/airflow/example_dags/example_complex.py
[2025-04-29T19:56:12.709+0000] {logging_mixin.py:190} INFO - [2025-04-29T19:56:12.708+0000] {dag.py:3239} INFO - Sync 1 DAGs
[2025-04-29T19:56:12.729+0000] {logging_mixin.py:190} INFO - [2025-04-29T19:56:12.729+0000] {dag.py:4180} INFO - Setting next_dagrun for example_complex to None, run_after=None
[2025-04-29T19:56:12.776+0000] {processor.py:208} INFO - Processing /home/airflow/.local/lib/python3.12/site-packages/airflow/example_dags/example_complex.py took 0.146 seconds
[2025-04-29T19:56:43.373+0000] {processor.py:186} INFO - Started process (PID=375) to work on /home/airflow/.local/lib/python3.12/site-packages/airflow/example_dags/example_complex.py
[2025-04-29T19:56:43.374+0000] {processor.py:914} INFO - Processing file /home/airflow/.local/lib/python3.12/site-packages/airflow/example_dags/example_complex.py for tasks to queue
[2025-04-29T19:56:43.378+0000] {logging_mixin.py:190} INFO - [2025-04-29T19:56:43.378+0000] {dagbag.py:588} INFO - Filling up the DagBag from /home/airflow/.local/lib/python3.12/site-packages/airflow/example_dags/example_complex.py
[2025-04-29T19:56:43.397+0000] {processor.py:925} INFO - DAG(s) 'example_complex' retrieved from /home/airflow/.local/lib/python3.12/site-packages/airflow/example_dags/example_complex.py
[2025-04-29T19:56:43.443+0000] {logging_mixin.py:190} INFO - [2025-04-29T19:56:43.442+0000] {dag.py:3239} INFO - Sync 1 DAGs
[2025-04-29T19:56:43.467+0000] {logging_mixin.py:190} INFO - [2025-04-29T19:56:43.466+0000] {dag.py:4180} INFO - Setting next_dagrun for example_complex to None, run_after=None
[2025-04-29T19:56:43.503+0000] {processor.py:208} INFO - Processing /home/airflow/.local/lib/python3.12/site-packages/airflow/example_dags/example_complex.py took 0.138 seconds
[2025-04-29T19:57:13.585+0000] {processor.py:186} INFO - Started process (PID=437) to work on /home/airflow/.local/lib/python3.12/site-packages/airflow/example_dags/example_complex.py
[2025-04-29T19:57:13.587+0000] {processor.py:914} INFO - Processing file /home/airflow/.local/lib/python3.12/site-packages/airflow/example_dags/example_complex.py for tasks to queue
[2025-04-29T19:57:13.592+0000] {logging_mixin.py:190} INFO - [2025-04-29T19:57:13.591+0000] {dagbag.py:588} INFO - Filling up the DagBag from /home/airflow/.local/lib/python3.12/site-packages/airflow/example_dags/example_complex.py
[2025-04-29T19:57:13.612+0000] {processor.py:925} INFO - DAG(s) 'example_complex' retrieved from /home/airflow/.local/lib/python3.12/site-packages/airflow/example_dags/example_complex.py
[2025-04-29T19:57:13.653+0000] {logging_mixin.py:190} INFO - [2025-04-29T19:57:13.653+0000] {dag.py:3239} INFO - Sync 1 DAGs
[2025-04-29T19:57:13.673+0000] {logging_mixin.py:190} INFO - [2025-04-29T19:57:13.673+0000] {dag.py:4180} INFO - Setting next_dagrun for example_complex to None, run_after=None
[2025-04-29T19:57:13.707+0000] {processor.py:208} INFO - Processing /home/airflow/.local/lib/python3.12/site-packages/airflow/example_dags/example_complex.py took 0.134 seconds
[2025-04-29T19:57:44.211+0000] {processor.py:186} INFO - Started process (PID=500) to work on /home/airflow/.local/lib/python3.12/site-packages/airflow/example_dags/example_complex.py
[2025-04-29T19:57:44.213+0000] {processor.py:914} INFO - Processing file /home/airflow/.local/lib/python3.12/site-packages/airflow/example_dags/example_complex.py for tasks to queue
[2025-04-29T19:57:44.216+0000] {logging_mixin.py:190} INFO - [2025-04-29T19:57:44.216+0000] {dagbag.py:588} INFO - Filling up the DagBag from /home/airflow/.local/lib/python3.12/site-packages/airflow/example_dags/example_complex.py
[2025-04-29T19:57:44.230+0000] {processor.py:925} INFO - DAG(s) 'example_complex' retrieved from /home/airflow/.local/lib/python3.12/site-packages/airflow/example_dags/example_complex.py
[2025-04-29T19:57:44.266+0000] {logging_mixin.py:190} INFO - [2025-04-29T19:57:44.266+0000] {dag.py:3239} INFO - Sync 1 DAGs
[2025-04-29T19:57:44.284+0000] {logging_mixin.py:190} INFO - [2025-04-29T19:57:44.284+0000] {dag.py:4180} INFO - Setting next_dagrun for example_complex to None, run_after=None
[2025-04-29T19:57:44.319+0000] {processor.py:208} INFO - Processing /home/airflow/.local/lib/python3.12/site-packages/airflow/example_dags/example_complex.py took 0.116 seconds
[2025-04-29T19:58:14.857+0000] {processor.py:186} INFO - Started process (PID=562) to work on /home/airflow/.local/lib/python3.12/site-packages/airflow/example_dags/example_complex.py
[2025-04-29T19:58:14.859+0000] {processor.py:914} INFO - Processing file /home/airflow/.local/lib/python3.12/site-packages/airflow/example_dags/example_complex.py for tasks to queue
[2025-04-29T19:58:14.864+0000] {logging_mixin.py:190} INFO - [2025-04-29T19:58:14.863+0000] {dagbag.py:588} INFO - Filling up the DagBag from /home/airflow/.local/lib/python3.12/site-packages/airflow/example_dags/example_complex.py
[2025-04-29T19:58:14.878+0000] {processor.py:925} INFO - DAG(s) 'example_complex' retrieved from /home/airflow/.local/lib/python3.12/site-packages/airflow/example_dags/example_complex.py
[2025-04-29T19:58:14.938+0000] {logging_mixin.py:190} INFO - [2025-04-29T19:58:14.938+0000] {dag.py:3239} INFO - Sync 1 DAGs
[2025-04-29T19:58:14.969+0000] {logging_mixin.py:190} INFO - [2025-04-29T19:58:14.969+0000] {dag.py:4180} INFO - Setting next_dagrun for example_complex to None, run_after=None
[2025-04-29T19:58:15.017+0000] {processor.py:208} INFO - Processing /home/airflow/.local/lib/python3.12/site-packages/airflow/example_dags/example_complex.py took 0.173 seconds
[2025-04-29T19:58:45.183+0000] {processor.py:186} INFO - Started process (PID=624) to work on /home/airflow/.local/lib/python3.12/site-packages/airflow/example_dags/example_complex.py
[2025-04-29T19:58:45.185+0000] {processor.py:914} INFO - Processing file /home/airflow/.local/lib/python3.12/site-packages/airflow/example_dags/example_complex.py for tasks to queue
[2025-04-29T19:58:45.189+0000] {logging_mixin.py:190} INFO - [2025-04-29T19:58:45.189+0000] {dagbag.py:588} INFO - Filling up the DagBag from /home/airflow/.local/lib/python3.12/site-packages/airflow/example_dags/example_complex.py
[2025-04-29T19:58:45.204+0000] {processor.py:925} INFO - DAG(s) 'example_complex' retrieved from /home/airflow/.local/lib/python3.12/site-packages/airflow/example_dags/example_complex.py
[2025-04-29T19:58:45.251+0000] {logging_mixin.py:190} INFO - [2025-04-29T19:58:45.251+0000] {dag.py:3239} INFO - Sync 1 DAGs
[2025-04-29T19:58:45.282+0000] {logging_mixin.py:190} INFO - [2025-04-29T19:58:45.281+0000] {dag.py:4180} INFO - Setting next_dagrun for example_complex to None, run_after=None
[2025-04-29T19:58:45.323+0000] {processor.py:208} INFO - Processing /home/airflow/.local/lib/python3.12/site-packages/airflow/example_dags/example_complex.py took 0.148 seconds
[2025-04-29T19:59:15.849+0000] {processor.py:186} INFO - Started process (PID=686) to work on /home/airflow/.local/lib/python3.12/site-packages/airflow/example_dags/example_complex.py
[2025-04-29T19:59:15.851+0000] {processor.py:914} INFO - Processing file /home/airflow/.local/lib/python3.12/site-packages/airflow/example_dags/example_complex.py for tasks to queue
[2025-04-29T19:59:15.854+0000] {logging_mixin.py:190} INFO - [2025-04-29T19:59:15.854+0000] {dagbag.py:588} INFO - Filling up the DagBag from /home/airflow/.local/lib/python3.12/site-packages/airflow/example_dags/example_complex.py
[2025-04-29T19:59:15.869+0000] {processor.py:925} INFO - DAG(s) 'example_complex' retrieved from /home/airflow/.local/lib/python3.12/site-packages/airflow/example_dags/example_complex.py
[2025-04-29T19:59:15.912+0000] {logging_mixin.py:190} INFO - [2025-04-29T19:59:15.911+0000] {dag.py:3239} INFO - Sync 1 DAGs
[2025-04-29T19:59:15.937+0000] {logging_mixin.py:190} INFO - [2025-04-29T19:59:15.937+0000] {dag.py:4180} INFO - Setting next_dagrun for example_complex to None, run_after=None
[2025-04-29T19:59:15.968+0000] {processor.py:208} INFO - Processing /home/airflow/.local/lib/python3.12/site-packages/airflow/example_dags/example_complex.py took 0.127 seconds
[2025-04-29T19:59:47.401+0000] {processor.py:186} INFO - Started process (PID=749) to work on /home/airflow/.local/lib/python3.12/site-packages/airflow/example_dags/example_complex.py
[2025-04-29T19:59:47.404+0000] {processor.py:914} INFO - Processing file /home/airflow/.local/lib/python3.12/site-packages/airflow/example_dags/example_complex.py for tasks to queue
[2025-04-29T19:59:47.410+0000] {logging_mixin.py:190} INFO - [2025-04-29T19:59:47.409+0000] {dagbag.py:588} INFO - Filling up the DagBag from /home/airflow/.local/lib/python3.12/site-packages/airflow/example_dags/example_complex.py
[2025-04-29T19:59:47.436+0000] {processor.py:925} INFO - DAG(s) 'example_complex' retrieved from /home/airflow/.local/lib/python3.12/site-packages/airflow/example_dags/example_complex.py
[2025-04-29T19:59:47.495+0000] {logging_mixin.py:190} INFO - [2025-04-29T19:59:47.494+0000] {dag.py:3239} INFO - Sync 1 DAGs
[2025-04-29T19:59:47.515+0000] {logging_mixin.py:190} INFO - [2025-04-29T19:59:47.515+0000] {dag.py:4180} INFO - Setting next_dagrun for example_complex to None, run_after=None
[2025-04-29T19:59:47.564+0000] {processor.py:208} INFO - Processing /home/airflow/.local/lib/python3.12/site-packages/airflow/example_dags/example_complex.py took 0.176 seconds
[2025-04-29T20:00:17.823+0000] {processor.py:186} INFO - Started process (PID=811) to work on /home/airflow/.local/lib/python3.12/site-packages/airflow/example_dags/example_complex.py
[2025-04-29T20:00:17.825+0000] {processor.py:914} INFO - Processing file /home/airflow/.local/lib/python3.12/site-packages/airflow/example_dags/example_complex.py for tasks to queue
[2025-04-29T20:00:17.829+0000] {logging_mixin.py:190} INFO - [2025-04-29T20:00:17.829+0000] {dagbag.py:588} INFO - Filling up the DagBag from /home/airflow/.local/lib/python3.12/site-packages/airflow/example_dags/example_complex.py
[2025-04-29T20:00:17.846+0000] {processor.py:925} INFO - DAG(s) 'example_complex' retrieved from /home/airflow/.local/lib/python3.12/site-packages/airflow/example_dags/example_complex.py
[2025-04-29T20:00:17.892+0000] {logging_mixin.py:190} INFO - [2025-04-29T20:00:17.891+0000] {dag.py:3239} INFO - Sync 1 DAGs
[2025-04-29T20:00:17.909+0000] {logging_mixin.py:190} INFO - [2025-04-29T20:00:17.909+0000] {dag.py:4180} INFO - Setting next_dagrun for example_complex to None, run_after=None
[2025-04-29T20:00:17.954+0000] {processor.py:208} INFO - Processing /home/airflow/.local/lib/python3.12/site-packages/airflow/example_dags/example_complex.py took 0.140 seconds
[2025-04-29T20:00:48.444+0000] {processor.py:186} INFO - Started process (PID=873) to work on /home/airflow/.local/lib/python3.12/site-packages/airflow/example_dags/example_complex.py
[2025-04-29T20:00:48.446+0000] {processor.py:914} INFO - Processing file /home/airflow/.local/lib/python3.12/site-packages/airflow/example_dags/example_complex.py for tasks to queue
[2025-04-29T20:00:48.452+0000] {logging_mixin.py:190} INFO - [2025-04-29T20:00:48.451+0000] {dagbag.py:588} INFO - Filling up the DagBag from /home/airflow/.local/lib/python3.12/site-packages/airflow/example_dags/example_complex.py
[2025-04-29T20:00:48.475+0000] {processor.py:925} INFO - DAG(s) 'example_complex' retrieved from /home/airflow/.local/lib/python3.12/site-packages/airflow/example_dags/example_complex.py
[2025-04-29T20:00:48.534+0000] {logging_mixin.py:190} INFO - [2025-04-29T20:00:48.533+0000] {dag.py:3239} INFO - Sync 1 DAGs
[2025-04-29T20:00:48.555+0000] {logging_mixin.py:190} INFO - [2025-04-29T20:00:48.554+0000] {dag.py:4180} INFO - Setting next_dagrun for example_complex to None, run_after=None
[2025-04-29T20:00:48.596+0000] {processor.py:208} INFO - Processing /home/airflow/.local/lib/python3.12/site-packages/airflow/example_dags/example_complex.py took 0.160 seconds
[2025-04-29T20:01:18.800+0000] {processor.py:186} INFO - Started process (PID=936) to work on /home/airflow/.local/lib/python3.12/site-packages/airflow/example_dags/example_complex.py
[2025-04-29T20:01:18.801+0000] {processor.py:914} INFO - Processing file /home/airflow/.local/lib/python3.12/site-packages/airflow/example_dags/example_complex.py for tasks to queue
[2025-04-29T20:01:18.807+0000] {logging_mixin.py:190} INFO - [2025-04-29T20:01:18.806+0000] {dagbag.py:588} INFO - Filling up the DagBag from /home/airflow/.local/lib/python3.12/site-packages/airflow/example_dags/example_complex.py
[2025-04-29T20:01:18.829+0000] {processor.py:925} INFO - DAG(s) 'example_complex' retrieved from /home/airflow/.local/lib/python3.12/site-packages/airflow/example_dags/example_complex.py
[2025-04-29T20:01:18.873+0000] {logging_mixin.py:190} INFO - [2025-04-29T20:01:18.873+0000] {dag.py:3239} INFO - Sync 1 DAGs
[2025-04-29T20:01:18.893+0000] {logging_mixin.py:190} INFO - [2025-04-29T20:01:18.893+0000] {dag.py:4180} INFO - Setting next_dagrun for example_complex to None, run_after=None
[2025-04-29T20:01:18.937+0000] {processor.py:208} INFO - Processing /home/airflow/.local/lib/python3.12/site-packages/airflow/example_dags/example_complex.py took 0.145 seconds
[2025-04-29T20:01:49.569+0000] {processor.py:186} INFO - Started process (PID=999) to work on /home/airflow/.local/lib/python3.12/site-packages/airflow/example_dags/example_complex.py
[2025-04-29T20:01:49.572+0000] {processor.py:914} INFO - Processing file /home/airflow/.local/lib/python3.12/site-packages/airflow/example_dags/example_complex.py for tasks to queue
[2025-04-29T20:01:49.579+0000] {logging_mixin.py:190} INFO - [2025-04-29T20:01:49.578+0000] {dagbag.py:588} INFO - Filling up the DagBag from /home/airflow/.local/lib/python3.12/site-packages/airflow/example_dags/example_complex.py
[2025-04-29T20:01:49.615+0000] {processor.py:925} INFO - DAG(s) 'example_complex' retrieved from /home/airflow/.local/lib/python3.12/site-packages/airflow/example_dags/example_complex.py
[2025-04-29T20:01:49.702+0000] {logging_mixin.py:190} INFO - [2025-04-29T20:01:49.701+0000] {dag.py:3239} INFO - Sync 1 DAGs
[2025-04-29T20:01:49.736+0000] {logging_mixin.py:190} INFO - [2025-04-29T20:01:49.736+0000] {dag.py:4180} INFO - Setting next_dagrun for example_complex to None, run_after=None
[2025-04-29T20:01:49.787+0000] {processor.py:208} INFO - Processing /home/airflow/.local/lib/python3.12/site-packages/airflow/example_dags/example_complex.py took 0.230 seconds
[2025-04-29T20:02:20.076+0000] {processor.py:186} INFO - Started process (PID=1062) to work on /home/airflow/.local/lib/python3.12/site-packages/airflow/example_dags/example_complex.py
[2025-04-29T20:02:20.079+0000] {processor.py:914} INFO - Processing file /home/airflow/.local/lib/python3.12/site-packages/airflow/example_dags/example_complex.py for tasks to queue
[2025-04-29T20:02:20.084+0000] {logging_mixin.py:190} INFO - [2025-04-29T20:02:20.083+0000] {dagbag.py:588} INFO - Filling up the DagBag from /home/airflow/.local/lib/python3.12/site-packages/airflow/example_dags/example_complex.py
[2025-04-29T20:02:20.105+0000] {processor.py:925} INFO - DAG(s) 'example_complex' retrieved from /home/airflow/.local/lib/python3.12/site-packages/airflow/example_dags/example_complex.py
[2025-04-29T20:02:20.155+0000] {logging_mixin.py:190} INFO - [2025-04-29T20:02:20.154+0000] {dag.py:3239} INFO - Sync 1 DAGs
[2025-04-29T20:02:20.171+0000] {logging_mixin.py:190} INFO - [2025-04-29T20:02:20.171+0000] {dag.py:4180} INFO - Setting next_dagrun for example_complex to None, run_after=None
[2025-04-29T20:02:20.207+0000] {processor.py:208} INFO - Processing /home/airflow/.local/lib/python3.12/site-packages/airflow/example_dags/example_complex.py took 0.147 seconds
[2025-04-29T20:02:50.564+0000] {processor.py:186} INFO - Started process (PID=1125) to work on /home/airflow/.local/lib/python3.12/site-packages/airflow/example_dags/example_complex.py
[2025-04-29T20:02:50.566+0000] {processor.py:914} INFO - Processing file /home/airflow/.local/lib/python3.12/site-packages/airflow/example_dags/example_complex.py for tasks to queue
[2025-04-29T20:02:50.572+0000] {logging_mixin.py:190} INFO - [2025-04-29T20:02:50.571+0000] {dagbag.py:588} INFO - Filling up the DagBag from /home/airflow/.local/lib/python3.12/site-packages/airflow/example_dags/example_complex.py
[2025-04-29T20:02:50.590+0000] {processor.py:925} INFO - DAG(s) 'example_complex' retrieved from /home/airflow/.local/lib/python3.12/site-packages/airflow/example_dags/example_complex.py
[2025-04-29T20:02:50.646+0000] {logging_mixin.py:190} INFO - [2025-04-29T20:02:50.646+0000] {dag.py:3239} INFO - Sync 1 DAGs
[2025-04-29T20:02:50.675+0000] {logging_mixin.py:190} INFO - [2025-04-29T20:02:50.675+0000] {dag.py:4180} INFO - Setting next_dagrun for example_complex to None, run_after=None
[2025-04-29T20:02:50.745+0000] {processor.py:208} INFO - Processing /home/airflow/.local/lib/python3.12/site-packages/airflow/example_dags/example_complex.py took 0.194 seconds
[2025-04-29T20:03:21.202+0000] {processor.py:186} INFO - Started process (PID=1188) to work on /home/airflow/.local/lib/python3.12/site-packages/airflow/example_dags/example_complex.py
[2025-04-29T20:03:21.204+0000] {processor.py:914} INFO - Processing file /home/airflow/.local/lib/python3.12/site-packages/airflow/example_dags/example_complex.py for tasks to queue
[2025-04-29T20:03:21.210+0000] {logging_mixin.py:190} INFO - [2025-04-29T20:03:21.209+0000] {dagbag.py:588} INFO - Filling up the DagBag from /home/airflow/.local/lib/python3.12/site-packages/airflow/example_dags/example_complex.py
[2025-04-29T20:03:21.233+0000] {processor.py:925} INFO - DAG(s) 'example_complex' retrieved from /home/airflow/.local/lib/python3.12/site-packages/airflow/example_dags/example_complex.py
[2025-04-29T20:03:21.302+0000] {logging_mixin.py:190} INFO - [2025-04-29T20:03:21.302+0000] {dag.py:3239} INFO - Sync 1 DAGs
[2025-04-29T20:03:21.329+0000] {logging_mixin.py:190} INFO - [2025-04-29T20:03:21.329+0000] {dag.py:4180} INFO - Setting next_dagrun for example_complex to None, run_after=None
[2025-04-29T20:03:21.370+0000] {processor.py:208} INFO - Processing /home/airflow/.local/lib/python3.12/site-packages/airflow/example_dags/example_complex.py took 0.182 seconds
[2025-04-29T20:03:51.798+0000] {processor.py:186} INFO - Started process (PID=1251) to work on /home/airflow/.local/lib/python3.12/site-packages/airflow/example_dags/example_complex.py
[2025-04-29T20:03:51.800+0000] {processor.py:914} INFO - Processing file /home/airflow/.local/lib/python3.12/site-packages/airflow/example_dags/example_complex.py for tasks to queue
[2025-04-29T20:03:51.803+0000] {logging_mixin.py:190} INFO - [2025-04-29T20:03:51.803+0000] {dagbag.py:588} INFO - Filling up the DagBag from /home/airflow/.local/lib/python3.12/site-packages/airflow/example_dags/example_complex.py
[2025-04-29T20:03:51.820+0000] {processor.py:925} INFO - DAG(s) 'example_complex' retrieved from /home/airflow/.local/lib/python3.12/site-packages/airflow/example_dags/example_complex.py
[2025-04-29T20:03:51.891+0000] {logging_mixin.py:190} INFO - [2025-04-29T20:03:51.890+0000] {dag.py:3239} INFO - Sync 1 DAGs
[2025-04-29T20:03:51.918+0000] {logging_mixin.py:190} INFO - [2025-04-29T20:03:51.918+0000] {dag.py:4180} INFO - Setting next_dagrun for example_complex to None, run_after=None
[2025-04-29T20:03:51.962+0000] {processor.py:208} INFO - Processing /home/airflow/.local/lib/python3.12/site-packages/airflow/example_dags/example_complex.py took 0.172 seconds
[2025-04-29T20:04:22.842+0000] {processor.py:186} INFO - Started process (PID=1314) to work on /home/airflow/.local/lib/python3.12/site-packages/airflow/example_dags/example_complex.py
[2025-04-29T20:04:22.844+0000] {processor.py:914} INFO - Processing file /home/airflow/.local/lib/python3.12/site-packages/airflow/example_dags/example_complex.py for tasks to queue
[2025-04-29T20:04:22.849+0000] {logging_mixin.py:190} INFO - [2025-04-29T20:04:22.849+0000] {dagbag.py:588} INFO - Filling up the DagBag from /home/airflow/.local/lib/python3.12/site-packages/airflow/example_dags/example_complex.py
[2025-04-29T20:04:22.875+0000] {processor.py:925} INFO - DAG(s) 'example_complex' retrieved from /home/airflow/.local/lib/python3.12/site-packages/airflow/example_dags/example_complex.py
[2025-04-29T20:04:22.940+0000] {logging_mixin.py:190} INFO - [2025-04-29T20:04:22.939+0000] {dag.py:3239} INFO - Sync 1 DAGs
[2025-04-29T20:04:22.960+0000] {logging_mixin.py:190} INFO - [2025-04-29T20:04:22.960+0000] {dag.py:4180} INFO - Setting next_dagrun for example_complex to None, run_after=None
[2025-04-29T20:04:23.017+0000] {processor.py:208} INFO - Processing /home/airflow/.local/lib/python3.12/site-packages/airflow/example_dags/example_complex.py took 0.184 seconds
[2025-04-29T20:04:53.940+0000] {processor.py:186} INFO - Started process (PID=1377) to work on /home/airflow/.local/lib/python3.12/site-packages/airflow/example_dags/example_complex.py
[2025-04-29T20:04:53.943+0000] {processor.py:914} INFO - Processing file /home/airflow/.local/lib/python3.12/site-packages/airflow/example_dags/example_complex.py for tasks to queue
[2025-04-29T20:04:53.945+0000] {logging_mixin.py:190} INFO - [2025-04-29T20:04:53.945+0000] {dagbag.py:588} INFO - Filling up the DagBag from /home/airflow/.local/lib/python3.12/site-packages/airflow/example_dags/example_complex.py
[2025-04-29T20:04:53.958+0000] {processor.py:925} INFO - DAG(s) 'example_complex' retrieved from /home/airflow/.local/lib/python3.12/site-packages/airflow/example_dags/example_complex.py
[2025-04-29T20:04:54.008+0000] {logging_mixin.py:190} INFO - [2025-04-29T20:04:54.008+0000] {dag.py:3239} INFO - Sync 1 DAGs
[2025-04-29T20:04:54.027+0000] {logging_mixin.py:190} INFO - [2025-04-29T20:04:54.026+0000] {dag.py:4180} INFO - Setting next_dagrun for example_complex to None, run_after=None
[2025-04-29T20:04:54.072+0000] {processor.py:208} INFO - Processing /home/airflow/.local/lib/python3.12/site-packages/airflow/example_dags/example_complex.py took 0.138 seconds
[2025-04-29T20:05:24.857+0000] {processor.py:186} INFO - Started process (PID=1440) to work on /home/airflow/.local/lib/python3.12/site-packages/airflow/example_dags/example_complex.py
[2025-04-29T20:05:24.860+0000] {processor.py:914} INFO - Processing file /home/airflow/.local/lib/python3.12/site-packages/airflow/example_dags/example_complex.py for tasks to queue
[2025-04-29T20:05:24.868+0000] {logging_mixin.py:190} INFO - [2025-04-29T20:05:24.867+0000] {dagbag.py:588} INFO - Filling up the DagBag from /home/airflow/.local/lib/python3.12/site-packages/airflow/example_dags/example_complex.py
[2025-04-29T20:05:24.909+0000] {processor.py:925} INFO - DAG(s) 'example_complex' retrieved from /home/airflow/.local/lib/python3.12/site-packages/airflow/example_dags/example_complex.py
[2025-04-29T20:05:24.983+0000] {logging_mixin.py:190} INFO - [2025-04-29T20:05:24.982+0000] {dag.py:3239} INFO - Sync 1 DAGs
[2025-04-29T20:05:25.026+0000] {logging_mixin.py:190} INFO - [2025-04-29T20:05:25.026+0000] {dag.py:4180} INFO - Setting next_dagrun for example_complex to None, run_after=None
[2025-04-29T20:05:25.081+0000] {processor.py:208} INFO - Processing /home/airflow/.local/lib/python3.12/site-packages/airflow/example_dags/example_complex.py took 0.236 seconds
[2025-04-29T20:05:55.359+0000] {processor.py:186} INFO - Started process (PID=1503) to work on /home/airflow/.local/lib/python3.12/site-packages/airflow/example_dags/example_complex.py
[2025-04-29T20:05:55.361+0000] {processor.py:914} INFO - Processing file /home/airflow/.local/lib/python3.12/site-packages/airflow/example_dags/example_complex.py for tasks to queue
[2025-04-29T20:05:55.367+0000] {logging_mixin.py:190} INFO - [2025-04-29T20:05:55.366+0000] {dagbag.py:588} INFO - Filling up the DagBag from /home/airflow/.local/lib/python3.12/site-packages/airflow/example_dags/example_complex.py
[2025-04-29T20:05:55.394+0000] {processor.py:925} INFO - DAG(s) 'example_complex' retrieved from /home/airflow/.local/lib/python3.12/site-packages/airflow/example_dags/example_complex.py
[2025-04-29T20:05:55.454+0000] {logging_mixin.py:190} INFO - [2025-04-29T20:05:55.453+0000] {dag.py:3239} INFO - Sync 1 DAGs
[2025-04-29T20:05:55.483+0000] {logging_mixin.py:190} INFO - [2025-04-29T20:05:55.483+0000] {dag.py:4180} INFO - Setting next_dagrun for example_complex to None, run_after=None
[2025-04-29T20:05:55.515+0000] {processor.py:208} INFO - Processing /home/airflow/.local/lib/python3.12/site-packages/airflow/example_dags/example_complex.py took 0.170 seconds
[2025-04-29T20:06:25.787+0000] {processor.py:186} INFO - Started process (PID=1566) to work on /home/airflow/.local/lib/python3.12/site-packages/airflow/example_dags/example_complex.py
[2025-04-29T20:06:25.789+0000] {processor.py:914} INFO - Processing file /home/airflow/.local/lib/python3.12/site-packages/airflow/example_dags/example_complex.py for tasks to queue
[2025-04-29T20:06:25.796+0000] {logging_mixin.py:190} INFO - [2025-04-29T20:06:25.796+0000] {dagbag.py:588} INFO - Filling up the DagBag from /home/airflow/.local/lib/python3.12/site-packages/airflow/example_dags/example_complex.py
[2025-04-29T20:06:25.822+0000] {processor.py:925} INFO - DAG(s) 'example_complex' retrieved from /home/airflow/.local/lib/python3.12/site-packages/airflow/example_dags/example_complex.py
[2025-04-29T20:06:25.874+0000] {logging_mixin.py:190} INFO - [2025-04-29T20:06:25.873+0000] {dag.py:3239} INFO - Sync 1 DAGs
[2025-04-29T20:06:25.902+0000] {logging_mixin.py:190} INFO - [2025-04-29T20:06:25.902+0000] {dag.py:4180} INFO - Setting next_dagrun for example_complex to None, run_after=None
[2025-04-29T20:06:25.940+0000] {processor.py:208} INFO - Processing /home/airflow/.local/lib/python3.12/site-packages/airflow/example_dags/example_complex.py took 0.170 seconds
[2025-04-29T20:06:56.248+0000] {processor.py:186} INFO - Started process (PID=1629) to work on /home/airflow/.local/lib/python3.12/site-packages/airflow/example_dags/example_complex.py
[2025-04-29T20:06:56.252+0000] {processor.py:914} INFO - Processing file /home/airflow/.local/lib/python3.12/site-packages/airflow/example_dags/example_complex.py for tasks to queue
[2025-04-29T20:06:56.262+0000] {logging_mixin.py:190} INFO - [2025-04-29T20:06:56.261+0000] {dagbag.py:588} INFO - Filling up the DagBag from /home/airflow/.local/lib/python3.12/site-packages/airflow/example_dags/example_complex.py
[2025-04-29T20:06:56.304+0000] {processor.py:925} INFO - DAG(s) 'example_complex' retrieved from /home/airflow/.local/lib/python3.12/site-packages/airflow/example_dags/example_complex.py
[2025-04-29T20:06:56.353+0000] {logging_mixin.py:190} INFO - [2025-04-29T20:06:56.353+0000] {dag.py:3239} INFO - Sync 1 DAGs
[2025-04-29T20:06:56.378+0000] {logging_mixin.py:190} INFO - [2025-04-29T20:06:56.378+0000] {dag.py:4180} INFO - Setting next_dagrun for example_complex to None, run_after=None
[2025-04-29T20:06:56.415+0000] {processor.py:208} INFO - Processing /home/airflow/.local/lib/python3.12/site-packages/airflow/example_dags/example_complex.py took 0.188 seconds
[2025-04-29T20:07:26.590+0000] {processor.py:186} INFO - Started process (PID=1692) to work on /home/airflow/.local/lib/python3.12/site-packages/airflow/example_dags/example_complex.py
[2025-04-29T20:07:26.592+0000] {processor.py:914} INFO - Processing file /home/airflow/.local/lib/python3.12/site-packages/airflow/example_dags/example_complex.py for tasks to queue
[2025-04-29T20:07:26.601+0000] {logging_mixin.py:190} INFO - [2025-04-29T20:07:26.600+0000] {dagbag.py:588} INFO - Filling up the DagBag from /home/airflow/.local/lib/python3.12/site-packages/airflow/example_dags/example_complex.py
[2025-04-29T20:07:26.640+0000] {processor.py:925} INFO - DAG(s) 'example_complex' retrieved from /home/airflow/.local/lib/python3.12/site-packages/airflow/example_dags/example_complex.py
[2025-04-29T20:07:26.691+0000] {logging_mixin.py:190} INFO - [2025-04-29T20:07:26.691+0000] {dag.py:3239} INFO - Sync 1 DAGs
[2025-04-29T20:07:26.716+0000] {logging_mixin.py:190} INFO - [2025-04-29T20:07:26.716+0000] {dag.py:4180} INFO - Setting next_dagrun for example_complex to None, run_after=None
[2025-04-29T20:07:26.763+0000] {processor.py:208} INFO - Processing /home/airflow/.local/lib/python3.12/site-packages/airflow/example_dags/example_complex.py took 0.194 seconds
[2025-04-29T20:07:56.961+0000] {processor.py:186} INFO - Started process (PID=1755) to work on /home/airflow/.local/lib/python3.12/site-packages/airflow/example_dags/example_complex.py
[2025-04-29T20:07:56.964+0000] {processor.py:914} INFO - Processing file /home/airflow/.local/lib/python3.12/site-packages/airflow/example_dags/example_complex.py for tasks to queue
[2025-04-29T20:07:56.969+0000] {logging_mixin.py:190} INFO - [2025-04-29T20:07:56.968+0000] {dagbag.py:588} INFO - Filling up the DagBag from /home/airflow/.local/lib/python3.12/site-packages/airflow/example_dags/example_complex.py
[2025-04-29T20:07:56.993+0000] {processor.py:925} INFO - DAG(s) 'example_complex' retrieved from /home/airflow/.local/lib/python3.12/site-packages/airflow/example_dags/example_complex.py
[2025-04-29T20:07:57.074+0000] {logging_mixin.py:190} INFO - [2025-04-29T20:07:57.073+0000] {dag.py:3239} INFO - Sync 1 DAGs
[2025-04-29T20:07:57.106+0000] {logging_mixin.py:190} INFO - [2025-04-29T20:07:57.106+0000] {dag.py:4180} INFO - Setting next_dagrun for example_complex to None, run_after=None
[2025-04-29T20:07:57.153+0000] {processor.py:208} INFO - Processing /home/airflow/.local/lib/python3.12/site-packages/airflow/example_dags/example_complex.py took 0.205 seconds
[2025-04-29T20:08:27.867+0000] {processor.py:186} INFO - Started process (PID=1818) to work on /home/airflow/.local/lib/python3.12/site-packages/airflow/example_dags/example_complex.py
[2025-04-29T20:08:27.870+0000] {processor.py:914} INFO - Processing file /home/airflow/.local/lib/python3.12/site-packages/airflow/example_dags/example_complex.py for tasks to queue
[2025-04-29T20:08:27.878+0000] {logging_mixin.py:190} INFO - [2025-04-29T20:08:27.877+0000] {dagbag.py:588} INFO - Filling up the DagBag from /home/airflow/.local/lib/python3.12/site-packages/airflow/example_dags/example_complex.py
[2025-04-29T20:08:27.906+0000] {processor.py:925} INFO - DAG(s) 'example_complex' retrieved from /home/airflow/.local/lib/python3.12/site-packages/airflow/example_dags/example_complex.py
[2025-04-29T20:08:27.972+0000] {logging_mixin.py:190} INFO - [2025-04-29T20:08:27.972+0000] {dag.py:3239} INFO - Sync 1 DAGs
[2025-04-29T20:08:27.998+0000] {logging_mixin.py:190} INFO - [2025-04-29T20:08:27.998+0000] {dag.py:4180} INFO - Setting next_dagrun for example_complex to None, run_after=None
[2025-04-29T20:08:28.035+0000] {processor.py:208} INFO - Processing /home/airflow/.local/lib/python3.12/site-packages/airflow/example_dags/example_complex.py took 0.185 seconds
[2025-04-29T20:08:58.660+0000] {processor.py:186} INFO - Started process (PID=1881) to work on /home/airflow/.local/lib/python3.12/site-packages/airflow/example_dags/example_complex.py
[2025-04-29T20:08:58.662+0000] {processor.py:914} INFO - Processing file /home/airflow/.local/lib/python3.12/site-packages/airflow/example_dags/example_complex.py for tasks to queue
[2025-04-29T20:08:58.667+0000] {logging_mixin.py:190} INFO - [2025-04-29T20:08:58.666+0000] {dagbag.py:588} INFO - Filling up the DagBag from /home/airflow/.local/lib/python3.12/site-packages/airflow/example_dags/example_complex.py
[2025-04-29T20:08:58.680+0000] {processor.py:925} INFO - DAG(s) 'example_complex' retrieved from /home/airflow/.local/lib/python3.12/site-packages/airflow/example_dags/example_complex.py
[2025-04-29T20:08:58.717+0000] {logging_mixin.py:190} INFO - [2025-04-29T20:08:58.717+0000] {dag.py:3239} INFO - Sync 1 DAGs
[2025-04-29T20:08:58.735+0000] {logging_mixin.py:190} INFO - [2025-04-29T20:08:58.735+0000] {dag.py:4180} INFO - Setting next_dagrun for example_complex to None, run_after=None
[2025-04-29T20:08:58.769+0000] {processor.py:208} INFO - Processing /home/airflow/.local/lib/python3.12/site-packages/airflow/example_dags/example_complex.py took 0.116 seconds
[2025-04-29T20:09:29.215+0000] {processor.py:186} INFO - Started process (PID=1944) to work on /home/airflow/.local/lib/python3.12/site-packages/airflow/example_dags/example_complex.py
[2025-04-29T20:09:29.217+0000] {processor.py:914} INFO - Processing file /home/airflow/.local/lib/python3.12/site-packages/airflow/example_dags/example_complex.py for tasks to queue
[2025-04-29T20:09:29.223+0000] {logging_mixin.py:190} INFO - [2025-04-29T20:09:29.222+0000] {dagbag.py:588} INFO - Filling up the DagBag from /home/airflow/.local/lib/python3.12/site-packages/airflow/example_dags/example_complex.py
[2025-04-29T20:09:29.241+0000] {processor.py:925} INFO - DAG(s) 'example_complex' retrieved from /home/airflow/.local/lib/python3.12/site-packages/airflow/example_dags/example_complex.py
[2025-04-29T20:09:29.293+0000] {logging_mixin.py:190} INFO - [2025-04-29T20:09:29.293+0000] {dag.py:3239} INFO - Sync 1 DAGs
[2025-04-29T20:09:29.315+0000] {logging_mixin.py:190} INFO - [2025-04-29T20:09:29.315+0000] {dag.py:4180} INFO - Setting next_dagrun for example_complex to None, run_after=None
[2025-04-29T20:09:29.347+0000] {processor.py:208} INFO - Processing /home/airflow/.local/lib/python3.12/site-packages/airflow/example_dags/example_complex.py took 0.144 seconds
[2025-04-29T20:09:59.682+0000] {processor.py:186} INFO - Started process (PID=2007) to work on /home/airflow/.local/lib/python3.12/site-packages/airflow/example_dags/example_complex.py
[2025-04-29T20:09:59.687+0000] {processor.py:914} INFO - Processing file /home/airflow/.local/lib/python3.12/site-packages/airflow/example_dags/example_complex.py for tasks to queue
[2025-04-29T20:09:59.693+0000] {logging_mixin.py:190} INFO - [2025-04-29T20:09:59.692+0000] {dagbag.py:588} INFO - Filling up the DagBag from /home/airflow/.local/lib/python3.12/site-packages/airflow/example_dags/example_complex.py
[2025-04-29T20:09:59.722+0000] {processor.py:925} INFO - DAG(s) 'example_complex' retrieved from /home/airflow/.local/lib/python3.12/site-packages/airflow/example_dags/example_complex.py
[2025-04-29T20:09:59.782+0000] {logging_mixin.py:190} INFO - [2025-04-29T20:09:59.781+0000] {dag.py:3239} INFO - Sync 1 DAGs
[2025-04-29T20:09:59.804+0000] {logging_mixin.py:190} INFO - [2025-04-29T20:09:59.804+0000] {dag.py:4180} INFO - Setting next_dagrun for example_complex to None, run_after=None
[2025-04-29T20:09:59.845+0000] {processor.py:208} INFO - Processing /home/airflow/.local/lib/python3.12/site-packages/airflow/example_dags/example_complex.py took 0.176 seconds
[2025-04-29T20:10:30.319+0000] {processor.py:186} INFO - Started process (PID=2070) to work on /home/airflow/.local/lib/python3.12/site-packages/airflow/example_dags/example_complex.py
[2025-04-29T20:10:30.321+0000] {processor.py:914} INFO - Processing file /home/airflow/.local/lib/python3.12/site-packages/airflow/example_dags/example_complex.py for tasks to queue
[2025-04-29T20:10:30.328+0000] {logging_mixin.py:190} INFO - [2025-04-29T20:10:30.327+0000] {dagbag.py:588} INFO - Filling up the DagBag from /home/airflow/.local/lib/python3.12/site-packages/airflow/example_dags/example_complex.py
[2025-04-29T20:10:30.366+0000] {processor.py:925} INFO - DAG(s) 'example_complex' retrieved from /home/airflow/.local/lib/python3.12/site-packages/airflow/example_dags/example_complex.py
[2025-04-29T20:10:30.459+0000] {logging_mixin.py:190} INFO - [2025-04-29T20:10:30.458+0000] {dag.py:3239} INFO - Sync 1 DAGs
[2025-04-29T20:10:30.503+0000] {logging_mixin.py:190} INFO - [2025-04-29T20:10:30.502+0000] {dag.py:4180} INFO - Setting next_dagrun for example_complex to None, run_after=None
[2025-04-29T20:10:30.568+0000] {processor.py:208} INFO - Processing /home/airflow/.local/lib/python3.12/site-packages/airflow/example_dags/example_complex.py took 0.264 seconds
[2025-04-29T20:11:00.671+0000] {processor.py:186} INFO - Started process (PID=2133) to work on /home/airflow/.local/lib/python3.12/site-packages/airflow/example_dags/example_complex.py
[2025-04-29T20:11:00.674+0000] {processor.py:914} INFO - Processing file /home/airflow/.local/lib/python3.12/site-packages/airflow/example_dags/example_complex.py for tasks to queue
[2025-04-29T20:11:00.681+0000] {logging_mixin.py:190} INFO - [2025-04-29T20:11:00.680+0000] {dagbag.py:588} INFO - Filling up the DagBag from /home/airflow/.local/lib/python3.12/site-packages/airflow/example_dags/example_complex.py
[2025-04-29T20:11:00.712+0000] {processor.py:925} INFO - DAG(s) 'example_complex' retrieved from /home/airflow/.local/lib/python3.12/site-packages/airflow/example_dags/example_complex.py
[2025-04-29T20:11:00.780+0000] {logging_mixin.py:190} INFO - [2025-04-29T20:11:00.779+0000] {dag.py:3239} INFO - Sync 1 DAGs
[2025-04-29T20:11:00.805+0000] {logging_mixin.py:190} INFO - [2025-04-29T20:11:00.804+0000] {dag.py:4180} INFO - Setting next_dagrun for example_complex to None, run_after=None
[2025-04-29T20:11:00.853+0000] {processor.py:208} INFO - Processing /home/airflow/.local/lib/python3.12/site-packages/airflow/example_dags/example_complex.py took 0.196 seconds
[2025-04-29T20:11:31.453+0000] {processor.py:186} INFO - Started process (PID=2196) to work on /home/airflow/.local/lib/python3.12/site-packages/airflow/example_dags/example_complex.py
[2025-04-29T20:11:31.457+0000] {processor.py:914} INFO - Processing file /home/airflow/.local/lib/python3.12/site-packages/airflow/example_dags/example_complex.py for tasks to queue
[2025-04-29T20:11:31.463+0000] {logging_mixin.py:190} INFO - [2025-04-29T20:11:31.462+0000] {dagbag.py:588} INFO - Filling up the DagBag from /home/airflow/.local/lib/python3.12/site-packages/airflow/example_dags/example_complex.py
[2025-04-29T20:11:31.495+0000] {processor.py:925} INFO - DAG(s) 'example_complex' retrieved from /home/airflow/.local/lib/python3.12/site-packages/airflow/example_dags/example_complex.py
[2025-04-29T20:11:31.542+0000] {logging_mixin.py:190} INFO - [2025-04-29T20:11:31.542+0000] {dag.py:3239} INFO - Sync 1 DAGs
[2025-04-29T20:11:31.563+0000] {logging_mixin.py:190} INFO - [2025-04-29T20:11:31.562+0000] {dag.py:4180} INFO - Setting next_dagrun for example_complex to None, run_after=None
[2025-04-29T20:11:31.602+0000] {processor.py:208} INFO - Processing /home/airflow/.local/lib/python3.12/site-packages/airflow/example_dags/example_complex.py took 0.162 seconds
[2025-04-29T20:12:01.822+0000] {processor.py:186} INFO - Started process (PID=2259) to work on /home/airflow/.local/lib/python3.12/site-packages/airflow/example_dags/example_complex.py
[2025-04-29T20:12:01.824+0000] {processor.py:914} INFO - Processing file /home/airflow/.local/lib/python3.12/site-packages/airflow/example_dags/example_complex.py for tasks to queue
[2025-04-29T20:12:01.831+0000] {logging_mixin.py:190} INFO - [2025-04-29T20:12:01.829+0000] {dagbag.py:588} INFO - Filling up the DagBag from /home/airflow/.local/lib/python3.12/site-packages/airflow/example_dags/example_complex.py
[2025-04-29T20:12:01.857+0000] {processor.py:925} INFO - DAG(s) 'example_complex' retrieved from /home/airflow/.local/lib/python3.12/site-packages/airflow/example_dags/example_complex.py
[2025-04-29T20:12:01.915+0000] {logging_mixin.py:190} INFO - [2025-04-29T20:12:01.915+0000] {dag.py:3239} INFO - Sync 1 DAGs
[2025-04-29T20:12:01.939+0000] {logging_mixin.py:190} INFO - [2025-04-29T20:12:01.939+0000] {dag.py:4180} INFO - Setting next_dagrun for example_complex to None, run_after=None
[2025-04-29T20:12:01.992+0000] {processor.py:208} INFO - Processing /home/airflow/.local/lib/python3.12/site-packages/airflow/example_dags/example_complex.py took 0.184 seconds
[2025-04-29T20:12:32.734+0000] {processor.py:186} INFO - Started process (PID=2322) to work on /home/airflow/.local/lib/python3.12/site-packages/airflow/example_dags/example_complex.py
[2025-04-29T20:12:32.737+0000] {processor.py:914} INFO - Processing file /home/airflow/.local/lib/python3.12/site-packages/airflow/example_dags/example_complex.py for tasks to queue
[2025-04-29T20:12:32.742+0000] {logging_mixin.py:190} INFO - [2025-04-29T20:12:32.742+0000] {dagbag.py:588} INFO - Filling up the DagBag from /home/airflow/.local/lib/python3.12/site-packages/airflow/example_dags/example_complex.py
[2025-04-29T20:12:32.760+0000] {processor.py:925} INFO - DAG(s) 'example_complex' retrieved from /home/airflow/.local/lib/python3.12/site-packages/airflow/example_dags/example_complex.py
[2025-04-29T20:12:32.819+0000] {logging_mixin.py:190} INFO - [2025-04-29T20:12:32.819+0000] {dag.py:3239} INFO - Sync 1 DAGs
[2025-04-29T20:12:32.844+0000] {logging_mixin.py:190} INFO - [2025-04-29T20:12:32.844+0000] {dag.py:4180} INFO - Setting next_dagrun for example_complex to None, run_after=None
[2025-04-29T20:12:32.899+0000] {processor.py:208} INFO - Processing /home/airflow/.local/lib/python3.12/site-packages/airflow/example_dags/example_complex.py took 0.178 seconds
[2025-04-29T20:13:03.084+0000] {processor.py:186} INFO - Started process (PID=2385) to work on /home/airflow/.local/lib/python3.12/site-packages/airflow/example_dags/example_complex.py
[2025-04-29T20:13:03.086+0000] {processor.py:914} INFO - Processing file /home/airflow/.local/lib/python3.12/site-packages/airflow/example_dags/example_complex.py for tasks to queue
[2025-04-29T20:13:03.094+0000] {logging_mixin.py:190} INFO - [2025-04-29T20:13:03.093+0000] {dagbag.py:588} INFO - Filling up the DagBag from /home/airflow/.local/lib/python3.12/site-packages/airflow/example_dags/example_complex.py
[2025-04-29T20:13:03.121+0000] {processor.py:925} INFO - DAG(s) 'example_complex' retrieved from /home/airflow/.local/lib/python3.12/site-packages/airflow/example_dags/example_complex.py
[2025-04-29T20:13:03.179+0000] {logging_mixin.py:190} INFO - [2025-04-29T20:13:03.179+0000] {dag.py:3239} INFO - Sync 1 DAGs
[2025-04-29T20:13:03.198+0000] {logging_mixin.py:190} INFO - [2025-04-29T20:13:03.198+0000] {dag.py:4180} INFO - Setting next_dagrun for example_complex to None, run_after=None
[2025-04-29T20:13:03.227+0000] {processor.py:208} INFO - Processing /home/airflow/.local/lib/python3.12/site-packages/airflow/example_dags/example_complex.py took 0.161 seconds
[2025-04-29T20:13:34.028+0000] {processor.py:186} INFO - Started process (PID=2448) to work on /home/airflow/.local/lib/python3.12/site-packages/airflow/example_dags/example_complex.py
[2025-04-29T20:13:34.031+0000] {processor.py:914} INFO - Processing file /home/airflow/.local/lib/python3.12/site-packages/airflow/example_dags/example_complex.py for tasks to queue
[2025-04-29T20:13:34.036+0000] {logging_mixin.py:190} INFO - [2025-04-29T20:13:34.035+0000] {dagbag.py:588} INFO - Filling up the DagBag from /home/airflow/.local/lib/python3.12/site-packages/airflow/example_dags/example_complex.py
[2025-04-29T20:13:34.063+0000] {processor.py:925} INFO - DAG(s) 'example_complex' retrieved from /home/airflow/.local/lib/python3.12/site-packages/airflow/example_dags/example_complex.py
[2025-04-29T20:13:34.125+0000] {logging_mixin.py:190} INFO - [2025-04-29T20:13:34.124+0000] {dag.py:3239} INFO - Sync 1 DAGs
[2025-04-29T20:13:34.144+0000] {logging_mixin.py:190} INFO - [2025-04-29T20:13:34.143+0000] {dag.py:4180} INFO - Setting next_dagrun for example_complex to None, run_after=None
[2025-04-29T20:13:34.173+0000] {processor.py:208} INFO - Processing /home/airflow/.local/lib/python3.12/site-packages/airflow/example_dags/example_complex.py took 0.157 seconds
[2025-04-29T20:14:04.714+0000] {processor.py:186} INFO - Started process (PID=2511) to work on /home/airflow/.local/lib/python3.12/site-packages/airflow/example_dags/example_complex.py
[2025-04-29T20:14:04.717+0000] {processor.py:914} INFO - Processing file /home/airflow/.local/lib/python3.12/site-packages/airflow/example_dags/example_complex.py for tasks to queue
[2025-04-29T20:14:04.725+0000] {logging_mixin.py:190} INFO - [2025-04-29T20:14:04.724+0000] {dagbag.py:588} INFO - Filling up the DagBag from /home/airflow/.local/lib/python3.12/site-packages/airflow/example_dags/example_complex.py
[2025-04-29T20:14:04.755+0000] {processor.py:925} INFO - DAG(s) 'example_complex' retrieved from /home/airflow/.local/lib/python3.12/site-packages/airflow/example_dags/example_complex.py
[2025-04-29T20:14:04.824+0000] {logging_mixin.py:190} INFO - [2025-04-29T20:14:04.823+0000] {dag.py:3239} INFO - Sync 1 DAGs
[2025-04-29T20:14:04.850+0000] {logging_mixin.py:190} INFO - [2025-04-29T20:14:04.849+0000] {dag.py:4180} INFO - Setting next_dagrun for example_complex to None, run_after=None
[2025-04-29T20:14:04.913+0000] {processor.py:208} INFO - Processing /home/airflow/.local/lib/python3.12/site-packages/airflow/example_dags/example_complex.py took 0.214 seconds
[2025-04-29T20:14:35.108+0000] {processor.py:186} INFO - Started process (PID=2574) to work on /home/airflow/.local/lib/python3.12/site-packages/airflow/example_dags/example_complex.py
[2025-04-29T20:14:35.112+0000] {processor.py:914} INFO - Processing file /home/airflow/.local/lib/python3.12/site-packages/airflow/example_dags/example_complex.py for tasks to queue
[2025-04-29T20:14:35.115+0000] {logging_mixin.py:190} INFO - [2025-04-29T20:14:35.114+0000] {dagbag.py:588} INFO - Filling up the DagBag from /home/airflow/.local/lib/python3.12/site-packages/airflow/example_dags/example_complex.py
[2025-04-29T20:14:35.128+0000] {processor.py:925} INFO - DAG(s) 'example_complex' retrieved from /home/airflow/.local/lib/python3.12/site-packages/airflow/example_dags/example_complex.py
[2025-04-29T20:14:35.171+0000] {logging_mixin.py:190} INFO - [2025-04-29T20:14:35.171+0000] {dag.py:3239} INFO - Sync 1 DAGs
[2025-04-29T20:14:35.191+0000] {logging_mixin.py:190} INFO - [2025-04-29T20:14:35.191+0000] {dag.py:4180} INFO - Setting next_dagrun for example_complex to None, run_after=None
[2025-04-29T20:14:35.222+0000] {processor.py:208} INFO - Processing /home/airflow/.local/lib/python3.12/site-packages/airflow/example_dags/example_complex.py took 0.125 seconds
[2025-04-29T20:15:05.313+0000] {processor.py:186} INFO - Started process (PID=2637) to work on /home/airflow/.local/lib/python3.12/site-packages/airflow/example_dags/example_complex.py
[2025-04-29T20:15:05.315+0000] {processor.py:914} INFO - Processing file /home/airflow/.local/lib/python3.12/site-packages/airflow/example_dags/example_complex.py for tasks to queue
[2025-04-29T20:15:05.318+0000] {logging_mixin.py:190} INFO - [2025-04-29T20:15:05.318+0000] {dagbag.py:588} INFO - Filling up the DagBag from /home/airflow/.local/lib/python3.12/site-packages/airflow/example_dags/example_complex.py
[2025-04-29T20:15:05.334+0000] {processor.py:925} INFO - DAG(s) 'example_complex' retrieved from /home/airflow/.local/lib/python3.12/site-packages/airflow/example_dags/example_complex.py
[2025-04-29T20:15:05.392+0000] {logging_mixin.py:190} INFO - [2025-04-29T20:15:05.391+0000] {dag.py:3239} INFO - Sync 1 DAGs
[2025-04-29T20:15:05.416+0000] {logging_mixin.py:190} INFO - [2025-04-29T20:15:05.415+0000] {dag.py:4180} INFO - Setting next_dagrun for example_complex to None, run_after=None
[2025-04-29T20:15:05.454+0000] {processor.py:208} INFO - Processing /home/airflow/.local/lib/python3.12/site-packages/airflow/example_dags/example_complex.py took 0.154 seconds
[2025-04-29T20:15:35.632+0000] {processor.py:186} INFO - Started process (PID=2700) to work on /home/airflow/.local/lib/python3.12/site-packages/airflow/example_dags/example_complex.py
[2025-04-29T20:15:35.635+0000] {processor.py:914} INFO - Processing file /home/airflow/.local/lib/python3.12/site-packages/airflow/example_dags/example_complex.py for tasks to queue
[2025-04-29T20:15:35.640+0000] {logging_mixin.py:190} INFO - [2025-04-29T20:15:35.639+0000] {dagbag.py:588} INFO - Filling up the DagBag from /home/airflow/.local/lib/python3.12/site-packages/airflow/example_dags/example_complex.py
[2025-04-29T20:15:35.664+0000] {processor.py:925} INFO - DAG(s) 'example_complex' retrieved from /home/airflow/.local/lib/python3.12/site-packages/airflow/example_dags/example_complex.py
[2025-04-29T20:15:35.714+0000] {logging_mixin.py:190} INFO - [2025-04-29T20:15:35.713+0000] {dag.py:3239} INFO - Sync 1 DAGs
[2025-04-29T20:15:35.732+0000] {logging_mixin.py:190} INFO - [2025-04-29T20:15:35.732+0000] {dag.py:4180} INFO - Setting next_dagrun for example_complex to None, run_after=None
[2025-04-29T20:15:35.770+0000] {processor.py:208} INFO - Processing /home/airflow/.local/lib/python3.12/site-packages/airflow/example_dags/example_complex.py took 0.148 seconds
[2025-04-29T20:16:06.716+0000] {processor.py:186} INFO - Started process (PID=2763) to work on /home/airflow/.local/lib/python3.12/site-packages/airflow/example_dags/example_complex.py
[2025-04-29T20:16:06.720+0000] {processor.py:914} INFO - Processing file /home/airflow/.local/lib/python3.12/site-packages/airflow/example_dags/example_complex.py for tasks to queue
[2025-04-29T20:16:06.726+0000] {logging_mixin.py:190} INFO - [2025-04-29T20:16:06.725+0000] {dagbag.py:588} INFO - Filling up the DagBag from /home/airflow/.local/lib/python3.12/site-packages/airflow/example_dags/example_complex.py
[2025-04-29T20:16:06.748+0000] {processor.py:925} INFO - DAG(s) 'example_complex' retrieved from /home/airflow/.local/lib/python3.12/site-packages/airflow/example_dags/example_complex.py
[2025-04-29T20:16:06.832+0000] {logging_mixin.py:190} INFO - [2025-04-29T20:16:06.831+0000] {dag.py:3239} INFO - Sync 1 DAGs
[2025-04-29T20:16:06.867+0000] {logging_mixin.py:190} INFO - [2025-04-29T20:16:06.867+0000] {dag.py:4180} INFO - Setting next_dagrun for example_complex to None, run_after=None
[2025-04-29T20:16:06.914+0000] {processor.py:208} INFO - Processing /home/airflow/.local/lib/python3.12/site-packages/airflow/example_dags/example_complex.py took 0.213 seconds
[2025-04-29T20:16:37.235+0000] {processor.py:186} INFO - Started process (PID=2826) to work on /home/airflow/.local/lib/python3.12/site-packages/airflow/example_dags/example_complex.py
[2025-04-29T20:16:37.237+0000] {processor.py:914} INFO - Processing file /home/airflow/.local/lib/python3.12/site-packages/airflow/example_dags/example_complex.py for tasks to queue
[2025-04-29T20:16:37.242+0000] {logging_mixin.py:190} INFO - [2025-04-29T20:16:37.241+0000] {dagbag.py:588} INFO - Filling up the DagBag from /home/airflow/.local/lib/python3.12/site-packages/airflow/example_dags/example_complex.py
[2025-04-29T20:16:37.260+0000] {processor.py:925} INFO - DAG(s) 'example_complex' retrieved from /home/airflow/.local/lib/python3.12/site-packages/airflow/example_dags/example_complex.py
[2025-04-29T20:16:37.303+0000] {logging_mixin.py:190} INFO - [2025-04-29T20:16:37.303+0000] {dag.py:3239} INFO - Sync 1 DAGs
[2025-04-29T20:16:37.324+0000] {logging_mixin.py:190} INFO - [2025-04-29T20:16:37.324+0000] {dag.py:4180} INFO - Setting next_dagrun for example_complex to None, run_after=None
[2025-04-29T20:16:37.364+0000] {processor.py:208} INFO - Processing /home/airflow/.local/lib/python3.12/site-packages/airflow/example_dags/example_complex.py took 0.141 seconds
[2025-04-29T20:17:08.301+0000] {processor.py:186} INFO - Started process (PID=2888) to work on /home/airflow/.local/lib/python3.12/site-packages/airflow/example_dags/example_complex.py
[2025-04-29T20:17:08.303+0000] {processor.py:914} INFO - Processing file /home/airflow/.local/lib/python3.12/site-packages/airflow/example_dags/example_complex.py for tasks to queue
[2025-04-29T20:17:08.309+0000] {logging_mixin.py:190} INFO - [2025-04-29T20:17:08.308+0000] {dagbag.py:588} INFO - Filling up the DagBag from /home/airflow/.local/lib/python3.12/site-packages/airflow/example_dags/example_complex.py
[2025-04-29T20:17:08.340+0000] {processor.py:925} INFO - DAG(s) 'example_complex' retrieved from /home/airflow/.local/lib/python3.12/site-packages/airflow/example_dags/example_complex.py
[2025-04-29T20:17:08.392+0000] {logging_mixin.py:190} INFO - [2025-04-29T20:17:08.392+0000] {dag.py:3239} INFO - Sync 1 DAGs
[2025-04-29T20:17:08.420+0000] {logging_mixin.py:190} INFO - [2025-04-29T20:17:08.419+0000] {dag.py:4180} INFO - Setting next_dagrun for example_complex to None, run_after=None
[2025-04-29T20:17:08.464+0000] {processor.py:208} INFO - Processing /home/airflow/.local/lib/python3.12/site-packages/airflow/example_dags/example_complex.py took 0.176 seconds
[2025-04-29T20:17:38.507+0000] {processor.py:186} INFO - Started process (PID=2950) to work on /home/airflow/.local/lib/python3.12/site-packages/airflow/example_dags/example_complex.py
[2025-04-29T20:17:38.508+0000] {processor.py:914} INFO - Processing file /home/airflow/.local/lib/python3.12/site-packages/airflow/example_dags/example_complex.py for tasks to queue
[2025-04-29T20:17:38.514+0000] {logging_mixin.py:190} INFO - [2025-04-29T20:17:38.513+0000] {dagbag.py:588} INFO - Filling up the DagBag from /home/airflow/.local/lib/python3.12/site-packages/airflow/example_dags/example_complex.py
[2025-04-29T20:17:38.528+0000] {processor.py:925} INFO - DAG(s) 'example_complex' retrieved from /home/airflow/.local/lib/python3.12/site-packages/airflow/example_dags/example_complex.py
[2025-04-29T20:17:38.564+0000] {logging_mixin.py:190} INFO - [2025-04-29T20:17:38.564+0000] {dag.py:3239} INFO - Sync 1 DAGs
[2025-04-29T20:17:38.582+0000] {logging_mixin.py:190} INFO - [2025-04-29T20:17:38.582+0000] {dag.py:4180} INFO - Setting next_dagrun for example_complex to None, run_after=None
[2025-04-29T20:17:38.606+0000] {processor.py:208} INFO - Processing /home/airflow/.local/lib/python3.12/site-packages/airflow/example_dags/example_complex.py took 0.106 seconds
[2025-04-29T20:18:09.175+0000] {processor.py:186} INFO - Started process (PID=3013) to work on /home/airflow/.local/lib/python3.12/site-packages/airflow/example_dags/example_complex.py
[2025-04-29T20:18:09.177+0000] {processor.py:914} INFO - Processing file /home/airflow/.local/lib/python3.12/site-packages/airflow/example_dags/example_complex.py for tasks to queue
[2025-04-29T20:18:09.182+0000] {logging_mixin.py:190} INFO - [2025-04-29T20:18:09.181+0000] {dagbag.py:588} INFO - Filling up the DagBag from /home/airflow/.local/lib/python3.12/site-packages/airflow/example_dags/example_complex.py
[2025-04-29T20:18:09.205+0000] {processor.py:925} INFO - DAG(s) 'example_complex' retrieved from /home/airflow/.local/lib/python3.12/site-packages/airflow/example_dags/example_complex.py
[2025-04-29T20:18:09.259+0000] {logging_mixin.py:190} INFO - [2025-04-29T20:18:09.259+0000] {dag.py:3239} INFO - Sync 1 DAGs
[2025-04-29T20:18:09.275+0000] {logging_mixin.py:190} INFO - [2025-04-29T20:18:09.275+0000] {dag.py:4180} INFO - Setting next_dagrun for example_complex to None, run_after=None
[2025-04-29T20:18:09.313+0000] {processor.py:208} INFO - Processing /home/airflow/.local/lib/python3.12/site-packages/airflow/example_dags/example_complex.py took 0.149 seconds
[2025-04-29T20:18:40.860+0000] {processor.py:186} INFO - Started process (PID=3080) to work on /home/airflow/.local/lib/python3.12/site-packages/airflow/example_dags/example_complex.py
[2025-04-29T20:18:40.861+0000] {processor.py:914} INFO - Processing file /home/airflow/.local/lib/python3.12/site-packages/airflow/example_dags/example_complex.py for tasks to queue
[2025-04-29T20:18:40.865+0000] {logging_mixin.py:190} INFO - [2025-04-29T20:18:40.864+0000] {dagbag.py:588} INFO - Filling up the DagBag from /home/airflow/.local/lib/python3.12/site-packages/airflow/example_dags/example_complex.py
[2025-04-29T20:18:40.879+0000] {processor.py:925} INFO - DAG(s) 'example_complex' retrieved from /home/airflow/.local/lib/python3.12/site-packages/airflow/example_dags/example_complex.py
[2025-04-29T20:18:40.926+0000] {logging_mixin.py:190} INFO - [2025-04-29T20:18:40.925+0000] {dag.py:3239} INFO - Sync 1 DAGs
[2025-04-29T20:18:40.943+0000] {logging_mixin.py:190} INFO - [2025-04-29T20:18:40.942+0000] {dag.py:4180} INFO - Setting next_dagrun for example_complex to None, run_after=None
[2025-04-29T20:18:40.966+0000] {processor.py:208} INFO - Processing /home/airflow/.local/lib/python3.12/site-packages/airflow/example_dags/example_complex.py took 0.114 seconds
[2025-04-29T20:19:14.265+0000] {processor.py:186} INFO - Started process (PID=3143) to work on /home/airflow/.local/lib/python3.12/site-packages/airflow/example_dags/example_complex.py
[2025-04-29T20:19:14.267+0000] {processor.py:914} INFO - Processing file /home/airflow/.local/lib/python3.12/site-packages/airflow/example_dags/example_complex.py for tasks to queue
[2025-04-29T20:19:14.274+0000] {logging_mixin.py:190} INFO - [2025-04-29T20:19:14.274+0000] {dagbag.py:588} INFO - Filling up the DagBag from /home/airflow/.local/lib/python3.12/site-packages/airflow/example_dags/example_complex.py
[2025-04-29T20:19:14.298+0000] {processor.py:925} INFO - DAG(s) 'example_complex' retrieved from /home/airflow/.local/lib/python3.12/site-packages/airflow/example_dags/example_complex.py
[2025-04-29T20:19:14.346+0000] {logging_mixin.py:190} INFO - [2025-04-29T20:19:14.346+0000] {dag.py:3239} INFO - Sync 1 DAGs
[2025-04-29T20:19:14.559+0000] {logging_mixin.py:190} INFO - [2025-04-29T20:19:14.558+0000] {dag.py:4180} INFO - Setting next_dagrun for example_complex to None, run_after=None
[2025-04-29T20:19:14.591+0000] {processor.py:208} INFO - Processing /home/airflow/.local/lib/python3.12/site-packages/airflow/example_dags/example_complex.py took 0.337 seconds
[2025-04-29T20:19:44.819+0000] {processor.py:186} INFO - Started process (PID=3202) to work on /home/airflow/.local/lib/python3.12/site-packages/airflow/example_dags/example_complex.py
[2025-04-29T20:19:44.821+0000] {processor.py:914} INFO - Processing file /home/airflow/.local/lib/python3.12/site-packages/airflow/example_dags/example_complex.py for tasks to queue
[2025-04-29T20:19:44.826+0000] {logging_mixin.py:190} INFO - [2025-04-29T20:19:44.826+0000] {dagbag.py:588} INFO - Filling up the DagBag from /home/airflow/.local/lib/python3.12/site-packages/airflow/example_dags/example_complex.py
[2025-04-29T20:19:44.844+0000] {processor.py:925} INFO - DAG(s) 'example_complex' retrieved from /home/airflow/.local/lib/python3.12/site-packages/airflow/example_dags/example_complex.py
[2025-04-29T20:19:44.896+0000] {logging_mixin.py:190} INFO - [2025-04-29T20:19:44.895+0000] {dag.py:3239} INFO - Sync 1 DAGs
[2025-04-29T20:19:45.143+0000] {logging_mixin.py:190} INFO - [2025-04-29T20:19:45.143+0000] {dag.py:4180} INFO - Setting next_dagrun for example_complex to None, run_after=None
[2025-04-29T20:19:45.173+0000] {processor.py:208} INFO - Processing /home/airflow/.local/lib/python3.12/site-packages/airflow/example_dags/example_complex.py took 0.364 seconds
[2025-04-29T20:20:15.992+0000] {processor.py:186} INFO - Started process (PID=3265) to work on /home/airflow/.local/lib/python3.12/site-packages/airflow/example_dags/example_complex.py
[2025-04-29T20:20:15.993+0000] {processor.py:914} INFO - Processing file /home/airflow/.local/lib/python3.12/site-packages/airflow/example_dags/example_complex.py for tasks to queue
[2025-04-29T20:20:15.997+0000] {logging_mixin.py:190} INFO - [2025-04-29T20:20:15.996+0000] {dagbag.py:588} INFO - Filling up the DagBag from /home/airflow/.local/lib/python3.12/site-packages/airflow/example_dags/example_complex.py
[2025-04-29T20:20:16.011+0000] {processor.py:925} INFO - DAG(s) 'example_complex' retrieved from /home/airflow/.local/lib/python3.12/site-packages/airflow/example_dags/example_complex.py
[2025-04-29T20:20:16.055+0000] {logging_mixin.py:190} INFO - [2025-04-29T20:20:16.055+0000] {dag.py:3239} INFO - Sync 1 DAGs
[2025-04-29T20:20:16.287+0000] {logging_mixin.py:190} INFO - [2025-04-29T20:20:16.286+0000] {dag.py:4180} INFO - Setting next_dagrun for example_complex to None, run_after=None
[2025-04-29T20:20:16.312+0000] {processor.py:208} INFO - Processing /home/airflow/.local/lib/python3.12/site-packages/airflow/example_dags/example_complex.py took 0.326 seconds
[2025-04-29T20:20:46.979+0000] {processor.py:186} INFO - Started process (PID=3328) to work on /home/airflow/.local/lib/python3.12/site-packages/airflow/example_dags/example_complex.py
[2025-04-29T20:20:46.981+0000] {processor.py:914} INFO - Processing file /home/airflow/.local/lib/python3.12/site-packages/airflow/example_dags/example_complex.py for tasks to queue
[2025-04-29T20:20:46.985+0000] {logging_mixin.py:190} INFO - [2025-04-29T20:20:46.984+0000] {dagbag.py:588} INFO - Filling up the DagBag from /home/airflow/.local/lib/python3.12/site-packages/airflow/example_dags/example_complex.py
[2025-04-29T20:20:47.004+0000] {processor.py:925} INFO - DAG(s) 'example_complex' retrieved from /home/airflow/.local/lib/python3.12/site-packages/airflow/example_dags/example_complex.py
[2025-04-29T20:20:47.051+0000] {logging_mixin.py:190} INFO - [2025-04-29T20:20:47.051+0000] {dag.py:3239} INFO - Sync 1 DAGs
[2025-04-29T20:20:47.075+0000] {logging_mixin.py:190} INFO - [2025-04-29T20:20:47.075+0000] {dag.py:4180} INFO - Setting next_dagrun for example_complex to None, run_after=None
[2025-04-29T20:20:47.389+0000] {processor.py:208} INFO - Processing /home/airflow/.local/lib/python3.12/site-packages/airflow/example_dags/example_complex.py took 0.418 seconds
[2025-04-29T20:21:17.835+0000] {processor.py:186} INFO - Started process (PID=3390) to work on /home/airflow/.local/lib/python3.12/site-packages/airflow/example_dags/example_complex.py
[2025-04-29T20:21:17.837+0000] {processor.py:914} INFO - Processing file /home/airflow/.local/lib/python3.12/site-packages/airflow/example_dags/example_complex.py for tasks to queue
[2025-04-29T20:21:17.841+0000] {logging_mixin.py:190} INFO - [2025-04-29T20:21:17.840+0000] {dagbag.py:588} INFO - Filling up the DagBag from /home/airflow/.local/lib/python3.12/site-packages/airflow/example_dags/example_complex.py
[2025-04-29T20:21:17.858+0000] {processor.py:925} INFO - DAG(s) 'example_complex' retrieved from /home/airflow/.local/lib/python3.12/site-packages/airflow/example_dags/example_complex.py
[2025-04-29T20:21:17.901+0000] {logging_mixin.py:190} INFO - [2025-04-29T20:21:17.900+0000] {dag.py:3239} INFO - Sync 1 DAGs
[2025-04-29T20:21:17.917+0000] {logging_mixin.py:190} INFO - [2025-04-29T20:21:17.917+0000] {dag.py:4180} INFO - Setting next_dagrun for example_complex to None, run_after=None
[2025-04-29T20:21:17.940+0000] {processor.py:208} INFO - Processing /home/airflow/.local/lib/python3.12/site-packages/airflow/example_dags/example_complex.py took 0.112 seconds
[2025-04-29T20:21:48.684+0000] {processor.py:186} INFO - Started process (PID=3453) to work on /home/airflow/.local/lib/python3.12/site-packages/airflow/example_dags/example_complex.py
[2025-04-29T20:21:48.685+0000] {processor.py:914} INFO - Processing file /home/airflow/.local/lib/python3.12/site-packages/airflow/example_dags/example_complex.py for tasks to queue
[2025-04-29T20:21:48.688+0000] {logging_mixin.py:190} INFO - [2025-04-29T20:21:48.688+0000] {dagbag.py:588} INFO - Filling up the DagBag from /home/airflow/.local/lib/python3.12/site-packages/airflow/example_dags/example_complex.py
[2025-04-29T20:21:48.702+0000] {processor.py:925} INFO - DAG(s) 'example_complex' retrieved from /home/airflow/.local/lib/python3.12/site-packages/airflow/example_dags/example_complex.py
[2025-04-29T20:21:48.744+0000] {logging_mixin.py:190} INFO - [2025-04-29T20:21:48.744+0000] {dag.py:3239} INFO - Sync 1 DAGs
[2025-04-29T20:21:48.763+0000] {logging_mixin.py:190} INFO - [2025-04-29T20:21:48.763+0000] {dag.py:4180} INFO - Setting next_dagrun for example_complex to None, run_after=None
[2025-04-29T20:21:48.795+0000] {processor.py:208} INFO - Processing /home/airflow/.local/lib/python3.12/site-packages/airflow/example_dags/example_complex.py took 0.119 seconds
[2025-04-29T20:22:19.463+0000] {processor.py:186} INFO - Started process (PID=3516) to work on /home/airflow/.local/lib/python3.12/site-packages/airflow/example_dags/example_complex.py
[2025-04-29T20:22:19.464+0000] {processor.py:914} INFO - Processing file /home/airflow/.local/lib/python3.12/site-packages/airflow/example_dags/example_complex.py for tasks to queue
[2025-04-29T20:22:19.469+0000] {logging_mixin.py:190} INFO - [2025-04-29T20:22:19.468+0000] {dagbag.py:588} INFO - Filling up the DagBag from /home/airflow/.local/lib/python3.12/site-packages/airflow/example_dags/example_complex.py
[2025-04-29T20:22:19.488+0000] {processor.py:925} INFO - DAG(s) 'example_complex' retrieved from /home/airflow/.local/lib/python3.12/site-packages/airflow/example_dags/example_complex.py
[2025-04-29T20:22:19.544+0000] {logging_mixin.py:190} INFO - [2025-04-29T20:22:19.544+0000] {dag.py:3239} INFO - Sync 1 DAGs
[2025-04-29T20:22:19.566+0000] {logging_mixin.py:190} INFO - [2025-04-29T20:22:19.565+0000] {dag.py:4180} INFO - Setting next_dagrun for example_complex to None, run_after=None
[2025-04-29T20:22:19.600+0000] {processor.py:208} INFO - Processing /home/airflow/.local/lib/python3.12/site-packages/airflow/example_dags/example_complex.py took 0.146 seconds
[2025-04-29T20:22:50.550+0000] {processor.py:186} INFO - Started process (PID=3578) to work on /home/airflow/.local/lib/python3.12/site-packages/airflow/example_dags/example_complex.py
[2025-04-29T20:22:50.552+0000] {processor.py:914} INFO - Processing file /home/airflow/.local/lib/python3.12/site-packages/airflow/example_dags/example_complex.py for tasks to queue
[2025-04-29T20:22:50.556+0000] {logging_mixin.py:190} INFO - [2025-04-29T20:22:50.555+0000] {dagbag.py:588} INFO - Filling up the DagBag from /home/airflow/.local/lib/python3.12/site-packages/airflow/example_dags/example_complex.py
[2025-04-29T20:22:50.571+0000] {processor.py:925} INFO - DAG(s) 'example_complex' retrieved from /home/airflow/.local/lib/python3.12/site-packages/airflow/example_dags/example_complex.py
[2025-04-29T20:22:50.611+0000] {logging_mixin.py:190} INFO - [2025-04-29T20:22:50.610+0000] {dag.py:3239} INFO - Sync 1 DAGs
[2025-04-29T20:22:50.630+0000] {logging_mixin.py:190} INFO - [2025-04-29T20:22:50.629+0000] {dag.py:4180} INFO - Setting next_dagrun for example_complex to None, run_after=None
[2025-04-29T20:22:50.665+0000] {processor.py:208} INFO - Processing /home/airflow/.local/lib/python3.12/site-packages/airflow/example_dags/example_complex.py took 0.123 seconds
[2025-04-29T20:23:20.856+0000] {processor.py:186} INFO - Started process (PID=3640) to work on /home/airflow/.local/lib/python3.12/site-packages/airflow/example_dags/example_complex.py
[2025-04-29T20:23:20.858+0000] {processor.py:914} INFO - Processing file /home/airflow/.local/lib/python3.12/site-packages/airflow/example_dags/example_complex.py for tasks to queue
[2025-04-29T20:23:20.864+0000] {logging_mixin.py:190} INFO - [2025-04-29T20:23:20.863+0000] {dagbag.py:588} INFO - Filling up the DagBag from /home/airflow/.local/lib/python3.12/site-packages/airflow/example_dags/example_complex.py
[2025-04-29T20:23:20.889+0000] {processor.py:925} INFO - DAG(s) 'example_complex' retrieved from /home/airflow/.local/lib/python3.12/site-packages/airflow/example_dags/example_complex.py
[2025-04-29T20:23:20.954+0000] {logging_mixin.py:190} INFO - [2025-04-29T20:23:20.953+0000] {dag.py:3239} INFO - Sync 1 DAGs
[2025-04-29T20:23:20.977+0000] {logging_mixin.py:190} INFO - [2025-04-29T20:23:20.977+0000] {dag.py:4180} INFO - Setting next_dagrun for example_complex to None, run_after=None
[2025-04-29T20:23:21.031+0000] {processor.py:208} INFO - Processing /home/airflow/.local/lib/python3.12/site-packages/airflow/example_dags/example_complex.py took 0.188 seconds
[2025-04-29T20:23:51.735+0000] {processor.py:186} INFO - Started process (PID=3703) to work on /home/airflow/.local/lib/python3.12/site-packages/airflow/example_dags/example_complex.py
[2025-04-29T20:23:51.737+0000] {processor.py:914} INFO - Processing file /home/airflow/.local/lib/python3.12/site-packages/airflow/example_dags/example_complex.py for tasks to queue
[2025-04-29T20:23:51.743+0000] {logging_mixin.py:190} INFO - [2025-04-29T20:23:51.742+0000] {dagbag.py:588} INFO - Filling up the DagBag from /home/airflow/.local/lib/python3.12/site-packages/airflow/example_dags/example_complex.py
[2025-04-29T20:23:51.769+0000] {processor.py:925} INFO - DAG(s) 'example_complex' retrieved from /home/airflow/.local/lib/python3.12/site-packages/airflow/example_dags/example_complex.py
[2025-04-29T20:23:51.834+0000] {logging_mixin.py:190} INFO - [2025-04-29T20:23:51.833+0000] {dag.py:3239} INFO - Sync 1 DAGs
[2025-04-29T20:23:51.868+0000] {logging_mixin.py:190} INFO - [2025-04-29T20:23:51.867+0000] {dag.py:4180} INFO - Setting next_dagrun for example_complex to None, run_after=None
[2025-04-29T20:23:51.912+0000] {processor.py:208} INFO - Processing /home/airflow/.local/lib/python3.12/site-packages/airflow/example_dags/example_complex.py took 0.191 seconds
[2025-04-29T20:24:22.397+0000] {processor.py:186} INFO - Started process (PID=3766) to work on /home/airflow/.local/lib/python3.12/site-packages/airflow/example_dags/example_complex.py
[2025-04-29T20:24:22.400+0000] {processor.py:914} INFO - Processing file /home/airflow/.local/lib/python3.12/site-packages/airflow/example_dags/example_complex.py for tasks to queue
[2025-04-29T20:24:22.407+0000] {logging_mixin.py:190} INFO - [2025-04-29T20:24:22.406+0000] {dagbag.py:588} INFO - Filling up the DagBag from /home/airflow/.local/lib/python3.12/site-packages/airflow/example_dags/example_complex.py
[2025-04-29T20:24:22.435+0000] {processor.py:925} INFO - DAG(s) 'example_complex' retrieved from /home/airflow/.local/lib/python3.12/site-packages/airflow/example_dags/example_complex.py
[2025-04-29T20:24:22.507+0000] {logging_mixin.py:190} INFO - [2025-04-29T20:24:22.506+0000] {dag.py:3239} INFO - Sync 1 DAGs
[2025-04-29T20:24:22.528+0000] {logging_mixin.py:190} INFO - [2025-04-29T20:24:22.528+0000] {dag.py:4180} INFO - Setting next_dagrun for example_complex to None, run_after=None
[2025-04-29T20:24:22.585+0000] {processor.py:208} INFO - Processing /home/airflow/.local/lib/python3.12/site-packages/airflow/example_dags/example_complex.py took 0.201 seconds
[2025-04-29T20:24:53.394+0000] {processor.py:186} INFO - Started process (PID=3829) to work on /home/airflow/.local/lib/python3.12/site-packages/airflow/example_dags/example_complex.py
[2025-04-29T20:24:53.397+0000] {processor.py:914} INFO - Processing file /home/airflow/.local/lib/python3.12/site-packages/airflow/example_dags/example_complex.py for tasks to queue
[2025-04-29T20:24:53.404+0000] {logging_mixin.py:190} INFO - [2025-04-29T20:24:53.404+0000] {dagbag.py:588} INFO - Filling up the DagBag from /home/airflow/.local/lib/python3.12/site-packages/airflow/example_dags/example_complex.py
[2025-04-29T20:24:53.430+0000] {processor.py:925} INFO - DAG(s) 'example_complex' retrieved from /home/airflow/.local/lib/python3.12/site-packages/airflow/example_dags/example_complex.py
[2025-04-29T20:24:53.497+0000] {logging_mixin.py:190} INFO - [2025-04-29T20:24:53.496+0000] {dag.py:3239} INFO - Sync 1 DAGs
[2025-04-29T20:24:53.529+0000] {logging_mixin.py:190} INFO - [2025-04-29T20:24:53.529+0000] {dag.py:4180} INFO - Setting next_dagrun for example_complex to None, run_after=None
[2025-04-29T20:24:53.586+0000] {processor.py:208} INFO - Processing /home/airflow/.local/lib/python3.12/site-packages/airflow/example_dags/example_complex.py took 0.208 seconds
[2025-04-29T20:25:23.703+0000] {processor.py:186} INFO - Started process (PID=3892) to work on /home/airflow/.local/lib/python3.12/site-packages/airflow/example_dags/example_complex.py
[2025-04-29T20:25:23.706+0000] {processor.py:914} INFO - Processing file /home/airflow/.local/lib/python3.12/site-packages/airflow/example_dags/example_complex.py for tasks to queue
[2025-04-29T20:25:23.712+0000] {logging_mixin.py:190} INFO - [2025-04-29T20:25:23.712+0000] {dagbag.py:588} INFO - Filling up the DagBag from /home/airflow/.local/lib/python3.12/site-packages/airflow/example_dags/example_complex.py
[2025-04-29T20:25:23.734+0000] {processor.py:925} INFO - DAG(s) 'example_complex' retrieved from /home/airflow/.local/lib/python3.12/site-packages/airflow/example_dags/example_complex.py
[2025-04-29T20:25:23.794+0000] {logging_mixin.py:190} INFO - [2025-04-29T20:25:23.794+0000] {dag.py:3239} INFO - Sync 1 DAGs
[2025-04-29T20:25:23.823+0000] {logging_mixin.py:190} INFO - [2025-04-29T20:25:23.823+0000] {dag.py:4180} INFO - Setting next_dagrun for example_complex to None, run_after=None
[2025-04-29T20:25:23.873+0000] {processor.py:208} INFO - Processing /home/airflow/.local/lib/python3.12/site-packages/airflow/example_dags/example_complex.py took 0.186 seconds
[2025-04-29T20:25:54.189+0000] {processor.py:186} INFO - Started process (PID=3955) to work on /home/airflow/.local/lib/python3.12/site-packages/airflow/example_dags/example_complex.py
[2025-04-29T20:25:54.190+0000] {processor.py:914} INFO - Processing file /home/airflow/.local/lib/python3.12/site-packages/airflow/example_dags/example_complex.py for tasks to queue
[2025-04-29T20:25:54.198+0000] {logging_mixin.py:190} INFO - [2025-04-29T20:25:54.196+0000] {dagbag.py:588} INFO - Filling up the DagBag from /home/airflow/.local/lib/python3.12/site-packages/airflow/example_dags/example_complex.py
[2025-04-29T20:25:54.225+0000] {processor.py:925} INFO - DAG(s) 'example_complex' retrieved from /home/airflow/.local/lib/python3.12/site-packages/airflow/example_dags/example_complex.py
[2025-04-29T20:25:54.294+0000] {logging_mixin.py:190} INFO - [2025-04-29T20:25:54.294+0000] {dag.py:3239} INFO - Sync 1 DAGs
[2025-04-29T20:25:54.316+0000] {logging_mixin.py:190} INFO - [2025-04-29T20:25:54.315+0000] {dag.py:4180} INFO - Setting next_dagrun for example_complex to None, run_after=None
[2025-04-29T20:25:54.369+0000] {processor.py:208} INFO - Processing /home/airflow/.local/lib/python3.12/site-packages/airflow/example_dags/example_complex.py took 0.194 seconds
[2025-04-29T20:26:24.780+0000] {processor.py:186} INFO - Started process (PID=4018) to work on /home/airflow/.local/lib/python3.12/site-packages/airflow/example_dags/example_complex.py
[2025-04-29T20:26:24.782+0000] {processor.py:914} INFO - Processing file /home/airflow/.local/lib/python3.12/site-packages/airflow/example_dags/example_complex.py for tasks to queue
[2025-04-29T20:26:24.786+0000] {logging_mixin.py:190} INFO - [2025-04-29T20:26:24.786+0000] {dagbag.py:588} INFO - Filling up the DagBag from /home/airflow/.local/lib/python3.12/site-packages/airflow/example_dags/example_complex.py
[2025-04-29T20:26:24.817+0000] {processor.py:925} INFO - DAG(s) 'example_complex' retrieved from /home/airflow/.local/lib/python3.12/site-packages/airflow/example_dags/example_complex.py
[2025-04-29T20:26:24.885+0000] {logging_mixin.py:190} INFO - [2025-04-29T20:26:24.884+0000] {dag.py:3239} INFO - Sync 1 DAGs
[2025-04-29T20:26:24.906+0000] {logging_mixin.py:190} INFO - [2025-04-29T20:26:24.905+0000] {dag.py:4180} INFO - Setting next_dagrun for example_complex to None, run_after=None
[2025-04-29T20:26:24.940+0000] {processor.py:208} INFO - Processing /home/airflow/.local/lib/python3.12/site-packages/airflow/example_dags/example_complex.py took 0.172 seconds
[2025-04-29T20:26:55.649+0000] {processor.py:186} INFO - Started process (PID=4081) to work on /home/airflow/.local/lib/python3.12/site-packages/airflow/example_dags/example_complex.py
[2025-04-29T20:26:55.650+0000] {processor.py:914} INFO - Processing file /home/airflow/.local/lib/python3.12/site-packages/airflow/example_dags/example_complex.py for tasks to queue
[2025-04-29T20:26:55.653+0000] {logging_mixin.py:190} INFO - [2025-04-29T20:26:55.652+0000] {dagbag.py:588} INFO - Filling up the DagBag from /home/airflow/.local/lib/python3.12/site-packages/airflow/example_dags/example_complex.py
[2025-04-29T20:26:55.666+0000] {processor.py:925} INFO - DAG(s) 'example_complex' retrieved from /home/airflow/.local/lib/python3.12/site-packages/airflow/example_dags/example_complex.py
[2025-04-29T20:26:55.707+0000] {logging_mixin.py:190} INFO - [2025-04-29T20:26:55.707+0000] {dag.py:3239} INFO - Sync 1 DAGs
[2025-04-29T20:26:55.726+0000] {logging_mixin.py:190} INFO - [2025-04-29T20:26:55.726+0000] {dag.py:4180} INFO - Setting next_dagrun for example_complex to None, run_after=None
[2025-04-29T20:26:55.763+0000] {processor.py:208} INFO - Processing /home/airflow/.local/lib/python3.12/site-packages/airflow/example_dags/example_complex.py took 0.121 seconds
[2025-04-29T20:27:27.025+0000] {processor.py:186} INFO - Started process (PID=4144) to work on /home/airflow/.local/lib/python3.12/site-packages/airflow/example_dags/example_complex.py
[2025-04-29T20:27:27.027+0000] {processor.py:914} INFO - Processing file /home/airflow/.local/lib/python3.12/site-packages/airflow/example_dags/example_complex.py for tasks to queue
[2025-04-29T20:27:27.030+0000] {logging_mixin.py:190} INFO - [2025-04-29T20:27:27.029+0000] {dagbag.py:588} INFO - Filling up the DagBag from /home/airflow/.local/lib/python3.12/site-packages/airflow/example_dags/example_complex.py
[2025-04-29T20:27:27.044+0000] {processor.py:925} INFO - DAG(s) 'example_complex' retrieved from /home/airflow/.local/lib/python3.12/site-packages/airflow/example_dags/example_complex.py
[2025-04-29T20:27:27.094+0000] {logging_mixin.py:190} INFO - [2025-04-29T20:27:27.093+0000] {dag.py:3239} INFO - Sync 1 DAGs
[2025-04-29T20:27:27.117+0000] {logging_mixin.py:190} INFO - [2025-04-29T20:27:27.117+0000] {dag.py:4180} INFO - Setting next_dagrun for example_complex to None, run_after=None
[2025-04-29T20:27:27.150+0000] {processor.py:208} INFO - Processing /home/airflow/.local/lib/python3.12/site-packages/airflow/example_dags/example_complex.py took 0.133 seconds
[2025-04-29T20:27:58.094+0000] {processor.py:186} INFO - Started process (PID=4207) to work on /home/airflow/.local/lib/python3.12/site-packages/airflow/example_dags/example_complex.py
[2025-04-29T20:27:58.095+0000] {processor.py:914} INFO - Processing file /home/airflow/.local/lib/python3.12/site-packages/airflow/example_dags/example_complex.py for tasks to queue
[2025-04-29T20:27:58.099+0000] {logging_mixin.py:190} INFO - [2025-04-29T20:27:58.098+0000] {dagbag.py:588} INFO - Filling up the DagBag from /home/airflow/.local/lib/python3.12/site-packages/airflow/example_dags/example_complex.py
[2025-04-29T20:27:58.113+0000] {processor.py:925} INFO - DAG(s) 'example_complex' retrieved from /home/airflow/.local/lib/python3.12/site-packages/airflow/example_dags/example_complex.py
[2025-04-29T20:27:58.150+0000] {logging_mixin.py:190} INFO - [2025-04-29T20:27:58.149+0000] {dag.py:3239} INFO - Sync 1 DAGs
[2025-04-29T20:27:58.169+0000] {logging_mixin.py:190} INFO - [2025-04-29T20:27:58.169+0000] {dag.py:4180} INFO - Setting next_dagrun for example_complex to None, run_after=None
[2025-04-29T20:27:58.198+0000] {processor.py:208} INFO - Processing /home/airflow/.local/lib/python3.12/site-packages/airflow/example_dags/example_complex.py took 0.112 seconds
[2025-04-29T20:28:28.969+0000] {processor.py:186} INFO - Started process (PID=4270) to work on /home/airflow/.local/lib/python3.12/site-packages/airflow/example_dags/example_complex.py
[2025-04-29T20:28:28.971+0000] {processor.py:914} INFO - Processing file /home/airflow/.local/lib/python3.12/site-packages/airflow/example_dags/example_complex.py for tasks to queue
[2025-04-29T20:28:28.974+0000] {logging_mixin.py:190} INFO - [2025-04-29T20:28:28.974+0000] {dagbag.py:588} INFO - Filling up the DagBag from /home/airflow/.local/lib/python3.12/site-packages/airflow/example_dags/example_complex.py
[2025-04-29T20:28:28.990+0000] {processor.py:925} INFO - DAG(s) 'example_complex' retrieved from /home/airflow/.local/lib/python3.12/site-packages/airflow/example_dags/example_complex.py
[2025-04-29T20:28:29.039+0000] {logging_mixin.py:190} INFO - [2025-04-29T20:28:29.038+0000] {dag.py:3239} INFO - Sync 1 DAGs
[2025-04-29T20:28:29.060+0000] {logging_mixin.py:190} INFO - [2025-04-29T20:28:29.060+0000] {dag.py:4180} INFO - Setting next_dagrun for example_complex to None, run_after=None
[2025-04-29T20:28:29.096+0000] {processor.py:208} INFO - Processing /home/airflow/.local/lib/python3.12/site-packages/airflow/example_dags/example_complex.py took 0.135 seconds
[2025-04-29T20:29:00.047+0000] {processor.py:186} INFO - Started process (PID=4333) to work on /home/airflow/.local/lib/python3.12/site-packages/airflow/example_dags/example_complex.py
[2025-04-29T20:29:00.048+0000] {processor.py:914} INFO - Processing file /home/airflow/.local/lib/python3.12/site-packages/airflow/example_dags/example_complex.py for tasks to queue
[2025-04-29T20:29:00.052+0000] {logging_mixin.py:190} INFO - [2025-04-29T20:29:00.051+0000] {dagbag.py:588} INFO - Filling up the DagBag from /home/airflow/.local/lib/python3.12/site-packages/airflow/example_dags/example_complex.py
[2025-04-29T20:29:00.076+0000] {processor.py:925} INFO - DAG(s) 'example_complex' retrieved from /home/airflow/.local/lib/python3.12/site-packages/airflow/example_dags/example_complex.py
[2025-04-29T20:29:00.133+0000] {logging_mixin.py:190} INFO - [2025-04-29T20:29:00.133+0000] {dag.py:3239} INFO - Sync 1 DAGs
[2025-04-29T20:29:00.165+0000] {logging_mixin.py:190} INFO - [2025-04-29T20:29:00.164+0000] {dag.py:4180} INFO - Setting next_dagrun for example_complex to None, run_after=None
[2025-04-29T20:29:00.221+0000] {processor.py:208} INFO - Processing /home/airflow/.local/lib/python3.12/site-packages/airflow/example_dags/example_complex.py took 0.183 seconds
[2025-04-29T20:29:31.045+0000] {processor.py:186} INFO - Started process (PID=4396) to work on /home/airflow/.local/lib/python3.12/site-packages/airflow/example_dags/example_complex.py
[2025-04-29T20:29:31.046+0000] {processor.py:914} INFO - Processing file /home/airflow/.local/lib/python3.12/site-packages/airflow/example_dags/example_complex.py for tasks to queue
[2025-04-29T20:29:31.049+0000] {logging_mixin.py:190} INFO - [2025-04-29T20:29:31.049+0000] {dagbag.py:588} INFO - Filling up the DagBag from /home/airflow/.local/lib/python3.12/site-packages/airflow/example_dags/example_complex.py
[2025-04-29T20:29:31.065+0000] {processor.py:925} INFO - DAG(s) 'example_complex' retrieved from /home/airflow/.local/lib/python3.12/site-packages/airflow/example_dags/example_complex.py
[2025-04-29T20:29:31.117+0000] {logging_mixin.py:190} INFO - [2025-04-29T20:29:31.116+0000] {dag.py:3239} INFO - Sync 1 DAGs
[2025-04-29T20:29:31.140+0000] {logging_mixin.py:190} INFO - [2025-04-29T20:29:31.139+0000] {dag.py:4180} INFO - Setting next_dagrun for example_complex to None, run_after=None
[2025-04-29T20:29:31.182+0000] {processor.py:208} INFO - Processing /home/airflow/.local/lib/python3.12/site-packages/airflow/example_dags/example_complex.py took 0.146 seconds
[2025-04-29T20:30:01.407+0000] {processor.py:186} INFO - Started process (PID=4458) to work on /home/airflow/.local/lib/python3.12/site-packages/airflow/example_dags/example_complex.py
[2025-04-29T20:30:01.410+0000] {processor.py:914} INFO - Processing file /home/airflow/.local/lib/python3.12/site-packages/airflow/example_dags/example_complex.py for tasks to queue
[2025-04-29T20:30:01.419+0000] {logging_mixin.py:190} INFO - [2025-04-29T20:30:01.417+0000] {dagbag.py:588} INFO - Filling up the DagBag from /home/airflow/.local/lib/python3.12/site-packages/airflow/example_dags/example_complex.py
[2025-04-29T20:30:01.452+0000] {processor.py:925} INFO - DAG(s) 'example_complex' retrieved from /home/airflow/.local/lib/python3.12/site-packages/airflow/example_dags/example_complex.py
[2025-04-29T20:30:01.511+0000] {logging_mixin.py:190} INFO - [2025-04-29T20:30:01.511+0000] {dag.py:3239} INFO - Sync 1 DAGs
[2025-04-29T20:30:01.538+0000] {logging_mixin.py:190} INFO - [2025-04-29T20:30:01.537+0000] {dag.py:4180} INFO - Setting next_dagrun for example_complex to None, run_after=None
[2025-04-29T20:30:01.574+0000] {processor.py:208} INFO - Processing /home/airflow/.local/lib/python3.12/site-packages/airflow/example_dags/example_complex.py took 0.178 seconds
[2025-04-29T20:30:31.838+0000] {processor.py:186} INFO - Started process (PID=4520) to work on /home/airflow/.local/lib/python3.12/site-packages/airflow/example_dags/example_complex.py
[2025-04-29T20:30:31.839+0000] {processor.py:914} INFO - Processing file /home/airflow/.local/lib/python3.12/site-packages/airflow/example_dags/example_complex.py for tasks to queue
[2025-04-29T20:30:31.845+0000] {logging_mixin.py:190} INFO - [2025-04-29T20:30:31.844+0000] {dagbag.py:588} INFO - Filling up the DagBag from /home/airflow/.local/lib/python3.12/site-packages/airflow/example_dags/example_complex.py
[2025-04-29T20:30:31.858+0000] {processor.py:925} INFO - DAG(s) 'example_complex' retrieved from /home/airflow/.local/lib/python3.12/site-packages/airflow/example_dags/example_complex.py
[2025-04-29T20:30:31.899+0000] {logging_mixin.py:190} INFO - [2025-04-29T20:30:31.899+0000] {dag.py:3239} INFO - Sync 1 DAGs
[2025-04-29T20:30:31.919+0000] {logging_mixin.py:190} INFO - [2025-04-29T20:30:31.919+0000] {dag.py:4180} INFO - Setting next_dagrun for example_complex to None, run_after=None
[2025-04-29T20:30:31.945+0000] {processor.py:208} INFO - Processing /home/airflow/.local/lib/python3.12/site-packages/airflow/example_dags/example_complex.py took 0.114 seconds
[2025-04-29T20:31:02.365+0000] {processor.py:186} INFO - Started process (PID=4582) to work on /home/airflow/.local/lib/python3.12/site-packages/airflow/example_dags/example_complex.py
[2025-04-29T20:31:02.366+0000] {processor.py:914} INFO - Processing file /home/airflow/.local/lib/python3.12/site-packages/airflow/example_dags/example_complex.py for tasks to queue
[2025-04-29T20:31:02.372+0000] {logging_mixin.py:190} INFO - [2025-04-29T20:31:02.371+0000] {dagbag.py:588} INFO - Filling up the DagBag from /home/airflow/.local/lib/python3.12/site-packages/airflow/example_dags/example_complex.py
[2025-04-29T20:31:02.388+0000] {processor.py:925} INFO - DAG(s) 'example_complex' retrieved from /home/airflow/.local/lib/python3.12/site-packages/airflow/example_dags/example_complex.py
[2025-04-29T20:31:02.439+0000] {logging_mixin.py:190} INFO - [2025-04-29T20:31:02.438+0000] {dag.py:3239} INFO - Sync 1 DAGs
[2025-04-29T20:31:02.461+0000] {logging_mixin.py:190} INFO - [2025-04-29T20:31:02.460+0000] {dag.py:4180} INFO - Setting next_dagrun for example_complex to None, run_after=None
[2025-04-29T20:31:02.501+0000] {processor.py:208} INFO - Processing /home/airflow/.local/lib/python3.12/site-packages/airflow/example_dags/example_complex.py took 0.145 seconds
[2025-04-29T20:31:32.777+0000] {processor.py:186} INFO - Started process (PID=4644) to work on /home/airflow/.local/lib/python3.12/site-packages/airflow/example_dags/example_complex.py
[2025-04-29T20:31:32.779+0000] {processor.py:914} INFO - Processing file /home/airflow/.local/lib/python3.12/site-packages/airflow/example_dags/example_complex.py for tasks to queue
[2025-04-29T20:31:32.785+0000] {logging_mixin.py:190} INFO - [2025-04-29T20:31:32.785+0000] {dagbag.py:588} INFO - Filling up the DagBag from /home/airflow/.local/lib/python3.12/site-packages/airflow/example_dags/example_complex.py
[2025-04-29T20:31:32.806+0000] {processor.py:925} INFO - DAG(s) 'example_complex' retrieved from /home/airflow/.local/lib/python3.12/site-packages/airflow/example_dags/example_complex.py
[2025-04-29T20:31:32.867+0000] {logging_mixin.py:190} INFO - [2025-04-29T20:31:32.867+0000] {dag.py:3239} INFO - Sync 1 DAGs
[2025-04-29T20:31:32.889+0000] {logging_mixin.py:190} INFO - [2025-04-29T20:31:32.888+0000] {dag.py:4180} INFO - Setting next_dagrun for example_complex to None, run_after=None
[2025-04-29T20:31:32.937+0000] {processor.py:208} INFO - Processing /home/airflow/.local/lib/python3.12/site-packages/airflow/example_dags/example_complex.py took 0.172 seconds
[2025-04-29T20:32:02.987+0000] {processor.py:186} INFO - Started process (PID=4707) to work on /home/airflow/.local/lib/python3.12/site-packages/airflow/example_dags/example_complex.py
[2025-04-29T20:32:02.989+0000] {processor.py:914} INFO - Processing file /home/airflow/.local/lib/python3.12/site-packages/airflow/example_dags/example_complex.py for tasks to queue
[2025-04-29T20:32:02.995+0000] {logging_mixin.py:190} INFO - [2025-04-29T20:32:02.994+0000] {dagbag.py:588} INFO - Filling up the DagBag from /home/airflow/.local/lib/python3.12/site-packages/airflow/example_dags/example_complex.py
[2025-04-29T20:32:03.017+0000] {processor.py:925} INFO - DAG(s) 'example_complex' retrieved from /home/airflow/.local/lib/python3.12/site-packages/airflow/example_dags/example_complex.py
[2025-04-29T20:32:03.071+0000] {logging_mixin.py:190} INFO - [2025-04-29T20:32:03.071+0000] {dag.py:3239} INFO - Sync 1 DAGs
[2025-04-29T20:32:03.093+0000] {logging_mixin.py:190} INFO - [2025-04-29T20:32:03.092+0000] {dag.py:4180} INFO - Setting next_dagrun for example_complex to None, run_after=None
[2025-04-29T20:32:03.129+0000] {processor.py:208} INFO - Processing /home/airflow/.local/lib/python3.12/site-packages/airflow/example_dags/example_complex.py took 0.154 seconds
[2025-04-29T20:32:33.493+0000] {processor.py:186} INFO - Started process (PID=4769) to work on /home/airflow/.local/lib/python3.12/site-packages/airflow/example_dags/example_complex.py
[2025-04-29T20:32:33.495+0000] {processor.py:914} INFO - Processing file /home/airflow/.local/lib/python3.12/site-packages/airflow/example_dags/example_complex.py for tasks to queue
[2025-04-29T20:32:33.500+0000] {logging_mixin.py:190} INFO - [2025-04-29T20:32:33.499+0000] {dagbag.py:588} INFO - Filling up the DagBag from /home/airflow/.local/lib/python3.12/site-packages/airflow/example_dags/example_complex.py
[2025-04-29T20:32:33.521+0000] {processor.py:925} INFO - DAG(s) 'example_complex' retrieved from /home/airflow/.local/lib/python3.12/site-packages/airflow/example_dags/example_complex.py
[2025-04-29T20:32:33.577+0000] {logging_mixin.py:190} INFO - [2025-04-29T20:32:33.577+0000] {dag.py:3239} INFO - Sync 1 DAGs
[2025-04-29T20:32:33.607+0000] {logging_mixin.py:190} INFO - [2025-04-29T20:32:33.607+0000] {dag.py:4180} INFO - Setting next_dagrun for example_complex to None, run_after=None
[2025-04-29T20:32:33.644+0000] {processor.py:208} INFO - Processing /home/airflow/.local/lib/python3.12/site-packages/airflow/example_dags/example_complex.py took 0.163 seconds
[2025-04-29T20:33:03.728+0000] {processor.py:186} INFO - Started process (PID=4831) to work on /home/airflow/.local/lib/python3.12/site-packages/airflow/example_dags/example_complex.py
[2025-04-29T20:33:03.731+0000] {processor.py:914} INFO - Processing file /home/airflow/.local/lib/python3.12/site-packages/airflow/example_dags/example_complex.py for tasks to queue
[2025-04-29T20:33:03.741+0000] {logging_mixin.py:190} INFO - [2025-04-29T20:33:03.739+0000] {dagbag.py:588} INFO - Filling up the DagBag from /home/airflow/.local/lib/python3.12/site-packages/airflow/example_dags/example_complex.py
[2025-04-29T20:33:03.761+0000] {processor.py:925} INFO - DAG(s) 'example_complex' retrieved from /home/airflow/.local/lib/python3.12/site-packages/airflow/example_dags/example_complex.py
[2025-04-29T20:33:03.845+0000] {logging_mixin.py:190} INFO - [2025-04-29T20:33:03.845+0000] {dag.py:3239} INFO - Sync 1 DAGs
[2025-04-29T20:33:03.879+0000] {logging_mixin.py:190} INFO - [2025-04-29T20:33:03.878+0000] {dag.py:4180} INFO - Setting next_dagrun for example_complex to None, run_after=None
[2025-04-29T20:33:03.948+0000] {processor.py:208} INFO - Processing /home/airflow/.local/lib/python3.12/site-packages/airflow/example_dags/example_complex.py took 0.237 seconds
[2025-04-29T20:33:34.512+0000] {processor.py:186} INFO - Started process (PID=4894) to work on /home/airflow/.local/lib/python3.12/site-packages/airflow/example_dags/example_complex.py
[2025-04-29T20:33:34.514+0000] {processor.py:914} INFO - Processing file /home/airflow/.local/lib/python3.12/site-packages/airflow/example_dags/example_complex.py for tasks to queue
[2025-04-29T20:33:34.518+0000] {logging_mixin.py:190} INFO - [2025-04-29T20:33:34.518+0000] {dagbag.py:588} INFO - Filling up the DagBag from /home/airflow/.local/lib/python3.12/site-packages/airflow/example_dags/example_complex.py
[2025-04-29T20:33:34.533+0000] {processor.py:925} INFO - DAG(s) 'example_complex' retrieved from /home/airflow/.local/lib/python3.12/site-packages/airflow/example_dags/example_complex.py
[2025-04-29T20:33:34.575+0000] {logging_mixin.py:190} INFO - [2025-04-29T20:33:34.575+0000] {dag.py:3239} INFO - Sync 1 DAGs
[2025-04-29T20:33:34.594+0000] {logging_mixin.py:190} INFO - [2025-04-29T20:33:34.594+0000] {dag.py:4180} INFO - Setting next_dagrun for example_complex to None, run_after=None
[2025-04-29T20:33:34.631+0000] {processor.py:208} INFO - Processing /home/airflow/.local/lib/python3.12/site-packages/airflow/example_dags/example_complex.py took 0.131 seconds
