[2025-04-29T19:54:36.867+0000] {processor.py:186} INFO - Started process (PID=116) to work on /home/airflow/.local/lib/python3.12/site-packages/airflow/example_dags/example_task_group.py
[2025-04-29T19:54:36.868+0000] {processor.py:914} INFO - Processing file /home/airflow/.local/lib/python3.12/site-packages/airflow/example_dags/example_task_group.py for tasks to queue
[2025-04-29T19:54:36.871+0000] {logging_mixin.py:190} INFO - [2025-04-29T19:54:36.871+0000] {dagbag.py:588} INFO - Filling up the DagBag from /home/airflow/.local/lib/python3.12/site-packages/airflow/example_dags/example_task_group.py
[2025-04-29T19:54:36.882+0000] {processor.py:925} INFO - DAG(s) 'example_task_group' retrieved from /home/airflow/.local/lib/python3.12/site-packages/airflow/example_dags/example_task_group.py
[2025-04-29T19:54:36.907+0000] {logging_mixin.py:190} INFO - [2025-04-29T19:54:36.907+0000] {dag.py:3239} INFO - Sync 1 DAGs
[2025-04-29T19:54:36.939+0000] {logging_mixin.py:190} INFO - [2025-04-29T19:54:36.939+0000] {dag.py:4180} INFO - Setting next_dagrun for example_task_group to None, run_after=None
[2025-04-29T19:54:36.966+0000] {processor.py:208} INFO - Processing /home/airflow/.local/lib/python3.12/site-packages/airflow/example_dags/example_task_group.py took 0.106 seconds
[2025-04-29T19:55:08.607+0000] {processor.py:186} INFO - Started process (PID=178) to work on /home/airflow/.local/lib/python3.12/site-packages/airflow/example_dags/example_task_group.py
[2025-04-29T19:55:08.609+0000] {processor.py:914} INFO - Processing file /home/airflow/.local/lib/python3.12/site-packages/airflow/example_dags/example_task_group.py for tasks to queue
[2025-04-29T19:55:08.614+0000] {logging_mixin.py:190} INFO - [2025-04-29T19:55:08.613+0000] {dagbag.py:588} INFO - Filling up the DagBag from /home/airflow/.local/lib/python3.12/site-packages/airflow/example_dags/example_task_group.py
[2025-04-29T19:55:08.634+0000] {processor.py:925} INFO - DAG(s) 'example_task_group' retrieved from /home/airflow/.local/lib/python3.12/site-packages/airflow/example_dags/example_task_group.py
[2025-04-29T19:55:08.685+0000] {logging_mixin.py:190} INFO - [2025-04-29T19:55:08.685+0000] {dag.py:3239} INFO - Sync 1 DAGs
[2025-04-29T19:55:08.717+0000] {logging_mixin.py:190} INFO - [2025-04-29T19:55:08.717+0000] {dag.py:4180} INFO - Setting next_dagrun for example_task_group to None, run_after=None
[2025-04-29T19:55:08.756+0000] {processor.py:208} INFO - Processing /home/airflow/.local/lib/python3.12/site-packages/airflow/example_dags/example_task_group.py took 0.161 seconds
[2025-04-29T19:55:40.680+0000] {processor.py:186} INFO - Started process (PID=242) to work on /home/airflow/.local/lib/python3.12/site-packages/airflow/example_dags/example_task_group.py
[2025-04-29T19:55:40.682+0000] {processor.py:914} INFO - Processing file /home/airflow/.local/lib/python3.12/site-packages/airflow/example_dags/example_task_group.py for tasks to queue
[2025-04-29T19:55:40.687+0000] {logging_mixin.py:190} INFO - [2025-04-29T19:55:40.686+0000] {dagbag.py:588} INFO - Filling up the DagBag from /home/airflow/.local/lib/python3.12/site-packages/airflow/example_dags/example_task_group.py
[2025-04-29T19:55:40.705+0000] {processor.py:925} INFO - DAG(s) 'example_task_group' retrieved from /home/airflow/.local/lib/python3.12/site-packages/airflow/example_dags/example_task_group.py
[2025-04-29T19:55:40.755+0000] {logging_mixin.py:190} INFO - [2025-04-29T19:55:40.755+0000] {dag.py:3239} INFO - Sync 1 DAGs
[2025-04-29T19:55:40.779+0000] {logging_mixin.py:190} INFO - [2025-04-29T19:55:40.779+0000] {dag.py:4180} INFO - Setting next_dagrun for example_task_group to None, run_after=None
[2025-04-29T19:55:40.813+0000] {processor.py:208} INFO - Processing /home/airflow/.local/lib/python3.12/site-packages/airflow/example_dags/example_task_group.py took 0.145 seconds
[2025-04-29T19:56:11.143+0000] {processor.py:186} INFO - Started process (PID=305) to work on /home/airflow/.local/lib/python3.12/site-packages/airflow/example_dags/example_task_group.py
[2025-04-29T19:56:11.145+0000] {processor.py:914} INFO - Processing file /home/airflow/.local/lib/python3.12/site-packages/airflow/example_dags/example_task_group.py for tasks to queue
[2025-04-29T19:56:11.150+0000] {logging_mixin.py:190} INFO - [2025-04-29T19:56:11.149+0000] {dagbag.py:588} INFO - Filling up the DagBag from /home/airflow/.local/lib/python3.12/site-packages/airflow/example_dags/example_task_group.py
[2025-04-29T19:56:11.172+0000] {processor.py:925} INFO - DAG(s) 'example_task_group' retrieved from /home/airflow/.local/lib/python3.12/site-packages/airflow/example_dags/example_task_group.py
[2025-04-29T19:56:11.218+0000] {logging_mixin.py:190} INFO - [2025-04-29T19:56:11.218+0000] {dag.py:3239} INFO - Sync 1 DAGs
[2025-04-29T19:56:11.240+0000] {logging_mixin.py:190} INFO - [2025-04-29T19:56:11.239+0000] {dag.py:4180} INFO - Setting next_dagrun for example_task_group to None, run_after=None
[2025-04-29T19:56:11.280+0000] {processor.py:208} INFO - Processing /home/airflow/.local/lib/python3.12/site-packages/airflow/example_dags/example_task_group.py took 0.150 seconds
[2025-04-29T19:56:41.384+0000] {processor.py:186} INFO - Started process (PID=367) to work on /home/airflow/.local/lib/python3.12/site-packages/airflow/example_dags/example_task_group.py
[2025-04-29T19:56:41.385+0000] {processor.py:914} INFO - Processing file /home/airflow/.local/lib/python3.12/site-packages/airflow/example_dags/example_task_group.py for tasks to queue
[2025-04-29T19:56:41.389+0000] {logging_mixin.py:190} INFO - [2025-04-29T19:56:41.388+0000] {dagbag.py:588} INFO - Filling up the DagBag from /home/airflow/.local/lib/python3.12/site-packages/airflow/example_dags/example_task_group.py
[2025-04-29T19:56:41.400+0000] {processor.py:925} INFO - DAG(s) 'example_task_group' retrieved from /home/airflow/.local/lib/python3.12/site-packages/airflow/example_dags/example_task_group.py
[2025-04-29T19:56:41.432+0000] {logging_mixin.py:190} INFO - [2025-04-29T19:56:41.432+0000] {dag.py:3239} INFO - Sync 1 DAGs
[2025-04-29T19:56:41.451+0000] {logging_mixin.py:190} INFO - [2025-04-29T19:56:41.451+0000] {dag.py:4180} INFO - Setting next_dagrun for example_task_group to None, run_after=None
[2025-04-29T19:56:41.486+0000] {processor.py:208} INFO - Processing /home/airflow/.local/lib/python3.12/site-packages/airflow/example_dags/example_task_group.py took 0.110 seconds
[2025-04-29T19:57:12.311+0000] {processor.py:186} INFO - Started process (PID=430) to work on /home/airflow/.local/lib/python3.12/site-packages/airflow/example_dags/example_task_group.py
[2025-04-29T19:57:12.315+0000] {processor.py:914} INFO - Processing file /home/airflow/.local/lib/python3.12/site-packages/airflow/example_dags/example_task_group.py for tasks to queue
[2025-04-29T19:57:12.323+0000] {logging_mixin.py:190} INFO - [2025-04-29T19:57:12.322+0000] {dagbag.py:588} INFO - Filling up the DagBag from /home/airflow/.local/lib/python3.12/site-packages/airflow/example_dags/example_task_group.py
[2025-04-29T19:57:12.345+0000] {processor.py:925} INFO - DAG(s) 'example_task_group' retrieved from /home/airflow/.local/lib/python3.12/site-packages/airflow/example_dags/example_task_group.py
[2025-04-29T19:57:12.383+0000] {logging_mixin.py:190} INFO - [2025-04-29T19:57:12.383+0000] {dag.py:3239} INFO - Sync 1 DAGs
[2025-04-29T19:57:12.417+0000] {logging_mixin.py:190} INFO - [2025-04-29T19:57:12.416+0000] {dag.py:4180} INFO - Setting next_dagrun for example_task_group to None, run_after=None
[2025-04-29T19:57:12.445+0000] {processor.py:208} INFO - Processing /home/airflow/.local/lib/python3.12/site-packages/airflow/example_dags/example_task_group.py took 0.154 seconds
[2025-04-29T19:57:42.607+0000] {processor.py:186} INFO - Started process (PID=492) to work on /home/airflow/.local/lib/python3.12/site-packages/airflow/example_dags/example_task_group.py
[2025-04-29T19:57:42.609+0000] {processor.py:914} INFO - Processing file /home/airflow/.local/lib/python3.12/site-packages/airflow/example_dags/example_task_group.py for tasks to queue
[2025-04-29T19:57:42.616+0000] {logging_mixin.py:190} INFO - [2025-04-29T19:57:42.615+0000] {dagbag.py:588} INFO - Filling up the DagBag from /home/airflow/.local/lib/python3.12/site-packages/airflow/example_dags/example_task_group.py
[2025-04-29T19:57:42.640+0000] {processor.py:925} INFO - DAG(s) 'example_task_group' retrieved from /home/airflow/.local/lib/python3.12/site-packages/airflow/example_dags/example_task_group.py
[2025-04-29T19:57:42.686+0000] {logging_mixin.py:190} INFO - [2025-04-29T19:57:42.685+0000] {dag.py:3239} INFO - Sync 1 DAGs
[2025-04-29T19:57:42.714+0000] {logging_mixin.py:190} INFO - [2025-04-29T19:57:42.714+0000] {dag.py:4180} INFO - Setting next_dagrun for example_task_group to None, run_after=None
[2025-04-29T19:57:42.748+0000] {processor.py:208} INFO - Processing /home/airflow/.local/lib/python3.12/site-packages/airflow/example_dags/example_task_group.py took 0.150 seconds
[2025-04-29T19:58:12.863+0000] {processor.py:186} INFO - Started process (PID=554) to work on /home/airflow/.local/lib/python3.12/site-packages/airflow/example_dags/example_task_group.py
[2025-04-29T19:58:12.867+0000] {processor.py:914} INFO - Processing file /home/airflow/.local/lib/python3.12/site-packages/airflow/example_dags/example_task_group.py for tasks to queue
[2025-04-29T19:58:12.874+0000] {logging_mixin.py:190} INFO - [2025-04-29T19:58:12.873+0000] {dagbag.py:588} INFO - Filling up the DagBag from /home/airflow/.local/lib/python3.12/site-packages/airflow/example_dags/example_task_group.py
[2025-04-29T19:58:12.893+0000] {processor.py:925} INFO - DAG(s) 'example_task_group' retrieved from /home/airflow/.local/lib/python3.12/site-packages/airflow/example_dags/example_task_group.py
[2025-04-29T19:58:12.928+0000] {logging_mixin.py:190} INFO - [2025-04-29T19:58:12.927+0000] {dag.py:3239} INFO - Sync 1 DAGs
[2025-04-29T19:58:12.946+0000] {logging_mixin.py:190} INFO - [2025-04-29T19:58:12.946+0000] {dag.py:4180} INFO - Setting next_dagrun for example_task_group to None, run_after=None
[2025-04-29T19:58:12.971+0000] {processor.py:208} INFO - Processing /home/airflow/.local/lib/python3.12/site-packages/airflow/example_dags/example_task_group.py took 0.120 seconds
[2025-04-29T19:58:44.176+0000] {processor.py:186} INFO - Started process (PID=617) to work on /home/airflow/.local/lib/python3.12/site-packages/airflow/example_dags/example_task_group.py
[2025-04-29T19:58:44.179+0000] {processor.py:914} INFO - Processing file /home/airflow/.local/lib/python3.12/site-packages/airflow/example_dags/example_task_group.py for tasks to queue
[2025-04-29T19:58:44.185+0000] {logging_mixin.py:190} INFO - [2025-04-29T19:58:44.185+0000] {dagbag.py:588} INFO - Filling up the DagBag from /home/airflow/.local/lib/python3.12/site-packages/airflow/example_dags/example_task_group.py
[2025-04-29T19:58:44.203+0000] {processor.py:925} INFO - DAG(s) 'example_task_group' retrieved from /home/airflow/.local/lib/python3.12/site-packages/airflow/example_dags/example_task_group.py
[2025-04-29T19:58:44.239+0000] {logging_mixin.py:190} INFO - [2025-04-29T19:58:44.239+0000] {dag.py:3239} INFO - Sync 1 DAGs
[2025-04-29T19:58:44.266+0000] {logging_mixin.py:190} INFO - [2025-04-29T19:58:44.265+0000] {dag.py:4180} INFO - Setting next_dagrun for example_task_group to None, run_after=None
[2025-04-29T19:58:44.306+0000] {processor.py:208} INFO - Processing /home/airflow/.local/lib/python3.12/site-packages/airflow/example_dags/example_task_group.py took 0.143 seconds
[2025-04-29T19:59:15.172+0000] {processor.py:186} INFO - Started process (PID=680) to work on /home/airflow/.local/lib/python3.12/site-packages/airflow/example_dags/example_task_group.py
[2025-04-29T19:59:15.174+0000] {processor.py:914} INFO - Processing file /home/airflow/.local/lib/python3.12/site-packages/airflow/example_dags/example_task_group.py for tasks to queue
[2025-04-29T19:59:15.181+0000] {logging_mixin.py:190} INFO - [2025-04-29T19:59:15.180+0000] {dagbag.py:588} INFO - Filling up the DagBag from /home/airflow/.local/lib/python3.12/site-packages/airflow/example_dags/example_task_group.py
[2025-04-29T19:59:15.203+0000] {processor.py:925} INFO - DAG(s) 'example_task_group' retrieved from /home/airflow/.local/lib/python3.12/site-packages/airflow/example_dags/example_task_group.py
[2025-04-29T19:59:15.253+0000] {logging_mixin.py:190} INFO - [2025-04-29T19:59:15.253+0000] {dag.py:3239} INFO - Sync 1 DAGs
[2025-04-29T19:59:15.296+0000] {logging_mixin.py:190} INFO - [2025-04-29T19:59:15.295+0000] {dag.py:4180} INFO - Setting next_dagrun for example_task_group to None, run_after=None
[2025-04-29T19:59:15.341+0000] {processor.py:208} INFO - Processing /home/airflow/.local/lib/python3.12/site-packages/airflow/example_dags/example_task_group.py took 0.181 seconds
[2025-04-29T19:59:46.270+0000] {processor.py:186} INFO - Started process (PID=743) to work on /home/airflow/.local/lib/python3.12/site-packages/airflow/example_dags/example_task_group.py
[2025-04-29T19:59:46.271+0000] {processor.py:914} INFO - Processing file /home/airflow/.local/lib/python3.12/site-packages/airflow/example_dags/example_task_group.py for tasks to queue
[2025-04-29T19:59:46.276+0000] {logging_mixin.py:190} INFO - [2025-04-29T19:59:46.275+0000] {dagbag.py:588} INFO - Filling up the DagBag from /home/airflow/.local/lib/python3.12/site-packages/airflow/example_dags/example_task_group.py
[2025-04-29T19:59:46.289+0000] {processor.py:925} INFO - DAG(s) 'example_task_group' retrieved from /home/airflow/.local/lib/python3.12/site-packages/airflow/example_dags/example_task_group.py
[2025-04-29T19:59:46.329+0000] {logging_mixin.py:190} INFO - [2025-04-29T19:59:46.329+0000] {dag.py:3239} INFO - Sync 1 DAGs
[2025-04-29T19:59:46.354+0000] {logging_mixin.py:190} INFO - [2025-04-29T19:59:46.354+0000] {dag.py:4180} INFO - Setting next_dagrun for example_task_group to None, run_after=None
[2025-04-29T19:59:46.399+0000] {processor.py:208} INFO - Processing /home/airflow/.local/lib/python3.12/site-packages/airflow/example_dags/example_task_group.py took 0.138 seconds
[2025-04-29T20:00:16.886+0000] {processor.py:186} INFO - Started process (PID=804) to work on /home/airflow/.local/lib/python3.12/site-packages/airflow/example_dags/example_task_group.py
[2025-04-29T20:00:16.888+0000] {processor.py:914} INFO - Processing file /home/airflow/.local/lib/python3.12/site-packages/airflow/example_dags/example_task_group.py for tasks to queue
[2025-04-29T20:00:16.893+0000] {logging_mixin.py:190} INFO - [2025-04-29T20:00:16.893+0000] {dagbag.py:588} INFO - Filling up the DagBag from /home/airflow/.local/lib/python3.12/site-packages/airflow/example_dags/example_task_group.py
[2025-04-29T20:00:16.914+0000] {processor.py:925} INFO - DAG(s) 'example_task_group' retrieved from /home/airflow/.local/lib/python3.12/site-packages/airflow/example_dags/example_task_group.py
[2025-04-29T20:00:16.960+0000] {logging_mixin.py:190} INFO - [2025-04-29T20:00:16.959+0000] {dag.py:3239} INFO - Sync 1 DAGs
[2025-04-29T20:00:16.995+0000] {logging_mixin.py:190} INFO - [2025-04-29T20:00:16.994+0000] {dag.py:4180} INFO - Setting next_dagrun for example_task_group to None, run_after=None
[2025-04-29T20:00:17.044+0000] {processor.py:208} INFO - Processing /home/airflow/.local/lib/python3.12/site-packages/airflow/example_dags/example_task_group.py took 0.169 seconds
[2025-04-29T20:00:47.538+0000] {processor.py:186} INFO - Started process (PID=867) to work on /home/airflow/.local/lib/python3.12/site-packages/airflow/example_dags/example_task_group.py
[2025-04-29T20:00:47.541+0000] {processor.py:914} INFO - Processing file /home/airflow/.local/lib/python3.12/site-packages/airflow/example_dags/example_task_group.py for tasks to queue
[2025-04-29T20:00:47.550+0000] {logging_mixin.py:190} INFO - [2025-04-29T20:00:47.549+0000] {dagbag.py:588} INFO - Filling up the DagBag from /home/airflow/.local/lib/python3.12/site-packages/airflow/example_dags/example_task_group.py
[2025-04-29T20:00:47.576+0000] {processor.py:925} INFO - DAG(s) 'example_task_group' retrieved from /home/airflow/.local/lib/python3.12/site-packages/airflow/example_dags/example_task_group.py
[2025-04-29T20:00:47.650+0000] {logging_mixin.py:190} INFO - [2025-04-29T20:00:47.649+0000] {dag.py:3239} INFO - Sync 1 DAGs
[2025-04-29T20:00:47.693+0000] {logging_mixin.py:190} INFO - [2025-04-29T20:00:47.692+0000] {dag.py:4180} INFO - Setting next_dagrun for example_task_group to None, run_after=None
[2025-04-29T20:00:47.753+0000] {processor.py:208} INFO - Processing /home/airflow/.local/lib/python3.12/site-packages/airflow/example_dags/example_task_group.py took 0.234 seconds
[2025-04-29T20:01:17.840+0000] {processor.py:186} INFO - Started process (PID=930) to work on /home/airflow/.local/lib/python3.12/site-packages/airflow/example_dags/example_task_group.py
[2025-04-29T20:01:17.843+0000] {processor.py:914} INFO - Processing file /home/airflow/.local/lib/python3.12/site-packages/airflow/example_dags/example_task_group.py for tasks to queue
[2025-04-29T20:01:17.849+0000] {logging_mixin.py:190} INFO - [2025-04-29T20:01:17.848+0000] {dagbag.py:588} INFO - Filling up the DagBag from /home/airflow/.local/lib/python3.12/site-packages/airflow/example_dags/example_task_group.py
[2025-04-29T20:01:17.871+0000] {processor.py:925} INFO - DAG(s) 'example_task_group' retrieved from /home/airflow/.local/lib/python3.12/site-packages/airflow/example_dags/example_task_group.py
[2025-04-29T20:01:17.916+0000] {logging_mixin.py:190} INFO - [2025-04-29T20:01:17.916+0000] {dag.py:3239} INFO - Sync 1 DAGs
[2025-04-29T20:01:17.939+0000] {logging_mixin.py:190} INFO - [2025-04-29T20:01:17.939+0000] {dag.py:4180} INFO - Setting next_dagrun for example_task_group to None, run_after=None
[2025-04-29T20:01:17.979+0000] {processor.py:208} INFO - Processing /home/airflow/.local/lib/python3.12/site-packages/airflow/example_dags/example_task_group.py took 0.152 seconds
[2025-04-29T20:01:48.777+0000] {processor.py:186} INFO - Started process (PID=993) to work on /home/airflow/.local/lib/python3.12/site-packages/airflow/example_dags/example_task_group.py
[2025-04-29T20:01:48.780+0000] {processor.py:914} INFO - Processing file /home/airflow/.local/lib/python3.12/site-packages/airflow/example_dags/example_task_group.py for tasks to queue
[2025-04-29T20:01:48.787+0000] {logging_mixin.py:190} INFO - [2025-04-29T20:01:48.786+0000] {dagbag.py:588} INFO - Filling up the DagBag from /home/airflow/.local/lib/python3.12/site-packages/airflow/example_dags/example_task_group.py
[2025-04-29T20:01:48.811+0000] {processor.py:925} INFO - DAG(s) 'example_task_group' retrieved from /home/airflow/.local/lib/python3.12/site-packages/airflow/example_dags/example_task_group.py
[2025-04-29T20:01:48.862+0000] {logging_mixin.py:190} INFO - [2025-04-29T20:01:48.861+0000] {dag.py:3239} INFO - Sync 1 DAGs
[2025-04-29T20:01:48.885+0000] {logging_mixin.py:190} INFO - [2025-04-29T20:01:48.884+0000] {dag.py:4180} INFO - Setting next_dagrun for example_task_group to None, run_after=None
[2025-04-29T20:01:48.938+0000] {processor.py:208} INFO - Processing /home/airflow/.local/lib/python3.12/site-packages/airflow/example_dags/example_task_group.py took 0.176 seconds
[2025-04-29T20:02:19.198+0000] {processor.py:186} INFO - Started process (PID=1056) to work on /home/airflow/.local/lib/python3.12/site-packages/airflow/example_dags/example_task_group.py
[2025-04-29T20:02:19.201+0000] {processor.py:914} INFO - Processing file /home/airflow/.local/lib/python3.12/site-packages/airflow/example_dags/example_task_group.py for tasks to queue
[2025-04-29T20:02:19.210+0000] {logging_mixin.py:190} INFO - [2025-04-29T20:02:19.209+0000] {dagbag.py:588} INFO - Filling up the DagBag from /home/airflow/.local/lib/python3.12/site-packages/airflow/example_dags/example_task_group.py
[2025-04-29T20:02:19.245+0000] {processor.py:925} INFO - DAG(s) 'example_task_group' retrieved from /home/airflow/.local/lib/python3.12/site-packages/airflow/example_dags/example_task_group.py
[2025-04-29T20:02:19.299+0000] {logging_mixin.py:190} INFO - [2025-04-29T20:02:19.299+0000] {dag.py:3239} INFO - Sync 1 DAGs
[2025-04-29T20:02:19.327+0000] {logging_mixin.py:190} INFO - [2025-04-29T20:02:19.327+0000] {dag.py:4180} INFO - Setting next_dagrun for example_task_group to None, run_after=None
[2025-04-29T20:02:19.362+0000] {processor.py:208} INFO - Processing /home/airflow/.local/lib/python3.12/site-packages/airflow/example_dags/example_task_group.py took 0.177 seconds
[2025-04-29T20:02:49.920+0000] {processor.py:186} INFO - Started process (PID=1119) to work on /home/airflow/.local/lib/python3.12/site-packages/airflow/example_dags/example_task_group.py
[2025-04-29T20:02:49.921+0000] {processor.py:914} INFO - Processing file /home/airflow/.local/lib/python3.12/site-packages/airflow/example_dags/example_task_group.py for tasks to queue
[2025-04-29T20:02:49.925+0000] {logging_mixin.py:190} INFO - [2025-04-29T20:02:49.925+0000] {dagbag.py:588} INFO - Filling up the DagBag from /home/airflow/.local/lib/python3.12/site-packages/airflow/example_dags/example_task_group.py
[2025-04-29T20:02:49.935+0000] {processor.py:925} INFO - DAG(s) 'example_task_group' retrieved from /home/airflow/.local/lib/python3.12/site-packages/airflow/example_dags/example_task_group.py
[2025-04-29T20:02:49.976+0000] {logging_mixin.py:190} INFO - [2025-04-29T20:02:49.975+0000] {dag.py:3239} INFO - Sync 1 DAGs
[2025-04-29T20:02:50.008+0000] {logging_mixin.py:190} INFO - [2025-04-29T20:02:50.008+0000] {dag.py:4180} INFO - Setting next_dagrun for example_task_group to None, run_after=None
[2025-04-29T20:02:50.045+0000] {processor.py:208} INFO - Processing /home/airflow/.local/lib/python3.12/site-packages/airflow/example_dags/example_task_group.py took 0.137 seconds
[2025-04-29T20:03:20.237+0000] {processor.py:186} INFO - Started process (PID=1182) to work on /home/airflow/.local/lib/python3.12/site-packages/airflow/example_dags/example_task_group.py
[2025-04-29T20:03:20.240+0000] {processor.py:914} INFO - Processing file /home/airflow/.local/lib/python3.12/site-packages/airflow/example_dags/example_task_group.py for tasks to queue
[2025-04-29T20:03:20.247+0000] {logging_mixin.py:190} INFO - [2025-04-29T20:03:20.246+0000] {dagbag.py:588} INFO - Filling up the DagBag from /home/airflow/.local/lib/python3.12/site-packages/airflow/example_dags/example_task_group.py
[2025-04-29T20:03:20.266+0000] {processor.py:925} INFO - DAG(s) 'example_task_group' retrieved from /home/airflow/.local/lib/python3.12/site-packages/airflow/example_dags/example_task_group.py
[2025-04-29T20:03:20.320+0000] {logging_mixin.py:190} INFO - [2025-04-29T20:03:20.319+0000] {dag.py:3239} INFO - Sync 1 DAGs
[2025-04-29T20:03:20.348+0000] {logging_mixin.py:190} INFO - [2025-04-29T20:03:20.348+0000] {dag.py:4180} INFO - Setting next_dagrun for example_task_group to None, run_after=None
[2025-04-29T20:03:20.381+0000] {processor.py:208} INFO - Processing /home/airflow/.local/lib/python3.12/site-packages/airflow/example_dags/example_task_group.py took 0.158 seconds
[2025-04-29T20:03:50.849+0000] {processor.py:186} INFO - Started process (PID=1245) to work on /home/airflow/.local/lib/python3.12/site-packages/airflow/example_dags/example_task_group.py
[2025-04-29T20:03:50.852+0000] {processor.py:914} INFO - Processing file /home/airflow/.local/lib/python3.12/site-packages/airflow/example_dags/example_task_group.py for tasks to queue
[2025-04-29T20:03:50.858+0000] {logging_mixin.py:190} INFO - [2025-04-29T20:03:50.858+0000] {dagbag.py:588} INFO - Filling up the DagBag from /home/airflow/.local/lib/python3.12/site-packages/airflow/example_dags/example_task_group.py
[2025-04-29T20:03:50.876+0000] {processor.py:925} INFO - DAG(s) 'example_task_group' retrieved from /home/airflow/.local/lib/python3.12/site-packages/airflow/example_dags/example_task_group.py
[2025-04-29T20:03:50.928+0000] {logging_mixin.py:190} INFO - [2025-04-29T20:03:50.927+0000] {dag.py:3239} INFO - Sync 1 DAGs
[2025-04-29T20:03:50.964+0000] {logging_mixin.py:190} INFO - [2025-04-29T20:03:50.963+0000] {dag.py:4180} INFO - Setting next_dagrun for example_task_group to None, run_after=None
[2025-04-29T20:03:51.035+0000] {processor.py:208} INFO - Processing /home/airflow/.local/lib/python3.12/site-packages/airflow/example_dags/example_task_group.py took 0.198 seconds
[2025-04-29T20:04:21.151+0000] {processor.py:186} INFO - Started process (PID=1308) to work on /home/airflow/.local/lib/python3.12/site-packages/airflow/example_dags/example_task_group.py
[2025-04-29T20:04:21.154+0000] {processor.py:914} INFO - Processing file /home/airflow/.local/lib/python3.12/site-packages/airflow/example_dags/example_task_group.py for tasks to queue
[2025-04-29T20:04:21.161+0000] {logging_mixin.py:190} INFO - [2025-04-29T20:04:21.160+0000] {dagbag.py:588} INFO - Filling up the DagBag from /home/airflow/.local/lib/python3.12/site-packages/airflow/example_dags/example_task_group.py
[2025-04-29T20:04:21.188+0000] {processor.py:925} INFO - DAG(s) 'example_task_group' retrieved from /home/airflow/.local/lib/python3.12/site-packages/airflow/example_dags/example_task_group.py
[2025-04-29T20:04:21.253+0000] {logging_mixin.py:190} INFO - [2025-04-29T20:04:21.252+0000] {dag.py:3239} INFO - Sync 1 DAGs
[2025-04-29T20:04:21.297+0000] {logging_mixin.py:190} INFO - [2025-04-29T20:04:21.296+0000] {dag.py:4180} INFO - Setting next_dagrun for example_task_group to None, run_after=None
[2025-04-29T20:04:21.347+0000] {processor.py:208} INFO - Processing /home/airflow/.local/lib/python3.12/site-packages/airflow/example_dags/example_task_group.py took 0.210 seconds
[2025-04-29T20:04:51.623+0000] {processor.py:186} INFO - Started process (PID=1371) to work on /home/airflow/.local/lib/python3.12/site-packages/airflow/example_dags/example_task_group.py
[2025-04-29T20:04:51.626+0000] {processor.py:914} INFO - Processing file /home/airflow/.local/lib/python3.12/site-packages/airflow/example_dags/example_task_group.py for tasks to queue
[2025-04-29T20:04:51.632+0000] {logging_mixin.py:190} INFO - [2025-04-29T20:04:51.631+0000] {dagbag.py:588} INFO - Filling up the DagBag from /home/airflow/.local/lib/python3.12/site-packages/airflow/example_dags/example_task_group.py
[2025-04-29T20:04:51.647+0000] {processor.py:925} INFO - DAG(s) 'example_task_group' retrieved from /home/airflow/.local/lib/python3.12/site-packages/airflow/example_dags/example_task_group.py
[2025-04-29T20:04:51.675+0000] {logging_mixin.py:190} INFO - [2025-04-29T20:04:51.675+0000] {dag.py:3239} INFO - Sync 1 DAGs
[2025-04-29T20:04:51.691+0000] {logging_mixin.py:190} INFO - [2025-04-29T20:04:51.691+0000] {dag.py:4180} INFO - Setting next_dagrun for example_task_group to None, run_after=None
[2025-04-29T20:04:51.716+0000] {processor.py:208} INFO - Processing /home/airflow/.local/lib/python3.12/site-packages/airflow/example_dags/example_task_group.py took 0.106 seconds
[2025-04-29T20:05:22.337+0000] {processor.py:186} INFO - Started process (PID=1434) to work on /home/airflow/.local/lib/python3.12/site-packages/airflow/example_dags/example_task_group.py
[2025-04-29T20:05:22.340+0000] {processor.py:914} INFO - Processing file /home/airflow/.local/lib/python3.12/site-packages/airflow/example_dags/example_task_group.py for tasks to queue
[2025-04-29T20:05:22.349+0000] {logging_mixin.py:190} INFO - [2025-04-29T20:05:22.348+0000] {dagbag.py:588} INFO - Filling up the DagBag from /home/airflow/.local/lib/python3.12/site-packages/airflow/example_dags/example_task_group.py
[2025-04-29T20:05:22.369+0000] {processor.py:925} INFO - DAG(s) 'example_task_group' retrieved from /home/airflow/.local/lib/python3.12/site-packages/airflow/example_dags/example_task_group.py
[2025-04-29T20:05:22.415+0000] {logging_mixin.py:190} INFO - [2025-04-29T20:05:22.414+0000] {dag.py:3239} INFO - Sync 1 DAGs
[2025-04-29T20:05:22.445+0000] {logging_mixin.py:190} INFO - [2025-04-29T20:05:22.445+0000] {dag.py:4180} INFO - Setting next_dagrun for example_task_group to None, run_after=None
[2025-04-29T20:05:22.495+0000] {processor.py:208} INFO - Processing /home/airflow/.local/lib/python3.12/site-packages/airflow/example_dags/example_task_group.py took 0.178 seconds
[2025-04-29T20:05:52.862+0000] {processor.py:186} INFO - Started process (PID=1497) to work on /home/airflow/.local/lib/python3.12/site-packages/airflow/example_dags/example_task_group.py
[2025-04-29T20:05:52.865+0000] {processor.py:914} INFO - Processing file /home/airflow/.local/lib/python3.12/site-packages/airflow/example_dags/example_task_group.py for tasks to queue
[2025-04-29T20:05:52.872+0000] {logging_mixin.py:190} INFO - [2025-04-29T20:05:52.871+0000] {dagbag.py:588} INFO - Filling up the DagBag from /home/airflow/.local/lib/python3.12/site-packages/airflow/example_dags/example_task_group.py
[2025-04-29T20:05:52.895+0000] {processor.py:925} INFO - DAG(s) 'example_task_group' retrieved from /home/airflow/.local/lib/python3.12/site-packages/airflow/example_dags/example_task_group.py
[2025-04-29T20:05:52.946+0000] {logging_mixin.py:190} INFO - [2025-04-29T20:05:52.946+0000] {dag.py:3239} INFO - Sync 1 DAGs
[2025-04-29T20:05:52.977+0000] {logging_mixin.py:190} INFO - [2025-04-29T20:05:52.977+0000] {dag.py:4180} INFO - Setting next_dagrun for example_task_group to None, run_after=None
[2025-04-29T20:05:53.024+0000] {processor.py:208} INFO - Processing /home/airflow/.local/lib/python3.12/site-packages/airflow/example_dags/example_task_group.py took 0.179 seconds
[2025-04-29T20:06:23.321+0000] {processor.py:186} INFO - Started process (PID=1560) to work on /home/airflow/.local/lib/python3.12/site-packages/airflow/example_dags/example_task_group.py
[2025-04-29T20:06:23.324+0000] {processor.py:914} INFO - Processing file /home/airflow/.local/lib/python3.12/site-packages/airflow/example_dags/example_task_group.py for tasks to queue
[2025-04-29T20:06:23.330+0000] {logging_mixin.py:190} INFO - [2025-04-29T20:06:23.329+0000] {dagbag.py:588} INFO - Filling up the DagBag from /home/airflow/.local/lib/python3.12/site-packages/airflow/example_dags/example_task_group.py
[2025-04-29T20:06:23.343+0000] {processor.py:925} INFO - DAG(s) 'example_task_group' retrieved from /home/airflow/.local/lib/python3.12/site-packages/airflow/example_dags/example_task_group.py
[2025-04-29T20:06:23.383+0000] {logging_mixin.py:190} INFO - [2025-04-29T20:06:23.382+0000] {dag.py:3239} INFO - Sync 1 DAGs
[2025-04-29T20:06:23.414+0000] {logging_mixin.py:190} INFO - [2025-04-29T20:06:23.413+0000] {dag.py:4180} INFO - Setting next_dagrun for example_task_group to None, run_after=None
[2025-04-29T20:06:23.456+0000] {processor.py:208} INFO - Processing /home/airflow/.local/lib/python3.12/site-packages/airflow/example_dags/example_task_group.py took 0.148 seconds
[2025-04-29T20:06:53.894+0000] {processor.py:186} INFO - Started process (PID=1623) to work on /home/airflow/.local/lib/python3.12/site-packages/airflow/example_dags/example_task_group.py
[2025-04-29T20:06:53.896+0000] {processor.py:914} INFO - Processing file /home/airflow/.local/lib/python3.12/site-packages/airflow/example_dags/example_task_group.py for tasks to queue
[2025-04-29T20:06:53.902+0000] {logging_mixin.py:190} INFO - [2025-04-29T20:06:53.901+0000] {dagbag.py:588} INFO - Filling up the DagBag from /home/airflow/.local/lib/python3.12/site-packages/airflow/example_dags/example_task_group.py
[2025-04-29T20:06:53.922+0000] {processor.py:925} INFO - DAG(s) 'example_task_group' retrieved from /home/airflow/.local/lib/python3.12/site-packages/airflow/example_dags/example_task_group.py
[2025-04-29T20:06:53.968+0000] {logging_mixin.py:190} INFO - [2025-04-29T20:06:53.968+0000] {dag.py:3239} INFO - Sync 1 DAGs
[2025-04-29T20:06:53.996+0000] {logging_mixin.py:190} INFO - [2025-04-29T20:06:53.996+0000] {dag.py:4180} INFO - Setting next_dagrun for example_task_group to None, run_after=None
[2025-04-29T20:06:54.055+0000] {processor.py:208} INFO - Processing /home/airflow/.local/lib/python3.12/site-packages/airflow/example_dags/example_task_group.py took 0.173 seconds
[2025-04-29T20:07:24.195+0000] {processor.py:186} INFO - Started process (PID=1686) to work on /home/airflow/.local/lib/python3.12/site-packages/airflow/example_dags/example_task_group.py
[2025-04-29T20:07:24.197+0000] {processor.py:914} INFO - Processing file /home/airflow/.local/lib/python3.12/site-packages/airflow/example_dags/example_task_group.py for tasks to queue
[2025-04-29T20:07:24.205+0000] {logging_mixin.py:190} INFO - [2025-04-29T20:07:24.204+0000] {dagbag.py:588} INFO - Filling up the DagBag from /home/airflow/.local/lib/python3.12/site-packages/airflow/example_dags/example_task_group.py
[2025-04-29T20:07:24.232+0000] {processor.py:925} INFO - DAG(s) 'example_task_group' retrieved from /home/airflow/.local/lib/python3.12/site-packages/airflow/example_dags/example_task_group.py
[2025-04-29T20:07:24.281+0000] {logging_mixin.py:190} INFO - [2025-04-29T20:07:24.280+0000] {dag.py:3239} INFO - Sync 1 DAGs
[2025-04-29T20:07:24.302+0000] {logging_mixin.py:190} INFO - [2025-04-29T20:07:24.301+0000] {dag.py:4180} INFO - Setting next_dagrun for example_task_group to None, run_after=None
[2025-04-29T20:07:24.340+0000] {processor.py:208} INFO - Processing /home/airflow/.local/lib/python3.12/site-packages/airflow/example_dags/example_task_group.py took 0.157 seconds
[2025-04-29T20:07:55.266+0000] {processor.py:186} INFO - Started process (PID=1749) to work on /home/airflow/.local/lib/python3.12/site-packages/airflow/example_dags/example_task_group.py
[2025-04-29T20:07:55.269+0000] {processor.py:914} INFO - Processing file /home/airflow/.local/lib/python3.12/site-packages/airflow/example_dags/example_task_group.py for tasks to queue
[2025-04-29T20:07:55.278+0000] {logging_mixin.py:190} INFO - [2025-04-29T20:07:55.277+0000] {dagbag.py:588} INFO - Filling up the DagBag from /home/airflow/.local/lib/python3.12/site-packages/airflow/example_dags/example_task_group.py
[2025-04-29T20:07:55.300+0000] {processor.py:925} INFO - DAG(s) 'example_task_group' retrieved from /home/airflow/.local/lib/python3.12/site-packages/airflow/example_dags/example_task_group.py
[2025-04-29T20:07:55.356+0000] {logging_mixin.py:190} INFO - [2025-04-29T20:07:55.355+0000] {dag.py:3239} INFO - Sync 1 DAGs
[2025-04-29T20:07:55.391+0000] {logging_mixin.py:190} INFO - [2025-04-29T20:07:55.390+0000] {dag.py:4180} INFO - Setting next_dagrun for example_task_group to None, run_after=None
[2025-04-29T20:07:55.428+0000] {processor.py:208} INFO - Processing /home/airflow/.local/lib/python3.12/site-packages/airflow/example_dags/example_task_group.py took 0.176 seconds
[2025-04-29T20:08:25.539+0000] {processor.py:186} INFO - Started process (PID=1812) to work on /home/airflow/.local/lib/python3.12/site-packages/airflow/example_dags/example_task_group.py
[2025-04-29T20:08:25.541+0000] {processor.py:914} INFO - Processing file /home/airflow/.local/lib/python3.12/site-packages/airflow/example_dags/example_task_group.py for tasks to queue
[2025-04-29T20:08:25.544+0000] {logging_mixin.py:190} INFO - [2025-04-29T20:08:25.543+0000] {dagbag.py:588} INFO - Filling up the DagBag from /home/airflow/.local/lib/python3.12/site-packages/airflow/example_dags/example_task_group.py
[2025-04-29T20:08:25.554+0000] {processor.py:925} INFO - DAG(s) 'example_task_group' retrieved from /home/airflow/.local/lib/python3.12/site-packages/airflow/example_dags/example_task_group.py
[2025-04-29T20:08:25.585+0000] {logging_mixin.py:190} INFO - [2025-04-29T20:08:25.585+0000] {dag.py:3239} INFO - Sync 1 DAGs
[2025-04-29T20:08:25.601+0000] {logging_mixin.py:190} INFO - [2025-04-29T20:08:25.601+0000] {dag.py:4180} INFO - Setting next_dagrun for example_task_group to None, run_after=None
[2025-04-29T20:08:25.632+0000] {processor.py:208} INFO - Processing /home/airflow/.local/lib/python3.12/site-packages/airflow/example_dags/example_task_group.py took 0.101 seconds
[2025-04-29T20:08:56.264+0000] {processor.py:186} INFO - Started process (PID=1875) to work on /home/airflow/.local/lib/python3.12/site-packages/airflow/example_dags/example_task_group.py
[2025-04-29T20:08:56.267+0000] {processor.py:914} INFO - Processing file /home/airflow/.local/lib/python3.12/site-packages/airflow/example_dags/example_task_group.py for tasks to queue
[2025-04-29T20:08:56.273+0000] {logging_mixin.py:190} INFO - [2025-04-29T20:08:56.273+0000] {dagbag.py:588} INFO - Filling up the DagBag from /home/airflow/.local/lib/python3.12/site-packages/airflow/example_dags/example_task_group.py
[2025-04-29T20:08:56.291+0000] {processor.py:925} INFO - DAG(s) 'example_task_group' retrieved from /home/airflow/.local/lib/python3.12/site-packages/airflow/example_dags/example_task_group.py
[2025-04-29T20:08:56.335+0000] {logging_mixin.py:190} INFO - [2025-04-29T20:08:56.335+0000] {dag.py:3239} INFO - Sync 1 DAGs
[2025-04-29T20:08:56.358+0000] {logging_mixin.py:190} INFO - [2025-04-29T20:08:56.357+0000] {dag.py:4180} INFO - Setting next_dagrun for example_task_group to None, run_after=None
[2025-04-29T20:08:56.403+0000] {processor.py:208} INFO - Processing /home/airflow/.local/lib/python3.12/site-packages/airflow/example_dags/example_task_group.py took 0.150 seconds
[2025-04-29T20:09:26.688+0000] {processor.py:186} INFO - Started process (PID=1938) to work on /home/airflow/.local/lib/python3.12/site-packages/airflow/example_dags/example_task_group.py
[2025-04-29T20:09:26.691+0000] {processor.py:914} INFO - Processing file /home/airflow/.local/lib/python3.12/site-packages/airflow/example_dags/example_task_group.py for tasks to queue
[2025-04-29T20:09:26.697+0000] {logging_mixin.py:190} INFO - [2025-04-29T20:09:26.696+0000] {dagbag.py:588} INFO - Filling up the DagBag from /home/airflow/.local/lib/python3.12/site-packages/airflow/example_dags/example_task_group.py
[2025-04-29T20:09:26.726+0000] {processor.py:925} INFO - DAG(s) 'example_task_group' retrieved from /home/airflow/.local/lib/python3.12/site-packages/airflow/example_dags/example_task_group.py
[2025-04-29T20:09:26.775+0000] {logging_mixin.py:190} INFO - [2025-04-29T20:09:26.774+0000] {dag.py:3239} INFO - Sync 1 DAGs
[2025-04-29T20:09:26.800+0000] {logging_mixin.py:190} INFO - [2025-04-29T20:09:26.799+0000] {dag.py:4180} INFO - Setting next_dagrun for example_task_group to None, run_after=None
[2025-04-29T20:09:26.833+0000] {processor.py:208} INFO - Processing /home/airflow/.local/lib/python3.12/site-packages/airflow/example_dags/example_task_group.py took 0.160 seconds
[2025-04-29T20:09:57.212+0000] {processor.py:186} INFO - Started process (PID=2001) to work on /home/airflow/.local/lib/python3.12/site-packages/airflow/example_dags/example_task_group.py
[2025-04-29T20:09:57.215+0000] {processor.py:914} INFO - Processing file /home/airflow/.local/lib/python3.12/site-packages/airflow/example_dags/example_task_group.py for tasks to queue
[2025-04-29T20:09:57.220+0000] {logging_mixin.py:190} INFO - [2025-04-29T20:09:57.219+0000] {dagbag.py:588} INFO - Filling up the DagBag from /home/airflow/.local/lib/python3.12/site-packages/airflow/example_dags/example_task_group.py
[2025-04-29T20:09:57.240+0000] {processor.py:925} INFO - DAG(s) 'example_task_group' retrieved from /home/airflow/.local/lib/python3.12/site-packages/airflow/example_dags/example_task_group.py
[2025-04-29T20:09:57.297+0000] {logging_mixin.py:190} INFO - [2025-04-29T20:09:57.296+0000] {dag.py:3239} INFO - Sync 1 DAGs
[2025-04-29T20:09:57.329+0000] {logging_mixin.py:190} INFO - [2025-04-29T20:09:57.329+0000] {dag.py:4180} INFO - Setting next_dagrun for example_task_group to None, run_after=None
[2025-04-29T20:09:57.379+0000] {processor.py:208} INFO - Processing /home/airflow/.local/lib/python3.12/site-packages/airflow/example_dags/example_task_group.py took 0.179 seconds
[2025-04-29T20:10:27.878+0000] {processor.py:186} INFO - Started process (PID=2064) to work on /home/airflow/.local/lib/python3.12/site-packages/airflow/example_dags/example_task_group.py
[2025-04-29T20:10:27.881+0000] {processor.py:914} INFO - Processing file /home/airflow/.local/lib/python3.12/site-packages/airflow/example_dags/example_task_group.py for tasks to queue
[2025-04-29T20:10:27.889+0000] {logging_mixin.py:190} INFO - [2025-04-29T20:10:27.889+0000] {dagbag.py:588} INFO - Filling up the DagBag from /home/airflow/.local/lib/python3.12/site-packages/airflow/example_dags/example_task_group.py
[2025-04-29T20:10:27.911+0000] {processor.py:925} INFO - DAG(s) 'example_task_group' retrieved from /home/airflow/.local/lib/python3.12/site-packages/airflow/example_dags/example_task_group.py
[2025-04-29T20:10:27.954+0000] {logging_mixin.py:190} INFO - [2025-04-29T20:10:27.954+0000] {dag.py:3239} INFO - Sync 1 DAGs
[2025-04-29T20:10:27.974+0000] {logging_mixin.py:190} INFO - [2025-04-29T20:10:27.974+0000] {dag.py:4180} INFO - Setting next_dagrun for example_task_group to None, run_after=None
[2025-04-29T20:10:28.003+0000] {processor.py:208} INFO - Processing /home/airflow/.local/lib/python3.12/site-packages/airflow/example_dags/example_task_group.py took 0.138 seconds
[2025-04-29T20:10:58.200+0000] {processor.py:186} INFO - Started process (PID=2127) to work on /home/airflow/.local/lib/python3.12/site-packages/airflow/example_dags/example_task_group.py
[2025-04-29T20:10:58.202+0000] {processor.py:914} INFO - Processing file /home/airflow/.local/lib/python3.12/site-packages/airflow/example_dags/example_task_group.py for tasks to queue
[2025-04-29T20:10:58.209+0000] {logging_mixin.py:190} INFO - [2025-04-29T20:10:58.209+0000] {dagbag.py:588} INFO - Filling up the DagBag from /home/airflow/.local/lib/python3.12/site-packages/airflow/example_dags/example_task_group.py
[2025-04-29T20:10:58.229+0000] {processor.py:925} INFO - DAG(s) 'example_task_group' retrieved from /home/airflow/.local/lib/python3.12/site-packages/airflow/example_dags/example_task_group.py
[2025-04-29T20:10:58.288+0000] {logging_mixin.py:190} INFO - [2025-04-29T20:10:58.287+0000] {dag.py:3239} INFO - Sync 1 DAGs
[2025-04-29T20:10:58.319+0000] {logging_mixin.py:190} INFO - [2025-04-29T20:10:58.318+0000] {dag.py:4180} INFO - Setting next_dagrun for example_task_group to None, run_after=None
[2025-04-29T20:10:58.369+0000] {processor.py:208} INFO - Processing /home/airflow/.local/lib/python3.12/site-packages/airflow/example_dags/example_task_group.py took 0.181 seconds
[2025-04-29T20:11:28.972+0000] {processor.py:186} INFO - Started process (PID=2190) to work on /home/airflow/.local/lib/python3.12/site-packages/airflow/example_dags/example_task_group.py
[2025-04-29T20:11:28.975+0000] {processor.py:914} INFO - Processing file /home/airflow/.local/lib/python3.12/site-packages/airflow/example_dags/example_task_group.py for tasks to queue
[2025-04-29T20:11:28.985+0000] {logging_mixin.py:190} INFO - [2025-04-29T20:11:28.984+0000] {dagbag.py:588} INFO - Filling up the DagBag from /home/airflow/.local/lib/python3.12/site-packages/airflow/example_dags/example_task_group.py
[2025-04-29T20:11:29.017+0000] {processor.py:925} INFO - DAG(s) 'example_task_group' retrieved from /home/airflow/.local/lib/python3.12/site-packages/airflow/example_dags/example_task_group.py
[2025-04-29T20:11:29.070+0000] {logging_mixin.py:190} INFO - [2025-04-29T20:11:29.069+0000] {dag.py:3239} INFO - Sync 1 DAGs
[2025-04-29T20:11:29.096+0000] {logging_mixin.py:190} INFO - [2025-04-29T20:11:29.095+0000] {dag.py:4180} INFO - Setting next_dagrun for example_task_group to None, run_after=None
[2025-04-29T20:11:29.125+0000] {processor.py:208} INFO - Processing /home/airflow/.local/lib/python3.12/site-packages/airflow/example_dags/example_task_group.py took 0.171 seconds
[2025-04-29T20:11:59.317+0000] {processor.py:186} INFO - Started process (PID=2253) to work on /home/airflow/.local/lib/python3.12/site-packages/airflow/example_dags/example_task_group.py
[2025-04-29T20:11:59.319+0000] {processor.py:914} INFO - Processing file /home/airflow/.local/lib/python3.12/site-packages/airflow/example_dags/example_task_group.py for tasks to queue
[2025-04-29T20:11:59.326+0000] {logging_mixin.py:190} INFO - [2025-04-29T20:11:59.325+0000] {dagbag.py:588} INFO - Filling up the DagBag from /home/airflow/.local/lib/python3.12/site-packages/airflow/example_dags/example_task_group.py
[2025-04-29T20:11:59.346+0000] {processor.py:925} INFO - DAG(s) 'example_task_group' retrieved from /home/airflow/.local/lib/python3.12/site-packages/airflow/example_dags/example_task_group.py
[2025-04-29T20:11:59.397+0000] {logging_mixin.py:190} INFO - [2025-04-29T20:11:59.397+0000] {dag.py:3239} INFO - Sync 1 DAGs
[2025-04-29T20:11:59.427+0000] {logging_mixin.py:190} INFO - [2025-04-29T20:11:59.427+0000] {dag.py:4180} INFO - Setting next_dagrun for example_task_group to None, run_after=None
[2025-04-29T20:11:59.494+0000] {processor.py:208} INFO - Processing /home/airflow/.local/lib/python3.12/site-packages/airflow/example_dags/example_task_group.py took 0.189 seconds
[2025-04-29T20:12:30.245+0000] {processor.py:186} INFO - Started process (PID=2316) to work on /home/airflow/.local/lib/python3.12/site-packages/airflow/example_dags/example_task_group.py
[2025-04-29T20:12:30.247+0000] {processor.py:914} INFO - Processing file /home/airflow/.local/lib/python3.12/site-packages/airflow/example_dags/example_task_group.py for tasks to queue
[2025-04-29T20:12:30.256+0000] {logging_mixin.py:190} INFO - [2025-04-29T20:12:30.255+0000] {dagbag.py:588} INFO - Filling up the DagBag from /home/airflow/.local/lib/python3.12/site-packages/airflow/example_dags/example_task_group.py
[2025-04-29T20:12:30.276+0000] {processor.py:925} INFO - DAG(s) 'example_task_group' retrieved from /home/airflow/.local/lib/python3.12/site-packages/airflow/example_dags/example_task_group.py
[2025-04-29T20:12:30.323+0000] {logging_mixin.py:190} INFO - [2025-04-29T20:12:30.322+0000] {dag.py:3239} INFO - Sync 1 DAGs
[2025-04-29T20:12:30.379+0000] {logging_mixin.py:190} INFO - [2025-04-29T20:12:30.379+0000] {dag.py:4180} INFO - Setting next_dagrun for example_task_group to None, run_after=None
[2025-04-29T20:12:30.433+0000] {processor.py:208} INFO - Processing /home/airflow/.local/lib/python3.12/site-packages/airflow/example_dags/example_task_group.py took 0.201 seconds
[2025-04-29T20:13:00.584+0000] {processor.py:186} INFO - Started process (PID=2379) to work on /home/airflow/.local/lib/python3.12/site-packages/airflow/example_dags/example_task_group.py
[2025-04-29T20:13:00.587+0000] {processor.py:914} INFO - Processing file /home/airflow/.local/lib/python3.12/site-packages/airflow/example_dags/example_task_group.py for tasks to queue
[2025-04-29T20:13:00.594+0000] {logging_mixin.py:190} INFO - [2025-04-29T20:13:00.593+0000] {dagbag.py:588} INFO - Filling up the DagBag from /home/airflow/.local/lib/python3.12/site-packages/airflow/example_dags/example_task_group.py
[2025-04-29T20:13:00.617+0000] {processor.py:925} INFO - DAG(s) 'example_task_group' retrieved from /home/airflow/.local/lib/python3.12/site-packages/airflow/example_dags/example_task_group.py
[2025-04-29T20:13:00.672+0000] {logging_mixin.py:190} INFO - [2025-04-29T20:13:00.671+0000] {dag.py:3239} INFO - Sync 1 DAGs
[2025-04-29T20:13:00.700+0000] {logging_mixin.py:190} INFO - [2025-04-29T20:13:00.699+0000] {dag.py:4180} INFO - Setting next_dagrun for example_task_group to None, run_after=None
[2025-04-29T20:13:00.737+0000] {processor.py:208} INFO - Processing /home/airflow/.local/lib/python3.12/site-packages/airflow/example_dags/example_task_group.py took 0.169 seconds
[2025-04-29T20:13:31.701+0000] {processor.py:186} INFO - Started process (PID=2442) to work on /home/airflow/.local/lib/python3.12/site-packages/airflow/example_dags/example_task_group.py
[2025-04-29T20:13:31.702+0000] {processor.py:914} INFO - Processing file /home/airflow/.local/lib/python3.12/site-packages/airflow/example_dags/example_task_group.py for tasks to queue
[2025-04-29T20:13:31.708+0000] {logging_mixin.py:190} INFO - [2025-04-29T20:13:31.708+0000] {dagbag.py:588} INFO - Filling up the DagBag from /home/airflow/.local/lib/python3.12/site-packages/airflow/example_dags/example_task_group.py
[2025-04-29T20:13:31.719+0000] {processor.py:925} INFO - DAG(s) 'example_task_group' retrieved from /home/airflow/.local/lib/python3.12/site-packages/airflow/example_dags/example_task_group.py
[2025-04-29T20:13:31.746+0000] {logging_mixin.py:190} INFO - [2025-04-29T20:13:31.746+0000] {dag.py:3239} INFO - Sync 1 DAGs
[2025-04-29T20:13:31.766+0000] {logging_mixin.py:190} INFO - [2025-04-29T20:13:31.766+0000] {dag.py:4180} INFO - Setting next_dagrun for example_task_group to None, run_after=None
[2025-04-29T20:13:31.792+0000] {processor.py:208} INFO - Processing /home/airflow/.local/lib/python3.12/site-packages/airflow/example_dags/example_task_group.py took 0.100 seconds
[2025-04-29T20:14:02.303+0000] {processor.py:186} INFO - Started process (PID=2505) to work on /home/airflow/.local/lib/python3.12/site-packages/airflow/example_dags/example_task_group.py
[2025-04-29T20:14:02.305+0000] {processor.py:914} INFO - Processing file /home/airflow/.local/lib/python3.12/site-packages/airflow/example_dags/example_task_group.py for tasks to queue
[2025-04-29T20:14:02.311+0000] {logging_mixin.py:190} INFO - [2025-04-29T20:14:02.310+0000] {dagbag.py:588} INFO - Filling up the DagBag from /home/airflow/.local/lib/python3.12/site-packages/airflow/example_dags/example_task_group.py
[2025-04-29T20:14:02.326+0000] {processor.py:925} INFO - DAG(s) 'example_task_group' retrieved from /home/airflow/.local/lib/python3.12/site-packages/airflow/example_dags/example_task_group.py
[2025-04-29T20:14:02.359+0000] {logging_mixin.py:190} INFO - [2025-04-29T20:14:02.358+0000] {dag.py:3239} INFO - Sync 1 DAGs
[2025-04-29T20:14:02.376+0000] {logging_mixin.py:190} INFO - [2025-04-29T20:14:02.375+0000] {dag.py:4180} INFO - Setting next_dagrun for example_task_group to None, run_after=None
[2025-04-29T20:14:02.405+0000] {processor.py:208} INFO - Processing /home/airflow/.local/lib/python3.12/site-packages/airflow/example_dags/example_task_group.py took 0.109 seconds
[2025-04-29T20:14:32.773+0000] {processor.py:186} INFO - Started process (PID=2568) to work on /home/airflow/.local/lib/python3.12/site-packages/airflow/example_dags/example_task_group.py
[2025-04-29T20:14:32.775+0000] {processor.py:914} INFO - Processing file /home/airflow/.local/lib/python3.12/site-packages/airflow/example_dags/example_task_group.py for tasks to queue
[2025-04-29T20:14:32.780+0000] {logging_mixin.py:190} INFO - [2025-04-29T20:14:32.780+0000] {dagbag.py:588} INFO - Filling up the DagBag from /home/airflow/.local/lib/python3.12/site-packages/airflow/example_dags/example_task_group.py
[2025-04-29T20:14:32.794+0000] {processor.py:925} INFO - DAG(s) 'example_task_group' retrieved from /home/airflow/.local/lib/python3.12/site-packages/airflow/example_dags/example_task_group.py
[2025-04-29T20:14:32.832+0000] {logging_mixin.py:190} INFO - [2025-04-29T20:14:32.832+0000] {dag.py:3239} INFO - Sync 1 DAGs
[2025-04-29T20:14:32.862+0000] {logging_mixin.py:190} INFO - [2025-04-29T20:14:32.862+0000] {dag.py:4180} INFO - Setting next_dagrun for example_task_group to None, run_after=None
[2025-04-29T20:14:32.894+0000] {processor.py:208} INFO - Processing /home/airflow/.local/lib/python3.12/site-packages/airflow/example_dags/example_task_group.py took 0.128 seconds
[2025-04-29T20:15:03.785+0000] {processor.py:186} INFO - Started process (PID=2631) to work on /home/airflow/.local/lib/python3.12/site-packages/airflow/example_dags/example_task_group.py
[2025-04-29T20:15:03.787+0000] {processor.py:914} INFO - Processing file /home/airflow/.local/lib/python3.12/site-packages/airflow/example_dags/example_task_group.py for tasks to queue
[2025-04-29T20:15:03.796+0000] {logging_mixin.py:190} INFO - [2025-04-29T20:15:03.795+0000] {dagbag.py:588} INFO - Filling up the DagBag from /home/airflow/.local/lib/python3.12/site-packages/airflow/example_dags/example_task_group.py
[2025-04-29T20:15:03.815+0000] {processor.py:925} INFO - DAG(s) 'example_task_group' retrieved from /home/airflow/.local/lib/python3.12/site-packages/airflow/example_dags/example_task_group.py
[2025-04-29T20:15:03.856+0000] {logging_mixin.py:190} INFO - [2025-04-29T20:15:03.855+0000] {dag.py:3239} INFO - Sync 1 DAGs
[2025-04-29T20:15:03.880+0000] {logging_mixin.py:190} INFO - [2025-04-29T20:15:03.880+0000] {dag.py:4180} INFO - Setting next_dagrun for example_task_group to None, run_after=None
[2025-04-29T20:15:03.912+0000] {processor.py:208} INFO - Processing /home/airflow/.local/lib/python3.12/site-packages/airflow/example_dags/example_task_group.py took 0.140 seconds
[2025-04-29T20:15:34.201+0000] {processor.py:186} INFO - Started process (PID=2694) to work on /home/airflow/.local/lib/python3.12/site-packages/airflow/example_dags/example_task_group.py
[2025-04-29T20:15:34.202+0000] {processor.py:914} INFO - Processing file /home/airflow/.local/lib/python3.12/site-packages/airflow/example_dags/example_task_group.py for tasks to queue
[2025-04-29T20:15:34.208+0000] {logging_mixin.py:190} INFO - [2025-04-29T20:15:34.207+0000] {dagbag.py:588} INFO - Filling up the DagBag from /home/airflow/.local/lib/python3.12/site-packages/airflow/example_dags/example_task_group.py
[2025-04-29T20:15:34.219+0000] {processor.py:925} INFO - DAG(s) 'example_task_group' retrieved from /home/airflow/.local/lib/python3.12/site-packages/airflow/example_dags/example_task_group.py
[2025-04-29T20:15:34.252+0000] {logging_mixin.py:190} INFO - [2025-04-29T20:15:34.252+0000] {dag.py:3239} INFO - Sync 1 DAGs
[2025-04-29T20:15:34.272+0000] {logging_mixin.py:190} INFO - [2025-04-29T20:15:34.272+0000] {dag.py:4180} INFO - Setting next_dagrun for example_task_group to None, run_after=None
[2025-04-29T20:15:34.309+0000] {processor.py:208} INFO - Processing /home/airflow/.local/lib/python3.12/site-packages/airflow/example_dags/example_task_group.py took 0.115 seconds
[2025-04-29T20:16:05.066+0000] {processor.py:186} INFO - Started process (PID=2757) to work on /home/airflow/.local/lib/python3.12/site-packages/airflow/example_dags/example_task_group.py
[2025-04-29T20:16:05.068+0000] {processor.py:914} INFO - Processing file /home/airflow/.local/lib/python3.12/site-packages/airflow/example_dags/example_task_group.py for tasks to queue
[2025-04-29T20:16:05.077+0000] {logging_mixin.py:190} INFO - [2025-04-29T20:16:05.076+0000] {dagbag.py:588} INFO - Filling up the DagBag from /home/airflow/.local/lib/python3.12/site-packages/airflow/example_dags/example_task_group.py
[2025-04-29T20:16:05.095+0000] {processor.py:925} INFO - DAG(s) 'example_task_group' retrieved from /home/airflow/.local/lib/python3.12/site-packages/airflow/example_dags/example_task_group.py
[2025-04-29T20:16:05.150+0000] {logging_mixin.py:190} INFO - [2025-04-29T20:16:05.149+0000] {dag.py:3239} INFO - Sync 1 DAGs
[2025-04-29T20:16:05.177+0000] {logging_mixin.py:190} INFO - [2025-04-29T20:16:05.176+0000] {dag.py:4180} INFO - Setting next_dagrun for example_task_group to None, run_after=None
[2025-04-29T20:16:05.216+0000] {processor.py:208} INFO - Processing /home/airflow/.local/lib/python3.12/site-packages/airflow/example_dags/example_task_group.py took 0.169 seconds
[2025-04-29T20:16:35.627+0000] {processor.py:186} INFO - Started process (PID=2820) to work on /home/airflow/.local/lib/python3.12/site-packages/airflow/example_dags/example_task_group.py
[2025-04-29T20:16:35.629+0000] {processor.py:914} INFO - Processing file /home/airflow/.local/lib/python3.12/site-packages/airflow/example_dags/example_task_group.py for tasks to queue
[2025-04-29T20:16:35.634+0000] {logging_mixin.py:190} INFO - [2025-04-29T20:16:35.634+0000] {dagbag.py:588} INFO - Filling up the DagBag from /home/airflow/.local/lib/python3.12/site-packages/airflow/example_dags/example_task_group.py
[2025-04-29T20:16:35.650+0000] {processor.py:925} INFO - DAG(s) 'example_task_group' retrieved from /home/airflow/.local/lib/python3.12/site-packages/airflow/example_dags/example_task_group.py
[2025-04-29T20:16:35.693+0000] {logging_mixin.py:190} INFO - [2025-04-29T20:16:35.693+0000] {dag.py:3239} INFO - Sync 1 DAGs
[2025-04-29T20:16:35.715+0000] {logging_mixin.py:190} INFO - [2025-04-29T20:16:35.714+0000] {dag.py:4180} INFO - Setting next_dagrun for example_task_group to None, run_after=None
[2025-04-29T20:16:35.756+0000] {processor.py:208} INFO - Processing /home/airflow/.local/lib/python3.12/site-packages/airflow/example_dags/example_task_group.py took 0.140 seconds
[2025-04-29T20:17:06.538+0000] {processor.py:186} INFO - Started process (PID=2880) to work on /home/airflow/.local/lib/python3.12/site-packages/airflow/example_dags/example_task_group.py
[2025-04-29T20:17:06.539+0000] {processor.py:914} INFO - Processing file /home/airflow/.local/lib/python3.12/site-packages/airflow/example_dags/example_task_group.py for tasks to queue
[2025-04-29T20:17:06.545+0000] {logging_mixin.py:190} INFO - [2025-04-29T20:17:06.544+0000] {dagbag.py:588} INFO - Filling up the DagBag from /home/airflow/.local/lib/python3.12/site-packages/airflow/example_dags/example_task_group.py
[2025-04-29T20:17:06.562+0000] {processor.py:925} INFO - DAG(s) 'example_task_group' retrieved from /home/airflow/.local/lib/python3.12/site-packages/airflow/example_dags/example_task_group.py
[2025-04-29T20:17:06.607+0000] {logging_mixin.py:190} INFO - [2025-04-29T20:17:06.606+0000] {dag.py:3239} INFO - Sync 1 DAGs
[2025-04-29T20:17:06.633+0000] {logging_mixin.py:190} INFO - [2025-04-29T20:17:06.632+0000] {dag.py:4180} INFO - Setting next_dagrun for example_task_group to None, run_after=None
[2025-04-29T20:17:06.674+0000] {processor.py:208} INFO - Processing /home/airflow/.local/lib/python3.12/site-packages/airflow/example_dags/example_task_group.py took 0.147 seconds
[2025-04-29T20:17:36.994+0000] {processor.py:186} INFO - Started process (PID=2942) to work on /home/airflow/.local/lib/python3.12/site-packages/airflow/example_dags/example_task_group.py
[2025-04-29T20:17:36.995+0000] {processor.py:914} INFO - Processing file /home/airflow/.local/lib/python3.12/site-packages/airflow/example_dags/example_task_group.py for tasks to queue
[2025-04-29T20:17:36.998+0000] {logging_mixin.py:190} INFO - [2025-04-29T20:17:36.997+0000] {dagbag.py:588} INFO - Filling up the DagBag from /home/airflow/.local/lib/python3.12/site-packages/airflow/example_dags/example_task_group.py
[2025-04-29T20:17:37.012+0000] {processor.py:925} INFO - DAG(s) 'example_task_group' retrieved from /home/airflow/.local/lib/python3.12/site-packages/airflow/example_dags/example_task_group.py
[2025-04-29T20:17:37.042+0000] {logging_mixin.py:190} INFO - [2025-04-29T20:17:37.041+0000] {dag.py:3239} INFO - Sync 1 DAGs
[2025-04-29T20:17:37.059+0000] {logging_mixin.py:190} INFO - [2025-04-29T20:17:37.059+0000] {dag.py:4180} INFO - Setting next_dagrun for example_task_group to None, run_after=None
[2025-04-29T20:17:37.084+0000] {processor.py:208} INFO - Processing /home/airflow/.local/lib/python3.12/site-packages/airflow/example_dags/example_task_group.py took 0.097 seconds
[2025-04-29T20:18:08.230+0000] {processor.py:186} INFO - Started process (PID=3004) to work on /home/airflow/.local/lib/python3.12/site-packages/airflow/example_dags/example_task_group.py
[2025-04-29T20:18:08.232+0000] {processor.py:914} INFO - Processing file /home/airflow/.local/lib/python3.12/site-packages/airflow/example_dags/example_task_group.py for tasks to queue
[2025-04-29T20:18:08.235+0000] {logging_mixin.py:190} INFO - [2025-04-29T20:18:08.234+0000] {dagbag.py:588} INFO - Filling up the DagBag from /home/airflow/.local/lib/python3.12/site-packages/airflow/example_dags/example_task_group.py
[2025-04-29T20:18:08.246+0000] {processor.py:925} INFO - DAG(s) 'example_task_group' retrieved from /home/airflow/.local/lib/python3.12/site-packages/airflow/example_dags/example_task_group.py
[2025-04-29T20:18:08.271+0000] {logging_mixin.py:190} INFO - [2025-04-29T20:18:08.271+0000] {dag.py:3239} INFO - Sync 1 DAGs
[2025-04-29T20:18:08.288+0000] {logging_mixin.py:190} INFO - [2025-04-29T20:18:08.288+0000] {dag.py:4180} INFO - Setting next_dagrun for example_task_group to None, run_after=None
[2025-04-29T20:18:08.314+0000] {processor.py:208} INFO - Processing /home/airflow/.local/lib/python3.12/site-packages/airflow/example_dags/example_task_group.py took 0.091 seconds
[2025-04-29T20:18:39.860+0000] {processor.py:186} INFO - Started process (PID=3063) to work on /home/airflow/.local/lib/python3.12/site-packages/airflow/example_dags/example_task_group.py
[2025-04-29T20:18:39.861+0000] {processor.py:914} INFO - Processing file /home/airflow/.local/lib/python3.12/site-packages/airflow/example_dags/example_task_group.py for tasks to queue
[2025-04-29T20:18:39.865+0000] {logging_mixin.py:190} INFO - [2025-04-29T20:18:39.864+0000] {dagbag.py:588} INFO - Filling up the DagBag from /home/airflow/.local/lib/python3.12/site-packages/airflow/example_dags/example_task_group.py
[2025-04-29T20:18:39.882+0000] {processor.py:925} INFO - DAG(s) 'example_task_group' retrieved from /home/airflow/.local/lib/python3.12/site-packages/airflow/example_dags/example_task_group.py
[2025-04-29T20:18:39.920+0000] {logging_mixin.py:190} INFO - [2025-04-29T20:18:39.920+0000] {dag.py:3239} INFO - Sync 1 DAGs
[2025-04-29T20:18:39.941+0000] {logging_mixin.py:190} INFO - [2025-04-29T20:18:39.941+0000] {dag.py:4180} INFO - Setting next_dagrun for example_task_group to None, run_after=None
[2025-04-29T20:18:39.968+0000] {processor.py:208} INFO - Processing /home/airflow/.local/lib/python3.12/site-packages/airflow/example_dags/example_task_group.py took 0.119 seconds
[2025-04-29T20:19:12.440+0000] {processor.py:186} INFO - Started process (PID=3132) to work on /home/airflow/.local/lib/python3.12/site-packages/airflow/example_dags/example_task_group.py
[2025-04-29T20:19:12.442+0000] {processor.py:914} INFO - Processing file /home/airflow/.local/lib/python3.12/site-packages/airflow/example_dags/example_task_group.py for tasks to queue
[2025-04-29T20:19:12.447+0000] {logging_mixin.py:190} INFO - [2025-04-29T20:19:12.446+0000] {dagbag.py:588} INFO - Filling up the DagBag from /home/airflow/.local/lib/python3.12/site-packages/airflow/example_dags/example_task_group.py
[2025-04-29T20:19:12.465+0000] {processor.py:925} INFO - DAG(s) 'example_task_group' retrieved from /home/airflow/.local/lib/python3.12/site-packages/airflow/example_dags/example_task_group.py
[2025-04-29T20:19:12.510+0000] {logging_mixin.py:190} INFO - [2025-04-29T20:19:12.510+0000] {dag.py:3239} INFO - Sync 1 DAGs
[2025-04-29T20:19:12.717+0000] {logging_mixin.py:190} INFO - [2025-04-29T20:19:12.716+0000] {dag.py:4180} INFO - Setting next_dagrun for example_task_group to None, run_after=None
[2025-04-29T20:19:12.747+0000] {processor.py:208} INFO - Processing /home/airflow/.local/lib/python3.12/site-packages/airflow/example_dags/example_task_group.py took 0.319 seconds
[2025-04-29T20:19:43.309+0000] {processor.py:186} INFO - Started process (PID=3195) to work on /home/airflow/.local/lib/python3.12/site-packages/airflow/example_dags/example_task_group.py
[2025-04-29T20:19:43.310+0000] {processor.py:914} INFO - Processing file /home/airflow/.local/lib/python3.12/site-packages/airflow/example_dags/example_task_group.py for tasks to queue
[2025-04-29T20:19:43.313+0000] {logging_mixin.py:190} INFO - [2025-04-29T20:19:43.313+0000] {dagbag.py:588} INFO - Filling up the DagBag from /home/airflow/.local/lib/python3.12/site-packages/airflow/example_dags/example_task_group.py
[2025-04-29T20:19:43.332+0000] {processor.py:925} INFO - DAG(s) 'example_task_group' retrieved from /home/airflow/.local/lib/python3.12/site-packages/airflow/example_dags/example_task_group.py
[2025-04-29T20:19:43.375+0000] {logging_mixin.py:190} INFO - [2025-04-29T20:19:43.375+0000] {dag.py:3239} INFO - Sync 1 DAGs
[2025-04-29T20:19:43.397+0000] {logging_mixin.py:190} INFO - [2025-04-29T20:19:43.397+0000] {dag.py:4180} INFO - Setting next_dagrun for example_task_group to None, run_after=None
[2025-04-29T20:19:43.658+0000] {processor.py:208} INFO - Processing /home/airflow/.local/lib/python3.12/site-packages/airflow/example_dags/example_task_group.py took 0.361 seconds
[2025-04-29T20:20:14.204+0000] {processor.py:186} INFO - Started process (PID=3258) to work on /home/airflow/.local/lib/python3.12/site-packages/airflow/example_dags/example_task_group.py
[2025-04-29T20:20:14.207+0000] {processor.py:914} INFO - Processing file /home/airflow/.local/lib/python3.12/site-packages/airflow/example_dags/example_task_group.py for tasks to queue
[2025-04-29T20:20:14.216+0000] {logging_mixin.py:190} INFO - [2025-04-29T20:20:14.216+0000] {dagbag.py:588} INFO - Filling up the DagBag from /home/airflow/.local/lib/python3.12/site-packages/airflow/example_dags/example_task_group.py
[2025-04-29T20:20:14.237+0000] {processor.py:925} INFO - DAG(s) 'example_task_group' retrieved from /home/airflow/.local/lib/python3.12/site-packages/airflow/example_dags/example_task_group.py
[2025-04-29T20:20:14.298+0000] {logging_mixin.py:190} INFO - [2025-04-29T20:20:14.297+0000] {dag.py:3239} INFO - Sync 1 DAGs
[2025-04-29T20:20:14.326+0000] {logging_mixin.py:190} INFO - [2025-04-29T20:20:14.325+0000] {dag.py:4180} INFO - Setting next_dagrun for example_task_group to None, run_after=None
[2025-04-29T20:20:14.379+0000] {processor.py:208} INFO - Processing /home/airflow/.local/lib/python3.12/site-packages/airflow/example_dags/example_task_group.py took 0.188 seconds
[2025-04-29T20:20:44.795+0000] {processor.py:186} INFO - Started process (PID=3321) to work on /home/airflow/.local/lib/python3.12/site-packages/airflow/example_dags/example_task_group.py
[2025-04-29T20:20:44.796+0000] {processor.py:914} INFO - Processing file /home/airflow/.local/lib/python3.12/site-packages/airflow/example_dags/example_task_group.py for tasks to queue
[2025-04-29T20:20:44.802+0000] {logging_mixin.py:190} INFO - [2025-04-29T20:20:44.801+0000] {dagbag.py:588} INFO - Filling up the DagBag from /home/airflow/.local/lib/python3.12/site-packages/airflow/example_dags/example_task_group.py
[2025-04-29T20:20:44.820+0000] {processor.py:925} INFO - DAG(s) 'example_task_group' retrieved from /home/airflow/.local/lib/python3.12/site-packages/airflow/example_dags/example_task_group.py
[2025-04-29T20:20:44.858+0000] {logging_mixin.py:190} INFO - [2025-04-29T20:20:44.858+0000] {dag.py:3239} INFO - Sync 1 DAGs
[2025-04-29T20:20:44.878+0000] {logging_mixin.py:190} INFO - [2025-04-29T20:20:44.878+0000] {dag.py:4180} INFO - Setting next_dagrun for example_task_group to None, run_after=None
[2025-04-29T20:20:44.913+0000] {processor.py:208} INFO - Processing /home/airflow/.local/lib/python3.12/site-packages/airflow/example_dags/example_task_group.py took 0.125 seconds
[2025-04-29T20:21:15.730+0000] {processor.py:186} INFO - Started process (PID=3383) to work on /home/airflow/.local/lib/python3.12/site-packages/airflow/example_dags/example_task_group.py
[2025-04-29T20:21:15.733+0000] {processor.py:914} INFO - Processing file /home/airflow/.local/lib/python3.12/site-packages/airflow/example_dags/example_task_group.py for tasks to queue
[2025-04-29T20:21:15.736+0000] {logging_mixin.py:190} INFO - [2025-04-29T20:21:15.736+0000] {dagbag.py:588} INFO - Filling up the DagBag from /home/airflow/.local/lib/python3.12/site-packages/airflow/example_dags/example_task_group.py
[2025-04-29T20:21:15.750+0000] {processor.py:925} INFO - DAG(s) 'example_task_group' retrieved from /home/airflow/.local/lib/python3.12/site-packages/airflow/example_dags/example_task_group.py
[2025-04-29T20:21:15.783+0000] {logging_mixin.py:190} INFO - [2025-04-29T20:21:15.782+0000] {dag.py:3239} INFO - Sync 1 DAGs
[2025-04-29T20:21:15.799+0000] {logging_mixin.py:190} INFO - [2025-04-29T20:21:15.799+0000] {dag.py:4180} INFO - Setting next_dagrun for example_task_group to None, run_after=None
[2025-04-29T20:21:15.826+0000] {processor.py:208} INFO - Processing /home/airflow/.local/lib/python3.12/site-packages/airflow/example_dags/example_task_group.py took 0.106 seconds
[2025-04-29T20:21:46.704+0000] {processor.py:186} INFO - Started process (PID=3446) to work on /home/airflow/.local/lib/python3.12/site-packages/airflow/example_dags/example_task_group.py
[2025-04-29T20:21:46.705+0000] {processor.py:914} INFO - Processing file /home/airflow/.local/lib/python3.12/site-packages/airflow/example_dags/example_task_group.py for tasks to queue
[2025-04-29T20:21:46.709+0000] {logging_mixin.py:190} INFO - [2025-04-29T20:21:46.708+0000] {dagbag.py:588} INFO - Filling up the DagBag from /home/airflow/.local/lib/python3.12/site-packages/airflow/example_dags/example_task_group.py
[2025-04-29T20:21:46.719+0000] {processor.py:925} INFO - DAG(s) 'example_task_group' retrieved from /home/airflow/.local/lib/python3.12/site-packages/airflow/example_dags/example_task_group.py
[2025-04-29T20:21:46.743+0000] {logging_mixin.py:190} INFO - [2025-04-29T20:21:46.742+0000] {dag.py:3239} INFO - Sync 1 DAGs
[2025-04-29T20:21:46.759+0000] {logging_mixin.py:190} INFO - [2025-04-29T20:21:46.759+0000] {dag.py:4180} INFO - Setting next_dagrun for example_task_group to None, run_after=None
[2025-04-29T20:21:46.794+0000] {processor.py:208} INFO - Processing /home/airflow/.local/lib/python3.12/site-packages/airflow/example_dags/example_task_group.py took 0.097 seconds
[2025-04-29T20:22:17.564+0000] {processor.py:186} INFO - Started process (PID=3509) to work on /home/airflow/.local/lib/python3.12/site-packages/airflow/example_dags/example_task_group.py
[2025-04-29T20:22:17.565+0000] {processor.py:914} INFO - Processing file /home/airflow/.local/lib/python3.12/site-packages/airflow/example_dags/example_task_group.py for tasks to queue
[2025-04-29T20:22:17.572+0000] {logging_mixin.py:190} INFO - [2025-04-29T20:22:17.572+0000] {dagbag.py:588} INFO - Filling up the DagBag from /home/airflow/.local/lib/python3.12/site-packages/airflow/example_dags/example_task_group.py
[2025-04-29T20:22:17.586+0000] {processor.py:925} INFO - DAG(s) 'example_task_group' retrieved from /home/airflow/.local/lib/python3.12/site-packages/airflow/example_dags/example_task_group.py
[2025-04-29T20:22:17.622+0000] {logging_mixin.py:190} INFO - [2025-04-29T20:22:17.622+0000] {dag.py:3239} INFO - Sync 1 DAGs
[2025-04-29T20:22:17.638+0000] {logging_mixin.py:190} INFO - [2025-04-29T20:22:17.638+0000] {dag.py:4180} INFO - Setting next_dagrun for example_task_group to None, run_after=None
[2025-04-29T20:22:17.664+0000] {processor.py:208} INFO - Processing /home/airflow/.local/lib/python3.12/site-packages/airflow/example_dags/example_task_group.py took 0.107 seconds
[2025-04-29T20:22:48.368+0000] {processor.py:186} INFO - Started process (PID=3570) to work on /home/airflow/.local/lib/python3.12/site-packages/airflow/example_dags/example_task_group.py
[2025-04-29T20:22:48.370+0000] {processor.py:914} INFO - Processing file /home/airflow/.local/lib/python3.12/site-packages/airflow/example_dags/example_task_group.py for tasks to queue
[2025-04-29T20:22:48.375+0000] {logging_mixin.py:190} INFO - [2025-04-29T20:22:48.374+0000] {dagbag.py:588} INFO - Filling up the DagBag from /home/airflow/.local/lib/python3.12/site-packages/airflow/example_dags/example_task_group.py
[2025-04-29T20:22:48.390+0000] {processor.py:925} INFO - DAG(s) 'example_task_group' retrieved from /home/airflow/.local/lib/python3.12/site-packages/airflow/example_dags/example_task_group.py
[2025-04-29T20:22:48.423+0000] {logging_mixin.py:190} INFO - [2025-04-29T20:22:48.423+0000] {dag.py:3239} INFO - Sync 1 DAGs
[2025-04-29T20:22:48.443+0000] {logging_mixin.py:190} INFO - [2025-04-29T20:22:48.443+0000] {dag.py:4180} INFO - Setting next_dagrun for example_task_group to None, run_after=None
[2025-04-29T20:22:48.483+0000] {processor.py:208} INFO - Processing /home/airflow/.local/lib/python3.12/site-packages/airflow/example_dags/example_task_group.py took 0.126 seconds
[2025-04-29T20:23:18.828+0000] {processor.py:186} INFO - Started process (PID=3633) to work on /home/airflow/.local/lib/python3.12/site-packages/airflow/example_dags/example_task_group.py
[2025-04-29T20:23:18.830+0000] {processor.py:914} INFO - Processing file /home/airflow/.local/lib/python3.12/site-packages/airflow/example_dags/example_task_group.py for tasks to queue
[2025-04-29T20:23:18.835+0000] {logging_mixin.py:190} INFO - [2025-04-29T20:23:18.834+0000] {dagbag.py:588} INFO - Filling up the DagBag from /home/airflow/.local/lib/python3.12/site-packages/airflow/example_dags/example_task_group.py
[2025-04-29T20:23:18.857+0000] {processor.py:925} INFO - DAG(s) 'example_task_group' retrieved from /home/airflow/.local/lib/python3.12/site-packages/airflow/example_dags/example_task_group.py
[2025-04-29T20:23:18.900+0000] {logging_mixin.py:190} INFO - [2025-04-29T20:23:18.899+0000] {dag.py:3239} INFO - Sync 1 DAGs
[2025-04-29T20:23:18.927+0000] {logging_mixin.py:190} INFO - [2025-04-29T20:23:18.927+0000] {dag.py:4180} INFO - Setting next_dagrun for example_task_group to None, run_after=None
[2025-04-29T20:23:18.966+0000] {processor.py:208} INFO - Processing /home/airflow/.local/lib/python3.12/site-packages/airflow/example_dags/example_task_group.py took 0.150 seconds
[2025-04-29T20:23:49.626+0000] {processor.py:186} INFO - Started process (PID=3696) to work on /home/airflow/.local/lib/python3.12/site-packages/airflow/example_dags/example_task_group.py
[2025-04-29T20:23:49.628+0000] {processor.py:914} INFO - Processing file /home/airflow/.local/lib/python3.12/site-packages/airflow/example_dags/example_task_group.py for tasks to queue
[2025-04-29T20:23:49.635+0000] {logging_mixin.py:190} INFO - [2025-04-29T20:23:49.634+0000] {dagbag.py:588} INFO - Filling up the DagBag from /home/airflow/.local/lib/python3.12/site-packages/airflow/example_dags/example_task_group.py
[2025-04-29T20:23:49.656+0000] {processor.py:925} INFO - DAG(s) 'example_task_group' retrieved from /home/airflow/.local/lib/python3.12/site-packages/airflow/example_dags/example_task_group.py
[2025-04-29T20:23:49.701+0000] {logging_mixin.py:190} INFO - [2025-04-29T20:23:49.700+0000] {dag.py:3239} INFO - Sync 1 DAGs
[2025-04-29T20:23:49.722+0000] {logging_mixin.py:190} INFO - [2025-04-29T20:23:49.722+0000] {dag.py:4180} INFO - Setting next_dagrun for example_task_group to None, run_after=None
[2025-04-29T20:23:49.755+0000] {processor.py:208} INFO - Processing /home/airflow/.local/lib/python3.12/site-packages/airflow/example_dags/example_task_group.py took 0.143 seconds
[2025-04-29T20:24:20.605+0000] {processor.py:186} INFO - Started process (PID=3759) to work on /home/airflow/.local/lib/python3.12/site-packages/airflow/example_dags/example_task_group.py
[2025-04-29T20:24:20.606+0000] {processor.py:914} INFO - Processing file /home/airflow/.local/lib/python3.12/site-packages/airflow/example_dags/example_task_group.py for tasks to queue
[2025-04-29T20:24:20.609+0000] {logging_mixin.py:190} INFO - [2025-04-29T20:24:20.609+0000] {dagbag.py:588} INFO - Filling up the DagBag from /home/airflow/.local/lib/python3.12/site-packages/airflow/example_dags/example_task_group.py
[2025-04-29T20:24:20.620+0000] {processor.py:925} INFO - DAG(s) 'example_task_group' retrieved from /home/airflow/.local/lib/python3.12/site-packages/airflow/example_dags/example_task_group.py
[2025-04-29T20:24:20.649+0000] {logging_mixin.py:190} INFO - [2025-04-29T20:24:20.649+0000] {dag.py:3239} INFO - Sync 1 DAGs
[2025-04-29T20:24:20.671+0000] {logging_mixin.py:190} INFO - [2025-04-29T20:24:20.671+0000] {dag.py:4180} INFO - Setting next_dagrun for example_task_group to None, run_after=None
[2025-04-29T20:24:20.706+0000] {processor.py:208} INFO - Processing /home/airflow/.local/lib/python3.12/site-packages/airflow/example_dags/example_task_group.py took 0.108 seconds
[2025-04-29T20:24:51.555+0000] {processor.py:186} INFO - Started process (PID=3822) to work on /home/airflow/.local/lib/python3.12/site-packages/airflow/example_dags/example_task_group.py
[2025-04-29T20:24:51.558+0000] {processor.py:914} INFO - Processing file /home/airflow/.local/lib/python3.12/site-packages/airflow/example_dags/example_task_group.py for tasks to queue
[2025-04-29T20:24:51.568+0000] {logging_mixin.py:190} INFO - [2025-04-29T20:24:51.566+0000] {dagbag.py:588} INFO - Filling up the DagBag from /home/airflow/.local/lib/python3.12/site-packages/airflow/example_dags/example_task_group.py
[2025-04-29T20:24:51.588+0000] {processor.py:925} INFO - DAG(s) 'example_task_group' retrieved from /home/airflow/.local/lib/python3.12/site-packages/airflow/example_dags/example_task_group.py
[2025-04-29T20:24:51.635+0000] {logging_mixin.py:190} INFO - [2025-04-29T20:24:51.634+0000] {dag.py:3239} INFO - Sync 1 DAGs
[2025-04-29T20:24:51.657+0000] {logging_mixin.py:190} INFO - [2025-04-29T20:24:51.657+0000] {dag.py:4180} INFO - Setting next_dagrun for example_task_group to None, run_after=None
[2025-04-29T20:24:51.693+0000] {processor.py:208} INFO - Processing /home/airflow/.local/lib/python3.12/site-packages/airflow/example_dags/example_task_group.py took 0.151 seconds
[2025-04-29T20:25:21.817+0000] {processor.py:186} INFO - Started process (PID=3885) to work on /home/airflow/.local/lib/python3.12/site-packages/airflow/example_dags/example_task_group.py
[2025-04-29T20:25:21.818+0000] {processor.py:914} INFO - Processing file /home/airflow/.local/lib/python3.12/site-packages/airflow/example_dags/example_task_group.py for tasks to queue
[2025-04-29T20:25:21.822+0000] {logging_mixin.py:190} INFO - [2025-04-29T20:25:21.821+0000] {dagbag.py:588} INFO - Filling up the DagBag from /home/airflow/.local/lib/python3.12/site-packages/airflow/example_dags/example_task_group.py
[2025-04-29T20:25:21.834+0000] {processor.py:925} INFO - DAG(s) 'example_task_group' retrieved from /home/airflow/.local/lib/python3.12/site-packages/airflow/example_dags/example_task_group.py
[2025-04-29T20:25:21.882+0000] {logging_mixin.py:190} INFO - [2025-04-29T20:25:21.881+0000] {dag.py:3239} INFO - Sync 1 DAGs
[2025-04-29T20:25:21.904+0000] {logging_mixin.py:190} INFO - [2025-04-29T20:25:21.903+0000] {dag.py:4180} INFO - Setting next_dagrun for example_task_group to None, run_after=None
[2025-04-29T20:25:21.941+0000] {processor.py:208} INFO - Processing /home/airflow/.local/lib/python3.12/site-packages/airflow/example_dags/example_task_group.py took 0.132 seconds
[2025-04-29T20:25:52.205+0000] {processor.py:186} INFO - Started process (PID=3947) to work on /home/airflow/.local/lib/python3.12/site-packages/airflow/example_dags/example_task_group.py
[2025-04-29T20:25:52.207+0000] {processor.py:914} INFO - Processing file /home/airflow/.local/lib/python3.12/site-packages/airflow/example_dags/example_task_group.py for tasks to queue
[2025-04-29T20:25:52.212+0000] {logging_mixin.py:190} INFO - [2025-04-29T20:25:52.212+0000] {dagbag.py:588} INFO - Filling up the DagBag from /home/airflow/.local/lib/python3.12/site-packages/airflow/example_dags/example_task_group.py
[2025-04-29T20:25:52.228+0000] {processor.py:925} INFO - DAG(s) 'example_task_group' retrieved from /home/airflow/.local/lib/python3.12/site-packages/airflow/example_dags/example_task_group.py
[2025-04-29T20:25:52.262+0000] {logging_mixin.py:190} INFO - [2025-04-29T20:25:52.262+0000] {dag.py:3239} INFO - Sync 1 DAGs
[2025-04-29T20:25:52.280+0000] {logging_mixin.py:190} INFO - [2025-04-29T20:25:52.279+0000] {dag.py:4180} INFO - Setting next_dagrun for example_task_group to None, run_after=None
[2025-04-29T20:25:52.307+0000] {processor.py:208} INFO - Processing /home/airflow/.local/lib/python3.12/site-packages/airflow/example_dags/example_task_group.py took 0.114 seconds
[2025-04-29T20:26:22.732+0000] {processor.py:186} INFO - Started process (PID=4010) to work on /home/airflow/.local/lib/python3.12/site-packages/airflow/example_dags/example_task_group.py
[2025-04-29T20:26:22.733+0000] {processor.py:914} INFO - Processing file /home/airflow/.local/lib/python3.12/site-packages/airflow/example_dags/example_task_group.py for tasks to queue
[2025-04-29T20:26:22.737+0000] {logging_mixin.py:190} INFO - [2025-04-29T20:26:22.736+0000] {dagbag.py:588} INFO - Filling up the DagBag from /home/airflow/.local/lib/python3.12/site-packages/airflow/example_dags/example_task_group.py
[2025-04-29T20:26:22.753+0000] {processor.py:925} INFO - DAG(s) 'example_task_group' retrieved from /home/airflow/.local/lib/python3.12/site-packages/airflow/example_dags/example_task_group.py
[2025-04-29T20:26:22.793+0000] {logging_mixin.py:190} INFO - [2025-04-29T20:26:22.792+0000] {dag.py:3239} INFO - Sync 1 DAGs
[2025-04-29T20:26:22.814+0000] {logging_mixin.py:190} INFO - [2025-04-29T20:26:22.813+0000] {dag.py:4180} INFO - Setting next_dagrun for example_task_group to None, run_after=None
[2025-04-29T20:26:22.847+0000] {processor.py:208} INFO - Processing /home/airflow/.local/lib/python3.12/site-packages/airflow/example_dags/example_task_group.py took 0.123 seconds
[2025-04-29T20:26:53.092+0000] {processor.py:186} INFO - Started process (PID=4073) to work on /home/airflow/.local/lib/python3.12/site-packages/airflow/example_dags/example_task_group.py
[2025-04-29T20:26:53.094+0000] {processor.py:914} INFO - Processing file /home/airflow/.local/lib/python3.12/site-packages/airflow/example_dags/example_task_group.py for tasks to queue
[2025-04-29T20:26:53.101+0000] {logging_mixin.py:190} INFO - [2025-04-29T20:26:53.100+0000] {dagbag.py:588} INFO - Filling up the DagBag from /home/airflow/.local/lib/python3.12/site-packages/airflow/example_dags/example_task_group.py
[2025-04-29T20:26:53.117+0000] {processor.py:925} INFO - DAG(s) 'example_task_group' retrieved from /home/airflow/.local/lib/python3.12/site-packages/airflow/example_dags/example_task_group.py
[2025-04-29T20:26:53.155+0000] {logging_mixin.py:190} INFO - [2025-04-29T20:26:53.154+0000] {dag.py:3239} INFO - Sync 1 DAGs
[2025-04-29T20:26:53.179+0000] {logging_mixin.py:190} INFO - [2025-04-29T20:26:53.179+0000] {dag.py:4180} INFO - Setting next_dagrun for example_task_group to None, run_after=None
[2025-04-29T20:26:53.208+0000] {processor.py:208} INFO - Processing /home/airflow/.local/lib/python3.12/site-packages/airflow/example_dags/example_task_group.py took 0.127 seconds
[2025-04-29T20:27:23.741+0000] {processor.py:186} INFO - Started process (PID=4136) to work on /home/airflow/.local/lib/python3.12/site-packages/airflow/example_dags/example_task_group.py
[2025-04-29T20:27:23.743+0000] {processor.py:914} INFO - Processing file /home/airflow/.local/lib/python3.12/site-packages/airflow/example_dags/example_task_group.py for tasks to queue
[2025-04-29T20:27:23.747+0000] {logging_mixin.py:190} INFO - [2025-04-29T20:27:23.746+0000] {dagbag.py:588} INFO - Filling up the DagBag from /home/airflow/.local/lib/python3.12/site-packages/airflow/example_dags/example_task_group.py
[2025-04-29T20:27:23.757+0000] {processor.py:925} INFO - DAG(s) 'example_task_group' retrieved from /home/airflow/.local/lib/python3.12/site-packages/airflow/example_dags/example_task_group.py
[2025-04-29T20:27:23.783+0000] {logging_mixin.py:190} INFO - [2025-04-29T20:27:23.782+0000] {dag.py:3239} INFO - Sync 1 DAGs
[2025-04-29T20:27:23.800+0000] {logging_mixin.py:190} INFO - [2025-04-29T20:27:23.799+0000] {dag.py:4180} INFO - Setting next_dagrun for example_task_group to None, run_after=None
[2025-04-29T20:27:23.833+0000] {processor.py:208} INFO - Processing /home/airflow/.local/lib/python3.12/site-packages/airflow/example_dags/example_task_group.py took 0.100 seconds
[2025-04-29T20:27:54.441+0000] {processor.py:186} INFO - Started process (PID=4198) to work on /home/airflow/.local/lib/python3.12/site-packages/airflow/example_dags/example_task_group.py
[2025-04-29T20:27:54.444+0000] {processor.py:914} INFO - Processing file /home/airflow/.local/lib/python3.12/site-packages/airflow/example_dags/example_task_group.py for tasks to queue
[2025-04-29T20:27:54.450+0000] {logging_mixin.py:190} INFO - [2025-04-29T20:27:54.450+0000] {dagbag.py:588} INFO - Filling up the DagBag from /home/airflow/.local/lib/python3.12/site-packages/airflow/example_dags/example_task_group.py
[2025-04-29T20:27:54.467+0000] {processor.py:925} INFO - DAG(s) 'example_task_group' retrieved from /home/airflow/.local/lib/python3.12/site-packages/airflow/example_dags/example_task_group.py
[2025-04-29T20:27:54.508+0000] {logging_mixin.py:190} INFO - [2025-04-29T20:27:54.508+0000] {dag.py:3239} INFO - Sync 1 DAGs
[2025-04-29T20:27:54.530+0000] {logging_mixin.py:190} INFO - [2025-04-29T20:27:54.530+0000] {dag.py:4180} INFO - Setting next_dagrun for example_task_group to None, run_after=None
[2025-04-29T20:27:54.571+0000] {processor.py:208} INFO - Processing /home/airflow/.local/lib/python3.12/site-packages/airflow/example_dags/example_task_group.py took 0.151 seconds
[2025-04-29T20:28:25.538+0000] {processor.py:186} INFO - Started process (PID=4261) to work on /home/airflow/.local/lib/python3.12/site-packages/airflow/example_dags/example_task_group.py
[2025-04-29T20:28:25.540+0000] {processor.py:914} INFO - Processing file /home/airflow/.local/lib/python3.12/site-packages/airflow/example_dags/example_task_group.py for tasks to queue
[2025-04-29T20:28:25.545+0000] {logging_mixin.py:190} INFO - [2025-04-29T20:28:25.544+0000] {dagbag.py:588} INFO - Filling up the DagBag from /home/airflow/.local/lib/python3.12/site-packages/airflow/example_dags/example_task_group.py
[2025-04-29T20:28:25.560+0000] {processor.py:925} INFO - DAG(s) 'example_task_group' retrieved from /home/airflow/.local/lib/python3.12/site-packages/airflow/example_dags/example_task_group.py
[2025-04-29T20:28:25.590+0000] {logging_mixin.py:190} INFO - [2025-04-29T20:28:25.590+0000] {dag.py:3239} INFO - Sync 1 DAGs
[2025-04-29T20:28:25.618+0000] {logging_mixin.py:190} INFO - [2025-04-29T20:28:25.618+0000] {dag.py:4180} INFO - Setting next_dagrun for example_task_group to None, run_after=None
[2025-04-29T20:28:25.644+0000] {processor.py:208} INFO - Processing /home/airflow/.local/lib/python3.12/site-packages/airflow/example_dags/example_task_group.py took 0.113 seconds
[2025-04-29T20:28:56.488+0000] {processor.py:186} INFO - Started process (PID=4324) to work on /home/airflow/.local/lib/python3.12/site-packages/airflow/example_dags/example_task_group.py
[2025-04-29T20:28:56.490+0000] {processor.py:914} INFO - Processing file /home/airflow/.local/lib/python3.12/site-packages/airflow/example_dags/example_task_group.py for tasks to queue
[2025-04-29T20:28:56.496+0000] {logging_mixin.py:190} INFO - [2025-04-29T20:28:56.495+0000] {dagbag.py:588} INFO - Filling up the DagBag from /home/airflow/.local/lib/python3.12/site-packages/airflow/example_dags/example_task_group.py
[2025-04-29T20:28:56.509+0000] {processor.py:925} INFO - DAG(s) 'example_task_group' retrieved from /home/airflow/.local/lib/python3.12/site-packages/airflow/example_dags/example_task_group.py
[2025-04-29T20:28:56.563+0000] {logging_mixin.py:190} INFO - [2025-04-29T20:28:56.562+0000] {dag.py:3239} INFO - Sync 1 DAGs
[2025-04-29T20:28:56.610+0000] {logging_mixin.py:190} INFO - [2025-04-29T20:28:56.610+0000] {dag.py:4180} INFO - Setting next_dagrun for example_task_group to None, run_after=None
[2025-04-29T20:28:56.664+0000] {processor.py:208} INFO - Processing /home/airflow/.local/lib/python3.12/site-packages/airflow/example_dags/example_task_group.py took 0.185 seconds
[2025-04-29T20:29:27.168+0000] {processor.py:186} INFO - Started process (PID=4387) to work on /home/airflow/.local/lib/python3.12/site-packages/airflow/example_dags/example_task_group.py
[2025-04-29T20:29:27.170+0000] {processor.py:914} INFO - Processing file /home/airflow/.local/lib/python3.12/site-packages/airflow/example_dags/example_task_group.py for tasks to queue
[2025-04-29T20:29:27.179+0000] {logging_mixin.py:190} INFO - [2025-04-29T20:29:27.178+0000] {dagbag.py:588} INFO - Filling up the DagBag from /home/airflow/.local/lib/python3.12/site-packages/airflow/example_dags/example_task_group.py
[2025-04-29T20:29:27.200+0000] {processor.py:925} INFO - DAG(s) 'example_task_group' retrieved from /home/airflow/.local/lib/python3.12/site-packages/airflow/example_dags/example_task_group.py
[2025-04-29T20:29:27.258+0000] {logging_mixin.py:190} INFO - [2025-04-29T20:29:27.257+0000] {dag.py:3239} INFO - Sync 1 DAGs
[2025-04-29T20:29:27.293+0000] {logging_mixin.py:190} INFO - [2025-04-29T20:29:27.292+0000] {dag.py:4180} INFO - Setting next_dagrun for example_task_group to None, run_after=None
[2025-04-29T20:29:27.354+0000] {processor.py:208} INFO - Processing /home/airflow/.local/lib/python3.12/site-packages/airflow/example_dags/example_task_group.py took 0.199 seconds
[2025-04-29T20:29:57.721+0000] {processor.py:186} INFO - Started process (PID=4450) to work on /home/airflow/.local/lib/python3.12/site-packages/airflow/example_dags/example_task_group.py
[2025-04-29T20:29:57.723+0000] {processor.py:914} INFO - Processing file /home/airflow/.local/lib/python3.12/site-packages/airflow/example_dags/example_task_group.py for tasks to queue
[2025-04-29T20:29:57.728+0000] {logging_mixin.py:190} INFO - [2025-04-29T20:29:57.727+0000] {dagbag.py:588} INFO - Filling up the DagBag from /home/airflow/.local/lib/python3.12/site-packages/airflow/example_dags/example_task_group.py
[2025-04-29T20:29:57.742+0000] {processor.py:925} INFO - DAG(s) 'example_task_group' retrieved from /home/airflow/.local/lib/python3.12/site-packages/airflow/example_dags/example_task_group.py
[2025-04-29T20:29:57.785+0000] {logging_mixin.py:190} INFO - [2025-04-29T20:29:57.785+0000] {dag.py:3239} INFO - Sync 1 DAGs
[2025-04-29T20:29:57.809+0000] {logging_mixin.py:190} INFO - [2025-04-29T20:29:57.809+0000] {dag.py:4180} INFO - Setting next_dagrun for example_task_group to None, run_after=None
[2025-04-29T20:29:57.855+0000] {processor.py:208} INFO - Processing /home/airflow/.local/lib/python3.12/site-packages/airflow/example_dags/example_task_group.py took 0.143 seconds
[2025-04-29T20:30:28.197+0000] {processor.py:186} INFO - Started process (PID=4513) to work on /home/airflow/.local/lib/python3.12/site-packages/airflow/example_dags/example_task_group.py
[2025-04-29T20:30:28.198+0000] {processor.py:914} INFO - Processing file /home/airflow/.local/lib/python3.12/site-packages/airflow/example_dags/example_task_group.py for tasks to queue
[2025-04-29T20:30:28.207+0000] {logging_mixin.py:190} INFO - [2025-04-29T20:30:28.206+0000] {dagbag.py:588} INFO - Filling up the DagBag from /home/airflow/.local/lib/python3.12/site-packages/airflow/example_dags/example_task_group.py
[2025-04-29T20:30:28.225+0000] {processor.py:925} INFO - DAG(s) 'example_task_group' retrieved from /home/airflow/.local/lib/python3.12/site-packages/airflow/example_dags/example_task_group.py
[2025-04-29T20:30:28.252+0000] {logging_mixin.py:190} INFO - [2025-04-29T20:30:28.252+0000] {dag.py:3239} INFO - Sync 1 DAGs
[2025-04-29T20:30:28.274+0000] {logging_mixin.py:190} INFO - [2025-04-29T20:30:28.274+0000] {dag.py:4180} INFO - Setting next_dagrun for example_task_group to None, run_after=None
[2025-04-29T20:30:28.299+0000] {processor.py:208} INFO - Processing /home/airflow/.local/lib/python3.12/site-packages/airflow/example_dags/example_task_group.py took 0.111 seconds
[2025-04-29T20:30:59.141+0000] {processor.py:186} INFO - Started process (PID=4574) to work on /home/airflow/.local/lib/python3.12/site-packages/airflow/example_dags/example_task_group.py
[2025-04-29T20:30:59.144+0000] {processor.py:914} INFO - Processing file /home/airflow/.local/lib/python3.12/site-packages/airflow/example_dags/example_task_group.py for tasks to queue
[2025-04-29T20:30:59.151+0000] {logging_mixin.py:190} INFO - [2025-04-29T20:30:59.150+0000] {dagbag.py:588} INFO - Filling up the DagBag from /home/airflow/.local/lib/python3.12/site-packages/airflow/example_dags/example_task_group.py
[2025-04-29T20:30:59.168+0000] {processor.py:925} INFO - DAG(s) 'example_task_group' retrieved from /home/airflow/.local/lib/python3.12/site-packages/airflow/example_dags/example_task_group.py
[2025-04-29T20:30:59.220+0000] {logging_mixin.py:190} INFO - [2025-04-29T20:30:59.219+0000] {dag.py:3239} INFO - Sync 1 DAGs
[2025-04-29T20:30:59.249+0000] {logging_mixin.py:190} INFO - [2025-04-29T20:30:59.249+0000] {dag.py:4180} INFO - Setting next_dagrun for example_task_group to None, run_after=None
[2025-04-29T20:30:59.302+0000] {processor.py:208} INFO - Processing /home/airflow/.local/lib/python3.12/site-packages/airflow/example_dags/example_task_group.py took 0.177 seconds
[2025-04-29T20:31:29.783+0000] {processor.py:186} INFO - Started process (PID=4637) to work on /home/airflow/.local/lib/python3.12/site-packages/airflow/example_dags/example_task_group.py
[2025-04-29T20:31:29.786+0000] {processor.py:914} INFO - Processing file /home/airflow/.local/lib/python3.12/site-packages/airflow/example_dags/example_task_group.py for tasks to queue
[2025-04-29T20:31:29.793+0000] {logging_mixin.py:190} INFO - [2025-04-29T20:31:29.792+0000] {dagbag.py:588} INFO - Filling up the DagBag from /home/airflow/.local/lib/python3.12/site-packages/airflow/example_dags/example_task_group.py
[2025-04-29T20:31:29.810+0000] {processor.py:925} INFO - DAG(s) 'example_task_group' retrieved from /home/airflow/.local/lib/python3.12/site-packages/airflow/example_dags/example_task_group.py
[2025-04-29T20:31:29.859+0000] {logging_mixin.py:190} INFO - [2025-04-29T20:31:29.858+0000] {dag.py:3239} INFO - Sync 1 DAGs
[2025-04-29T20:31:29.880+0000] {logging_mixin.py:190} INFO - [2025-04-29T20:31:29.880+0000] {dag.py:4180} INFO - Setting next_dagrun for example_task_group to None, run_after=None
[2025-04-29T20:31:29.919+0000] {processor.py:208} INFO - Processing /home/airflow/.local/lib/python3.12/site-packages/airflow/example_dags/example_task_group.py took 0.151 seconds
[2025-04-29T20:32:00.383+0000] {processor.py:186} INFO - Started process (PID=4700) to work on /home/airflow/.local/lib/python3.12/site-packages/airflow/example_dags/example_task_group.py
[2025-04-29T20:32:00.384+0000] {processor.py:914} INFO - Processing file /home/airflow/.local/lib/python3.12/site-packages/airflow/example_dags/example_task_group.py for tasks to queue
[2025-04-29T20:32:00.388+0000] {logging_mixin.py:190} INFO - [2025-04-29T20:32:00.388+0000] {dagbag.py:588} INFO - Filling up the DagBag from /home/airflow/.local/lib/python3.12/site-packages/airflow/example_dags/example_task_group.py
[2025-04-29T20:32:00.399+0000] {processor.py:925} INFO - DAG(s) 'example_task_group' retrieved from /home/airflow/.local/lib/python3.12/site-packages/airflow/example_dags/example_task_group.py
[2025-04-29T20:32:00.431+0000] {logging_mixin.py:190} INFO - [2025-04-29T20:32:00.430+0000] {dag.py:3239} INFO - Sync 1 DAGs
[2025-04-29T20:32:00.449+0000] {logging_mixin.py:190} INFO - [2025-04-29T20:32:00.449+0000] {dag.py:4180} INFO - Setting next_dagrun for example_task_group to None, run_after=None
[2025-04-29T20:32:00.473+0000] {processor.py:208} INFO - Processing /home/airflow/.local/lib/python3.12/site-packages/airflow/example_dags/example_task_group.py took 0.101 seconds
[2025-04-29T20:32:30.881+0000] {processor.py:186} INFO - Started process (PID=4762) to work on /home/airflow/.local/lib/python3.12/site-packages/airflow/example_dags/example_task_group.py
[2025-04-29T20:32:30.884+0000] {processor.py:914} INFO - Processing file /home/airflow/.local/lib/python3.12/site-packages/airflow/example_dags/example_task_group.py for tasks to queue
[2025-04-29T20:32:30.889+0000] {logging_mixin.py:190} INFO - [2025-04-29T20:32:30.888+0000] {dagbag.py:588} INFO - Filling up the DagBag from /home/airflow/.local/lib/python3.12/site-packages/airflow/example_dags/example_task_group.py
[2025-04-29T20:32:30.903+0000] {processor.py:925} INFO - DAG(s) 'example_task_group' retrieved from /home/airflow/.local/lib/python3.12/site-packages/airflow/example_dags/example_task_group.py
[2025-04-29T20:32:30.937+0000] {logging_mixin.py:190} INFO - [2025-04-29T20:32:30.937+0000] {dag.py:3239} INFO - Sync 1 DAGs
[2025-04-29T20:32:30.956+0000] {logging_mixin.py:190} INFO - [2025-04-29T20:32:30.956+0000] {dag.py:4180} INFO - Setting next_dagrun for example_task_group to None, run_after=None
[2025-04-29T20:32:30.984+0000] {processor.py:208} INFO - Processing /home/airflow/.local/lib/python3.12/site-packages/airflow/example_dags/example_task_group.py took 0.112 seconds
[2025-04-29T20:33:01.252+0000] {processor.py:186} INFO - Started process (PID=4825) to work on /home/airflow/.local/lib/python3.12/site-packages/airflow/example_dags/example_task_group.py
[2025-04-29T20:33:01.253+0000] {processor.py:914} INFO - Processing file /home/airflow/.local/lib/python3.12/site-packages/airflow/example_dags/example_task_group.py for tasks to queue
[2025-04-29T20:33:01.260+0000] {logging_mixin.py:190} INFO - [2025-04-29T20:33:01.259+0000] {dagbag.py:588} INFO - Filling up the DagBag from /home/airflow/.local/lib/python3.12/site-packages/airflow/example_dags/example_task_group.py
[2025-04-29T20:33:01.277+0000] {processor.py:925} INFO - DAG(s) 'example_task_group' retrieved from /home/airflow/.local/lib/python3.12/site-packages/airflow/example_dags/example_task_group.py
[2025-04-29T20:33:01.346+0000] {logging_mixin.py:190} INFO - [2025-04-29T20:33:01.345+0000] {dag.py:3239} INFO - Sync 1 DAGs
[2025-04-29T20:33:01.375+0000] {logging_mixin.py:190} INFO - [2025-04-29T20:33:01.375+0000] {dag.py:4180} INFO - Setting next_dagrun for example_task_group to None, run_after=None
[2025-04-29T20:33:01.418+0000] {processor.py:208} INFO - Processing /home/airflow/.local/lib/python3.12/site-packages/airflow/example_dags/example_task_group.py took 0.173 seconds
[2025-04-29T20:33:31.948+0000] {processor.py:186} INFO - Started process (PID=4888) to work on /home/airflow/.local/lib/python3.12/site-packages/airflow/example_dags/example_task_group.py
[2025-04-29T20:33:31.950+0000] {processor.py:914} INFO - Processing file /home/airflow/.local/lib/python3.12/site-packages/airflow/example_dags/example_task_group.py for tasks to queue
[2025-04-29T20:33:31.954+0000] {logging_mixin.py:190} INFO - [2025-04-29T20:33:31.954+0000] {dagbag.py:588} INFO - Filling up the DagBag from /home/airflow/.local/lib/python3.12/site-packages/airflow/example_dags/example_task_group.py
[2025-04-29T20:33:31.967+0000] {processor.py:925} INFO - DAG(s) 'example_task_group' retrieved from /home/airflow/.local/lib/python3.12/site-packages/airflow/example_dags/example_task_group.py
[2025-04-29T20:33:32.004+0000] {logging_mixin.py:190} INFO - [2025-04-29T20:33:32.003+0000] {dag.py:3239} INFO - Sync 1 DAGs
[2025-04-29T20:33:32.024+0000] {logging_mixin.py:190} INFO - [2025-04-29T20:33:32.024+0000] {dag.py:4180} INFO - Setting next_dagrun for example_task_group to None, run_after=None
[2025-04-29T20:33:32.063+0000] {processor.py:208} INFO - Processing /home/airflow/.local/lib/python3.12/site-packages/airflow/example_dags/example_task_group.py took 0.124 seconds
