[2025-04-29T19:54:35.282+0000] {processor.py:186} INFO - Started process (PID=97) to work on /home/airflow/.local/lib/python3.12/site-packages/airflow/example_dags/tutorial.py
[2025-04-29T19:54:35.284+0000] {processor.py:914} INFO - Processing file /home/airflow/.local/lib/python3.12/site-packages/airflow/example_dags/tutorial.py for tasks to queue
[2025-04-29T19:54:35.288+0000] {logging_mixin.py:190} INFO - [2025-04-29T19:54:35.287+0000] {dagbag.py:588} INFO - Filling up the DagBag from /home/airflow/.local/lib/python3.12/site-packages/airflow/example_dags/tutorial.py
[2025-04-29T19:54:35.303+0000] {processor.py:925} INFO - DAG(s) 'tutorial' retrieved from /home/airflow/.local/lib/python3.12/site-packages/airflow/example_dags/tutorial.py
[2025-04-29T19:54:35.334+0000] {logging_mixin.py:190} INFO - [2025-04-29T19:54:35.334+0000] {dag.py:3239} INFO - Sync 1 DAGs
[2025-04-29T19:54:35.361+0000] {logging_mixin.py:190} INFO - [2025-04-29T19:54:35.361+0000] {dag.py:4180} INFO - Setting next_dagrun for tutorial to 2025-04-28 00:00:00+00:00, run_after=2025-04-29 00:00:00+00:00
[2025-04-29T19:54:35.382+0000] {processor.py:208} INFO - Processing /home/airflow/.local/lib/python3.12/site-packages/airflow/example_dags/tutorial.py took 0.109 seconds
[2025-04-29T19:55:06.714+0000] {processor.py:186} INFO - Started process (PID=166) to work on /home/airflow/.local/lib/python3.12/site-packages/airflow/example_dags/tutorial.py
[2025-04-29T19:55:06.715+0000] {processor.py:914} INFO - Processing file /home/airflow/.local/lib/python3.12/site-packages/airflow/example_dags/tutorial.py for tasks to queue
[2025-04-29T19:55:06.721+0000] {logging_mixin.py:190} INFO - [2025-04-29T19:55:06.720+0000] {dagbag.py:588} INFO - Filling up the DagBag from /home/airflow/.local/lib/python3.12/site-packages/airflow/example_dags/tutorial.py
[2025-04-29T19:55:06.733+0000] {processor.py:925} INFO - DAG(s) 'tutorial' retrieved from /home/airflow/.local/lib/python3.12/site-packages/airflow/example_dags/tutorial.py
[2025-04-29T19:55:06.768+0000] {logging_mixin.py:190} INFO - [2025-04-29T19:55:06.768+0000] {dag.py:3239} INFO - Sync 1 DAGs
[2025-04-29T19:55:06.799+0000] {logging_mixin.py:190} INFO - [2025-04-29T19:55:06.799+0000] {dag.py:4180} INFO - Setting next_dagrun for tutorial to 2025-04-28 00:00:00+00:00, run_after=2025-04-29 00:00:00+00:00
[2025-04-29T19:55:06.841+0000] {processor.py:208} INFO - Processing /home/airflow/.local/lib/python3.12/site-packages/airflow/example_dags/tutorial.py took 0.134 seconds
[2025-04-29T19:55:37.944+0000] {processor.py:186} INFO - Started process (PID=229) to work on /home/airflow/.local/lib/python3.12/site-packages/airflow/example_dags/tutorial.py
[2025-04-29T19:55:37.945+0000] {processor.py:914} INFO - Processing file /home/airflow/.local/lib/python3.12/site-packages/airflow/example_dags/tutorial.py for tasks to queue
[2025-04-29T19:55:37.948+0000] {logging_mixin.py:190} INFO - [2025-04-29T19:55:37.948+0000] {dagbag.py:588} INFO - Filling up the DagBag from /home/airflow/.local/lib/python3.12/site-packages/airflow/example_dags/tutorial.py
[2025-04-29T19:55:37.961+0000] {processor.py:925} INFO - DAG(s) 'tutorial' retrieved from /home/airflow/.local/lib/python3.12/site-packages/airflow/example_dags/tutorial.py
[2025-04-29T19:55:38.000+0000] {logging_mixin.py:190} INFO - [2025-04-29T19:55:38.000+0000] {dag.py:3239} INFO - Sync 1 DAGs
[2025-04-29T19:55:38.034+0000] {logging_mixin.py:190} INFO - [2025-04-29T19:55:38.033+0000] {dag.py:4180} INFO - Setting next_dagrun for tutorial to 2025-04-28 00:00:00+00:00, run_after=2025-04-29 00:00:00+00:00
[2025-04-29T19:55:38.062+0000] {processor.py:208} INFO - Processing /home/airflow/.local/lib/python3.12/site-packages/airflow/example_dags/tutorial.py took 0.126 seconds
[2025-04-29T19:56:08.104+0000] {processor.py:186} INFO - Started process (PID=291) to work on /home/airflow/.local/lib/python3.12/site-packages/airflow/example_dags/tutorial.py
[2025-04-29T19:56:08.105+0000] {processor.py:914} INFO - Processing file /home/airflow/.local/lib/python3.12/site-packages/airflow/example_dags/tutorial.py for tasks to queue
[2025-04-29T19:56:08.109+0000] {logging_mixin.py:190} INFO - [2025-04-29T19:56:08.108+0000] {dagbag.py:588} INFO - Filling up the DagBag from /home/airflow/.local/lib/python3.12/site-packages/airflow/example_dags/tutorial.py
[2025-04-29T19:56:08.119+0000] {processor.py:925} INFO - DAG(s) 'tutorial' retrieved from /home/airflow/.local/lib/python3.12/site-packages/airflow/example_dags/tutorial.py
[2025-04-29T19:56:08.142+0000] {logging_mixin.py:190} INFO - [2025-04-29T19:56:08.142+0000] {dag.py:3239} INFO - Sync 1 DAGs
[2025-04-29T19:56:08.168+0000] {logging_mixin.py:190} INFO - [2025-04-29T19:56:08.168+0000] {dag.py:4180} INFO - Setting next_dagrun for tutorial to 2025-04-28 00:00:00+00:00, run_after=2025-04-29 00:00:00+00:00
[2025-04-29T19:56:08.198+0000] {processor.py:208} INFO - Processing /home/airflow/.local/lib/python3.12/site-packages/airflow/example_dags/tutorial.py took 0.102 seconds
[2025-04-29T19:56:38.946+0000] {processor.py:186} INFO - Started process (PID=354) to work on /home/airflow/.local/lib/python3.12/site-packages/airflow/example_dags/tutorial.py
[2025-04-29T19:56:38.948+0000] {processor.py:914} INFO - Processing file /home/airflow/.local/lib/python3.12/site-packages/airflow/example_dags/tutorial.py for tasks to queue
[2025-04-29T19:56:38.951+0000] {logging_mixin.py:190} INFO - [2025-04-29T19:56:38.951+0000] {dagbag.py:588} INFO - Filling up the DagBag from /home/airflow/.local/lib/python3.12/site-packages/airflow/example_dags/tutorial.py
[2025-04-29T19:56:38.961+0000] {processor.py:925} INFO - DAG(s) 'tutorial' retrieved from /home/airflow/.local/lib/python3.12/site-packages/airflow/example_dags/tutorial.py
[2025-04-29T19:56:38.991+0000] {logging_mixin.py:190} INFO - [2025-04-29T19:56:38.991+0000] {dag.py:3239} INFO - Sync 1 DAGs
[2025-04-29T19:56:39.023+0000] {logging_mixin.py:190} INFO - [2025-04-29T19:56:39.022+0000] {dag.py:4180} INFO - Setting next_dagrun for tutorial to 2025-04-28 00:00:00+00:00, run_after=2025-04-29 00:00:00+00:00
[2025-04-29T19:56:39.052+0000] {processor.py:208} INFO - Processing /home/airflow/.local/lib/python3.12/site-packages/airflow/example_dags/tutorial.py took 0.113 seconds
[2025-04-29T19:57:09.239+0000] {processor.py:186} INFO - Started process (PID=417) to work on /home/airflow/.local/lib/python3.12/site-packages/airflow/example_dags/tutorial.py
[2025-04-29T19:57:09.241+0000] {processor.py:914} INFO - Processing file /home/airflow/.local/lib/python3.12/site-packages/airflow/example_dags/tutorial.py for tasks to queue
[2025-04-29T19:57:09.248+0000] {logging_mixin.py:190} INFO - [2025-04-29T19:57:09.247+0000] {dagbag.py:588} INFO - Filling up the DagBag from /home/airflow/.local/lib/python3.12/site-packages/airflow/example_dags/tutorial.py
[2025-04-29T19:57:09.272+0000] {processor.py:925} INFO - DAG(s) 'tutorial' retrieved from /home/airflow/.local/lib/python3.12/site-packages/airflow/example_dags/tutorial.py
[2025-04-29T19:57:09.305+0000] {logging_mixin.py:190} INFO - [2025-04-29T19:57:09.305+0000] {dag.py:3239} INFO - Sync 1 DAGs
[2025-04-29T19:57:09.337+0000] {logging_mixin.py:190} INFO - [2025-04-29T19:57:09.337+0000] {dag.py:4180} INFO - Setting next_dagrun for tutorial to 2025-04-28 00:00:00+00:00, run_after=2025-04-29 00:00:00+00:00
[2025-04-29T19:57:09.378+0000] {processor.py:208} INFO - Processing /home/airflow/.local/lib/python3.12/site-packages/airflow/example_dags/tutorial.py took 0.151 seconds
[2025-04-29T19:57:39.920+0000] {processor.py:186} INFO - Started process (PID=480) to work on /home/airflow/.local/lib/python3.12/site-packages/airflow/example_dags/tutorial.py
[2025-04-29T19:57:39.921+0000] {processor.py:914} INFO - Processing file /home/airflow/.local/lib/python3.12/site-packages/airflow/example_dags/tutorial.py for tasks to queue
[2025-04-29T19:57:39.925+0000] {logging_mixin.py:190} INFO - [2025-04-29T19:57:39.924+0000] {dagbag.py:588} INFO - Filling up the DagBag from /home/airflow/.local/lib/python3.12/site-packages/airflow/example_dags/tutorial.py
[2025-04-29T19:57:39.939+0000] {processor.py:925} INFO - DAG(s) 'tutorial' retrieved from /home/airflow/.local/lib/python3.12/site-packages/airflow/example_dags/tutorial.py
[2025-04-29T19:57:39.971+0000] {logging_mixin.py:190} INFO - [2025-04-29T19:57:39.971+0000] {dag.py:3239} INFO - Sync 1 DAGs
[2025-04-29T19:57:40.006+0000] {logging_mixin.py:190} INFO - [2025-04-29T19:57:40.006+0000] {dag.py:4180} INFO - Setting next_dagrun for tutorial to 2025-04-28 00:00:00+00:00, run_after=2025-04-29 00:00:00+00:00
[2025-04-29T19:57:40.043+0000] {processor.py:208} INFO - Processing /home/airflow/.local/lib/python3.12/site-packages/airflow/example_dags/tutorial.py took 0.131 seconds
[2025-04-29T19:58:10.109+0000] {processor.py:186} INFO - Started process (PID=542) to work on /home/airflow/.local/lib/python3.12/site-packages/airflow/example_dags/tutorial.py
[2025-04-29T19:58:10.112+0000] {processor.py:914} INFO - Processing file /home/airflow/.local/lib/python3.12/site-packages/airflow/example_dags/tutorial.py for tasks to queue
[2025-04-29T19:58:10.121+0000] {logging_mixin.py:190} INFO - [2025-04-29T19:58:10.120+0000] {dagbag.py:588} INFO - Filling up the DagBag from /home/airflow/.local/lib/python3.12/site-packages/airflow/example_dags/tutorial.py
[2025-04-29T19:58:10.144+0000] {processor.py:925} INFO - DAG(s) 'tutorial' retrieved from /home/airflow/.local/lib/python3.12/site-packages/airflow/example_dags/tutorial.py
[2025-04-29T19:58:10.191+0000] {logging_mixin.py:190} INFO - [2025-04-29T19:58:10.191+0000] {dag.py:3239} INFO - Sync 1 DAGs
[2025-04-29T19:58:10.240+0000] {logging_mixin.py:190} INFO - [2025-04-29T19:58:10.240+0000] {dag.py:4180} INFO - Setting next_dagrun for tutorial to 2025-04-28 00:00:00+00:00, run_after=2025-04-29 00:00:00+00:00
[2025-04-29T19:58:10.284+0000] {processor.py:208} INFO - Processing /home/airflow/.local/lib/python3.12/site-packages/airflow/example_dags/tutorial.py took 0.187 seconds
[2025-04-29T19:58:41.181+0000] {processor.py:186} INFO - Started process (PID=605) to work on /home/airflow/.local/lib/python3.12/site-packages/airflow/example_dags/tutorial.py
[2025-04-29T19:58:41.183+0000] {processor.py:914} INFO - Processing file /home/airflow/.local/lib/python3.12/site-packages/airflow/example_dags/tutorial.py for tasks to queue
[2025-04-29T19:58:41.191+0000] {logging_mixin.py:190} INFO - [2025-04-29T19:58:41.190+0000] {dagbag.py:588} INFO - Filling up the DagBag from /home/airflow/.local/lib/python3.12/site-packages/airflow/example_dags/tutorial.py
[2025-04-29T19:58:41.214+0000] {processor.py:925} INFO - DAG(s) 'tutorial' retrieved from /home/airflow/.local/lib/python3.12/site-packages/airflow/example_dags/tutorial.py
[2025-04-29T19:58:41.271+0000] {logging_mixin.py:190} INFO - [2025-04-29T19:58:41.271+0000] {dag.py:3239} INFO - Sync 1 DAGs
[2025-04-29T19:58:41.321+0000] {logging_mixin.py:190} INFO - [2025-04-29T19:58:41.320+0000] {dag.py:4180} INFO - Setting next_dagrun for tutorial to 2025-04-28 00:00:00+00:00, run_after=2025-04-29 00:00:00+00:00
[2025-04-29T19:58:41.368+0000] {processor.py:208} INFO - Processing /home/airflow/.local/lib/python3.12/site-packages/airflow/example_dags/tutorial.py took 0.202 seconds
[2025-04-29T19:59:11.643+0000] {processor.py:186} INFO - Started process (PID=668) to work on /home/airflow/.local/lib/python3.12/site-packages/airflow/example_dags/tutorial.py
[2025-04-29T19:59:11.646+0000] {processor.py:914} INFO - Processing file /home/airflow/.local/lib/python3.12/site-packages/airflow/example_dags/tutorial.py for tasks to queue
[2025-04-29T19:59:11.652+0000] {logging_mixin.py:190} INFO - [2025-04-29T19:59:11.652+0000] {dagbag.py:588} INFO - Filling up the DagBag from /home/airflow/.local/lib/python3.12/site-packages/airflow/example_dags/tutorial.py
[2025-04-29T19:59:11.670+0000] {processor.py:925} INFO - DAG(s) 'tutorial' retrieved from /home/airflow/.local/lib/python3.12/site-packages/airflow/example_dags/tutorial.py
[2025-04-29T19:59:11.731+0000] {logging_mixin.py:190} INFO - [2025-04-29T19:59:11.730+0000] {dag.py:3239} INFO - Sync 1 DAGs
[2025-04-29T19:59:11.785+0000] {logging_mixin.py:190} INFO - [2025-04-29T19:59:11.785+0000] {dag.py:4180} INFO - Setting next_dagrun for tutorial to 2025-04-28 00:00:00+00:00, run_after=2025-04-29 00:00:00+00:00
[2025-04-29T19:59:11.849+0000] {processor.py:208} INFO - Processing /home/airflow/.local/lib/python3.12/site-packages/airflow/example_dags/tutorial.py took 0.223 seconds
[2025-04-29T19:59:42.702+0000] {processor.py:186} INFO - Started process (PID=731) to work on /home/airflow/.local/lib/python3.12/site-packages/airflow/example_dags/tutorial.py
[2025-04-29T19:59:42.706+0000] {processor.py:914} INFO - Processing file /home/airflow/.local/lib/python3.12/site-packages/airflow/example_dags/tutorial.py for tasks to queue
[2025-04-29T19:59:42.715+0000] {logging_mixin.py:190} INFO - [2025-04-29T19:59:42.714+0000] {dagbag.py:588} INFO - Filling up the DagBag from /home/airflow/.local/lib/python3.12/site-packages/airflow/example_dags/tutorial.py
[2025-04-29T19:59:42.741+0000] {processor.py:925} INFO - DAG(s) 'tutorial' retrieved from /home/airflow/.local/lib/python3.12/site-packages/airflow/example_dags/tutorial.py
[2025-04-29T19:59:42.793+0000] {logging_mixin.py:190} INFO - [2025-04-29T19:59:42.792+0000] {dag.py:3239} INFO - Sync 1 DAGs
[2025-04-29T19:59:42.844+0000] {logging_mixin.py:190} INFO - [2025-04-29T19:59:42.843+0000] {dag.py:4180} INFO - Setting next_dagrun for tutorial to 2025-04-28 00:00:00+00:00, run_after=2025-04-29 00:00:00+00:00
[2025-04-29T19:59:42.897+0000] {processor.py:208} INFO - Processing /home/airflow/.local/lib/python3.12/site-packages/airflow/example_dags/tutorial.py took 0.218 seconds
[2025-04-29T20:00:13.617+0000] {processor.py:186} INFO - Started process (PID=793) to work on /home/airflow/.local/lib/python3.12/site-packages/airflow/example_dags/tutorial.py
[2025-04-29T20:00:13.619+0000] {processor.py:914} INFO - Processing file /home/airflow/.local/lib/python3.12/site-packages/airflow/example_dags/tutorial.py for tasks to queue
[2025-04-29T20:00:13.629+0000] {logging_mixin.py:190} INFO - [2025-04-29T20:00:13.627+0000] {dagbag.py:588} INFO - Filling up the DagBag from /home/airflow/.local/lib/python3.12/site-packages/airflow/example_dags/tutorial.py
[2025-04-29T20:00:13.658+0000] {processor.py:925} INFO - DAG(s) 'tutorial' retrieved from /home/airflow/.local/lib/python3.12/site-packages/airflow/example_dags/tutorial.py
[2025-04-29T20:00:13.723+0000] {logging_mixin.py:190} INFO - [2025-04-29T20:00:13.721+0000] {dag.py:3239} INFO - Sync 1 DAGs
[2025-04-29T20:00:13.767+0000] {logging_mixin.py:190} INFO - [2025-04-29T20:00:13.766+0000] {dag.py:4180} INFO - Setting next_dagrun for tutorial to 2025-04-28 00:00:00+00:00, run_after=2025-04-29 00:00:00+00:00
[2025-04-29T20:00:13.825+0000] {processor.py:208} INFO - Processing /home/airflow/.local/lib/python3.12/site-packages/airflow/example_dags/tutorial.py took 0.221 seconds
[2025-04-29T20:00:44.236+0000] {processor.py:186} INFO - Started process (PID=856) to work on /home/airflow/.local/lib/python3.12/site-packages/airflow/example_dags/tutorial.py
[2025-04-29T20:00:44.237+0000] {processor.py:914} INFO - Processing file /home/airflow/.local/lib/python3.12/site-packages/airflow/example_dags/tutorial.py for tasks to queue
[2025-04-29T20:00:44.241+0000] {logging_mixin.py:190} INFO - [2025-04-29T20:00:44.240+0000] {dagbag.py:588} INFO - Filling up the DagBag from /home/airflow/.local/lib/python3.12/site-packages/airflow/example_dags/tutorial.py
[2025-04-29T20:00:44.252+0000] {processor.py:925} INFO - DAG(s) 'tutorial' retrieved from /home/airflow/.local/lib/python3.12/site-packages/airflow/example_dags/tutorial.py
[2025-04-29T20:00:44.278+0000] {logging_mixin.py:190} INFO - [2025-04-29T20:00:44.277+0000] {dag.py:3239} INFO - Sync 1 DAGs
[2025-04-29T20:00:44.308+0000] {logging_mixin.py:190} INFO - [2025-04-29T20:00:44.307+0000] {dag.py:4180} INFO - Setting next_dagrun for tutorial to 2025-04-28 00:00:00+00:00, run_after=2025-04-29 00:00:00+00:00
[2025-04-29T20:00:44.343+0000] {processor.py:208} INFO - Processing /home/airflow/.local/lib/python3.12/site-packages/airflow/example_dags/tutorial.py took 0.115 seconds
[2025-04-29T20:01:14.836+0000] {processor.py:186} INFO - Started process (PID=919) to work on /home/airflow/.local/lib/python3.12/site-packages/airflow/example_dags/tutorial.py
[2025-04-29T20:01:14.840+0000] {processor.py:914} INFO - Processing file /home/airflow/.local/lib/python3.12/site-packages/airflow/example_dags/tutorial.py for tasks to queue
[2025-04-29T20:01:14.848+0000] {logging_mixin.py:190} INFO - [2025-04-29T20:01:14.847+0000] {dagbag.py:588} INFO - Filling up the DagBag from /home/airflow/.local/lib/python3.12/site-packages/airflow/example_dags/tutorial.py
[2025-04-29T20:01:14.872+0000] {processor.py:925} INFO - DAG(s) 'tutorial' retrieved from /home/airflow/.local/lib/python3.12/site-packages/airflow/example_dags/tutorial.py
[2025-04-29T20:01:14.925+0000] {logging_mixin.py:190} INFO - [2025-04-29T20:01:14.924+0000] {dag.py:3239} INFO - Sync 1 DAGs
[2025-04-29T20:01:14.982+0000] {logging_mixin.py:190} INFO - [2025-04-29T20:01:14.981+0000] {dag.py:4180} INFO - Setting next_dagrun for tutorial to 2025-04-28 00:00:00+00:00, run_after=2025-04-29 00:00:00+00:00
[2025-04-29T20:01:15.029+0000] {processor.py:208} INFO - Processing /home/airflow/.local/lib/python3.12/site-packages/airflow/example_dags/tutorial.py took 0.208 seconds
[2025-04-29T20:01:45.424+0000] {processor.py:186} INFO - Started process (PID=982) to work on /home/airflow/.local/lib/python3.12/site-packages/airflow/example_dags/tutorial.py
[2025-04-29T20:01:45.427+0000] {processor.py:914} INFO - Processing file /home/airflow/.local/lib/python3.12/site-packages/airflow/example_dags/tutorial.py for tasks to queue
[2025-04-29T20:01:45.435+0000] {logging_mixin.py:190} INFO - [2025-04-29T20:01:45.434+0000] {dagbag.py:588} INFO - Filling up the DagBag from /home/airflow/.local/lib/python3.12/site-packages/airflow/example_dags/tutorial.py
[2025-04-29T20:01:45.459+0000] {processor.py:925} INFO - DAG(s) 'tutorial' retrieved from /home/airflow/.local/lib/python3.12/site-packages/airflow/example_dags/tutorial.py
[2025-04-29T20:01:45.511+0000] {logging_mixin.py:190} INFO - [2025-04-29T20:01:45.511+0000] {dag.py:3239} INFO - Sync 1 DAGs
[2025-04-29T20:01:45.551+0000] {logging_mixin.py:190} INFO - [2025-04-29T20:01:45.550+0000] {dag.py:4180} INFO - Setting next_dagrun for tutorial to 2025-04-28 00:00:00+00:00, run_after=2025-04-29 00:00:00+00:00
[2025-04-29T20:01:45.587+0000] {processor.py:208} INFO - Processing /home/airflow/.local/lib/python3.12/site-packages/airflow/example_dags/tutorial.py took 0.179 seconds
[2025-04-29T20:02:15.658+0000] {processor.py:186} INFO - Started process (PID=1044) to work on /home/airflow/.local/lib/python3.12/site-packages/airflow/example_dags/tutorial.py
[2025-04-29T20:02:15.659+0000] {processor.py:914} INFO - Processing file /home/airflow/.local/lib/python3.12/site-packages/airflow/example_dags/tutorial.py for tasks to queue
[2025-04-29T20:02:15.663+0000] {logging_mixin.py:190} INFO - [2025-04-29T20:02:15.662+0000] {dagbag.py:588} INFO - Filling up the DagBag from /home/airflow/.local/lib/python3.12/site-packages/airflow/example_dags/tutorial.py
[2025-04-29T20:02:15.675+0000] {processor.py:925} INFO - DAG(s) 'tutorial' retrieved from /home/airflow/.local/lib/python3.12/site-packages/airflow/example_dags/tutorial.py
[2025-04-29T20:02:15.707+0000] {logging_mixin.py:190} INFO - [2025-04-29T20:02:15.706+0000] {dag.py:3239} INFO - Sync 1 DAGs
[2025-04-29T20:02:15.740+0000] {logging_mixin.py:190} INFO - [2025-04-29T20:02:15.739+0000] {dag.py:4180} INFO - Setting next_dagrun for tutorial to 2025-04-28 00:00:00+00:00, run_after=2025-04-29 00:00:00+00:00
[2025-04-29T20:02:15.773+0000] {processor.py:208} INFO - Processing /home/airflow/.local/lib/python3.12/site-packages/airflow/example_dags/tutorial.py took 0.123 seconds
[2025-04-29T20:02:45.884+0000] {processor.py:186} INFO - Started process (PID=1107) to work on /home/airflow/.local/lib/python3.12/site-packages/airflow/example_dags/tutorial.py
[2025-04-29T20:02:45.886+0000] {processor.py:914} INFO - Processing file /home/airflow/.local/lib/python3.12/site-packages/airflow/example_dags/tutorial.py for tasks to queue
[2025-04-29T20:02:45.889+0000] {logging_mixin.py:190} INFO - [2025-04-29T20:02:45.889+0000] {dagbag.py:588} INFO - Filling up the DagBag from /home/airflow/.local/lib/python3.12/site-packages/airflow/example_dags/tutorial.py
[2025-04-29T20:02:45.899+0000] {processor.py:925} INFO - DAG(s) 'tutorial' retrieved from /home/airflow/.local/lib/python3.12/site-packages/airflow/example_dags/tutorial.py
[2025-04-29T20:02:45.929+0000] {logging_mixin.py:190} INFO - [2025-04-29T20:02:45.928+0000] {dag.py:3239} INFO - Sync 1 DAGs
[2025-04-29T20:02:45.974+0000] {logging_mixin.py:190} INFO - [2025-04-29T20:02:45.973+0000] {dag.py:4180} INFO - Setting next_dagrun for tutorial to 2025-04-28 00:00:00+00:00, run_after=2025-04-29 00:00:00+00:00
[2025-04-29T20:02:46.006+0000] {processor.py:208} INFO - Processing /home/airflow/.local/lib/python3.12/site-packages/airflow/example_dags/tutorial.py took 0.128 seconds
[2025-04-29T20:03:16.126+0000] {processor.py:186} INFO - Started process (PID=1170) to work on /home/airflow/.local/lib/python3.12/site-packages/airflow/example_dags/tutorial.py
[2025-04-29T20:03:16.129+0000] {processor.py:914} INFO - Processing file /home/airflow/.local/lib/python3.12/site-packages/airflow/example_dags/tutorial.py for tasks to queue
[2025-04-29T20:03:16.134+0000] {logging_mixin.py:190} INFO - [2025-04-29T20:03:16.134+0000] {dagbag.py:588} INFO - Filling up the DagBag from /home/airflow/.local/lib/python3.12/site-packages/airflow/example_dags/tutorial.py
[2025-04-29T20:03:16.152+0000] {processor.py:925} INFO - DAG(s) 'tutorial' retrieved from /home/airflow/.local/lib/python3.12/site-packages/airflow/example_dags/tutorial.py
[2025-04-29T20:03:16.202+0000] {logging_mixin.py:190} INFO - [2025-04-29T20:03:16.201+0000] {dag.py:3239} INFO - Sync 1 DAGs
[2025-04-29T20:03:16.262+0000] {logging_mixin.py:190} INFO - [2025-04-29T20:03:16.262+0000] {dag.py:4180} INFO - Setting next_dagrun for tutorial to 2025-04-28 00:00:00+00:00, run_after=2025-04-29 00:00:00+00:00
[2025-04-29T20:03:16.317+0000] {processor.py:208} INFO - Processing /home/airflow/.local/lib/python3.12/site-packages/airflow/example_dags/tutorial.py took 0.202 seconds
[2025-04-29T20:03:46.775+0000] {processor.py:186} INFO - Started process (PID=1234) to work on /home/airflow/.local/lib/python3.12/site-packages/airflow/example_dags/tutorial.py
[2025-04-29T20:03:46.777+0000] {processor.py:914} INFO - Processing file /home/airflow/.local/lib/python3.12/site-packages/airflow/example_dags/tutorial.py for tasks to queue
[2025-04-29T20:03:46.785+0000] {logging_mixin.py:190} INFO - [2025-04-29T20:03:46.784+0000] {dagbag.py:588} INFO - Filling up the DagBag from /home/airflow/.local/lib/python3.12/site-packages/airflow/example_dags/tutorial.py
[2025-04-29T20:03:46.805+0000] {processor.py:925} INFO - DAG(s) 'tutorial' retrieved from /home/airflow/.local/lib/python3.12/site-packages/airflow/example_dags/tutorial.py
[2025-04-29T20:03:46.850+0000] {logging_mixin.py:190} INFO - [2025-04-29T20:03:46.849+0000] {dag.py:3239} INFO - Sync 1 DAGs
[2025-04-29T20:03:46.908+0000] {logging_mixin.py:190} INFO - [2025-04-29T20:03:46.908+0000] {dag.py:4180} INFO - Setting next_dagrun for tutorial to 2025-04-28 00:00:00+00:00, run_after=2025-04-29 00:00:00+00:00
[2025-04-29T20:03:46.961+0000] {processor.py:208} INFO - Processing /home/airflow/.local/lib/python3.12/site-packages/airflow/example_dags/tutorial.py took 0.199 seconds
[2025-04-29T20:04:17.014+0000] {processor.py:186} INFO - Started process (PID=1297) to work on /home/airflow/.local/lib/python3.12/site-packages/airflow/example_dags/tutorial.py
[2025-04-29T20:04:17.016+0000] {processor.py:914} INFO - Processing file /home/airflow/.local/lib/python3.12/site-packages/airflow/example_dags/tutorial.py for tasks to queue
[2025-04-29T20:04:17.020+0000] {logging_mixin.py:190} INFO - [2025-04-29T20:04:17.020+0000] {dagbag.py:588} INFO - Filling up the DagBag from /home/airflow/.local/lib/python3.12/site-packages/airflow/example_dags/tutorial.py
[2025-04-29T20:04:17.033+0000] {processor.py:925} INFO - DAG(s) 'tutorial' retrieved from /home/airflow/.local/lib/python3.12/site-packages/airflow/example_dags/tutorial.py
[2025-04-29T20:04:17.062+0000] {logging_mixin.py:190} INFO - [2025-04-29T20:04:17.062+0000] {dag.py:3239} INFO - Sync 1 DAGs
[2025-04-29T20:04:17.107+0000] {logging_mixin.py:190} INFO - [2025-04-29T20:04:17.106+0000] {dag.py:4180} INFO - Setting next_dagrun for tutorial to 2025-04-28 00:00:00+00:00, run_after=2025-04-29 00:00:00+00:00
[2025-04-29T20:04:17.141+0000] {processor.py:208} INFO - Processing /home/airflow/.local/lib/python3.12/site-packages/airflow/example_dags/tutorial.py took 0.140 seconds
[2025-04-29T20:04:47.860+0000] {processor.py:186} INFO - Started process (PID=1360) to work on /home/airflow/.local/lib/python3.12/site-packages/airflow/example_dags/tutorial.py
[2025-04-29T20:04:47.862+0000] {processor.py:914} INFO - Processing file /home/airflow/.local/lib/python3.12/site-packages/airflow/example_dags/tutorial.py for tasks to queue
[2025-04-29T20:04:47.868+0000] {logging_mixin.py:190} INFO - [2025-04-29T20:04:47.867+0000] {dagbag.py:588} INFO - Filling up the DagBag from /home/airflow/.local/lib/python3.12/site-packages/airflow/example_dags/tutorial.py
[2025-04-29T20:04:47.881+0000] {processor.py:925} INFO - DAG(s) 'tutorial' retrieved from /home/airflow/.local/lib/python3.12/site-packages/airflow/example_dags/tutorial.py
[2025-04-29T20:04:47.915+0000] {logging_mixin.py:190} INFO - [2025-04-29T20:04:47.915+0000] {dag.py:3239} INFO - Sync 1 DAGs
[2025-04-29T20:04:47.952+0000] {logging_mixin.py:190} INFO - [2025-04-29T20:04:47.952+0000] {dag.py:4180} INFO - Setting next_dagrun for tutorial to 2025-04-28 00:00:00+00:00, run_after=2025-04-29 00:00:00+00:00
[2025-04-29T20:04:47.984+0000] {processor.py:208} INFO - Processing /home/airflow/.local/lib/python3.12/site-packages/airflow/example_dags/tutorial.py took 0.138 seconds
[2025-04-29T20:05:18.173+0000] {processor.py:186} INFO - Started process (PID=1423) to work on /home/airflow/.local/lib/python3.12/site-packages/airflow/example_dags/tutorial.py
[2025-04-29T20:05:18.175+0000] {processor.py:914} INFO - Processing file /home/airflow/.local/lib/python3.12/site-packages/airflow/example_dags/tutorial.py for tasks to queue
[2025-04-29T20:05:18.180+0000] {logging_mixin.py:190} INFO - [2025-04-29T20:05:18.180+0000] {dagbag.py:588} INFO - Filling up the DagBag from /home/airflow/.local/lib/python3.12/site-packages/airflow/example_dags/tutorial.py
[2025-04-29T20:05:18.198+0000] {processor.py:925} INFO - DAG(s) 'tutorial' retrieved from /home/airflow/.local/lib/python3.12/site-packages/airflow/example_dags/tutorial.py
[2025-04-29T20:05:18.241+0000] {logging_mixin.py:190} INFO - [2025-04-29T20:05:18.240+0000] {dag.py:3239} INFO - Sync 1 DAGs
[2025-04-29T20:05:18.276+0000] {logging_mixin.py:190} INFO - [2025-04-29T20:05:18.276+0000] {dag.py:4180} INFO - Setting next_dagrun for tutorial to 2025-04-28 00:00:00+00:00, run_after=2025-04-29 00:00:00+00:00
[2025-04-29T20:05:18.301+0000] {processor.py:208} INFO - Processing /home/airflow/.local/lib/python3.12/site-packages/airflow/example_dags/tutorial.py took 0.142 seconds
[2025-04-29T20:05:48.709+0000] {processor.py:186} INFO - Started process (PID=1486) to work on /home/airflow/.local/lib/python3.12/site-packages/airflow/example_dags/tutorial.py
[2025-04-29T20:05:48.711+0000] {processor.py:914} INFO - Processing file /home/airflow/.local/lib/python3.12/site-packages/airflow/example_dags/tutorial.py for tasks to queue
[2025-04-29T20:05:48.715+0000] {logging_mixin.py:190} INFO - [2025-04-29T20:05:48.714+0000] {dagbag.py:588} INFO - Filling up the DagBag from /home/airflow/.local/lib/python3.12/site-packages/airflow/example_dags/tutorial.py
[2025-04-29T20:05:48.728+0000] {processor.py:925} INFO - DAG(s) 'tutorial' retrieved from /home/airflow/.local/lib/python3.12/site-packages/airflow/example_dags/tutorial.py
[2025-04-29T20:05:48.765+0000] {logging_mixin.py:190} INFO - [2025-04-29T20:05:48.764+0000] {dag.py:3239} INFO - Sync 1 DAGs
[2025-04-29T20:05:48.817+0000] {logging_mixin.py:190} INFO - [2025-04-29T20:05:48.816+0000] {dag.py:4180} INFO - Setting next_dagrun for tutorial to 2025-04-28 00:00:00+00:00, run_after=2025-04-29 00:00:00+00:00
[2025-04-29T20:05:48.844+0000] {processor.py:208} INFO - Processing /home/airflow/.local/lib/python3.12/site-packages/airflow/example_dags/tutorial.py took 0.143 seconds
[2025-04-29T20:06:19.289+0000] {processor.py:186} INFO - Started process (PID=1549) to work on /home/airflow/.local/lib/python3.12/site-packages/airflow/example_dags/tutorial.py
[2025-04-29T20:06:19.291+0000] {processor.py:914} INFO - Processing file /home/airflow/.local/lib/python3.12/site-packages/airflow/example_dags/tutorial.py for tasks to queue
[2025-04-29T20:06:19.295+0000] {logging_mixin.py:190} INFO - [2025-04-29T20:06:19.294+0000] {dagbag.py:588} INFO - Filling up the DagBag from /home/airflow/.local/lib/python3.12/site-packages/airflow/example_dags/tutorial.py
[2025-04-29T20:06:19.309+0000] {processor.py:925} INFO - DAG(s) 'tutorial' retrieved from /home/airflow/.local/lib/python3.12/site-packages/airflow/example_dags/tutorial.py
[2025-04-29T20:06:19.356+0000] {logging_mixin.py:190} INFO - [2025-04-29T20:06:19.356+0000] {dag.py:3239} INFO - Sync 1 DAGs
[2025-04-29T20:06:19.393+0000] {logging_mixin.py:190} INFO - [2025-04-29T20:06:19.393+0000] {dag.py:4180} INFO - Setting next_dagrun for tutorial to 2025-04-28 00:00:00+00:00, run_after=2025-04-29 00:00:00+00:00
[2025-04-29T20:06:19.425+0000] {processor.py:208} INFO - Processing /home/airflow/.local/lib/python3.12/site-packages/airflow/example_dags/tutorial.py took 0.144 seconds
[2025-04-29T20:06:49.643+0000] {processor.py:186} INFO - Started process (PID=1612) to work on /home/airflow/.local/lib/python3.12/site-packages/airflow/example_dags/tutorial.py
[2025-04-29T20:06:49.646+0000] {processor.py:914} INFO - Processing file /home/airflow/.local/lib/python3.12/site-packages/airflow/example_dags/tutorial.py for tasks to queue
[2025-04-29T20:06:49.651+0000] {logging_mixin.py:190} INFO - [2025-04-29T20:06:49.651+0000] {dagbag.py:588} INFO - Filling up the DagBag from /home/airflow/.local/lib/python3.12/site-packages/airflow/example_dags/tutorial.py
[2025-04-29T20:06:49.667+0000] {processor.py:925} INFO - DAG(s) 'tutorial' retrieved from /home/airflow/.local/lib/python3.12/site-packages/airflow/example_dags/tutorial.py
[2025-04-29T20:06:49.714+0000] {logging_mixin.py:190} INFO - [2025-04-29T20:06:49.713+0000] {dag.py:3239} INFO - Sync 1 DAGs
[2025-04-29T20:06:49.751+0000] {logging_mixin.py:190} INFO - [2025-04-29T20:06:49.750+0000] {dag.py:4180} INFO - Setting next_dagrun for tutorial to 2025-04-28 00:00:00+00:00, run_after=2025-04-29 00:00:00+00:00
[2025-04-29T20:06:49.778+0000] {processor.py:208} INFO - Processing /home/airflow/.local/lib/python3.12/site-packages/airflow/example_dags/tutorial.py took 0.147 seconds
[2025-04-29T20:07:20.036+0000] {processor.py:186} INFO - Started process (PID=1675) to work on /home/airflow/.local/lib/python3.12/site-packages/airflow/example_dags/tutorial.py
[2025-04-29T20:07:20.038+0000] {processor.py:914} INFO - Processing file /home/airflow/.local/lib/python3.12/site-packages/airflow/example_dags/tutorial.py for tasks to queue
[2025-04-29T20:07:20.043+0000] {logging_mixin.py:190} INFO - [2025-04-29T20:07:20.042+0000] {dagbag.py:588} INFO - Filling up the DagBag from /home/airflow/.local/lib/python3.12/site-packages/airflow/example_dags/tutorial.py
[2025-04-29T20:07:20.059+0000] {processor.py:925} INFO - DAG(s) 'tutorial' retrieved from /home/airflow/.local/lib/python3.12/site-packages/airflow/example_dags/tutorial.py
[2025-04-29T20:07:20.084+0000] {logging_mixin.py:190} INFO - [2025-04-29T20:07:20.084+0000] {dag.py:3239} INFO - Sync 1 DAGs
[2025-04-29T20:07:20.118+0000] {logging_mixin.py:190} INFO - [2025-04-29T20:07:20.118+0000] {dag.py:4180} INFO - Setting next_dagrun for tutorial to 2025-04-28 00:00:00+00:00, run_after=2025-04-29 00:00:00+00:00
[2025-04-29T20:07:20.156+0000] {processor.py:208} INFO - Processing /home/airflow/.local/lib/python3.12/site-packages/airflow/example_dags/tutorial.py took 0.127 seconds
[2025-04-29T20:07:50.234+0000] {processor.py:186} INFO - Started process (PID=1738) to work on /home/airflow/.local/lib/python3.12/site-packages/airflow/example_dags/tutorial.py
[2025-04-29T20:07:50.236+0000] {processor.py:914} INFO - Processing file /home/airflow/.local/lib/python3.12/site-packages/airflow/example_dags/tutorial.py for tasks to queue
[2025-04-29T20:07:50.239+0000] {logging_mixin.py:190} INFO - [2025-04-29T20:07:50.239+0000] {dagbag.py:588} INFO - Filling up the DagBag from /home/airflow/.local/lib/python3.12/site-packages/airflow/example_dags/tutorial.py
[2025-04-29T20:07:50.249+0000] {processor.py:925} INFO - DAG(s) 'tutorial' retrieved from /home/airflow/.local/lib/python3.12/site-packages/airflow/example_dags/tutorial.py
[2025-04-29T20:07:50.281+0000] {logging_mixin.py:190} INFO - [2025-04-29T20:07:50.281+0000] {dag.py:3239} INFO - Sync 1 DAGs
[2025-04-29T20:07:50.323+0000] {logging_mixin.py:190} INFO - [2025-04-29T20:07:50.322+0000] {dag.py:4180} INFO - Setting next_dagrun for tutorial to 2025-04-28 00:00:00+00:00, run_after=2025-04-29 00:00:00+00:00
[2025-04-29T20:07:50.348+0000] {processor.py:208} INFO - Processing /home/airflow/.local/lib/python3.12/site-packages/airflow/example_dags/tutorial.py took 0.120 seconds
[2025-04-29T20:08:21.651+0000] {processor.py:186} INFO - Started process (PID=1801) to work on /home/airflow/.local/lib/python3.12/site-packages/airflow/example_dags/tutorial.py
[2025-04-29T20:08:21.653+0000] {processor.py:914} INFO - Processing file /home/airflow/.local/lib/python3.12/site-packages/airflow/example_dags/tutorial.py for tasks to queue
[2025-04-29T20:08:21.658+0000] {logging_mixin.py:190} INFO - [2025-04-29T20:08:21.658+0000] {dagbag.py:588} INFO - Filling up the DagBag from /home/airflow/.local/lib/python3.12/site-packages/airflow/example_dags/tutorial.py
[2025-04-29T20:08:21.675+0000] {processor.py:925} INFO - DAG(s) 'tutorial' retrieved from /home/airflow/.local/lib/python3.12/site-packages/airflow/example_dags/tutorial.py
[2025-04-29T20:08:21.717+0000] {logging_mixin.py:190} INFO - [2025-04-29T20:08:21.717+0000] {dag.py:3239} INFO - Sync 1 DAGs
[2025-04-29T20:08:21.759+0000] {logging_mixin.py:190} INFO - [2025-04-29T20:08:21.759+0000] {dag.py:4180} INFO - Setting next_dagrun for tutorial to 2025-04-28 00:00:00+00:00, run_after=2025-04-29 00:00:00+00:00
[2025-04-29T20:08:21.788+0000] {processor.py:208} INFO - Processing /home/airflow/.local/lib/python3.12/site-packages/airflow/example_dags/tutorial.py took 0.147 seconds
[2025-04-29T20:08:52.117+0000] {processor.py:186} INFO - Started process (PID=1864) to work on /home/airflow/.local/lib/python3.12/site-packages/airflow/example_dags/tutorial.py
[2025-04-29T20:08:52.120+0000] {processor.py:914} INFO - Processing file /home/airflow/.local/lib/python3.12/site-packages/airflow/example_dags/tutorial.py for tasks to queue
[2025-04-29T20:08:52.125+0000] {logging_mixin.py:190} INFO - [2025-04-29T20:08:52.124+0000] {dagbag.py:588} INFO - Filling up the DagBag from /home/airflow/.local/lib/python3.12/site-packages/airflow/example_dags/tutorial.py
[2025-04-29T20:08:52.137+0000] {processor.py:925} INFO - DAG(s) 'tutorial' retrieved from /home/airflow/.local/lib/python3.12/site-packages/airflow/example_dags/tutorial.py
[2025-04-29T20:08:52.170+0000] {logging_mixin.py:190} INFO - [2025-04-29T20:08:52.169+0000] {dag.py:3239} INFO - Sync 1 DAGs
[2025-04-29T20:08:52.219+0000] {logging_mixin.py:190} INFO - [2025-04-29T20:08:52.219+0000] {dag.py:4180} INFO - Setting next_dagrun for tutorial to 2025-04-28 00:00:00+00:00, run_after=2025-04-29 00:00:00+00:00
[2025-04-29T20:08:52.267+0000] {processor.py:208} INFO - Processing /home/airflow/.local/lib/python3.12/site-packages/airflow/example_dags/tutorial.py took 0.159 seconds
[2025-04-29T20:09:22.621+0000] {processor.py:186} INFO - Started process (PID=1927) to work on /home/airflow/.local/lib/python3.12/site-packages/airflow/example_dags/tutorial.py
[2025-04-29T20:09:22.623+0000] {processor.py:914} INFO - Processing file /home/airflow/.local/lib/python3.12/site-packages/airflow/example_dags/tutorial.py for tasks to queue
[2025-04-29T20:09:22.628+0000] {logging_mixin.py:190} INFO - [2025-04-29T20:09:22.627+0000] {dagbag.py:588} INFO - Filling up the DagBag from /home/airflow/.local/lib/python3.12/site-packages/airflow/example_dags/tutorial.py
[2025-04-29T20:09:22.649+0000] {processor.py:925} INFO - DAG(s) 'tutorial' retrieved from /home/airflow/.local/lib/python3.12/site-packages/airflow/example_dags/tutorial.py
[2025-04-29T20:09:22.717+0000] {logging_mixin.py:190} INFO - [2025-04-29T20:09:22.716+0000] {dag.py:3239} INFO - Sync 1 DAGs
[2025-04-29T20:09:22.796+0000] {logging_mixin.py:190} INFO - [2025-04-29T20:09:22.796+0000] {dag.py:4180} INFO - Setting next_dagrun for tutorial to 2025-04-28 00:00:00+00:00, run_after=2025-04-29 00:00:00+00:00
[2025-04-29T20:09:22.826+0000] {processor.py:208} INFO - Processing /home/airflow/.local/lib/python3.12/site-packages/airflow/example_dags/tutorial.py took 0.219 seconds
[2025-04-29T20:09:53.238+0000] {processor.py:186} INFO - Started process (PID=1990) to work on /home/airflow/.local/lib/python3.12/site-packages/airflow/example_dags/tutorial.py
[2025-04-29T20:09:53.240+0000] {processor.py:914} INFO - Processing file /home/airflow/.local/lib/python3.12/site-packages/airflow/example_dags/tutorial.py for tasks to queue
[2025-04-29T20:09:53.246+0000] {logging_mixin.py:190} INFO - [2025-04-29T20:09:53.245+0000] {dagbag.py:588} INFO - Filling up the DagBag from /home/airflow/.local/lib/python3.12/site-packages/airflow/example_dags/tutorial.py
[2025-04-29T20:09:53.263+0000] {processor.py:925} INFO - DAG(s) 'tutorial' retrieved from /home/airflow/.local/lib/python3.12/site-packages/airflow/example_dags/tutorial.py
[2025-04-29T20:09:53.301+0000] {logging_mixin.py:190} INFO - [2025-04-29T20:09:53.301+0000] {dag.py:3239} INFO - Sync 1 DAGs
[2025-04-29T20:09:53.337+0000] {logging_mixin.py:190} INFO - [2025-04-29T20:09:53.336+0000] {dag.py:4180} INFO - Setting next_dagrun for tutorial to 2025-04-28 00:00:00+00:00, run_after=2025-04-29 00:00:00+00:00
[2025-04-29T20:09:53.371+0000] {processor.py:208} INFO - Processing /home/airflow/.local/lib/python3.12/site-packages/airflow/example_dags/tutorial.py took 0.151 seconds
[2025-04-29T20:10:23.792+0000] {processor.py:186} INFO - Started process (PID=2053) to work on /home/airflow/.local/lib/python3.12/site-packages/airflow/example_dags/tutorial.py
[2025-04-29T20:10:23.794+0000] {processor.py:914} INFO - Processing file /home/airflow/.local/lib/python3.12/site-packages/airflow/example_dags/tutorial.py for tasks to queue
[2025-04-29T20:10:23.798+0000] {logging_mixin.py:190} INFO - [2025-04-29T20:10:23.798+0000] {dagbag.py:588} INFO - Filling up the DagBag from /home/airflow/.local/lib/python3.12/site-packages/airflow/example_dags/tutorial.py
[2025-04-29T20:10:23.812+0000] {processor.py:925} INFO - DAG(s) 'tutorial' retrieved from /home/airflow/.local/lib/python3.12/site-packages/airflow/example_dags/tutorial.py
[2025-04-29T20:10:23.842+0000] {logging_mixin.py:190} INFO - [2025-04-29T20:10:23.841+0000] {dag.py:3239} INFO - Sync 1 DAGs
[2025-04-29T20:10:23.872+0000] {logging_mixin.py:190} INFO - [2025-04-29T20:10:23.871+0000] {dag.py:4180} INFO - Setting next_dagrun for tutorial to 2025-04-28 00:00:00+00:00, run_after=2025-04-29 00:00:00+00:00
[2025-04-29T20:10:23.897+0000] {processor.py:208} INFO - Processing /home/airflow/.local/lib/python3.12/site-packages/airflow/example_dags/tutorial.py took 0.114 seconds
[2025-04-29T20:10:54.285+0000] {processor.py:186} INFO - Started process (PID=2116) to work on /home/airflow/.local/lib/python3.12/site-packages/airflow/example_dags/tutorial.py
[2025-04-29T20:10:54.287+0000] {processor.py:914} INFO - Processing file /home/airflow/.local/lib/python3.12/site-packages/airflow/example_dags/tutorial.py for tasks to queue
[2025-04-29T20:10:54.291+0000] {logging_mixin.py:190} INFO - [2025-04-29T20:10:54.291+0000] {dagbag.py:588} INFO - Filling up the DagBag from /home/airflow/.local/lib/python3.12/site-packages/airflow/example_dags/tutorial.py
[2025-04-29T20:10:54.308+0000] {processor.py:925} INFO - DAG(s) 'tutorial' retrieved from /home/airflow/.local/lib/python3.12/site-packages/airflow/example_dags/tutorial.py
[2025-04-29T20:10:54.348+0000] {logging_mixin.py:190} INFO - [2025-04-29T20:10:54.347+0000] {dag.py:3239} INFO - Sync 1 DAGs
[2025-04-29T20:10:54.379+0000] {logging_mixin.py:190} INFO - [2025-04-29T20:10:54.378+0000] {dag.py:4180} INFO - Setting next_dagrun for tutorial to 2025-04-28 00:00:00+00:00, run_after=2025-04-29 00:00:00+00:00
[2025-04-29T20:10:54.417+0000] {processor.py:208} INFO - Processing /home/airflow/.local/lib/python3.12/site-packages/airflow/example_dags/tutorial.py took 0.144 seconds
[2025-04-29T20:11:24.945+0000] {processor.py:186} INFO - Started process (PID=2179) to work on /home/airflow/.local/lib/python3.12/site-packages/airflow/example_dags/tutorial.py
[2025-04-29T20:11:24.947+0000] {processor.py:914} INFO - Processing file /home/airflow/.local/lib/python3.12/site-packages/airflow/example_dags/tutorial.py for tasks to queue
[2025-04-29T20:11:24.952+0000] {logging_mixin.py:190} INFO - [2025-04-29T20:11:24.951+0000] {dagbag.py:588} INFO - Filling up the DagBag from /home/airflow/.local/lib/python3.12/site-packages/airflow/example_dags/tutorial.py
[2025-04-29T20:11:24.964+0000] {processor.py:925} INFO - DAG(s) 'tutorial' retrieved from /home/airflow/.local/lib/python3.12/site-packages/airflow/example_dags/tutorial.py
[2025-04-29T20:11:24.999+0000] {logging_mixin.py:190} INFO - [2025-04-29T20:11:24.998+0000] {dag.py:3239} INFO - Sync 1 DAGs
[2025-04-29T20:11:25.035+0000] {logging_mixin.py:190} INFO - [2025-04-29T20:11:25.035+0000] {dag.py:4180} INFO - Setting next_dagrun for tutorial to 2025-04-28 00:00:00+00:00, run_after=2025-04-29 00:00:00+00:00
[2025-04-29T20:11:25.064+0000] {processor.py:208} INFO - Processing /home/airflow/.local/lib/python3.12/site-packages/airflow/example_dags/tutorial.py took 0.130 seconds
[2025-04-29T20:11:55.936+0000] {processor.py:186} INFO - Started process (PID=2242) to work on /home/airflow/.local/lib/python3.12/site-packages/airflow/example_dags/tutorial.py
[2025-04-29T20:11:55.938+0000] {processor.py:914} INFO - Processing file /home/airflow/.local/lib/python3.12/site-packages/airflow/example_dags/tutorial.py for tasks to queue
[2025-04-29T20:11:55.943+0000] {logging_mixin.py:190} INFO - [2025-04-29T20:11:55.943+0000] {dagbag.py:588} INFO - Filling up the DagBag from /home/airflow/.local/lib/python3.12/site-packages/airflow/example_dags/tutorial.py
[2025-04-29T20:11:55.960+0000] {processor.py:925} INFO - DAG(s) 'tutorial' retrieved from /home/airflow/.local/lib/python3.12/site-packages/airflow/example_dags/tutorial.py
[2025-04-29T20:11:56.001+0000] {logging_mixin.py:190} INFO - [2025-04-29T20:11:56.000+0000] {dag.py:3239} INFO - Sync 1 DAGs
[2025-04-29T20:11:56.040+0000] {logging_mixin.py:190} INFO - [2025-04-29T20:11:56.040+0000] {dag.py:4180} INFO - Setting next_dagrun for tutorial to 2025-04-28 00:00:00+00:00, run_after=2025-04-29 00:00:00+00:00
[2025-04-29T20:11:56.084+0000] {processor.py:208} INFO - Processing /home/airflow/.local/lib/python3.12/site-packages/airflow/example_dags/tutorial.py took 0.159 seconds
[2025-04-29T20:12:26.972+0000] {processor.py:186} INFO - Started process (PID=2305) to work on /home/airflow/.local/lib/python3.12/site-packages/airflow/example_dags/tutorial.py
[2025-04-29T20:12:26.973+0000] {processor.py:914} INFO - Processing file /home/airflow/.local/lib/python3.12/site-packages/airflow/example_dags/tutorial.py for tasks to queue
[2025-04-29T20:12:26.978+0000] {logging_mixin.py:190} INFO - [2025-04-29T20:12:26.977+0000] {dagbag.py:588} INFO - Filling up the DagBag from /home/airflow/.local/lib/python3.12/site-packages/airflow/example_dags/tutorial.py
[2025-04-29T20:12:26.995+0000] {processor.py:925} INFO - DAG(s) 'tutorial' retrieved from /home/airflow/.local/lib/python3.12/site-packages/airflow/example_dags/tutorial.py
[2025-04-29T20:12:27.035+0000] {logging_mixin.py:190} INFO - [2025-04-29T20:12:27.034+0000] {dag.py:3239} INFO - Sync 1 DAGs
[2025-04-29T20:12:27.074+0000] {logging_mixin.py:190} INFO - [2025-04-29T20:12:27.073+0000] {dag.py:4180} INFO - Setting next_dagrun for tutorial to 2025-04-28 00:00:00+00:00, run_after=2025-04-29 00:00:00+00:00
[2025-04-29T20:12:27.130+0000] {processor.py:208} INFO - Processing /home/airflow/.local/lib/python3.12/site-packages/airflow/example_dags/tutorial.py took 0.168 seconds
[2025-04-29T20:12:57.332+0000] {processor.py:186} INFO - Started process (PID=2368) to work on /home/airflow/.local/lib/python3.12/site-packages/airflow/example_dags/tutorial.py
[2025-04-29T20:12:57.334+0000] {processor.py:914} INFO - Processing file /home/airflow/.local/lib/python3.12/site-packages/airflow/example_dags/tutorial.py for tasks to queue
[2025-04-29T20:12:57.338+0000] {logging_mixin.py:190} INFO - [2025-04-29T20:12:57.337+0000] {dagbag.py:588} INFO - Filling up the DagBag from /home/airflow/.local/lib/python3.12/site-packages/airflow/example_dags/tutorial.py
[2025-04-29T20:12:57.356+0000] {processor.py:925} INFO - DAG(s) 'tutorial' retrieved from /home/airflow/.local/lib/python3.12/site-packages/airflow/example_dags/tutorial.py
[2025-04-29T20:12:57.385+0000] {logging_mixin.py:190} INFO - [2025-04-29T20:12:57.385+0000] {dag.py:3239} INFO - Sync 1 DAGs
[2025-04-29T20:12:57.416+0000] {logging_mixin.py:190} INFO - [2025-04-29T20:12:57.416+0000] {dag.py:4180} INFO - Setting next_dagrun for tutorial to 2025-04-28 00:00:00+00:00, run_after=2025-04-29 00:00:00+00:00
[2025-04-29T20:12:57.453+0000] {processor.py:208} INFO - Processing /home/airflow/.local/lib/python3.12/site-packages/airflow/example_dags/tutorial.py took 0.129 seconds
[2025-04-29T20:13:27.628+0000] {processor.py:186} INFO - Started process (PID=2431) to work on /home/airflow/.local/lib/python3.12/site-packages/airflow/example_dags/tutorial.py
[2025-04-29T20:13:27.630+0000] {processor.py:914} INFO - Processing file /home/airflow/.local/lib/python3.12/site-packages/airflow/example_dags/tutorial.py for tasks to queue
[2025-04-29T20:13:27.635+0000] {logging_mixin.py:190} INFO - [2025-04-29T20:13:27.634+0000] {dagbag.py:588} INFO - Filling up the DagBag from /home/airflow/.local/lib/python3.12/site-packages/airflow/example_dags/tutorial.py
[2025-04-29T20:13:27.651+0000] {processor.py:925} INFO - DAG(s) 'tutorial' retrieved from /home/airflow/.local/lib/python3.12/site-packages/airflow/example_dags/tutorial.py
[2025-04-29T20:13:27.676+0000] {logging_mixin.py:190} INFO - [2025-04-29T20:13:27.675+0000] {dag.py:3239} INFO - Sync 1 DAGs
[2025-04-29T20:13:27.710+0000] {logging_mixin.py:190} INFO - [2025-04-29T20:13:27.710+0000] {dag.py:4180} INFO - Setting next_dagrun for tutorial to 2025-04-28 00:00:00+00:00, run_after=2025-04-29 00:00:00+00:00
[2025-04-29T20:13:27.733+0000] {processor.py:208} INFO - Processing /home/airflow/.local/lib/python3.12/site-packages/airflow/example_dags/tutorial.py took 0.112 seconds
[2025-04-29T20:13:58.628+0000] {processor.py:186} INFO - Started process (PID=2494) to work on /home/airflow/.local/lib/python3.12/site-packages/airflow/example_dags/tutorial.py
[2025-04-29T20:13:58.629+0000] {processor.py:914} INFO - Processing file /home/airflow/.local/lib/python3.12/site-packages/airflow/example_dags/tutorial.py for tasks to queue
[2025-04-29T20:13:58.632+0000] {logging_mixin.py:190} INFO - [2025-04-29T20:13:58.631+0000] {dagbag.py:588} INFO - Filling up the DagBag from /home/airflow/.local/lib/python3.12/site-packages/airflow/example_dags/tutorial.py
[2025-04-29T20:13:58.645+0000] {processor.py:925} INFO - DAG(s) 'tutorial' retrieved from /home/airflow/.local/lib/python3.12/site-packages/airflow/example_dags/tutorial.py
[2025-04-29T20:13:58.676+0000] {logging_mixin.py:190} INFO - [2025-04-29T20:13:58.676+0000] {dag.py:3239} INFO - Sync 1 DAGs
[2025-04-29T20:13:58.714+0000] {logging_mixin.py:190} INFO - [2025-04-29T20:13:58.714+0000] {dag.py:4180} INFO - Setting next_dagrun for tutorial to 2025-04-28 00:00:00+00:00, run_after=2025-04-29 00:00:00+00:00
[2025-04-29T20:13:58.745+0000] {processor.py:208} INFO - Processing /home/airflow/.local/lib/python3.12/site-packages/airflow/example_dags/tutorial.py took 0.128 seconds
[2025-04-29T20:14:28.943+0000] {processor.py:186} INFO - Started process (PID=2558) to work on /home/airflow/.local/lib/python3.12/site-packages/airflow/example_dags/tutorial.py
[2025-04-29T20:14:28.945+0000] {processor.py:914} INFO - Processing file /home/airflow/.local/lib/python3.12/site-packages/airflow/example_dags/tutorial.py for tasks to queue
[2025-04-29T20:14:28.952+0000] {logging_mixin.py:190} INFO - [2025-04-29T20:14:28.951+0000] {dagbag.py:588} INFO - Filling up the DagBag from /home/airflow/.local/lib/python3.12/site-packages/airflow/example_dags/tutorial.py
[2025-04-29T20:14:28.965+0000] {processor.py:925} INFO - DAG(s) 'tutorial' retrieved from /home/airflow/.local/lib/python3.12/site-packages/airflow/example_dags/tutorial.py
[2025-04-29T20:14:28.999+0000] {logging_mixin.py:190} INFO - [2025-04-29T20:14:28.998+0000] {dag.py:3239} INFO - Sync 1 DAGs
[2025-04-29T20:14:29.032+0000] {logging_mixin.py:190} INFO - [2025-04-29T20:14:29.032+0000] {dag.py:4180} INFO - Setting next_dagrun for tutorial to 2025-04-28 00:00:00+00:00, run_after=2025-04-29 00:00:00+00:00
[2025-04-29T20:14:29.054+0000] {processor.py:208} INFO - Processing /home/airflow/.local/lib/python3.12/site-packages/airflow/example_dags/tutorial.py took 0.122 seconds
[2025-04-29T20:14:59.727+0000] {processor.py:186} INFO - Started process (PID=2620) to work on /home/airflow/.local/lib/python3.12/site-packages/airflow/example_dags/tutorial.py
[2025-04-29T20:14:59.729+0000] {processor.py:914} INFO - Processing file /home/airflow/.local/lib/python3.12/site-packages/airflow/example_dags/tutorial.py for tasks to queue
[2025-04-29T20:14:59.731+0000] {logging_mixin.py:190} INFO - [2025-04-29T20:14:59.731+0000] {dagbag.py:588} INFO - Filling up the DagBag from /home/airflow/.local/lib/python3.12/site-packages/airflow/example_dags/tutorial.py
[2025-04-29T20:14:59.741+0000] {processor.py:925} INFO - DAG(s) 'tutorial' retrieved from /home/airflow/.local/lib/python3.12/site-packages/airflow/example_dags/tutorial.py
[2025-04-29T20:14:59.771+0000] {logging_mixin.py:190} INFO - [2025-04-29T20:14:59.771+0000] {dag.py:3239} INFO - Sync 1 DAGs
[2025-04-29T20:14:59.814+0000] {logging_mixin.py:190} INFO - [2025-04-29T20:14:59.814+0000] {dag.py:4180} INFO - Setting next_dagrun for tutorial to 2025-04-28 00:00:00+00:00, run_after=2025-04-29 00:00:00+00:00
[2025-04-29T20:14:59.850+0000] {processor.py:208} INFO - Processing /home/airflow/.local/lib/python3.12/site-packages/airflow/example_dags/tutorial.py took 0.130 seconds
[2025-04-29T20:15:31.324+0000] {processor.py:186} INFO - Started process (PID=2682) to work on /home/airflow/.local/lib/python3.12/site-packages/airflow/example_dags/tutorial.py
[2025-04-29T20:15:31.326+0000] {processor.py:914} INFO - Processing file /home/airflow/.local/lib/python3.12/site-packages/airflow/example_dags/tutorial.py for tasks to queue
[2025-04-29T20:15:31.334+0000] {logging_mixin.py:190} INFO - [2025-04-29T20:15:31.333+0000] {dagbag.py:588} INFO - Filling up the DagBag from /home/airflow/.local/lib/python3.12/site-packages/airflow/example_dags/tutorial.py
[2025-04-29T20:15:31.356+0000] {processor.py:925} INFO - DAG(s) 'tutorial' retrieved from /home/airflow/.local/lib/python3.12/site-packages/airflow/example_dags/tutorial.py
[2025-04-29T20:15:31.401+0000] {logging_mixin.py:190} INFO - [2025-04-29T20:15:31.400+0000] {dag.py:3239} INFO - Sync 1 DAGs
[2025-04-29T20:15:31.453+0000] {logging_mixin.py:190} INFO - [2025-04-29T20:15:31.452+0000] {dag.py:4180} INFO - Setting next_dagrun for tutorial to 2025-04-28 00:00:00+00:00, run_after=2025-04-29 00:00:00+00:00
[2025-04-29T20:15:31.482+0000] {processor.py:208} INFO - Processing /home/airflow/.local/lib/python3.12/site-packages/airflow/example_dags/tutorial.py took 0.175 seconds
[2025-04-29T20:16:02.000+0000] {processor.py:186} INFO - Started process (PID=2745) to work on /home/airflow/.local/lib/python3.12/site-packages/airflow/example_dags/tutorial.py
[2025-04-29T20:16:02.002+0000] {processor.py:914} INFO - Processing file /home/airflow/.local/lib/python3.12/site-packages/airflow/example_dags/tutorial.py for tasks to queue
[2025-04-29T20:16:02.006+0000] {logging_mixin.py:190} INFO - [2025-04-29T20:16:02.005+0000] {dagbag.py:588} INFO - Filling up the DagBag from /home/airflow/.local/lib/python3.12/site-packages/airflow/example_dags/tutorial.py
[2025-04-29T20:16:02.015+0000] {processor.py:925} INFO - DAG(s) 'tutorial' retrieved from /home/airflow/.local/lib/python3.12/site-packages/airflow/example_dags/tutorial.py
[2025-04-29T20:16:02.040+0000] {logging_mixin.py:190} INFO - [2025-04-29T20:16:02.040+0000] {dag.py:3239} INFO - Sync 1 DAGs
[2025-04-29T20:16:02.067+0000] {logging_mixin.py:190} INFO - [2025-04-29T20:16:02.066+0000] {dag.py:4180} INFO - Setting next_dagrun for tutorial to 2025-04-28 00:00:00+00:00, run_after=2025-04-29 00:00:00+00:00
[2025-04-29T20:16:02.091+0000] {processor.py:208} INFO - Processing /home/airflow/.local/lib/python3.12/site-packages/airflow/example_dags/tutorial.py took 0.102 seconds
[2025-04-29T20:16:33.517+0000] {processor.py:186} INFO - Started process (PID=2806) to work on /home/airflow/.local/lib/python3.12/site-packages/airflow/example_dags/tutorial.py
[2025-04-29T20:16:33.519+0000] {processor.py:914} INFO - Processing file /home/airflow/.local/lib/python3.12/site-packages/airflow/example_dags/tutorial.py for tasks to queue
[2025-04-29T20:16:33.523+0000] {logging_mixin.py:190} INFO - [2025-04-29T20:16:33.522+0000] {dagbag.py:588} INFO - Filling up the DagBag from /home/airflow/.local/lib/python3.12/site-packages/airflow/example_dags/tutorial.py
[2025-04-29T20:16:33.536+0000] {processor.py:925} INFO - DAG(s) 'tutorial' retrieved from /home/airflow/.local/lib/python3.12/site-packages/airflow/example_dags/tutorial.py
[2025-04-29T20:16:33.580+0000] {logging_mixin.py:190} INFO - [2025-04-29T20:16:33.579+0000] {dag.py:3239} INFO - Sync 1 DAGs
[2025-04-29T20:16:33.607+0000] {logging_mixin.py:190} INFO - [2025-04-29T20:16:33.607+0000] {dag.py:4180} INFO - Setting next_dagrun for tutorial to 2025-04-28 00:00:00+00:00, run_after=2025-04-29 00:00:00+00:00
[2025-04-29T20:16:33.630+0000] {processor.py:208} INFO - Processing /home/airflow/.local/lib/python3.12/site-packages/airflow/example_dags/tutorial.py took 0.122 seconds
[2025-04-29T20:17:04.561+0000] {processor.py:186} INFO - Started process (PID=2864) to work on /home/airflow/.local/lib/python3.12/site-packages/airflow/example_dags/tutorial.py
[2025-04-29T20:17:04.563+0000] {processor.py:914} INFO - Processing file /home/airflow/.local/lib/python3.12/site-packages/airflow/example_dags/tutorial.py for tasks to queue
[2025-04-29T20:17:04.568+0000] {logging_mixin.py:190} INFO - [2025-04-29T20:17:04.567+0000] {dagbag.py:588} INFO - Filling up the DagBag from /home/airflow/.local/lib/python3.12/site-packages/airflow/example_dags/tutorial.py
[2025-04-29T20:17:04.585+0000] {processor.py:925} INFO - DAG(s) 'tutorial' retrieved from /home/airflow/.local/lib/python3.12/site-packages/airflow/example_dags/tutorial.py
[2025-04-29T20:17:04.632+0000] {logging_mixin.py:190} INFO - [2025-04-29T20:17:04.632+0000] {dag.py:3239} INFO - Sync 1 DAGs
[2025-04-29T20:17:04.679+0000] {logging_mixin.py:190} INFO - [2025-04-29T20:17:04.678+0000] {dag.py:4180} INFO - Setting next_dagrun for tutorial to 2025-04-28 00:00:00+00:00, run_after=2025-04-29 00:00:00+00:00
[2025-04-29T20:17:04.714+0000] {processor.py:208} INFO - Processing /home/airflow/.local/lib/python3.12/site-packages/airflow/example_dags/tutorial.py took 0.163 seconds
[2025-04-29T20:17:35.376+0000] {processor.py:186} INFO - Started process (PID=2926) to work on /home/airflow/.local/lib/python3.12/site-packages/airflow/example_dags/tutorial.py
[2025-04-29T20:17:35.379+0000] {processor.py:914} INFO - Processing file /home/airflow/.local/lib/python3.12/site-packages/airflow/example_dags/tutorial.py for tasks to queue
[2025-04-29T20:17:35.383+0000] {logging_mixin.py:190} INFO - [2025-04-29T20:17:35.382+0000] {dagbag.py:588} INFO - Filling up the DagBag from /home/airflow/.local/lib/python3.12/site-packages/airflow/example_dags/tutorial.py
[2025-04-29T20:17:35.394+0000] {processor.py:925} INFO - DAG(s) 'tutorial' retrieved from /home/airflow/.local/lib/python3.12/site-packages/airflow/example_dags/tutorial.py
[2025-04-29T20:17:35.421+0000] {logging_mixin.py:190} INFO - [2025-04-29T20:17:35.421+0000] {dag.py:3239} INFO - Sync 1 DAGs
[2025-04-29T20:17:35.448+0000] {logging_mixin.py:190} INFO - [2025-04-29T20:17:35.448+0000] {dag.py:4180} INFO - Setting next_dagrun for tutorial to 2025-04-28 00:00:00+00:00, run_after=2025-04-29 00:00:00+00:00
[2025-04-29T20:17:35.473+0000] {processor.py:208} INFO - Processing /home/airflow/.local/lib/python3.12/site-packages/airflow/example_dags/tutorial.py took 0.111 seconds
[2025-04-29T20:18:06.872+0000] {processor.py:186} INFO - Started process (PID=2989) to work on /home/airflow/.local/lib/python3.12/site-packages/airflow/example_dags/tutorial.py
[2025-04-29T20:18:06.873+0000] {processor.py:914} INFO - Processing file /home/airflow/.local/lib/python3.12/site-packages/airflow/example_dags/tutorial.py for tasks to queue
[2025-04-29T20:18:06.877+0000] {logging_mixin.py:190} INFO - [2025-04-29T20:18:06.876+0000] {dagbag.py:588} INFO - Filling up the DagBag from /home/airflow/.local/lib/python3.12/site-packages/airflow/example_dags/tutorial.py
[2025-04-29T20:18:06.888+0000] {processor.py:925} INFO - DAG(s) 'tutorial' retrieved from /home/airflow/.local/lib/python3.12/site-packages/airflow/example_dags/tutorial.py
[2025-04-29T20:18:06.931+0000] {logging_mixin.py:190} INFO - [2025-04-29T20:18:06.930+0000] {dag.py:3239} INFO - Sync 1 DAGs
[2025-04-29T20:18:06.977+0000] {logging_mixin.py:190} INFO - [2025-04-29T20:18:06.976+0000] {dag.py:4180} INFO - Setting next_dagrun for tutorial to 2025-04-28 00:00:00+00:00, run_after=2025-04-29 00:00:00+00:00
[2025-04-29T20:18:07.025+0000] {processor.py:208} INFO - Processing /home/airflow/.local/lib/python3.12/site-packages/airflow/example_dags/tutorial.py took 0.160 seconds
[2025-04-29T20:18:38.833+0000] {processor.py:186} INFO - Started process (PID=3052) to work on /home/airflow/.local/lib/python3.12/site-packages/airflow/example_dags/tutorial.py
[2025-04-29T20:18:38.835+0000] {processor.py:914} INFO - Processing file /home/airflow/.local/lib/python3.12/site-packages/airflow/example_dags/tutorial.py for tasks to queue
[2025-04-29T20:18:38.840+0000] {logging_mixin.py:190} INFO - [2025-04-29T20:18:38.839+0000] {dagbag.py:588} INFO - Filling up the DagBag from /home/airflow/.local/lib/python3.12/site-packages/airflow/example_dags/tutorial.py
[2025-04-29T20:18:38.856+0000] {processor.py:925} INFO - DAG(s) 'tutorial' retrieved from /home/airflow/.local/lib/python3.12/site-packages/airflow/example_dags/tutorial.py
[2025-04-29T20:18:38.896+0000] {logging_mixin.py:190} INFO - [2025-04-29T20:18:38.895+0000] {dag.py:3239} INFO - Sync 1 DAGs
[2025-04-29T20:18:38.938+0000] {logging_mixin.py:190} INFO - [2025-04-29T20:18:38.938+0000] {dag.py:4180} INFO - Setting next_dagrun for tutorial to 2025-04-28 00:00:00+00:00, run_after=2025-04-29 00:00:00+00:00
[2025-04-29T20:18:38.985+0000] {processor.py:208} INFO - Processing /home/airflow/.local/lib/python3.12/site-packages/airflow/example_dags/tutorial.py took 0.162 seconds
[2025-04-29T20:19:09.921+0000] {processor.py:186} INFO - Started process (PID=3115) to work on /home/airflow/.local/lib/python3.12/site-packages/airflow/example_dags/tutorial.py
[2025-04-29T20:19:09.923+0000] {processor.py:914} INFO - Processing file /home/airflow/.local/lib/python3.12/site-packages/airflow/example_dags/tutorial.py for tasks to queue
[2025-04-29T20:19:09.928+0000] {logging_mixin.py:190} INFO - [2025-04-29T20:19:09.927+0000] {dagbag.py:588} INFO - Filling up the DagBag from /home/airflow/.local/lib/python3.12/site-packages/airflow/example_dags/tutorial.py
[2025-04-29T20:19:09.951+0000] {processor.py:925} INFO - DAG(s) 'tutorial' retrieved from /home/airflow/.local/lib/python3.12/site-packages/airflow/example_dags/tutorial.py
[2025-04-29T20:19:09.996+0000] {logging_mixin.py:190} INFO - [2025-04-29T20:19:09.995+0000] {dag.py:3239} INFO - Sync 1 DAGs
[2025-04-29T20:19:10.257+0000] {logging_mixin.py:190} INFO - [2025-04-29T20:19:10.257+0000] {dag.py:4180} INFO - Setting next_dagrun for tutorial to 2025-04-28 00:00:00+00:00, run_after=2025-04-29 00:00:00+00:00
[2025-04-29T20:19:10.289+0000] {processor.py:208} INFO - Processing /home/airflow/.local/lib/python3.12/site-packages/airflow/example_dags/tutorial.py took 0.381 seconds
[2025-04-29T20:19:41.055+0000] {processor.py:186} INFO - Started process (PID=3184) to work on /home/airflow/.local/lib/python3.12/site-packages/airflow/example_dags/tutorial.py
[2025-04-29T20:19:41.057+0000] {processor.py:914} INFO - Processing file /home/airflow/.local/lib/python3.12/site-packages/airflow/example_dags/tutorial.py for tasks to queue
[2025-04-29T20:19:41.061+0000] {logging_mixin.py:190} INFO - [2025-04-29T20:19:41.061+0000] {dagbag.py:588} INFO - Filling up the DagBag from /home/airflow/.local/lib/python3.12/site-packages/airflow/example_dags/tutorial.py
[2025-04-29T20:19:41.077+0000] {processor.py:925} INFO - DAG(s) 'tutorial' retrieved from /home/airflow/.local/lib/python3.12/site-packages/airflow/example_dags/tutorial.py
[2025-04-29T20:19:41.116+0000] {logging_mixin.py:190} INFO - [2025-04-29T20:19:41.115+0000] {dag.py:3239} INFO - Sync 1 DAGs
[2025-04-29T20:19:41.332+0000] {logging_mixin.py:190} INFO - [2025-04-29T20:19:41.332+0000] {dag.py:4180} INFO - Setting next_dagrun for tutorial to 2025-04-28 00:00:00+00:00, run_after=2025-04-29 00:00:00+00:00
[2025-04-29T20:19:41.355+0000] {processor.py:208} INFO - Processing /home/airflow/.local/lib/python3.12/site-packages/airflow/example_dags/tutorial.py took 0.312 seconds
[2025-04-29T20:20:12.205+0000] {processor.py:186} INFO - Started process (PID=3247) to work on /home/airflow/.local/lib/python3.12/site-packages/airflow/example_dags/tutorial.py
[2025-04-29T20:20:12.206+0000] {processor.py:914} INFO - Processing file /home/airflow/.local/lib/python3.12/site-packages/airflow/example_dags/tutorial.py for tasks to queue
[2025-04-29T20:20:12.209+0000] {logging_mixin.py:190} INFO - [2025-04-29T20:20:12.208+0000] {dagbag.py:588} INFO - Filling up the DagBag from /home/airflow/.local/lib/python3.12/site-packages/airflow/example_dags/tutorial.py
[2025-04-29T20:20:12.222+0000] {processor.py:925} INFO - DAG(s) 'tutorial' retrieved from /home/airflow/.local/lib/python3.12/site-packages/airflow/example_dags/tutorial.py
[2025-04-29T20:20:12.255+0000] {logging_mixin.py:190} INFO - [2025-04-29T20:20:12.254+0000] {dag.py:3239} INFO - Sync 1 DAGs
[2025-04-29T20:20:12.305+0000] {logging_mixin.py:190} INFO - [2025-04-29T20:20:12.305+0000] {dag.py:4180} INFO - Setting next_dagrun for tutorial to 2025-04-28 00:00:00+00:00, run_after=2025-04-29 00:00:00+00:00
[2025-04-29T20:20:12.533+0000] {processor.py:208} INFO - Processing /home/airflow/.local/lib/python3.12/site-packages/airflow/example_dags/tutorial.py took 0.335 seconds
[2025-04-29T20:20:42.761+0000] {processor.py:186} INFO - Started process (PID=3310) to work on /home/airflow/.local/lib/python3.12/site-packages/airflow/example_dags/tutorial.py
[2025-04-29T20:20:42.762+0000] {processor.py:914} INFO - Processing file /home/airflow/.local/lib/python3.12/site-packages/airflow/example_dags/tutorial.py for tasks to queue
[2025-04-29T20:20:42.768+0000] {logging_mixin.py:190} INFO - [2025-04-29T20:20:42.768+0000] {dagbag.py:588} INFO - Filling up the DagBag from /home/airflow/.local/lib/python3.12/site-packages/airflow/example_dags/tutorial.py
[2025-04-29T20:20:42.779+0000] {processor.py:925} INFO - DAG(s) 'tutorial' retrieved from /home/airflow/.local/lib/python3.12/site-packages/airflow/example_dags/tutorial.py
[2025-04-29T20:20:42.805+0000] {logging_mixin.py:190} INFO - [2025-04-29T20:20:42.804+0000] {dag.py:3239} INFO - Sync 1 DAGs
[2025-04-29T20:20:42.831+0000] {logging_mixin.py:190} INFO - [2025-04-29T20:20:42.831+0000] {dag.py:4180} INFO - Setting next_dagrun for tutorial to 2025-04-28 00:00:00+00:00, run_after=2025-04-29 00:00:00+00:00
[2025-04-29T20:20:42.855+0000] {processor.py:208} INFO - Processing /home/airflow/.local/lib/python3.12/site-packages/airflow/example_dags/tutorial.py took 0.101 seconds
[2025-04-29T20:21:14.507+0000] {processor.py:186} INFO - Started process (PID=3371) to work on /home/airflow/.local/lib/python3.12/site-packages/airflow/example_dags/tutorial.py
[2025-04-29T20:21:14.509+0000] {processor.py:914} INFO - Processing file /home/airflow/.local/lib/python3.12/site-packages/airflow/example_dags/tutorial.py for tasks to queue
[2025-04-29T20:21:14.512+0000] {logging_mixin.py:190} INFO - [2025-04-29T20:21:14.511+0000] {dagbag.py:588} INFO - Filling up the DagBag from /home/airflow/.local/lib/python3.12/site-packages/airflow/example_dags/tutorial.py
[2025-04-29T20:21:14.522+0000] {processor.py:925} INFO - DAG(s) 'tutorial' retrieved from /home/airflow/.local/lib/python3.12/site-packages/airflow/example_dags/tutorial.py
[2025-04-29T20:21:14.547+0000] {logging_mixin.py:190} INFO - [2025-04-29T20:21:14.547+0000] {dag.py:3239} INFO - Sync 1 DAGs
[2025-04-29T20:21:14.574+0000] {logging_mixin.py:190} INFO - [2025-04-29T20:21:14.574+0000] {dag.py:4180} INFO - Setting next_dagrun for tutorial to 2025-04-28 00:00:00+00:00, run_after=2025-04-29 00:00:00+00:00
[2025-04-29T20:21:14.601+0000] {processor.py:208} INFO - Processing /home/airflow/.local/lib/python3.12/site-packages/airflow/example_dags/tutorial.py took 0.101 seconds
[2025-04-29T20:21:45.435+0000] {processor.py:186} INFO - Started process (PID=3434) to work on /home/airflow/.local/lib/python3.12/site-packages/airflow/example_dags/tutorial.py
[2025-04-29T20:21:45.437+0000] {processor.py:914} INFO - Processing file /home/airflow/.local/lib/python3.12/site-packages/airflow/example_dags/tutorial.py for tasks to queue
[2025-04-29T20:21:45.444+0000] {logging_mixin.py:190} INFO - [2025-04-29T20:21:45.443+0000] {dagbag.py:588} INFO - Filling up the DagBag from /home/airflow/.local/lib/python3.12/site-packages/airflow/example_dags/tutorial.py
[2025-04-29T20:21:45.463+0000] {processor.py:925} INFO - DAG(s) 'tutorial' retrieved from /home/airflow/.local/lib/python3.12/site-packages/airflow/example_dags/tutorial.py
[2025-04-29T20:21:45.518+0000] {logging_mixin.py:190} INFO - [2025-04-29T20:21:45.517+0000] {dag.py:3239} INFO - Sync 1 DAGs
[2025-04-29T20:21:45.561+0000] {logging_mixin.py:190} INFO - [2025-04-29T20:21:45.560+0000] {dag.py:4180} INFO - Setting next_dagrun for tutorial to 2025-04-28 00:00:00+00:00, run_after=2025-04-29 00:00:00+00:00
[2025-04-29T20:21:45.602+0000] {processor.py:208} INFO - Processing /home/airflow/.local/lib/python3.12/site-packages/airflow/example_dags/tutorial.py took 0.181 seconds
[2025-04-29T20:22:16.255+0000] {processor.py:186} INFO - Started process (PID=3497) to work on /home/airflow/.local/lib/python3.12/site-packages/airflow/example_dags/tutorial.py
[2025-04-29T20:22:16.257+0000] {processor.py:914} INFO - Processing file /home/airflow/.local/lib/python3.12/site-packages/airflow/example_dags/tutorial.py for tasks to queue
[2025-04-29T20:22:16.263+0000] {logging_mixin.py:190} INFO - [2025-04-29T20:22:16.263+0000] {dagbag.py:588} INFO - Filling up the DagBag from /home/airflow/.local/lib/python3.12/site-packages/airflow/example_dags/tutorial.py
[2025-04-29T20:22:16.276+0000] {processor.py:925} INFO - DAG(s) 'tutorial' retrieved from /home/airflow/.local/lib/python3.12/site-packages/airflow/example_dags/tutorial.py
[2025-04-29T20:22:16.321+0000] {logging_mixin.py:190} INFO - [2025-04-29T20:22:16.320+0000] {dag.py:3239} INFO - Sync 1 DAGs
[2025-04-29T20:22:16.377+0000] {logging_mixin.py:190} INFO - [2025-04-29T20:22:16.376+0000] {dag.py:4180} INFO - Setting next_dagrun for tutorial to 2025-04-28 00:00:00+00:00, run_after=2025-04-29 00:00:00+00:00
[2025-04-29T20:22:16.404+0000] {processor.py:208} INFO - Processing /home/airflow/.local/lib/python3.12/site-packages/airflow/example_dags/tutorial.py took 0.157 seconds
[2025-04-29T20:22:47.098+0000] {processor.py:186} INFO - Started process (PID=3559) to work on /home/airflow/.local/lib/python3.12/site-packages/airflow/example_dags/tutorial.py
[2025-04-29T20:22:47.101+0000] {processor.py:914} INFO - Processing file /home/airflow/.local/lib/python3.12/site-packages/airflow/example_dags/tutorial.py for tasks to queue
[2025-04-29T20:22:47.107+0000] {logging_mixin.py:190} INFO - [2025-04-29T20:22:47.107+0000] {dagbag.py:588} INFO - Filling up the DagBag from /home/airflow/.local/lib/python3.12/site-packages/airflow/example_dags/tutorial.py
[2025-04-29T20:22:47.123+0000] {processor.py:925} INFO - DAG(s) 'tutorial' retrieved from /home/airflow/.local/lib/python3.12/site-packages/airflow/example_dags/tutorial.py
[2025-04-29T20:22:47.168+0000] {logging_mixin.py:190} INFO - [2025-04-29T20:22:47.167+0000] {dag.py:3239} INFO - Sync 1 DAGs
[2025-04-29T20:22:47.213+0000] {logging_mixin.py:190} INFO - [2025-04-29T20:22:47.213+0000] {dag.py:4180} INFO - Setting next_dagrun for tutorial to 2025-04-28 00:00:00+00:00, run_after=2025-04-29 00:00:00+00:00
[2025-04-29T20:22:47.272+0000] {processor.py:208} INFO - Processing /home/airflow/.local/lib/python3.12/site-packages/airflow/example_dags/tutorial.py took 0.185 seconds
[2025-04-29T20:23:17.358+0000] {processor.py:186} INFO - Started process (PID=3621) to work on /home/airflow/.local/lib/python3.12/site-packages/airflow/example_dags/tutorial.py
[2025-04-29T20:23:17.361+0000] {processor.py:914} INFO - Processing file /home/airflow/.local/lib/python3.12/site-packages/airflow/example_dags/tutorial.py for tasks to queue
[2025-04-29T20:23:17.366+0000] {logging_mixin.py:190} INFO - [2025-04-29T20:23:17.365+0000] {dagbag.py:588} INFO - Filling up the DagBag from /home/airflow/.local/lib/python3.12/site-packages/airflow/example_dags/tutorial.py
[2025-04-29T20:23:17.383+0000] {processor.py:925} INFO - DAG(s) 'tutorial' retrieved from /home/airflow/.local/lib/python3.12/site-packages/airflow/example_dags/tutorial.py
[2025-04-29T20:23:17.423+0000] {logging_mixin.py:190} INFO - [2025-04-29T20:23:17.422+0000] {dag.py:3239} INFO - Sync 1 DAGs
[2025-04-29T20:23:17.455+0000] {logging_mixin.py:190} INFO - [2025-04-29T20:23:17.455+0000] {dag.py:4180} INFO - Setting next_dagrun for tutorial to 2025-04-28 00:00:00+00:00, run_after=2025-04-29 00:00:00+00:00
[2025-04-29T20:23:17.484+0000] {processor.py:208} INFO - Processing /home/airflow/.local/lib/python3.12/site-packages/airflow/example_dags/tutorial.py took 0.137 seconds
[2025-04-29T20:23:47.869+0000] {processor.py:186} INFO - Started process (PID=3684) to work on /home/airflow/.local/lib/python3.12/site-packages/airflow/example_dags/tutorial.py
[2025-04-29T20:23:47.870+0000] {processor.py:914} INFO - Processing file /home/airflow/.local/lib/python3.12/site-packages/airflow/example_dags/tutorial.py for tasks to queue
[2025-04-29T20:23:47.874+0000] {logging_mixin.py:190} INFO - [2025-04-29T20:23:47.873+0000] {dagbag.py:588} INFO - Filling up the DagBag from /home/airflow/.local/lib/python3.12/site-packages/airflow/example_dags/tutorial.py
[2025-04-29T20:23:47.889+0000] {processor.py:925} INFO - DAG(s) 'tutorial' retrieved from /home/airflow/.local/lib/python3.12/site-packages/airflow/example_dags/tutorial.py
[2025-04-29T20:23:47.927+0000] {logging_mixin.py:190} INFO - [2025-04-29T20:23:47.926+0000] {dag.py:3239} INFO - Sync 1 DAGs
[2025-04-29T20:23:47.962+0000] {logging_mixin.py:190} INFO - [2025-04-29T20:23:47.962+0000] {dag.py:4180} INFO - Setting next_dagrun for tutorial to 2025-04-28 00:00:00+00:00, run_after=2025-04-29 00:00:00+00:00
[2025-04-29T20:23:48.000+0000] {processor.py:208} INFO - Processing /home/airflow/.local/lib/python3.12/site-packages/airflow/example_dags/tutorial.py took 0.140 seconds
[2025-04-29T20:24:18.698+0000] {processor.py:186} INFO - Started process (PID=3747) to work on /home/airflow/.local/lib/python3.12/site-packages/airflow/example_dags/tutorial.py
[2025-04-29T20:24:18.700+0000] {processor.py:914} INFO - Processing file /home/airflow/.local/lib/python3.12/site-packages/airflow/example_dags/tutorial.py for tasks to queue
[2025-04-29T20:24:18.707+0000] {logging_mixin.py:190} INFO - [2025-04-29T20:24:18.706+0000] {dagbag.py:588} INFO - Filling up the DagBag from /home/airflow/.local/lib/python3.12/site-packages/airflow/example_dags/tutorial.py
[2025-04-29T20:24:18.725+0000] {processor.py:925} INFO - DAG(s) 'tutorial' retrieved from /home/airflow/.local/lib/python3.12/site-packages/airflow/example_dags/tutorial.py
[2025-04-29T20:24:18.768+0000] {logging_mixin.py:190} INFO - [2025-04-29T20:24:18.767+0000] {dag.py:3239} INFO - Sync 1 DAGs
[2025-04-29T20:24:18.802+0000] {logging_mixin.py:190} INFO - [2025-04-29T20:24:18.801+0000] {dag.py:4180} INFO - Setting next_dagrun for tutorial to 2025-04-28 00:00:00+00:00, run_after=2025-04-29 00:00:00+00:00
[2025-04-29T20:24:18.837+0000] {processor.py:208} INFO - Processing /home/airflow/.local/lib/python3.12/site-packages/airflow/example_dags/tutorial.py took 0.154 seconds
[2025-04-29T20:24:49.571+0000] {processor.py:186} INFO - Started process (PID=3810) to work on /home/airflow/.local/lib/python3.12/site-packages/airflow/example_dags/tutorial.py
[2025-04-29T20:24:49.572+0000] {processor.py:914} INFO - Processing file /home/airflow/.local/lib/python3.12/site-packages/airflow/example_dags/tutorial.py for tasks to queue
[2025-04-29T20:24:49.577+0000] {logging_mixin.py:190} INFO - [2025-04-29T20:24:49.576+0000] {dagbag.py:588} INFO - Filling up the DagBag from /home/airflow/.local/lib/python3.12/site-packages/airflow/example_dags/tutorial.py
[2025-04-29T20:24:49.591+0000] {processor.py:925} INFO - DAG(s) 'tutorial' retrieved from /home/airflow/.local/lib/python3.12/site-packages/airflow/example_dags/tutorial.py
[2025-04-29T20:24:49.625+0000] {logging_mixin.py:190} INFO - [2025-04-29T20:24:49.624+0000] {dag.py:3239} INFO - Sync 1 DAGs
[2025-04-29T20:24:49.661+0000] {logging_mixin.py:190} INFO - [2025-04-29T20:24:49.661+0000] {dag.py:4180} INFO - Setting next_dagrun for tutorial to 2025-04-28 00:00:00+00:00, run_after=2025-04-29 00:00:00+00:00
[2025-04-29T20:24:49.691+0000] {processor.py:208} INFO - Processing /home/airflow/.local/lib/python3.12/site-packages/airflow/example_dags/tutorial.py took 0.131 seconds
[2025-04-29T20:25:20.125+0000] {processor.py:186} INFO - Started process (PID=3872) to work on /home/airflow/.local/lib/python3.12/site-packages/airflow/example_dags/tutorial.py
[2025-04-29T20:25:20.128+0000] {processor.py:914} INFO - Processing file /home/airflow/.local/lib/python3.12/site-packages/airflow/example_dags/tutorial.py for tasks to queue
[2025-04-29T20:25:20.135+0000] {logging_mixin.py:190} INFO - [2025-04-29T20:25:20.135+0000] {dagbag.py:588} INFO - Filling up the DagBag from /home/airflow/.local/lib/python3.12/site-packages/airflow/example_dags/tutorial.py
[2025-04-29T20:25:20.157+0000] {processor.py:925} INFO - DAG(s) 'tutorial' retrieved from /home/airflow/.local/lib/python3.12/site-packages/airflow/example_dags/tutorial.py
[2025-04-29T20:25:20.203+0000] {logging_mixin.py:190} INFO - [2025-04-29T20:25:20.203+0000] {dag.py:3239} INFO - Sync 1 DAGs
[2025-04-29T20:25:20.243+0000] {logging_mixin.py:190} INFO - [2025-04-29T20:25:20.243+0000] {dag.py:4180} INFO - Setting next_dagrun for tutorial to 2025-04-28 00:00:00+00:00, run_after=2025-04-29 00:00:00+00:00
[2025-04-29T20:25:20.286+0000] {processor.py:208} INFO - Processing /home/airflow/.local/lib/python3.12/site-packages/airflow/example_dags/tutorial.py took 0.181 seconds
[2025-04-29T20:25:50.356+0000] {processor.py:186} INFO - Started process (PID=3935) to work on /home/airflow/.local/lib/python3.12/site-packages/airflow/example_dags/tutorial.py
[2025-04-29T20:25:50.357+0000] {processor.py:914} INFO - Processing file /home/airflow/.local/lib/python3.12/site-packages/airflow/example_dags/tutorial.py for tasks to queue
[2025-04-29T20:25:50.361+0000] {logging_mixin.py:190} INFO - [2025-04-29T20:25:50.361+0000] {dagbag.py:588} INFO - Filling up the DagBag from /home/airflow/.local/lib/python3.12/site-packages/airflow/example_dags/tutorial.py
[2025-04-29T20:25:50.376+0000] {processor.py:925} INFO - DAG(s) 'tutorial' retrieved from /home/airflow/.local/lib/python3.12/site-packages/airflow/example_dags/tutorial.py
[2025-04-29T20:25:50.410+0000] {logging_mixin.py:190} INFO - [2025-04-29T20:25:50.409+0000] {dag.py:3239} INFO - Sync 1 DAGs
[2025-04-29T20:25:50.465+0000] {logging_mixin.py:190} INFO - [2025-04-29T20:25:50.465+0000] {dag.py:4180} INFO - Setting next_dagrun for tutorial to 2025-04-28 00:00:00+00:00, run_after=2025-04-29 00:00:00+00:00
[2025-04-29T20:25:50.513+0000] {processor.py:208} INFO - Processing /home/airflow/.local/lib/python3.12/site-packages/airflow/example_dags/tutorial.py took 0.166 seconds
[2025-04-29T20:26:21.387+0000] {processor.py:186} INFO - Started process (PID=3998) to work on /home/airflow/.local/lib/python3.12/site-packages/airflow/example_dags/tutorial.py
[2025-04-29T20:26:21.389+0000] {processor.py:914} INFO - Processing file /home/airflow/.local/lib/python3.12/site-packages/airflow/example_dags/tutorial.py for tasks to queue
[2025-04-29T20:26:21.392+0000] {logging_mixin.py:190} INFO - [2025-04-29T20:26:21.392+0000] {dagbag.py:588} INFO - Filling up the DagBag from /home/airflow/.local/lib/python3.12/site-packages/airflow/example_dags/tutorial.py
[2025-04-29T20:26:21.403+0000] {processor.py:925} INFO - DAG(s) 'tutorial' retrieved from /home/airflow/.local/lib/python3.12/site-packages/airflow/example_dags/tutorial.py
[2025-04-29T20:26:21.435+0000] {logging_mixin.py:190} INFO - [2025-04-29T20:26:21.435+0000] {dag.py:3239} INFO - Sync 1 DAGs
[2025-04-29T20:26:21.471+0000] {logging_mixin.py:190} INFO - [2025-04-29T20:26:21.470+0000] {dag.py:4180} INFO - Setting next_dagrun for tutorial to 2025-04-28 00:00:00+00:00, run_after=2025-04-29 00:00:00+00:00
[2025-04-29T20:26:21.519+0000] {processor.py:208} INFO - Processing /home/airflow/.local/lib/python3.12/site-packages/airflow/example_dags/tutorial.py took 0.142 seconds
[2025-04-29T20:26:51.754+0000] {processor.py:186} INFO - Started process (PID=4061) to work on /home/airflow/.local/lib/python3.12/site-packages/airflow/example_dags/tutorial.py
[2025-04-29T20:26:51.756+0000] {processor.py:914} INFO - Processing file /home/airflow/.local/lib/python3.12/site-packages/airflow/example_dags/tutorial.py for tasks to queue
[2025-04-29T20:26:51.761+0000] {logging_mixin.py:190} INFO - [2025-04-29T20:26:51.760+0000] {dagbag.py:588} INFO - Filling up the DagBag from /home/airflow/.local/lib/python3.12/site-packages/airflow/example_dags/tutorial.py
[2025-04-29T20:26:51.772+0000] {processor.py:925} INFO - DAG(s) 'tutorial' retrieved from /home/airflow/.local/lib/python3.12/site-packages/airflow/example_dags/tutorial.py
[2025-04-29T20:26:51.801+0000] {logging_mixin.py:190} INFO - [2025-04-29T20:26:51.800+0000] {dag.py:3239} INFO - Sync 1 DAGs
[2025-04-29T20:26:51.840+0000] {logging_mixin.py:190} INFO - [2025-04-29T20:26:51.840+0000] {dag.py:4180} INFO - Setting next_dagrun for tutorial to 2025-04-28 00:00:00+00:00, run_after=2025-04-29 00:00:00+00:00
[2025-04-29T20:26:51.869+0000] {processor.py:208} INFO - Processing /home/airflow/.local/lib/python3.12/site-packages/airflow/example_dags/tutorial.py took 0.122 seconds
[2025-04-29T20:27:22.316+0000] {processor.py:186} INFO - Started process (PID=4124) to work on /home/airflow/.local/lib/python3.12/site-packages/airflow/example_dags/tutorial.py
[2025-04-29T20:27:22.318+0000] {processor.py:914} INFO - Processing file /home/airflow/.local/lib/python3.12/site-packages/airflow/example_dags/tutorial.py for tasks to queue
[2025-04-29T20:27:22.322+0000] {logging_mixin.py:190} INFO - [2025-04-29T20:27:22.321+0000] {dagbag.py:588} INFO - Filling up the DagBag from /home/airflow/.local/lib/python3.12/site-packages/airflow/example_dags/tutorial.py
[2025-04-29T20:27:22.335+0000] {processor.py:925} INFO - DAG(s) 'tutorial' retrieved from /home/airflow/.local/lib/python3.12/site-packages/airflow/example_dags/tutorial.py
[2025-04-29T20:27:22.372+0000] {logging_mixin.py:190} INFO - [2025-04-29T20:27:22.372+0000] {dag.py:3239} INFO - Sync 1 DAGs
[2025-04-29T20:27:22.408+0000] {logging_mixin.py:190} INFO - [2025-04-29T20:27:22.407+0000] {dag.py:4180} INFO - Setting next_dagrun for tutorial to 2025-04-28 00:00:00+00:00, run_after=2025-04-29 00:00:00+00:00
[2025-04-29T20:27:22.441+0000] {processor.py:208} INFO - Processing /home/airflow/.local/lib/python3.12/site-packages/airflow/example_dags/tutorial.py took 0.136 seconds
[2025-04-29T20:27:52.941+0000] {processor.py:186} INFO - Started process (PID=4186) to work on /home/airflow/.local/lib/python3.12/site-packages/airflow/example_dags/tutorial.py
[2025-04-29T20:27:52.943+0000] {processor.py:914} INFO - Processing file /home/airflow/.local/lib/python3.12/site-packages/airflow/example_dags/tutorial.py for tasks to queue
[2025-04-29T20:27:52.950+0000] {logging_mixin.py:190} INFO - [2025-04-29T20:27:52.949+0000] {dagbag.py:588} INFO - Filling up the DagBag from /home/airflow/.local/lib/python3.12/site-packages/airflow/example_dags/tutorial.py
[2025-04-29T20:27:52.967+0000] {processor.py:925} INFO - DAG(s) 'tutorial' retrieved from /home/airflow/.local/lib/python3.12/site-packages/airflow/example_dags/tutorial.py
[2025-04-29T20:27:53.011+0000] {logging_mixin.py:190} INFO - [2025-04-29T20:27:53.010+0000] {dag.py:3239} INFO - Sync 1 DAGs
[2025-04-29T20:27:53.056+0000] {logging_mixin.py:190} INFO - [2025-04-29T20:27:53.055+0000] {dag.py:4180} INFO - Setting next_dagrun for tutorial to 2025-04-28 00:00:00+00:00, run_after=2025-04-29 00:00:00+00:00
[2025-04-29T20:27:53.100+0000] {processor.py:208} INFO - Processing /home/airflow/.local/lib/python3.12/site-packages/airflow/example_dags/tutorial.py took 0.169 seconds
[2025-04-29T20:28:23.157+0000] {processor.py:186} INFO - Started process (PID=4249) to work on /home/airflow/.local/lib/python3.12/site-packages/airflow/example_dags/tutorial.py
[2025-04-29T20:28:23.159+0000] {processor.py:914} INFO - Processing file /home/airflow/.local/lib/python3.12/site-packages/airflow/example_dags/tutorial.py for tasks to queue
[2025-04-29T20:28:23.162+0000] {logging_mixin.py:190} INFO - [2025-04-29T20:28:23.162+0000] {dagbag.py:588} INFO - Filling up the DagBag from /home/airflow/.local/lib/python3.12/site-packages/airflow/example_dags/tutorial.py
[2025-04-29T20:28:23.172+0000] {processor.py:925} INFO - DAG(s) 'tutorial' retrieved from /home/airflow/.local/lib/python3.12/site-packages/airflow/example_dags/tutorial.py
[2025-04-29T20:28:23.201+0000] {logging_mixin.py:190} INFO - [2025-04-29T20:28:23.201+0000] {dag.py:3239} INFO - Sync 1 DAGs
[2025-04-29T20:28:23.233+0000] {logging_mixin.py:190} INFO - [2025-04-29T20:28:23.233+0000] {dag.py:4180} INFO - Setting next_dagrun for tutorial to 2025-04-28 00:00:00+00:00, run_after=2025-04-29 00:00:00+00:00
[2025-04-29T20:28:23.273+0000] {processor.py:208} INFO - Processing /home/airflow/.local/lib/python3.12/site-packages/airflow/example_dags/tutorial.py took 0.124 seconds
[2025-04-29T20:28:53.834+0000] {processor.py:186} INFO - Started process (PID=4312) to work on /home/airflow/.local/lib/python3.12/site-packages/airflow/example_dags/tutorial.py
[2025-04-29T20:28:53.836+0000] {processor.py:914} INFO - Processing file /home/airflow/.local/lib/python3.12/site-packages/airflow/example_dags/tutorial.py for tasks to queue
[2025-04-29T20:28:53.840+0000] {logging_mixin.py:190} INFO - [2025-04-29T20:28:53.839+0000] {dagbag.py:588} INFO - Filling up the DagBag from /home/airflow/.local/lib/python3.12/site-packages/airflow/example_dags/tutorial.py
[2025-04-29T20:28:53.853+0000] {processor.py:925} INFO - DAG(s) 'tutorial' retrieved from /home/airflow/.local/lib/python3.12/site-packages/airflow/example_dags/tutorial.py
[2025-04-29T20:28:53.896+0000] {logging_mixin.py:190} INFO - [2025-04-29T20:28:53.896+0000] {dag.py:3239} INFO - Sync 1 DAGs
[2025-04-29T20:28:53.943+0000] {logging_mixin.py:190} INFO - [2025-04-29T20:28:53.943+0000] {dag.py:4180} INFO - Setting next_dagrun for tutorial to 2025-04-28 00:00:00+00:00, run_after=2025-04-29 00:00:00+00:00
[2025-04-29T20:28:53.993+0000] {processor.py:208} INFO - Processing /home/airflow/.local/lib/python3.12/site-packages/airflow/example_dags/tutorial.py took 0.170 seconds
[2025-04-29T20:29:24.412+0000] {processor.py:186} INFO - Started process (PID=4375) to work on /home/airflow/.local/lib/python3.12/site-packages/airflow/example_dags/tutorial.py
[2025-04-29T20:29:24.415+0000] {processor.py:914} INFO - Processing file /home/airflow/.local/lib/python3.12/site-packages/airflow/example_dags/tutorial.py for tasks to queue
[2025-04-29T20:29:24.422+0000] {logging_mixin.py:190} INFO - [2025-04-29T20:29:24.421+0000] {dagbag.py:588} INFO - Filling up the DagBag from /home/airflow/.local/lib/python3.12/site-packages/airflow/example_dags/tutorial.py
[2025-04-29T20:29:24.442+0000] {processor.py:925} INFO - DAG(s) 'tutorial' retrieved from /home/airflow/.local/lib/python3.12/site-packages/airflow/example_dags/tutorial.py
[2025-04-29T20:29:24.491+0000] {logging_mixin.py:190} INFO - [2025-04-29T20:29:24.491+0000] {dag.py:3239} INFO - Sync 1 DAGs
[2025-04-29T20:29:24.535+0000] {logging_mixin.py:190} INFO - [2025-04-29T20:29:24.535+0000] {dag.py:4180} INFO - Setting next_dagrun for tutorial to 2025-04-28 00:00:00+00:00, run_after=2025-04-29 00:00:00+00:00
[2025-04-29T20:29:24.598+0000] {processor.py:208} INFO - Processing /home/airflow/.local/lib/python3.12/site-packages/airflow/example_dags/tutorial.py took 0.202 seconds
[2025-04-29T20:29:54.788+0000] {processor.py:186} INFO - Started process (PID=4438) to work on /home/airflow/.local/lib/python3.12/site-packages/airflow/example_dags/tutorial.py
[2025-04-29T20:29:54.792+0000] {processor.py:914} INFO - Processing file /home/airflow/.local/lib/python3.12/site-packages/airflow/example_dags/tutorial.py for tasks to queue
[2025-04-29T20:29:54.800+0000] {logging_mixin.py:190} INFO - [2025-04-29T20:29:54.799+0000] {dagbag.py:588} INFO - Filling up the DagBag from /home/airflow/.local/lib/python3.12/site-packages/airflow/example_dags/tutorial.py
[2025-04-29T20:29:54.822+0000] {processor.py:925} INFO - DAG(s) 'tutorial' retrieved from /home/airflow/.local/lib/python3.12/site-packages/airflow/example_dags/tutorial.py
[2025-04-29T20:29:54.851+0000] {logging_mixin.py:190} INFO - [2025-04-29T20:29:54.851+0000] {dag.py:3239} INFO - Sync 1 DAGs
[2025-04-29T20:29:54.890+0000] {logging_mixin.py:190} INFO - [2025-04-29T20:29:54.889+0000] {dag.py:4180} INFO - Setting next_dagrun for tutorial to 2025-04-28 00:00:00+00:00, run_after=2025-04-29 00:00:00+00:00
[2025-04-29T20:29:54.925+0000] {processor.py:208} INFO - Processing /home/airflow/.local/lib/python3.12/site-packages/airflow/example_dags/tutorial.py took 0.154 seconds
[2025-04-29T20:30:25.237+0000] {processor.py:186} INFO - Started process (PID=4501) to work on /home/airflow/.local/lib/python3.12/site-packages/airflow/example_dags/tutorial.py
[2025-04-29T20:30:25.239+0000] {processor.py:914} INFO - Processing file /home/airflow/.local/lib/python3.12/site-packages/airflow/example_dags/tutorial.py for tasks to queue
[2025-04-29T20:30:25.243+0000] {logging_mixin.py:190} INFO - [2025-04-29T20:30:25.242+0000] {dagbag.py:588} INFO - Filling up the DagBag from /home/airflow/.local/lib/python3.12/site-packages/airflow/example_dags/tutorial.py
[2025-04-29T20:30:25.256+0000] {processor.py:925} INFO - DAG(s) 'tutorial' retrieved from /home/airflow/.local/lib/python3.12/site-packages/airflow/example_dags/tutorial.py
[2025-04-29T20:30:25.289+0000] {logging_mixin.py:190} INFO - [2025-04-29T20:30:25.289+0000] {dag.py:3239} INFO - Sync 1 DAGs
[2025-04-29T20:30:25.331+0000] {logging_mixin.py:190} INFO - [2025-04-29T20:30:25.330+0000] {dag.py:4180} INFO - Setting next_dagrun for tutorial to 2025-04-28 00:00:00+00:00, run_after=2025-04-29 00:00:00+00:00
[2025-04-29T20:30:25.384+0000] {processor.py:208} INFO - Processing /home/airflow/.local/lib/python3.12/site-packages/airflow/example_dags/tutorial.py took 0.154 seconds
[2025-04-29T20:30:56.128+0000] {processor.py:186} INFO - Started process (PID=4563) to work on /home/airflow/.local/lib/python3.12/site-packages/airflow/example_dags/tutorial.py
[2025-04-29T20:30:56.131+0000] {processor.py:914} INFO - Processing file /home/airflow/.local/lib/python3.12/site-packages/airflow/example_dags/tutorial.py for tasks to queue
[2025-04-29T20:30:56.137+0000] {logging_mixin.py:190} INFO - [2025-04-29T20:30:56.136+0000] {dagbag.py:588} INFO - Filling up the DagBag from /home/airflow/.local/lib/python3.12/site-packages/airflow/example_dags/tutorial.py
[2025-04-29T20:30:56.162+0000] {processor.py:925} INFO - DAG(s) 'tutorial' retrieved from /home/airflow/.local/lib/python3.12/site-packages/airflow/example_dags/tutorial.py
[2025-04-29T20:30:56.217+0000] {logging_mixin.py:190} INFO - [2025-04-29T20:30:56.217+0000] {dag.py:3239} INFO - Sync 1 DAGs
[2025-04-29T20:30:56.280+0000] {logging_mixin.py:190} INFO - [2025-04-29T20:30:56.280+0000] {dag.py:4180} INFO - Setting next_dagrun for tutorial to 2025-04-28 00:00:00+00:00, run_after=2025-04-29 00:00:00+00:00
[2025-04-29T20:30:56.348+0000] {processor.py:208} INFO - Processing /home/airflow/.local/lib/python3.12/site-packages/airflow/example_dags/tutorial.py took 0.235 seconds
[2025-04-29T20:31:26.638+0000] {processor.py:186} INFO - Started process (PID=4626) to work on /home/airflow/.local/lib/python3.12/site-packages/airflow/example_dags/tutorial.py
[2025-04-29T20:31:26.640+0000] {processor.py:914} INFO - Processing file /home/airflow/.local/lib/python3.12/site-packages/airflow/example_dags/tutorial.py for tasks to queue
[2025-04-29T20:31:26.647+0000] {logging_mixin.py:190} INFO - [2025-04-29T20:31:26.645+0000] {dagbag.py:588} INFO - Filling up the DagBag from /home/airflow/.local/lib/python3.12/site-packages/airflow/example_dags/tutorial.py
[2025-04-29T20:31:26.662+0000] {processor.py:925} INFO - DAG(s) 'tutorial' retrieved from /home/airflow/.local/lib/python3.12/site-packages/airflow/example_dags/tutorial.py
[2025-04-29T20:31:26.709+0000] {logging_mixin.py:190} INFO - [2025-04-29T20:31:26.709+0000] {dag.py:3239} INFO - Sync 1 DAGs
[2025-04-29T20:31:26.752+0000] {logging_mixin.py:190} INFO - [2025-04-29T20:31:26.752+0000] {dag.py:4180} INFO - Setting next_dagrun for tutorial to 2025-04-28 00:00:00+00:00, run_after=2025-04-29 00:00:00+00:00
[2025-04-29T20:31:26.800+0000] {processor.py:208} INFO - Processing /home/airflow/.local/lib/python3.12/site-packages/airflow/example_dags/tutorial.py took 0.175 seconds
[2025-04-29T20:31:57.472+0000] {processor.py:186} INFO - Started process (PID=4689) to work on /home/airflow/.local/lib/python3.12/site-packages/airflow/example_dags/tutorial.py
[2025-04-29T20:31:57.474+0000] {processor.py:914} INFO - Processing file /home/airflow/.local/lib/python3.12/site-packages/airflow/example_dags/tutorial.py for tasks to queue
[2025-04-29T20:31:57.479+0000] {logging_mixin.py:190} INFO - [2025-04-29T20:31:57.478+0000] {dagbag.py:588} INFO - Filling up the DagBag from /home/airflow/.local/lib/python3.12/site-packages/airflow/example_dags/tutorial.py
[2025-04-29T20:31:57.500+0000] {processor.py:925} INFO - DAG(s) 'tutorial' retrieved from /home/airflow/.local/lib/python3.12/site-packages/airflow/example_dags/tutorial.py
[2025-04-29T20:31:57.532+0000] {logging_mixin.py:190} INFO - [2025-04-29T20:31:57.531+0000] {dag.py:3239} INFO - Sync 1 DAGs
[2025-04-29T20:31:57.573+0000] {logging_mixin.py:190} INFO - [2025-04-29T20:31:57.572+0000] {dag.py:4180} INFO - Setting next_dagrun for tutorial to 2025-04-28 00:00:00+00:00, run_after=2025-04-29 00:00:00+00:00
[2025-04-29T20:31:57.611+0000] {processor.py:208} INFO - Processing /home/airflow/.local/lib/python3.12/site-packages/airflow/example_dags/tutorial.py took 0.147 seconds
[2025-04-29T20:32:27.795+0000] {processor.py:186} INFO - Started process (PID=4751) to work on /home/airflow/.local/lib/python3.12/site-packages/airflow/example_dags/tutorial.py
[2025-04-29T20:32:27.797+0000] {processor.py:914} INFO - Processing file /home/airflow/.local/lib/python3.12/site-packages/airflow/example_dags/tutorial.py for tasks to queue
[2025-04-29T20:32:27.803+0000] {logging_mixin.py:190} INFO - [2025-04-29T20:32:27.802+0000] {dagbag.py:588} INFO - Filling up the DagBag from /home/airflow/.local/lib/python3.12/site-packages/airflow/example_dags/tutorial.py
[2025-04-29T20:32:27.814+0000] {processor.py:925} INFO - DAG(s) 'tutorial' retrieved from /home/airflow/.local/lib/python3.12/site-packages/airflow/example_dags/tutorial.py
[2025-04-29T20:32:27.843+0000] {logging_mixin.py:190} INFO - [2025-04-29T20:32:27.843+0000] {dag.py:3239} INFO - Sync 1 DAGs
[2025-04-29T20:32:27.879+0000] {logging_mixin.py:190} INFO - [2025-04-29T20:32:27.879+0000] {dag.py:4180} INFO - Setting next_dagrun for tutorial to 2025-04-28 00:00:00+00:00, run_after=2025-04-29 00:00:00+00:00
[2025-04-29T20:32:27.922+0000] {processor.py:208} INFO - Processing /home/airflow/.local/lib/python3.12/site-packages/airflow/example_dags/tutorial.py took 0.140 seconds
[2025-04-29T20:32:58.455+0000] {processor.py:186} INFO - Started process (PID=4814) to work on /home/airflow/.local/lib/python3.12/site-packages/airflow/example_dags/tutorial.py
[2025-04-29T20:32:58.458+0000] {processor.py:914} INFO - Processing file /home/airflow/.local/lib/python3.12/site-packages/airflow/example_dags/tutorial.py for tasks to queue
[2025-04-29T20:32:58.462+0000] {logging_mixin.py:190} INFO - [2025-04-29T20:32:58.461+0000] {dagbag.py:588} INFO - Filling up the DagBag from /home/airflow/.local/lib/python3.12/site-packages/airflow/example_dags/tutorial.py
[2025-04-29T20:32:58.484+0000] {processor.py:925} INFO - DAG(s) 'tutorial' retrieved from /home/airflow/.local/lib/python3.12/site-packages/airflow/example_dags/tutorial.py
[2025-04-29T20:32:58.527+0000] {logging_mixin.py:190} INFO - [2025-04-29T20:32:58.526+0000] {dag.py:3239} INFO - Sync 1 DAGs
[2025-04-29T20:32:58.575+0000] {logging_mixin.py:190} INFO - [2025-04-29T20:32:58.575+0000] {dag.py:4180} INFO - Setting next_dagrun for tutorial to 2025-04-28 00:00:00+00:00, run_after=2025-04-29 00:00:00+00:00
[2025-04-29T20:32:58.612+0000] {processor.py:208} INFO - Processing /home/airflow/.local/lib/python3.12/site-packages/airflow/example_dags/tutorial.py took 0.171 seconds
[2025-04-29T20:33:28.851+0000] {processor.py:186} INFO - Started process (PID=4877) to work on /home/airflow/.local/lib/python3.12/site-packages/airflow/example_dags/tutorial.py
[2025-04-29T20:33:28.853+0000] {processor.py:914} INFO - Processing file /home/airflow/.local/lib/python3.12/site-packages/airflow/example_dags/tutorial.py for tasks to queue
[2025-04-29T20:33:28.858+0000] {logging_mixin.py:190} INFO - [2025-04-29T20:33:28.857+0000] {dagbag.py:588} INFO - Filling up the DagBag from /home/airflow/.local/lib/python3.12/site-packages/airflow/example_dags/tutorial.py
[2025-04-29T20:33:28.873+0000] {processor.py:925} INFO - DAG(s) 'tutorial' retrieved from /home/airflow/.local/lib/python3.12/site-packages/airflow/example_dags/tutorial.py
[2025-04-29T20:33:28.914+0000] {logging_mixin.py:190} INFO - [2025-04-29T20:33:28.913+0000] {dag.py:3239} INFO - Sync 1 DAGs
[2025-04-29T20:33:28.963+0000] {logging_mixin.py:190} INFO - [2025-04-29T20:33:28.963+0000] {dag.py:4180} INFO - Setting next_dagrun for tutorial to 2025-04-28 00:00:00+00:00, run_after=2025-04-29 00:00:00+00:00
[2025-04-29T20:33:28.998+0000] {processor.py:208} INFO - Processing /home/airflow/.local/lib/python3.12/site-packages/airflow/example_dags/tutorial.py took 0.157 seconds
[2025-04-29T20:33:59.482+0000] {processor.py:186} INFO - Started process (PID=4940) to work on /home/airflow/.local/lib/python3.12/site-packages/airflow/example_dags/tutorial.py
[2025-04-29T20:33:59.486+0000] {processor.py:914} INFO - Processing file /home/airflow/.local/lib/python3.12/site-packages/airflow/example_dags/tutorial.py for tasks to queue
[2025-04-29T20:33:59.493+0000] {logging_mixin.py:190} INFO - [2025-04-29T20:33:59.492+0000] {dagbag.py:588} INFO - Filling up the DagBag from /home/airflow/.local/lib/python3.12/site-packages/airflow/example_dags/tutorial.py
[2025-04-29T20:33:59.519+0000] {processor.py:925} INFO - DAG(s) 'tutorial' retrieved from /home/airflow/.local/lib/python3.12/site-packages/airflow/example_dags/tutorial.py
[2025-04-29T20:33:59.583+0000] {logging_mixin.py:190} INFO - [2025-04-29T20:33:59.582+0000] {dag.py:3239} INFO - Sync 1 DAGs
[2025-04-29T20:33:59.631+0000] {logging_mixin.py:190} INFO - [2025-04-29T20:33:59.631+0000] {dag.py:4180} INFO - Setting next_dagrun for tutorial to 2025-04-28 00:00:00+00:00, run_after=2025-04-29 00:00:00+00:00
[2025-04-29T20:33:59.665+0000] {processor.py:208} INFO - Processing /home/airflow/.local/lib/python3.12/site-packages/airflow/example_dags/tutorial.py took 0.203 seconds
