[2025-04-29T19:54:33.161+0000] {processor.py:186} INFO - Started process (PID=80) to work on /home/airflow/.local/lib/python3.12/site-packages/airflow/example_dags/tutorial_dag.py
[2025-04-29T19:54:33.163+0000] {processor.py:914} INFO - Processing file /home/airflow/.local/lib/python3.12/site-packages/airflow/example_dags/tutorial_dag.py for tasks to queue
[2025-04-29T19:54:33.165+0000] {logging_mixin.py:190} INFO - [2025-04-29T19:54:33.165+0000] {dagbag.py:588} INFO - Filling up the DagBag from /home/airflow/.local/lib/python3.12/site-packages/airflow/example_dags/tutorial_dag.py
[2025-04-29T19:54:33.175+0000] {processor.py:925} INFO - DAG(s) 'tutorial_dag' retrieved from /home/airflow/.local/lib/python3.12/site-packages/airflow/example_dags/tutorial_dag.py
[2025-04-29T19:54:33.216+0000] {logging_mixin.py:190} INFO - [2025-04-29T19:54:33.215+0000] {dag.py:3239} INFO - Sync 1 DAGs
[2025-04-29T19:54:33.238+0000] {logging_mixin.py:190} INFO - [2025-04-29T19:54:33.237+0000] {dag.py:4180} INFO - Setting next_dagrun for tutorial_dag to None, run_after=None
[2025-04-29T19:54:33.266+0000] {processor.py:208} INFO - Processing /home/airflow/.local/lib/python3.12/site-packages/airflow/example_dags/tutorial_dag.py took 0.117 seconds
[2025-04-29T19:55:04.195+0000] {processor.py:186} INFO - Started process (PID=143) to work on /home/airflow/.local/lib/python3.12/site-packages/airflow/example_dags/tutorial_dag.py
[2025-04-29T19:55:04.197+0000] {processor.py:914} INFO - Processing file /home/airflow/.local/lib/python3.12/site-packages/airflow/example_dags/tutorial_dag.py for tasks to queue
[2025-04-29T19:55:04.201+0000] {logging_mixin.py:190} INFO - [2025-04-29T19:55:04.200+0000] {dagbag.py:588} INFO - Filling up the DagBag from /home/airflow/.local/lib/python3.12/site-packages/airflow/example_dags/tutorial_dag.py
[2025-04-29T19:55:04.214+0000] {processor.py:925} INFO - DAG(s) 'tutorial_dag' retrieved from /home/airflow/.local/lib/python3.12/site-packages/airflow/example_dags/tutorial_dag.py
[2025-04-29T19:55:04.248+0000] {logging_mixin.py:190} INFO - [2025-04-29T19:55:04.247+0000] {dag.py:3239} INFO - Sync 1 DAGs
[2025-04-29T19:55:04.268+0000] {logging_mixin.py:190} INFO - [2025-04-29T19:55:04.267+0000] {dag.py:4180} INFO - Setting next_dagrun for tutorial_dag to None, run_after=None
[2025-04-29T19:55:04.296+0000] {processor.py:208} INFO - Processing /home/airflow/.local/lib/python3.12/site-packages/airflow/example_dags/tutorial_dag.py took 0.113 seconds
[2025-04-29T19:55:34.851+0000] {processor.py:186} INFO - Started process (PID=205) to work on /home/airflow/.local/lib/python3.12/site-packages/airflow/example_dags/tutorial_dag.py
[2025-04-29T19:55:34.853+0000] {processor.py:914} INFO - Processing file /home/airflow/.local/lib/python3.12/site-packages/airflow/example_dags/tutorial_dag.py for tasks to queue
[2025-04-29T19:55:34.858+0000] {logging_mixin.py:190} INFO - [2025-04-29T19:55:34.857+0000] {dagbag.py:588} INFO - Filling up the DagBag from /home/airflow/.local/lib/python3.12/site-packages/airflow/example_dags/tutorial_dag.py
[2025-04-29T19:55:34.874+0000] {processor.py:925} INFO - DAG(s) 'tutorial_dag' retrieved from /home/airflow/.local/lib/python3.12/site-packages/airflow/example_dags/tutorial_dag.py
[2025-04-29T19:55:34.930+0000] {logging_mixin.py:190} INFO - [2025-04-29T19:55:34.929+0000] {dag.py:3239} INFO - Sync 1 DAGs
[2025-04-29T19:55:34.969+0000] {logging_mixin.py:190} INFO - [2025-04-29T19:55:34.968+0000] {dag.py:4180} INFO - Setting next_dagrun for tutorial_dag to None, run_after=None
[2025-04-29T19:55:35.003+0000] {processor.py:208} INFO - Processing /home/airflow/.local/lib/python3.12/site-packages/airflow/example_dags/tutorial_dag.py took 0.168 seconds
[2025-04-29T19:56:05.209+0000] {processor.py:186} INFO - Started process (PID=268) to work on /home/airflow/.local/lib/python3.12/site-packages/airflow/example_dags/tutorial_dag.py
[2025-04-29T19:56:05.210+0000] {processor.py:914} INFO - Processing file /home/airflow/.local/lib/python3.12/site-packages/airflow/example_dags/tutorial_dag.py for tasks to queue
[2025-04-29T19:56:05.214+0000] {logging_mixin.py:190} INFO - [2025-04-29T19:56:05.213+0000] {dagbag.py:588} INFO - Filling up the DagBag from /home/airflow/.local/lib/python3.12/site-packages/airflow/example_dags/tutorial_dag.py
[2025-04-29T19:56:05.223+0000] {processor.py:925} INFO - DAG(s) 'tutorial_dag' retrieved from /home/airflow/.local/lib/python3.12/site-packages/airflow/example_dags/tutorial_dag.py
[2025-04-29T19:56:05.251+0000] {logging_mixin.py:190} INFO - [2025-04-29T19:56:05.251+0000] {dag.py:3239} INFO - Sync 1 DAGs
[2025-04-29T19:56:05.270+0000] {logging_mixin.py:190} INFO - [2025-04-29T19:56:05.269+0000] {dag.py:4180} INFO - Setting next_dagrun for tutorial_dag to None, run_after=None
[2025-04-29T19:56:05.293+0000] {processor.py:208} INFO - Processing /home/airflow/.local/lib/python3.12/site-packages/airflow/example_dags/tutorial_dag.py took 0.091 seconds
[2025-04-29T19:56:35.678+0000] {processor.py:186} INFO - Started process (PID=331) to work on /home/airflow/.local/lib/python3.12/site-packages/airflow/example_dags/tutorial_dag.py
[2025-04-29T19:56:35.680+0000] {processor.py:914} INFO - Processing file /home/airflow/.local/lib/python3.12/site-packages/airflow/example_dags/tutorial_dag.py for tasks to queue
[2025-04-29T19:56:35.683+0000] {logging_mixin.py:190} INFO - [2025-04-29T19:56:35.683+0000] {dagbag.py:588} INFO - Filling up the DagBag from /home/airflow/.local/lib/python3.12/site-packages/airflow/example_dags/tutorial_dag.py
[2025-04-29T19:56:35.696+0000] {processor.py:925} INFO - DAG(s) 'tutorial_dag' retrieved from /home/airflow/.local/lib/python3.12/site-packages/airflow/example_dags/tutorial_dag.py
[2025-04-29T19:56:35.729+0000] {logging_mixin.py:190} INFO - [2025-04-29T19:56:35.729+0000] {dag.py:3239} INFO - Sync 1 DAGs
[2025-04-29T19:56:35.756+0000] {logging_mixin.py:190} INFO - [2025-04-29T19:56:35.755+0000] {dag.py:4180} INFO - Setting next_dagrun for tutorial_dag to None, run_after=None
[2025-04-29T19:56:35.788+0000] {processor.py:208} INFO - Processing /home/airflow/.local/lib/python3.12/site-packages/airflow/example_dags/tutorial_dag.py took 0.118 seconds
[2025-04-29T19:57:06.564+0000] {processor.py:186} INFO - Started process (PID=400) to work on /home/airflow/.local/lib/python3.12/site-packages/airflow/example_dags/tutorial_dag.py
[2025-04-29T19:57:06.566+0000] {processor.py:914} INFO - Processing file /home/airflow/.local/lib/python3.12/site-packages/airflow/example_dags/tutorial_dag.py for tasks to queue
[2025-04-29T19:57:06.572+0000] {logging_mixin.py:190} INFO - [2025-04-29T19:57:06.571+0000] {dagbag.py:588} INFO - Filling up the DagBag from /home/airflow/.local/lib/python3.12/site-packages/airflow/example_dags/tutorial_dag.py
[2025-04-29T19:57:06.595+0000] {processor.py:925} INFO - DAG(s) 'tutorial_dag' retrieved from /home/airflow/.local/lib/python3.12/site-packages/airflow/example_dags/tutorial_dag.py
[2025-04-29T19:57:06.641+0000] {logging_mixin.py:190} INFO - [2025-04-29T19:57:06.640+0000] {dag.py:3239} INFO - Sync 1 DAGs
[2025-04-29T19:57:06.671+0000] {logging_mixin.py:190} INFO - [2025-04-29T19:57:06.671+0000] {dag.py:4180} INFO - Setting next_dagrun for tutorial_dag to None, run_after=None
[2025-04-29T19:57:06.703+0000] {processor.py:208} INFO - Processing /home/airflow/.local/lib/python3.12/site-packages/airflow/example_dags/tutorial_dag.py took 0.150 seconds
[2025-04-29T19:57:36.937+0000] {processor.py:186} INFO - Started process (PID=463) to work on /home/airflow/.local/lib/python3.12/site-packages/airflow/example_dags/tutorial_dag.py
[2025-04-29T19:57:36.939+0000] {processor.py:914} INFO - Processing file /home/airflow/.local/lib/python3.12/site-packages/airflow/example_dags/tutorial_dag.py for tasks to queue
[2025-04-29T19:57:36.945+0000] {logging_mixin.py:190} INFO - [2025-04-29T19:57:36.944+0000] {dagbag.py:588} INFO - Filling up the DagBag from /home/airflow/.local/lib/python3.12/site-packages/airflow/example_dags/tutorial_dag.py
[2025-04-29T19:57:36.958+0000] {processor.py:925} INFO - DAG(s) 'tutorial_dag' retrieved from /home/airflow/.local/lib/python3.12/site-packages/airflow/example_dags/tutorial_dag.py
[2025-04-29T19:57:37.000+0000] {logging_mixin.py:190} INFO - [2025-04-29T19:57:36.999+0000] {dag.py:3239} INFO - Sync 1 DAGs
[2025-04-29T19:57:37.035+0000] {logging_mixin.py:190} INFO - [2025-04-29T19:57:37.035+0000] {dag.py:4180} INFO - Setting next_dagrun for tutorial_dag to None, run_after=None
[2025-04-29T19:57:37.093+0000] {processor.py:208} INFO - Processing /home/airflow/.local/lib/python3.12/site-packages/airflow/example_dags/tutorial_dag.py took 0.170 seconds
[2025-04-29T19:58:07.468+0000] {processor.py:186} INFO - Started process (PID=526) to work on /home/airflow/.local/lib/python3.12/site-packages/airflow/example_dags/tutorial_dag.py
[2025-04-29T19:58:07.470+0000] {processor.py:914} INFO - Processing file /home/airflow/.local/lib/python3.12/site-packages/airflow/example_dags/tutorial_dag.py for tasks to queue
[2025-04-29T19:58:07.475+0000] {logging_mixin.py:190} INFO - [2025-04-29T19:58:07.474+0000] {dagbag.py:588} INFO - Filling up the DagBag from /home/airflow/.local/lib/python3.12/site-packages/airflow/example_dags/tutorial_dag.py
[2025-04-29T19:58:07.494+0000] {processor.py:925} INFO - DAG(s) 'tutorial_dag' retrieved from /home/airflow/.local/lib/python3.12/site-packages/airflow/example_dags/tutorial_dag.py
[2025-04-29T19:58:07.545+0000] {logging_mixin.py:190} INFO - [2025-04-29T19:58:07.545+0000] {dag.py:3239} INFO - Sync 1 DAGs
[2025-04-29T19:58:07.568+0000] {logging_mixin.py:190} INFO - [2025-04-29T19:58:07.568+0000] {dag.py:4180} INFO - Setting next_dagrun for tutorial_dag to None, run_after=None
[2025-04-29T19:58:07.624+0000] {processor.py:208} INFO - Processing /home/airflow/.local/lib/python3.12/site-packages/airflow/example_dags/tutorial_dag.py took 0.169 seconds
[2025-04-29T19:58:37.921+0000] {processor.py:186} INFO - Started process (PID=589) to work on /home/airflow/.local/lib/python3.12/site-packages/airflow/example_dags/tutorial_dag.py
[2025-04-29T19:58:37.924+0000] {processor.py:914} INFO - Processing file /home/airflow/.local/lib/python3.12/site-packages/airflow/example_dags/tutorial_dag.py for tasks to queue
[2025-04-29T19:58:37.931+0000] {logging_mixin.py:190} INFO - [2025-04-29T19:58:37.930+0000] {dagbag.py:588} INFO - Filling up the DagBag from /home/airflow/.local/lib/python3.12/site-packages/airflow/example_dags/tutorial_dag.py
[2025-04-29T19:58:37.950+0000] {processor.py:925} INFO - DAG(s) 'tutorial_dag' retrieved from /home/airflow/.local/lib/python3.12/site-packages/airflow/example_dags/tutorial_dag.py
[2025-04-29T19:58:37.999+0000] {logging_mixin.py:190} INFO - [2025-04-29T19:58:37.999+0000] {dag.py:3239} INFO - Sync 1 DAGs
[2025-04-29T19:58:38.026+0000] {logging_mixin.py:190} INFO - [2025-04-29T19:58:38.025+0000] {dag.py:4180} INFO - Setting next_dagrun for tutorial_dag to None, run_after=None
[2025-04-29T19:58:38.073+0000] {processor.py:208} INFO - Processing /home/airflow/.local/lib/python3.12/site-packages/airflow/example_dags/tutorial_dag.py took 0.168 seconds
[2025-04-29T19:59:08.218+0000] {processor.py:186} INFO - Started process (PID=652) to work on /home/airflow/.local/lib/python3.12/site-packages/airflow/example_dags/tutorial_dag.py
[2025-04-29T19:59:08.220+0000] {processor.py:914} INFO - Processing file /home/airflow/.local/lib/python3.12/site-packages/airflow/example_dags/tutorial_dag.py for tasks to queue
[2025-04-29T19:59:08.224+0000] {logging_mixin.py:190} INFO - [2025-04-29T19:59:08.224+0000] {dagbag.py:588} INFO - Filling up the DagBag from /home/airflow/.local/lib/python3.12/site-packages/airflow/example_dags/tutorial_dag.py
[2025-04-29T19:59:08.237+0000] {processor.py:925} INFO - DAG(s) 'tutorial_dag' retrieved from /home/airflow/.local/lib/python3.12/site-packages/airflow/example_dags/tutorial_dag.py
[2025-04-29T19:59:08.274+0000] {logging_mixin.py:190} INFO - [2025-04-29T19:59:08.273+0000] {dag.py:3239} INFO - Sync 1 DAGs
[2025-04-29T19:59:08.299+0000] {logging_mixin.py:190} INFO - [2025-04-29T19:59:08.299+0000] {dag.py:4180} INFO - Setting next_dagrun for tutorial_dag to None, run_after=None
[2025-04-29T19:59:08.345+0000] {processor.py:208} INFO - Processing /home/airflow/.local/lib/python3.12/site-packages/airflow/example_dags/tutorial_dag.py took 0.140 seconds
[2025-04-29T19:59:38.751+0000] {processor.py:186} INFO - Started process (PID=715) to work on /home/airflow/.local/lib/python3.12/site-packages/airflow/example_dags/tutorial_dag.py
[2025-04-29T19:59:38.753+0000] {processor.py:914} INFO - Processing file /home/airflow/.local/lib/python3.12/site-packages/airflow/example_dags/tutorial_dag.py for tasks to queue
[2025-04-29T19:59:38.759+0000] {logging_mixin.py:190} INFO - [2025-04-29T19:59:38.758+0000] {dagbag.py:588} INFO - Filling up the DagBag from /home/airflow/.local/lib/python3.12/site-packages/airflow/example_dags/tutorial_dag.py
[2025-04-29T19:59:38.775+0000] {processor.py:925} INFO - DAG(s) 'tutorial_dag' retrieved from /home/airflow/.local/lib/python3.12/site-packages/airflow/example_dags/tutorial_dag.py
[2025-04-29T19:59:38.809+0000] {logging_mixin.py:190} INFO - [2025-04-29T19:59:38.809+0000] {dag.py:3239} INFO - Sync 1 DAGs
[2025-04-29T19:59:38.830+0000] {logging_mixin.py:190} INFO - [2025-04-29T19:59:38.830+0000] {dag.py:4180} INFO - Setting next_dagrun for tutorial_dag to None, run_after=None
[2025-04-29T19:59:38.872+0000] {processor.py:208} INFO - Processing /home/airflow/.local/lib/python3.12/site-packages/airflow/example_dags/tutorial_dag.py took 0.131 seconds
[2025-04-29T20:00:09.172+0000] {processor.py:186} INFO - Started process (PID=777) to work on /home/airflow/.local/lib/python3.12/site-packages/airflow/example_dags/tutorial_dag.py
[2025-04-29T20:00:09.175+0000] {processor.py:914} INFO - Processing file /home/airflow/.local/lib/python3.12/site-packages/airflow/example_dags/tutorial_dag.py for tasks to queue
[2025-04-29T20:00:09.179+0000] {logging_mixin.py:190} INFO - [2025-04-29T20:00:09.178+0000] {dagbag.py:588} INFO - Filling up the DagBag from /home/airflow/.local/lib/python3.12/site-packages/airflow/example_dags/tutorial_dag.py
[2025-04-29T20:00:09.191+0000] {processor.py:925} INFO - DAG(s) 'tutorial_dag' retrieved from /home/airflow/.local/lib/python3.12/site-packages/airflow/example_dags/tutorial_dag.py
[2025-04-29T20:00:09.224+0000] {logging_mixin.py:190} INFO - [2025-04-29T20:00:09.224+0000] {dag.py:3239} INFO - Sync 1 DAGs
[2025-04-29T20:00:09.248+0000] {logging_mixin.py:190} INFO - [2025-04-29T20:00:09.247+0000] {dag.py:4180} INFO - Setting next_dagrun for tutorial_dag to None, run_after=None
[2025-04-29T20:00:09.293+0000] {processor.py:208} INFO - Processing /home/airflow/.local/lib/python3.12/site-packages/airflow/example_dags/tutorial_dag.py took 0.132 seconds
[2025-04-29T20:00:39.534+0000] {processor.py:186} INFO - Started process (PID=840) to work on /home/airflow/.local/lib/python3.12/site-packages/airflow/example_dags/tutorial_dag.py
[2025-04-29T20:00:39.535+0000] {processor.py:914} INFO - Processing file /home/airflow/.local/lib/python3.12/site-packages/airflow/example_dags/tutorial_dag.py for tasks to queue
[2025-04-29T20:00:39.538+0000] {logging_mixin.py:190} INFO - [2025-04-29T20:00:39.538+0000] {dagbag.py:588} INFO - Filling up the DagBag from /home/airflow/.local/lib/python3.12/site-packages/airflow/example_dags/tutorial_dag.py
[2025-04-29T20:00:39.548+0000] {processor.py:925} INFO - DAG(s) 'tutorial_dag' retrieved from /home/airflow/.local/lib/python3.12/site-packages/airflow/example_dags/tutorial_dag.py
[2025-04-29T20:00:39.573+0000] {logging_mixin.py:190} INFO - [2025-04-29T20:00:39.572+0000] {dag.py:3239} INFO - Sync 1 DAGs
[2025-04-29T20:00:39.590+0000] {logging_mixin.py:190} INFO - [2025-04-29T20:00:39.590+0000] {dag.py:4180} INFO - Setting next_dagrun for tutorial_dag to None, run_after=None
[2025-04-29T20:00:39.625+0000] {processor.py:208} INFO - Processing /home/airflow/.local/lib/python3.12/site-packages/airflow/example_dags/tutorial_dag.py took 0.099 seconds
[2025-04-29T20:01:09.734+0000] {processor.py:186} INFO - Started process (PID=903) to work on /home/airflow/.local/lib/python3.12/site-packages/airflow/example_dags/tutorial_dag.py
[2025-04-29T20:01:09.736+0000] {processor.py:914} INFO - Processing file /home/airflow/.local/lib/python3.12/site-packages/airflow/example_dags/tutorial_dag.py for tasks to queue
[2025-04-29T20:01:09.739+0000] {logging_mixin.py:190} INFO - [2025-04-29T20:01:09.738+0000] {dagbag.py:588} INFO - Filling up the DagBag from /home/airflow/.local/lib/python3.12/site-packages/airflow/example_dags/tutorial_dag.py
[2025-04-29T20:01:09.748+0000] {processor.py:925} INFO - DAG(s) 'tutorial_dag' retrieved from /home/airflow/.local/lib/python3.12/site-packages/airflow/example_dags/tutorial_dag.py
[2025-04-29T20:01:09.773+0000] {logging_mixin.py:190} INFO - [2025-04-29T20:01:09.773+0000] {dag.py:3239} INFO - Sync 1 DAGs
[2025-04-29T20:01:09.791+0000] {logging_mixin.py:190} INFO - [2025-04-29T20:01:09.790+0000] {dag.py:4180} INFO - Setting next_dagrun for tutorial_dag to None, run_after=None
[2025-04-29T20:01:09.828+0000] {processor.py:208} INFO - Processing /home/airflow/.local/lib/python3.12/site-packages/airflow/example_dags/tutorial_dag.py took 0.101 seconds
[2025-04-29T20:01:40.853+0000] {processor.py:186} INFO - Started process (PID=966) to work on /home/airflow/.local/lib/python3.12/site-packages/airflow/example_dags/tutorial_dag.py
[2025-04-29T20:01:40.854+0000] {processor.py:914} INFO - Processing file /home/airflow/.local/lib/python3.12/site-packages/airflow/example_dags/tutorial_dag.py for tasks to queue
[2025-04-29T20:01:40.858+0000] {logging_mixin.py:190} INFO - [2025-04-29T20:01:40.858+0000] {dagbag.py:588} INFO - Filling up the DagBag from /home/airflow/.local/lib/python3.12/site-packages/airflow/example_dags/tutorial_dag.py
[2025-04-29T20:01:40.870+0000] {processor.py:925} INFO - DAG(s) 'tutorial_dag' retrieved from /home/airflow/.local/lib/python3.12/site-packages/airflow/example_dags/tutorial_dag.py
[2025-04-29T20:01:40.908+0000] {logging_mixin.py:190} INFO - [2025-04-29T20:01:40.908+0000] {dag.py:3239} INFO - Sync 1 DAGs
[2025-04-29T20:01:40.935+0000] {logging_mixin.py:190} INFO - [2025-04-29T20:01:40.934+0000] {dag.py:4180} INFO - Setting next_dagrun for tutorial_dag to None, run_after=None
[2025-04-29T20:01:40.976+0000] {processor.py:208} INFO - Processing /home/airflow/.local/lib/python3.12/site-packages/airflow/example_dags/tutorial_dag.py took 0.132 seconds
[2025-04-29T20:02:11.887+0000] {processor.py:186} INFO - Started process (PID=1029) to work on /home/airflow/.local/lib/python3.12/site-packages/airflow/example_dags/tutorial_dag.py
[2025-04-29T20:02:11.889+0000] {processor.py:914} INFO - Processing file /home/airflow/.local/lib/python3.12/site-packages/airflow/example_dags/tutorial_dag.py for tasks to queue
[2025-04-29T20:02:11.895+0000] {logging_mixin.py:190} INFO - [2025-04-29T20:02:11.894+0000] {dagbag.py:588} INFO - Filling up the DagBag from /home/airflow/.local/lib/python3.12/site-packages/airflow/example_dags/tutorial_dag.py
[2025-04-29T20:02:11.907+0000] {processor.py:925} INFO - DAG(s) 'tutorial_dag' retrieved from /home/airflow/.local/lib/python3.12/site-packages/airflow/example_dags/tutorial_dag.py
[2025-04-29T20:02:11.946+0000] {logging_mixin.py:190} INFO - [2025-04-29T20:02:11.946+0000] {dag.py:3239} INFO - Sync 1 DAGs
[2025-04-29T20:02:11.981+0000] {logging_mixin.py:190} INFO - [2025-04-29T20:02:11.980+0000] {dag.py:4180} INFO - Setting next_dagrun for tutorial_dag to None, run_after=None
[2025-04-29T20:02:12.030+0000] {processor.py:208} INFO - Processing /home/airflow/.local/lib/python3.12/site-packages/airflow/example_dags/tutorial_dag.py took 0.155 seconds
[2025-04-29T20:02:42.784+0000] {processor.py:186} INFO - Started process (PID=1092) to work on /home/airflow/.local/lib/python3.12/site-packages/airflow/example_dags/tutorial_dag.py
[2025-04-29T20:02:42.785+0000] {processor.py:914} INFO - Processing file /home/airflow/.local/lib/python3.12/site-packages/airflow/example_dags/tutorial_dag.py for tasks to queue
[2025-04-29T20:02:42.788+0000] {logging_mixin.py:190} INFO - [2025-04-29T20:02:42.788+0000] {dagbag.py:588} INFO - Filling up the DagBag from /home/airflow/.local/lib/python3.12/site-packages/airflow/example_dags/tutorial_dag.py
[2025-04-29T20:02:42.799+0000] {processor.py:925} INFO - DAG(s) 'tutorial_dag' retrieved from /home/airflow/.local/lib/python3.12/site-packages/airflow/example_dags/tutorial_dag.py
[2025-04-29T20:02:42.823+0000] {logging_mixin.py:190} INFO - [2025-04-29T20:02:42.823+0000] {dag.py:3239} INFO - Sync 1 DAGs
[2025-04-29T20:02:42.843+0000] {logging_mixin.py:190} INFO - [2025-04-29T20:02:42.842+0000] {dag.py:4180} INFO - Setting next_dagrun for tutorial_dag to None, run_after=None
[2025-04-29T20:02:42.869+0000] {processor.py:208} INFO - Processing /home/airflow/.local/lib/python3.12/site-packages/airflow/example_dags/tutorial_dag.py took 0.094 seconds
[2025-04-29T20:03:13.300+0000] {processor.py:186} INFO - Started process (PID=1155) to work on /home/airflow/.local/lib/python3.12/site-packages/airflow/example_dags/tutorial_dag.py
[2025-04-29T20:03:13.302+0000] {processor.py:914} INFO - Processing file /home/airflow/.local/lib/python3.12/site-packages/airflow/example_dags/tutorial_dag.py for tasks to queue
[2025-04-29T20:03:13.306+0000] {logging_mixin.py:190} INFO - [2025-04-29T20:03:13.305+0000] {dagbag.py:588} INFO - Filling up the DagBag from /home/airflow/.local/lib/python3.12/site-packages/airflow/example_dags/tutorial_dag.py
[2025-04-29T20:03:13.320+0000] {processor.py:925} INFO - DAG(s) 'tutorial_dag' retrieved from /home/airflow/.local/lib/python3.12/site-packages/airflow/example_dags/tutorial_dag.py
[2025-04-29T20:03:13.355+0000] {logging_mixin.py:190} INFO - [2025-04-29T20:03:13.355+0000] {dag.py:3239} INFO - Sync 1 DAGs
[2025-04-29T20:03:13.380+0000] {logging_mixin.py:190} INFO - [2025-04-29T20:03:13.380+0000] {dag.py:4180} INFO - Setting next_dagrun for tutorial_dag to None, run_after=None
[2025-04-29T20:03:13.409+0000] {processor.py:208} INFO - Processing /home/airflow/.local/lib/python3.12/site-packages/airflow/example_dags/tutorial_dag.py took 0.119 seconds
[2025-04-29T20:03:44.133+0000] {processor.py:186} INFO - Started process (PID=1218) to work on /home/airflow/.local/lib/python3.12/site-packages/airflow/example_dags/tutorial_dag.py
[2025-04-29T20:03:44.136+0000] {processor.py:914} INFO - Processing file /home/airflow/.local/lib/python3.12/site-packages/airflow/example_dags/tutorial_dag.py for tasks to queue
[2025-04-29T20:03:44.142+0000] {logging_mixin.py:190} INFO - [2025-04-29T20:03:44.141+0000] {dagbag.py:588} INFO - Filling up the DagBag from /home/airflow/.local/lib/python3.12/site-packages/airflow/example_dags/tutorial_dag.py
[2025-04-29T20:03:44.154+0000] {processor.py:925} INFO - DAG(s) 'tutorial_dag' retrieved from /home/airflow/.local/lib/python3.12/site-packages/airflow/example_dags/tutorial_dag.py
[2025-04-29T20:03:44.191+0000] {logging_mixin.py:190} INFO - [2025-04-29T20:03:44.191+0000] {dag.py:3239} INFO - Sync 1 DAGs
[2025-04-29T20:03:44.213+0000] {logging_mixin.py:190} INFO - [2025-04-29T20:03:44.212+0000] {dag.py:4180} INFO - Setting next_dagrun for tutorial_dag to None, run_after=None
[2025-04-29T20:03:44.244+0000] {processor.py:208} INFO - Processing /home/airflow/.local/lib/python3.12/site-packages/airflow/example_dags/tutorial_dag.py took 0.120 seconds
[2025-04-29T20:04:14.360+0000] {processor.py:186} INFO - Started process (PID=1281) to work on /home/airflow/.local/lib/python3.12/site-packages/airflow/example_dags/tutorial_dag.py
[2025-04-29T20:04:14.362+0000] {processor.py:914} INFO - Processing file /home/airflow/.local/lib/python3.12/site-packages/airflow/example_dags/tutorial_dag.py for tasks to queue
[2025-04-29T20:04:14.366+0000] {logging_mixin.py:190} INFO - [2025-04-29T20:04:14.365+0000] {dagbag.py:588} INFO - Filling up the DagBag from /home/airflow/.local/lib/python3.12/site-packages/airflow/example_dags/tutorial_dag.py
[2025-04-29T20:04:14.384+0000] {processor.py:925} INFO - DAG(s) 'tutorial_dag' retrieved from /home/airflow/.local/lib/python3.12/site-packages/airflow/example_dags/tutorial_dag.py
[2025-04-29T20:04:14.418+0000] {logging_mixin.py:190} INFO - [2025-04-29T20:04:14.418+0000] {dag.py:3239} INFO - Sync 1 DAGs
[2025-04-29T20:04:14.442+0000] {logging_mixin.py:190} INFO - [2025-04-29T20:04:14.442+0000] {dag.py:4180} INFO - Setting next_dagrun for tutorial_dag to None, run_after=None
[2025-04-29T20:04:14.471+0000] {processor.py:208} INFO - Processing /home/airflow/.local/lib/python3.12/site-packages/airflow/example_dags/tutorial_dag.py took 0.121 seconds
[2025-04-29T20:04:44.860+0000] {processor.py:186} INFO - Started process (PID=1344) to work on /home/airflow/.local/lib/python3.12/site-packages/airflow/example_dags/tutorial_dag.py
[2025-04-29T20:04:44.862+0000] {processor.py:914} INFO - Processing file /home/airflow/.local/lib/python3.12/site-packages/airflow/example_dags/tutorial_dag.py for tasks to queue
[2025-04-29T20:04:44.869+0000] {logging_mixin.py:190} INFO - [2025-04-29T20:04:44.868+0000] {dagbag.py:588} INFO - Filling up the DagBag from /home/airflow/.local/lib/python3.12/site-packages/airflow/example_dags/tutorial_dag.py
[2025-04-29T20:04:44.898+0000] {processor.py:925} INFO - DAG(s) 'tutorial_dag' retrieved from /home/airflow/.local/lib/python3.12/site-packages/airflow/example_dags/tutorial_dag.py
[2025-04-29T20:04:44.953+0000] {logging_mixin.py:190} INFO - [2025-04-29T20:04:44.952+0000] {dag.py:3239} INFO - Sync 1 DAGs
[2025-04-29T20:04:44.992+0000] {logging_mixin.py:190} INFO - [2025-04-29T20:04:44.991+0000] {dag.py:4180} INFO - Setting next_dagrun for tutorial_dag to None, run_after=None
[2025-04-29T20:04:45.047+0000] {processor.py:208} INFO - Processing /home/airflow/.local/lib/python3.12/site-packages/airflow/example_dags/tutorial_dag.py took 0.201 seconds
[2025-04-29T20:05:15.463+0000] {processor.py:186} INFO - Started process (PID=1407) to work on /home/airflow/.local/lib/python3.12/site-packages/airflow/example_dags/tutorial_dag.py
[2025-04-29T20:05:15.465+0000] {processor.py:914} INFO - Processing file /home/airflow/.local/lib/python3.12/site-packages/airflow/example_dags/tutorial_dag.py for tasks to queue
[2025-04-29T20:05:15.472+0000] {logging_mixin.py:190} INFO - [2025-04-29T20:05:15.471+0000] {dagbag.py:588} INFO - Filling up the DagBag from /home/airflow/.local/lib/python3.12/site-packages/airflow/example_dags/tutorial_dag.py
[2025-04-29T20:05:15.490+0000] {processor.py:925} INFO - DAG(s) 'tutorial_dag' retrieved from /home/airflow/.local/lib/python3.12/site-packages/airflow/example_dags/tutorial_dag.py
[2025-04-29T20:05:15.535+0000] {logging_mixin.py:190} INFO - [2025-04-29T20:05:15.534+0000] {dag.py:3239} INFO - Sync 1 DAGs
[2025-04-29T20:05:15.564+0000] {logging_mixin.py:190} INFO - [2025-04-29T20:05:15.563+0000] {dag.py:4180} INFO - Setting next_dagrun for tutorial_dag to None, run_after=None
[2025-04-29T20:05:15.602+0000] {processor.py:208} INFO - Processing /home/airflow/.local/lib/python3.12/site-packages/airflow/example_dags/tutorial_dag.py took 0.151 seconds
[2025-04-29T20:05:46.011+0000] {processor.py:186} INFO - Started process (PID=1470) to work on /home/airflow/.local/lib/python3.12/site-packages/airflow/example_dags/tutorial_dag.py
[2025-04-29T20:05:46.013+0000] {processor.py:914} INFO - Processing file /home/airflow/.local/lib/python3.12/site-packages/airflow/example_dags/tutorial_dag.py for tasks to queue
[2025-04-29T20:05:46.017+0000] {logging_mixin.py:190} INFO - [2025-04-29T20:05:46.017+0000] {dagbag.py:588} INFO - Filling up the DagBag from /home/airflow/.local/lib/python3.12/site-packages/airflow/example_dags/tutorial_dag.py
[2025-04-29T20:05:46.030+0000] {processor.py:925} INFO - DAG(s) 'tutorial_dag' retrieved from /home/airflow/.local/lib/python3.12/site-packages/airflow/example_dags/tutorial_dag.py
[2025-04-29T20:05:46.082+0000] {logging_mixin.py:190} INFO - [2025-04-29T20:05:46.081+0000] {dag.py:3239} INFO - Sync 1 DAGs
[2025-04-29T20:05:46.136+0000] {logging_mixin.py:190} INFO - [2025-04-29T20:05:46.135+0000] {dag.py:4180} INFO - Setting next_dagrun for tutorial_dag to None, run_after=None
[2025-04-29T20:05:46.190+0000] {processor.py:208} INFO - Processing /home/airflow/.local/lib/python3.12/site-packages/airflow/example_dags/tutorial_dag.py took 0.187 seconds
[2025-04-29T20:06:16.388+0000] {processor.py:186} INFO - Started process (PID=1533) to work on /home/airflow/.local/lib/python3.12/site-packages/airflow/example_dags/tutorial_dag.py
[2025-04-29T20:06:16.391+0000] {processor.py:914} INFO - Processing file /home/airflow/.local/lib/python3.12/site-packages/airflow/example_dags/tutorial_dag.py for tasks to queue
[2025-04-29T20:06:16.399+0000] {logging_mixin.py:190} INFO - [2025-04-29T20:06:16.398+0000] {dagbag.py:588} INFO - Filling up the DagBag from /home/airflow/.local/lib/python3.12/site-packages/airflow/example_dags/tutorial_dag.py
[2025-04-29T20:06:16.419+0000] {processor.py:925} INFO - DAG(s) 'tutorial_dag' retrieved from /home/airflow/.local/lib/python3.12/site-packages/airflow/example_dags/tutorial_dag.py
[2025-04-29T20:06:16.458+0000] {logging_mixin.py:190} INFO - [2025-04-29T20:06:16.458+0000] {dag.py:3239} INFO - Sync 1 DAGs
[2025-04-29T20:06:16.481+0000] {logging_mixin.py:190} INFO - [2025-04-29T20:06:16.481+0000] {dag.py:4180} INFO - Setting next_dagrun for tutorial_dag to None, run_after=None
[2025-04-29T20:06:16.512+0000] {processor.py:208} INFO - Processing /home/airflow/.local/lib/python3.12/site-packages/airflow/example_dags/tutorial_dag.py took 0.138 seconds
[2025-04-29T20:06:46.851+0000] {processor.py:186} INFO - Started process (PID=1596) to work on /home/airflow/.local/lib/python3.12/site-packages/airflow/example_dags/tutorial_dag.py
[2025-04-29T20:06:46.852+0000] {processor.py:914} INFO - Processing file /home/airflow/.local/lib/python3.12/site-packages/airflow/example_dags/tutorial_dag.py for tasks to queue
[2025-04-29T20:06:46.857+0000] {logging_mixin.py:190} INFO - [2025-04-29T20:06:46.856+0000] {dagbag.py:588} INFO - Filling up the DagBag from /home/airflow/.local/lib/python3.12/site-packages/airflow/example_dags/tutorial_dag.py
[2025-04-29T20:06:46.874+0000] {processor.py:925} INFO - DAG(s) 'tutorial_dag' retrieved from /home/airflow/.local/lib/python3.12/site-packages/airflow/example_dags/tutorial_dag.py
[2025-04-29T20:06:46.911+0000] {logging_mixin.py:190} INFO - [2025-04-29T20:06:46.910+0000] {dag.py:3239} INFO - Sync 1 DAGs
[2025-04-29T20:06:46.928+0000] {logging_mixin.py:190} INFO - [2025-04-29T20:06:46.928+0000] {dag.py:4180} INFO - Setting next_dagrun for tutorial_dag to None, run_after=None
[2025-04-29T20:06:46.978+0000] {processor.py:208} INFO - Processing /home/airflow/.local/lib/python3.12/site-packages/airflow/example_dags/tutorial_dag.py took 0.138 seconds
[2025-04-29T20:07:17.680+0000] {processor.py:186} INFO - Started process (PID=1659) to work on /home/airflow/.local/lib/python3.12/site-packages/airflow/example_dags/tutorial_dag.py
[2025-04-29T20:07:17.681+0000] {processor.py:914} INFO - Processing file /home/airflow/.local/lib/python3.12/site-packages/airflow/example_dags/tutorial_dag.py for tasks to queue
[2025-04-29T20:07:17.684+0000] {logging_mixin.py:190} INFO - [2025-04-29T20:07:17.684+0000] {dagbag.py:588} INFO - Filling up the DagBag from /home/airflow/.local/lib/python3.12/site-packages/airflow/example_dags/tutorial_dag.py
[2025-04-29T20:07:17.694+0000] {processor.py:925} INFO - DAG(s) 'tutorial_dag' retrieved from /home/airflow/.local/lib/python3.12/site-packages/airflow/example_dags/tutorial_dag.py
[2025-04-29T20:07:17.719+0000] {logging_mixin.py:190} INFO - [2025-04-29T20:07:17.718+0000] {dag.py:3239} INFO - Sync 1 DAGs
[2025-04-29T20:07:17.737+0000] {logging_mixin.py:190} INFO - [2025-04-29T20:07:17.736+0000] {dag.py:4180} INFO - Setting next_dagrun for tutorial_dag to None, run_after=None
[2025-04-29T20:07:17.761+0000] {processor.py:208} INFO - Processing /home/airflow/.local/lib/python3.12/site-packages/airflow/example_dags/tutorial_dag.py took 0.088 seconds
[2025-04-29T20:07:48.068+0000] {processor.py:186} INFO - Started process (PID=1722) to work on /home/airflow/.local/lib/python3.12/site-packages/airflow/example_dags/tutorial_dag.py
[2025-04-29T20:07:48.070+0000] {processor.py:914} INFO - Processing file /home/airflow/.local/lib/python3.12/site-packages/airflow/example_dags/tutorial_dag.py for tasks to queue
[2025-04-29T20:07:48.075+0000] {logging_mixin.py:190} INFO - [2025-04-29T20:07:48.074+0000] {dagbag.py:588} INFO - Filling up the DagBag from /home/airflow/.local/lib/python3.12/site-packages/airflow/example_dags/tutorial_dag.py
[2025-04-29T20:07:48.089+0000] {processor.py:925} INFO - DAG(s) 'tutorial_dag' retrieved from /home/airflow/.local/lib/python3.12/site-packages/airflow/example_dags/tutorial_dag.py
[2025-04-29T20:07:48.125+0000] {logging_mixin.py:190} INFO - [2025-04-29T20:07:48.125+0000] {dag.py:3239} INFO - Sync 1 DAGs
[2025-04-29T20:07:48.158+0000] {logging_mixin.py:190} INFO - [2025-04-29T20:07:48.158+0000] {dag.py:4180} INFO - Setting next_dagrun for tutorial_dag to None, run_after=None
[2025-04-29T20:07:48.184+0000] {processor.py:208} INFO - Processing /home/airflow/.local/lib/python3.12/site-packages/airflow/example_dags/tutorial_dag.py took 0.126 seconds
[2025-04-29T20:08:18.815+0000] {processor.py:186} INFO - Started process (PID=1785) to work on /home/airflow/.local/lib/python3.12/site-packages/airflow/example_dags/tutorial_dag.py
[2025-04-29T20:08:18.817+0000] {processor.py:914} INFO - Processing file /home/airflow/.local/lib/python3.12/site-packages/airflow/example_dags/tutorial_dag.py for tasks to queue
[2025-04-29T20:08:18.823+0000] {logging_mixin.py:190} INFO - [2025-04-29T20:08:18.822+0000] {dagbag.py:588} INFO - Filling up the DagBag from /home/airflow/.local/lib/python3.12/site-packages/airflow/example_dags/tutorial_dag.py
[2025-04-29T20:08:18.839+0000] {processor.py:925} INFO - DAG(s) 'tutorial_dag' retrieved from /home/airflow/.local/lib/python3.12/site-packages/airflow/example_dags/tutorial_dag.py
[2025-04-29T20:08:18.886+0000] {logging_mixin.py:190} INFO - [2025-04-29T20:08:18.885+0000] {dag.py:3239} INFO - Sync 1 DAGs
[2025-04-29T20:08:18.916+0000] {logging_mixin.py:190} INFO - [2025-04-29T20:08:18.915+0000] {dag.py:4180} INFO - Setting next_dagrun for tutorial_dag to None, run_after=None
[2025-04-29T20:08:18.957+0000] {processor.py:208} INFO - Processing /home/airflow/.local/lib/python3.12/site-packages/airflow/example_dags/tutorial_dag.py took 0.151 seconds
[2025-04-29T20:08:49.103+0000] {processor.py:186} INFO - Started process (PID=1848) to work on /home/airflow/.local/lib/python3.12/site-packages/airflow/example_dags/tutorial_dag.py
[2025-04-29T20:08:49.105+0000] {processor.py:914} INFO - Processing file /home/airflow/.local/lib/python3.12/site-packages/airflow/example_dags/tutorial_dag.py for tasks to queue
[2025-04-29T20:08:49.109+0000] {logging_mixin.py:190} INFO - [2025-04-29T20:08:49.109+0000] {dagbag.py:588} INFO - Filling up the DagBag from /home/airflow/.local/lib/python3.12/site-packages/airflow/example_dags/tutorial_dag.py
[2025-04-29T20:08:49.120+0000] {processor.py:925} INFO - DAG(s) 'tutorial_dag' retrieved from /home/airflow/.local/lib/python3.12/site-packages/airflow/example_dags/tutorial_dag.py
[2025-04-29T20:08:49.151+0000] {logging_mixin.py:190} INFO - [2025-04-29T20:08:49.151+0000] {dag.py:3239} INFO - Sync 1 DAGs
[2025-04-29T20:08:49.177+0000] {logging_mixin.py:190} INFO - [2025-04-29T20:08:49.176+0000] {dag.py:4180} INFO - Setting next_dagrun for tutorial_dag to None, run_after=None
[2025-04-29T20:08:49.206+0000] {processor.py:208} INFO - Processing /home/airflow/.local/lib/python3.12/site-packages/airflow/example_dags/tutorial_dag.py took 0.112 seconds
[2025-04-29T20:09:19.787+0000] {processor.py:186} INFO - Started process (PID=1911) to work on /home/airflow/.local/lib/python3.12/site-packages/airflow/example_dags/tutorial_dag.py
[2025-04-29T20:09:19.790+0000] {processor.py:914} INFO - Processing file /home/airflow/.local/lib/python3.12/site-packages/airflow/example_dags/tutorial_dag.py for tasks to queue
[2025-04-29T20:09:19.801+0000] {logging_mixin.py:190} INFO - [2025-04-29T20:09:19.800+0000] {dagbag.py:588} INFO - Filling up the DagBag from /home/airflow/.local/lib/python3.12/site-packages/airflow/example_dags/tutorial_dag.py
[2025-04-29T20:09:19.820+0000] {processor.py:925} INFO - DAG(s) 'tutorial_dag' retrieved from /home/airflow/.local/lib/python3.12/site-packages/airflow/example_dags/tutorial_dag.py
[2025-04-29T20:09:19.869+0000] {logging_mixin.py:190} INFO - [2025-04-29T20:09:19.868+0000] {dag.py:3239} INFO - Sync 1 DAGs
[2025-04-29T20:09:19.905+0000] {logging_mixin.py:190} INFO - [2025-04-29T20:09:19.904+0000] {dag.py:4180} INFO - Setting next_dagrun for tutorial_dag to None, run_after=None
[2025-04-29T20:09:19.943+0000] {processor.py:208} INFO - Processing /home/airflow/.local/lib/python3.12/site-packages/airflow/example_dags/tutorial_dag.py took 0.173 seconds
[2025-04-29T20:09:50.354+0000] {processor.py:186} INFO - Started process (PID=1974) to work on /home/airflow/.local/lib/python3.12/site-packages/airflow/example_dags/tutorial_dag.py
[2025-04-29T20:09:50.357+0000] {processor.py:914} INFO - Processing file /home/airflow/.local/lib/python3.12/site-packages/airflow/example_dags/tutorial_dag.py for tasks to queue
[2025-04-29T20:09:50.365+0000] {logging_mixin.py:190} INFO - [2025-04-29T20:09:50.364+0000] {dagbag.py:588} INFO - Filling up the DagBag from /home/airflow/.local/lib/python3.12/site-packages/airflow/example_dags/tutorial_dag.py
[2025-04-29T20:09:50.387+0000] {processor.py:925} INFO - DAG(s) 'tutorial_dag' retrieved from /home/airflow/.local/lib/python3.12/site-packages/airflow/example_dags/tutorial_dag.py
[2025-04-29T20:09:50.434+0000] {logging_mixin.py:190} INFO - [2025-04-29T20:09:50.433+0000] {dag.py:3239} INFO - Sync 1 DAGs
[2025-04-29T20:09:50.473+0000] {logging_mixin.py:190} INFO - [2025-04-29T20:09:50.473+0000] {dag.py:4180} INFO - Setting next_dagrun for tutorial_dag to None, run_after=None
[2025-04-29T20:09:50.521+0000] {processor.py:208} INFO - Processing /home/airflow/.local/lib/python3.12/site-packages/airflow/example_dags/tutorial_dag.py took 0.185 seconds
[2025-04-29T20:10:20.761+0000] {processor.py:186} INFO - Started process (PID=2037) to work on /home/airflow/.local/lib/python3.12/site-packages/airflow/example_dags/tutorial_dag.py
[2025-04-29T20:10:20.764+0000] {processor.py:914} INFO - Processing file /home/airflow/.local/lib/python3.12/site-packages/airflow/example_dags/tutorial_dag.py for tasks to queue
[2025-04-29T20:10:20.772+0000] {logging_mixin.py:190} INFO - [2025-04-29T20:10:20.771+0000] {dagbag.py:588} INFO - Filling up the DagBag from /home/airflow/.local/lib/python3.12/site-packages/airflow/example_dags/tutorial_dag.py
[2025-04-29T20:10:20.796+0000] {processor.py:925} INFO - DAG(s) 'tutorial_dag' retrieved from /home/airflow/.local/lib/python3.12/site-packages/airflow/example_dags/tutorial_dag.py
[2025-04-29T20:10:20.853+0000] {logging_mixin.py:190} INFO - [2025-04-29T20:10:20.853+0000] {dag.py:3239} INFO - Sync 1 DAGs
[2025-04-29T20:10:20.885+0000] {logging_mixin.py:190} INFO - [2025-04-29T20:10:20.884+0000] {dag.py:4180} INFO - Setting next_dagrun for tutorial_dag to None, run_after=None
[2025-04-29T20:10:20.923+0000] {processor.py:208} INFO - Processing /home/airflow/.local/lib/python3.12/site-packages/airflow/example_dags/tutorial_dag.py took 0.180 seconds
[2025-04-29T20:10:51.287+0000] {processor.py:186} INFO - Started process (PID=2100) to work on /home/airflow/.local/lib/python3.12/site-packages/airflow/example_dags/tutorial_dag.py
[2025-04-29T20:10:51.289+0000] {processor.py:914} INFO - Processing file /home/airflow/.local/lib/python3.12/site-packages/airflow/example_dags/tutorial_dag.py for tasks to queue
[2025-04-29T20:10:51.293+0000] {logging_mixin.py:190} INFO - [2025-04-29T20:10:51.292+0000] {dagbag.py:588} INFO - Filling up the DagBag from /home/airflow/.local/lib/python3.12/site-packages/airflow/example_dags/tutorial_dag.py
[2025-04-29T20:10:51.308+0000] {processor.py:925} INFO - DAG(s) 'tutorial_dag' retrieved from /home/airflow/.local/lib/python3.12/site-packages/airflow/example_dags/tutorial_dag.py
[2025-04-29T20:10:51.353+0000] {logging_mixin.py:190} INFO - [2025-04-29T20:10:51.352+0000] {dag.py:3239} INFO - Sync 1 DAGs
[2025-04-29T20:10:51.382+0000] {logging_mixin.py:190} INFO - [2025-04-29T20:10:51.381+0000] {dag.py:4180} INFO - Setting next_dagrun for tutorial_dag to None, run_after=None
[2025-04-29T20:10:51.429+0000] {processor.py:208} INFO - Processing /home/airflow/.local/lib/python3.12/site-packages/airflow/example_dags/tutorial_dag.py took 0.154 seconds
[2025-04-29T20:11:21.712+0000] {processor.py:186} INFO - Started process (PID=2163) to work on /home/airflow/.local/lib/python3.12/site-packages/airflow/example_dags/tutorial_dag.py
[2025-04-29T20:11:21.714+0000] {processor.py:914} INFO - Processing file /home/airflow/.local/lib/python3.12/site-packages/airflow/example_dags/tutorial_dag.py for tasks to queue
[2025-04-29T20:11:21.718+0000] {logging_mixin.py:190} INFO - [2025-04-29T20:11:21.717+0000] {dagbag.py:588} INFO - Filling up the DagBag from /home/airflow/.local/lib/python3.12/site-packages/airflow/example_dags/tutorial_dag.py
[2025-04-29T20:11:21.727+0000] {processor.py:925} INFO - DAG(s) 'tutorial_dag' retrieved from /home/airflow/.local/lib/python3.12/site-packages/airflow/example_dags/tutorial_dag.py
[2025-04-29T20:11:21.757+0000] {logging_mixin.py:190} INFO - [2025-04-29T20:11:21.757+0000] {dag.py:3239} INFO - Sync 1 DAGs
[2025-04-29T20:11:21.776+0000] {logging_mixin.py:190} INFO - [2025-04-29T20:11:21.776+0000] {dag.py:4180} INFO - Setting next_dagrun for tutorial_dag to None, run_after=None
[2025-04-29T20:11:21.803+0000] {processor.py:208} INFO - Processing /home/airflow/.local/lib/python3.12/site-packages/airflow/example_dags/tutorial_dag.py took 0.102 seconds
[2025-04-29T20:11:52.270+0000] {processor.py:186} INFO - Started process (PID=2226) to work on /home/airflow/.local/lib/python3.12/site-packages/airflow/example_dags/tutorial_dag.py
[2025-04-29T20:11:52.272+0000] {processor.py:914} INFO - Processing file /home/airflow/.local/lib/python3.12/site-packages/airflow/example_dags/tutorial_dag.py for tasks to queue
[2025-04-29T20:11:52.278+0000] {logging_mixin.py:190} INFO - [2025-04-29T20:11:52.277+0000] {dagbag.py:588} INFO - Filling up the DagBag from /home/airflow/.local/lib/python3.12/site-packages/airflow/example_dags/tutorial_dag.py
[2025-04-29T20:11:52.292+0000] {processor.py:925} INFO - DAG(s) 'tutorial_dag' retrieved from /home/airflow/.local/lib/python3.12/site-packages/airflow/example_dags/tutorial_dag.py
[2025-04-29T20:11:52.326+0000] {logging_mixin.py:190} INFO - [2025-04-29T20:11:52.326+0000] {dag.py:3239} INFO - Sync 1 DAGs
[2025-04-29T20:11:52.347+0000] {logging_mixin.py:190} INFO - [2025-04-29T20:11:52.347+0000] {dag.py:4180} INFO - Setting next_dagrun for tutorial_dag to None, run_after=None
[2025-04-29T20:11:52.380+0000] {processor.py:208} INFO - Processing /home/airflow/.local/lib/python3.12/site-packages/airflow/example_dags/tutorial_dag.py took 0.123 seconds
[2025-04-29T20:12:23.255+0000] {processor.py:186} INFO - Started process (PID=2289) to work on /home/airflow/.local/lib/python3.12/site-packages/airflow/example_dags/tutorial_dag.py
[2025-04-29T20:12:23.257+0000] {processor.py:914} INFO - Processing file /home/airflow/.local/lib/python3.12/site-packages/airflow/example_dags/tutorial_dag.py for tasks to queue
[2025-04-29T20:12:23.261+0000] {logging_mixin.py:190} INFO - [2025-04-29T20:12:23.260+0000] {dagbag.py:588} INFO - Filling up the DagBag from /home/airflow/.local/lib/python3.12/site-packages/airflow/example_dags/tutorial_dag.py
[2025-04-29T20:12:23.272+0000] {processor.py:925} INFO - DAG(s) 'tutorial_dag' retrieved from /home/airflow/.local/lib/python3.12/site-packages/airflow/example_dags/tutorial_dag.py
[2025-04-29T20:12:23.308+0000] {logging_mixin.py:190} INFO - [2025-04-29T20:12:23.308+0000] {dag.py:3239} INFO - Sync 1 DAGs
[2025-04-29T20:12:23.338+0000] {logging_mixin.py:190} INFO - [2025-04-29T20:12:23.338+0000] {dag.py:4180} INFO - Setting next_dagrun for tutorial_dag to None, run_after=None
[2025-04-29T20:12:23.368+0000] {processor.py:208} INFO - Processing /home/airflow/.local/lib/python3.12/site-packages/airflow/example_dags/tutorial_dag.py took 0.121 seconds
[2025-04-29T20:12:53.492+0000] {processor.py:186} INFO - Started process (PID=2352) to work on /home/airflow/.local/lib/python3.12/site-packages/airflow/example_dags/tutorial_dag.py
[2025-04-29T20:12:53.494+0000] {processor.py:914} INFO - Processing file /home/airflow/.local/lib/python3.12/site-packages/airflow/example_dags/tutorial_dag.py for tasks to queue
[2025-04-29T20:12:53.498+0000] {logging_mixin.py:190} INFO - [2025-04-29T20:12:53.498+0000] {dagbag.py:588} INFO - Filling up the DagBag from /home/airflow/.local/lib/python3.12/site-packages/airflow/example_dags/tutorial_dag.py
[2025-04-29T20:12:53.507+0000] {processor.py:925} INFO - DAG(s) 'tutorial_dag' retrieved from /home/airflow/.local/lib/python3.12/site-packages/airflow/example_dags/tutorial_dag.py
[2025-04-29T20:12:53.531+0000] {logging_mixin.py:190} INFO - [2025-04-29T20:12:53.531+0000] {dag.py:3239} INFO - Sync 1 DAGs
[2025-04-29T20:12:53.551+0000] {logging_mixin.py:190} INFO - [2025-04-29T20:12:53.550+0000] {dag.py:4180} INFO - Setting next_dagrun for tutorial_dag to None, run_after=None
[2025-04-29T20:12:53.577+0000] {processor.py:208} INFO - Processing /home/airflow/.local/lib/python3.12/site-packages/airflow/example_dags/tutorial_dag.py took 0.097 seconds
[2025-04-29T20:13:24.750+0000] {processor.py:186} INFO - Started process (PID=2414) to work on /home/airflow/.local/lib/python3.12/site-packages/airflow/example_dags/tutorial_dag.py
[2025-04-29T20:13:24.752+0000] {processor.py:914} INFO - Processing file /home/airflow/.local/lib/python3.12/site-packages/airflow/example_dags/tutorial_dag.py for tasks to queue
[2025-04-29T20:13:24.755+0000] {logging_mixin.py:190} INFO - [2025-04-29T20:13:24.754+0000] {dagbag.py:588} INFO - Filling up the DagBag from /home/airflow/.local/lib/python3.12/site-packages/airflow/example_dags/tutorial_dag.py
[2025-04-29T20:13:24.764+0000] {processor.py:925} INFO - DAG(s) 'tutorial_dag' retrieved from /home/airflow/.local/lib/python3.12/site-packages/airflow/example_dags/tutorial_dag.py
[2025-04-29T20:13:24.788+0000] {logging_mixin.py:190} INFO - [2025-04-29T20:13:24.788+0000] {dag.py:3239} INFO - Sync 1 DAGs
[2025-04-29T20:13:24.805+0000] {logging_mixin.py:190} INFO - [2025-04-29T20:13:24.805+0000] {dag.py:4180} INFO - Setting next_dagrun for tutorial_dag to None, run_after=None
[2025-04-29T20:13:24.839+0000] {processor.py:208} INFO - Processing /home/airflow/.local/lib/python3.12/site-packages/airflow/example_dags/tutorial_dag.py took 0.101 seconds
[2025-04-29T20:13:55.974+0000] {processor.py:186} INFO - Started process (PID=2476) to work on /home/airflow/.local/lib/python3.12/site-packages/airflow/example_dags/tutorial_dag.py
[2025-04-29T20:13:55.975+0000] {processor.py:914} INFO - Processing file /home/airflow/.local/lib/python3.12/site-packages/airflow/example_dags/tutorial_dag.py for tasks to queue
[2025-04-29T20:13:55.978+0000] {logging_mixin.py:190} INFO - [2025-04-29T20:13:55.978+0000] {dagbag.py:588} INFO - Filling up the DagBag from /home/airflow/.local/lib/python3.12/site-packages/airflow/example_dags/tutorial_dag.py
[2025-04-29T20:13:55.990+0000] {processor.py:925} INFO - DAG(s) 'tutorial_dag' retrieved from /home/airflow/.local/lib/python3.12/site-packages/airflow/example_dags/tutorial_dag.py
[2025-04-29T20:13:56.034+0000] {logging_mixin.py:190} INFO - [2025-04-29T20:13:56.033+0000] {dag.py:3239} INFO - Sync 1 DAGs
[2025-04-29T20:13:56.052+0000] {logging_mixin.py:190} INFO - [2025-04-29T20:13:56.052+0000] {dag.py:4180} INFO - Setting next_dagrun for tutorial_dag to None, run_after=None
[2025-04-29T20:13:56.078+0000] {processor.py:208} INFO - Processing /home/airflow/.local/lib/python3.12/site-packages/airflow/example_dags/tutorial_dag.py took 0.115 seconds
[2025-04-29T20:14:27.350+0000] {processor.py:186} INFO - Started process (PID=2539) to work on /home/airflow/.local/lib/python3.12/site-packages/airflow/example_dags/tutorial_dag.py
[2025-04-29T20:14:27.352+0000] {processor.py:914} INFO - Processing file /home/airflow/.local/lib/python3.12/site-packages/airflow/example_dags/tutorial_dag.py for tasks to queue
[2025-04-29T20:14:27.356+0000] {logging_mixin.py:190} INFO - [2025-04-29T20:14:27.356+0000] {dagbag.py:588} INFO - Filling up the DagBag from /home/airflow/.local/lib/python3.12/site-packages/airflow/example_dags/tutorial_dag.py
[2025-04-29T20:14:27.369+0000] {processor.py:925} INFO - DAG(s) 'tutorial_dag' retrieved from /home/airflow/.local/lib/python3.12/site-packages/airflow/example_dags/tutorial_dag.py
[2025-04-29T20:14:27.405+0000] {logging_mixin.py:190} INFO - [2025-04-29T20:14:27.405+0000] {dag.py:3239} INFO - Sync 1 DAGs
[2025-04-29T20:14:27.426+0000] {logging_mixin.py:190} INFO - [2025-04-29T20:14:27.426+0000] {dag.py:4180} INFO - Setting next_dagrun for tutorial_dag to None, run_after=None
[2025-04-29T20:14:27.454+0000] {processor.py:208} INFO - Processing /home/airflow/.local/lib/python3.12/site-packages/airflow/example_dags/tutorial_dag.py took 0.114 seconds
[2025-04-29T20:14:57.928+0000] {processor.py:186} INFO - Started process (PID=2601) to work on /home/airflow/.local/lib/python3.12/site-packages/airflow/example_dags/tutorial_dag.py
[2025-04-29T20:14:57.931+0000] {processor.py:914} INFO - Processing file /home/airflow/.local/lib/python3.12/site-packages/airflow/example_dags/tutorial_dag.py for tasks to queue
[2025-04-29T20:14:57.938+0000] {logging_mixin.py:190} INFO - [2025-04-29T20:14:57.937+0000] {dagbag.py:588} INFO - Filling up the DagBag from /home/airflow/.local/lib/python3.12/site-packages/airflow/example_dags/tutorial_dag.py
[2025-04-29T20:14:57.955+0000] {processor.py:925} INFO - DAG(s) 'tutorial_dag' retrieved from /home/airflow/.local/lib/python3.12/site-packages/airflow/example_dags/tutorial_dag.py
[2025-04-29T20:14:57.993+0000] {logging_mixin.py:190} INFO - [2025-04-29T20:14:57.993+0000] {dag.py:3239} INFO - Sync 1 DAGs
[2025-04-29T20:14:58.012+0000] {logging_mixin.py:190} INFO - [2025-04-29T20:14:58.012+0000] {dag.py:4180} INFO - Setting next_dagrun for tutorial_dag to None, run_after=None
[2025-04-29T20:14:58.056+0000] {processor.py:208} INFO - Processing /home/airflow/.local/lib/python3.12/site-packages/airflow/example_dags/tutorial_dag.py took 0.141 seconds
[2025-04-29T20:15:29.010+0000] {processor.py:186} INFO - Started process (PID=2660) to work on /home/airflow/.local/lib/python3.12/site-packages/airflow/example_dags/tutorial_dag.py
[2025-04-29T20:15:29.013+0000] {processor.py:914} INFO - Processing file /home/airflow/.local/lib/python3.12/site-packages/airflow/example_dags/tutorial_dag.py for tasks to queue
[2025-04-29T20:15:29.017+0000] {logging_mixin.py:190} INFO - [2025-04-29T20:15:29.016+0000] {dagbag.py:588} INFO - Filling up the DagBag from /home/airflow/.local/lib/python3.12/site-packages/airflow/example_dags/tutorial_dag.py
[2025-04-29T20:15:29.030+0000] {processor.py:925} INFO - DAG(s) 'tutorial_dag' retrieved from /home/airflow/.local/lib/python3.12/site-packages/airflow/example_dags/tutorial_dag.py
[2025-04-29T20:15:29.066+0000] {logging_mixin.py:190} INFO - [2025-04-29T20:15:29.066+0000] {dag.py:3239} INFO - Sync 1 DAGs
[2025-04-29T20:15:29.088+0000] {logging_mixin.py:190} INFO - [2025-04-29T20:15:29.087+0000] {dag.py:4180} INFO - Setting next_dagrun for tutorial_dag to None, run_after=None
[2025-04-29T20:15:29.120+0000] {processor.py:208} INFO - Processing /home/airflow/.local/lib/python3.12/site-packages/airflow/example_dags/tutorial_dag.py took 0.125 seconds
[2025-04-29T20:16:00.026+0000] {processor.py:186} INFO - Started process (PID=2723) to work on /home/airflow/.local/lib/python3.12/site-packages/airflow/example_dags/tutorial_dag.py
[2025-04-29T20:16:00.028+0000] {processor.py:914} INFO - Processing file /home/airflow/.local/lib/python3.12/site-packages/airflow/example_dags/tutorial_dag.py for tasks to queue
[2025-04-29T20:16:00.036+0000] {logging_mixin.py:190} INFO - [2025-04-29T20:16:00.035+0000] {dagbag.py:588} INFO - Filling up the DagBag from /home/airflow/.local/lib/python3.12/site-packages/airflow/example_dags/tutorial_dag.py
[2025-04-29T20:16:00.049+0000] {processor.py:925} INFO - DAG(s) 'tutorial_dag' retrieved from /home/airflow/.local/lib/python3.12/site-packages/airflow/example_dags/tutorial_dag.py
[2025-04-29T20:16:00.080+0000] {logging_mixin.py:190} INFO - [2025-04-29T20:16:00.080+0000] {dag.py:3239} INFO - Sync 1 DAGs
[2025-04-29T20:16:00.102+0000] {logging_mixin.py:190} INFO - [2025-04-29T20:16:00.102+0000] {dag.py:4180} INFO - Setting next_dagrun for tutorial_dag to None, run_after=None
[2025-04-29T20:16:00.136+0000] {processor.py:208} INFO - Processing /home/airflow/.local/lib/python3.12/site-packages/airflow/example_dags/tutorial_dag.py took 0.122 seconds
[2025-04-29T20:16:31.669+0000] {processor.py:186} INFO - Started process (PID=2786) to work on /home/airflow/.local/lib/python3.12/site-packages/airflow/example_dags/tutorial_dag.py
[2025-04-29T20:16:31.671+0000] {processor.py:914} INFO - Processing file /home/airflow/.local/lib/python3.12/site-packages/airflow/example_dags/tutorial_dag.py for tasks to queue
[2025-04-29T20:16:31.677+0000] {logging_mixin.py:190} INFO - [2025-04-29T20:16:31.677+0000] {dagbag.py:588} INFO - Filling up the DagBag from /home/airflow/.local/lib/python3.12/site-packages/airflow/example_dags/tutorial_dag.py
[2025-04-29T20:16:31.694+0000] {processor.py:925} INFO - DAG(s) 'tutorial_dag' retrieved from /home/airflow/.local/lib/python3.12/site-packages/airflow/example_dags/tutorial_dag.py
[2025-04-29T20:16:31.743+0000] {logging_mixin.py:190} INFO - [2025-04-29T20:16:31.742+0000] {dag.py:3239} INFO - Sync 1 DAGs
[2025-04-29T20:16:31.773+0000] {logging_mixin.py:190} INFO - [2025-04-29T20:16:31.772+0000] {dag.py:4180} INFO - Setting next_dagrun for tutorial_dag to None, run_after=None
[2025-04-29T20:16:31.819+0000] {processor.py:208} INFO - Processing /home/airflow/.local/lib/python3.12/site-packages/airflow/example_dags/tutorial_dag.py took 0.164 seconds
[2025-04-29T20:17:02.861+0000] {processor.py:186} INFO - Started process (PID=2848) to work on /home/airflow/.local/lib/python3.12/site-packages/airflow/example_dags/tutorial_dag.py
[2025-04-29T20:17:02.863+0000] {processor.py:914} INFO - Processing file /home/airflow/.local/lib/python3.12/site-packages/airflow/example_dags/tutorial_dag.py for tasks to queue
[2025-04-29T20:17:02.868+0000] {logging_mixin.py:190} INFO - [2025-04-29T20:17:02.868+0000] {dagbag.py:588} INFO - Filling up the DagBag from /home/airflow/.local/lib/python3.12/site-packages/airflow/example_dags/tutorial_dag.py
[2025-04-29T20:17:02.884+0000] {processor.py:925} INFO - DAG(s) 'tutorial_dag' retrieved from /home/airflow/.local/lib/python3.12/site-packages/airflow/example_dags/tutorial_dag.py
[2025-04-29T20:17:02.927+0000] {logging_mixin.py:190} INFO - [2025-04-29T20:17:02.926+0000] {dag.py:3239} INFO - Sync 1 DAGs
[2025-04-29T20:17:02.954+0000] {logging_mixin.py:190} INFO - [2025-04-29T20:17:02.954+0000] {dag.py:4180} INFO - Setting next_dagrun for tutorial_dag to None, run_after=None
[2025-04-29T20:17:02.986+0000] {processor.py:208} INFO - Processing /home/airflow/.local/lib/python3.12/site-packages/airflow/example_dags/tutorial_dag.py took 0.138 seconds
[2025-04-29T20:17:33.930+0000] {processor.py:186} INFO - Started process (PID=2910) to work on /home/airflow/.local/lib/python3.12/site-packages/airflow/example_dags/tutorial_dag.py
[2025-04-29T20:17:33.932+0000] {processor.py:914} INFO - Processing file /home/airflow/.local/lib/python3.12/site-packages/airflow/example_dags/tutorial_dag.py for tasks to queue
[2025-04-29T20:17:33.939+0000] {logging_mixin.py:190} INFO - [2025-04-29T20:17:33.938+0000] {dagbag.py:588} INFO - Filling up the DagBag from /home/airflow/.local/lib/python3.12/site-packages/airflow/example_dags/tutorial_dag.py
[2025-04-29T20:17:33.957+0000] {processor.py:925} INFO - DAG(s) 'tutorial_dag' retrieved from /home/airflow/.local/lib/python3.12/site-packages/airflow/example_dags/tutorial_dag.py
[2025-04-29T20:17:34.002+0000] {logging_mixin.py:190} INFO - [2025-04-29T20:17:34.002+0000] {dag.py:3239} INFO - Sync 1 DAGs
[2025-04-29T20:17:34.048+0000] {logging_mixin.py:190} INFO - [2025-04-29T20:17:34.047+0000] {dag.py:4180} INFO - Setting next_dagrun for tutorial_dag to None, run_after=None
[2025-04-29T20:17:34.095+0000] {processor.py:208} INFO - Processing /home/airflow/.local/lib/python3.12/site-packages/airflow/example_dags/tutorial_dag.py took 0.178 seconds
[2025-04-29T20:18:05.388+0000] {processor.py:186} INFO - Started process (PID=2973) to work on /home/airflow/.local/lib/python3.12/site-packages/airflow/example_dags/tutorial_dag.py
[2025-04-29T20:18:05.390+0000] {processor.py:914} INFO - Processing file /home/airflow/.local/lib/python3.12/site-packages/airflow/example_dags/tutorial_dag.py for tasks to queue
[2025-04-29T20:18:05.395+0000] {logging_mixin.py:190} INFO - [2025-04-29T20:18:05.394+0000] {dagbag.py:588} INFO - Filling up the DagBag from /home/airflow/.local/lib/python3.12/site-packages/airflow/example_dags/tutorial_dag.py
[2025-04-29T20:18:05.408+0000] {processor.py:925} INFO - DAG(s) 'tutorial_dag' retrieved from /home/airflow/.local/lib/python3.12/site-packages/airflow/example_dags/tutorial_dag.py
[2025-04-29T20:18:05.435+0000] {logging_mixin.py:190} INFO - [2025-04-29T20:18:05.435+0000] {dag.py:3239} INFO - Sync 1 DAGs
[2025-04-29T20:18:05.453+0000] {logging_mixin.py:190} INFO - [2025-04-29T20:18:05.453+0000] {dag.py:4180} INFO - Setting next_dagrun for tutorial_dag to None, run_after=None
[2025-04-29T20:18:05.477+0000] {processor.py:208} INFO - Processing /home/airflow/.local/lib/python3.12/site-packages/airflow/example_dags/tutorial_dag.py took 0.096 seconds
[2025-04-29T20:18:35.530+0000] {processor.py:186} INFO - Started process (PID=3034) to work on /home/airflow/.local/lib/python3.12/site-packages/airflow/example_dags/tutorial_dag.py
[2025-04-29T20:18:35.531+0000] {processor.py:914} INFO - Processing file /home/airflow/.local/lib/python3.12/site-packages/airflow/example_dags/tutorial_dag.py for tasks to queue
[2025-04-29T20:18:35.538+0000] {logging_mixin.py:190} INFO - [2025-04-29T20:18:35.538+0000] {dagbag.py:588} INFO - Filling up the DagBag from /home/airflow/.local/lib/python3.12/site-packages/airflow/example_dags/tutorial_dag.py
[2025-04-29T20:18:35.557+0000] {processor.py:925} INFO - DAG(s) 'tutorial_dag' retrieved from /home/airflow/.local/lib/python3.12/site-packages/airflow/example_dags/tutorial_dag.py
[2025-04-29T20:18:35.615+0000] {logging_mixin.py:190} INFO - [2025-04-29T20:18:35.614+0000] {dag.py:3239} INFO - Sync 1 DAGs
[2025-04-29T20:18:35.652+0000] {logging_mixin.py:190} INFO - [2025-04-29T20:18:35.652+0000] {dag.py:4180} INFO - Setting next_dagrun for tutorial_dag to None, run_after=None
[2025-04-29T20:18:35.703+0000] {processor.py:208} INFO - Processing /home/airflow/.local/lib/python3.12/site-packages/airflow/example_dags/tutorial_dag.py took 0.185 seconds
[2025-04-29T20:19:05.989+0000] {processor.py:186} INFO - Started process (PID=3096) to work on /home/airflow/.local/lib/python3.12/site-packages/airflow/example_dags/tutorial_dag.py
[2025-04-29T20:19:05.991+0000] {processor.py:914} INFO - Processing file /home/airflow/.local/lib/python3.12/site-packages/airflow/example_dags/tutorial_dag.py for tasks to queue
[2025-04-29T20:19:05.998+0000] {logging_mixin.py:190} INFO - [2025-04-29T20:19:05.998+0000] {dagbag.py:588} INFO - Filling up the DagBag from /home/airflow/.local/lib/python3.12/site-packages/airflow/example_dags/tutorial_dag.py
[2025-04-29T20:19:06.012+0000] {processor.py:925} INFO - DAG(s) 'tutorial_dag' retrieved from /home/airflow/.local/lib/python3.12/site-packages/airflow/example_dags/tutorial_dag.py
[2025-04-29T20:19:06.045+0000] {logging_mixin.py:190} INFO - [2025-04-29T20:19:06.044+0000] {dag.py:3239} INFO - Sync 1 DAGs
[2025-04-29T20:19:06.067+0000] {logging_mixin.py:190} INFO - [2025-04-29T20:19:06.066+0000] {dag.py:4180} INFO - Setting next_dagrun for tutorial_dag to None, run_after=None
[2025-04-29T20:19:06.099+0000] {processor.py:208} INFO - Processing /home/airflow/.local/lib/python3.12/site-packages/airflow/example_dags/tutorial_dag.py took 0.120 seconds
[2025-04-29T20:19:36.579+0000] {processor.py:186} INFO - Started process (PID=3159) to work on /home/airflow/.local/lib/python3.12/site-packages/airflow/example_dags/tutorial_dag.py
[2025-04-29T20:19:36.580+0000] {processor.py:914} INFO - Processing file /home/airflow/.local/lib/python3.12/site-packages/airflow/example_dags/tutorial_dag.py for tasks to queue
[2025-04-29T20:19:36.583+0000] {logging_mixin.py:190} INFO - [2025-04-29T20:19:36.583+0000] {dagbag.py:588} INFO - Filling up the DagBag from /home/airflow/.local/lib/python3.12/site-packages/airflow/example_dags/tutorial_dag.py
[2025-04-29T20:19:36.593+0000] {processor.py:925} INFO - DAG(s) 'tutorial_dag' retrieved from /home/airflow/.local/lib/python3.12/site-packages/airflow/example_dags/tutorial_dag.py
[2025-04-29T20:19:36.618+0000] {logging_mixin.py:190} INFO - [2025-04-29T20:19:36.617+0000] {dag.py:3239} INFO - Sync 1 DAGs
[2025-04-29T20:19:36.634+0000] {logging_mixin.py:190} INFO - [2025-04-29T20:19:36.634+0000] {dag.py:4180} INFO - Setting next_dagrun for tutorial_dag to None, run_after=None
[2025-04-29T20:19:36.666+0000] {processor.py:208} INFO - Processing /home/airflow/.local/lib/python3.12/site-packages/airflow/example_dags/tutorial_dag.py took 0.094 seconds
[2025-04-29T20:20:07.286+0000] {processor.py:186} INFO - Started process (PID=3221) to work on /home/airflow/.local/lib/python3.12/site-packages/airflow/example_dags/tutorial_dag.py
[2025-04-29T20:20:07.288+0000] {processor.py:914} INFO - Processing file /home/airflow/.local/lib/python3.12/site-packages/airflow/example_dags/tutorial_dag.py for tasks to queue
[2025-04-29T20:20:07.296+0000] {logging_mixin.py:190} INFO - [2025-04-29T20:20:07.294+0000] {dagbag.py:588} INFO - Filling up the DagBag from /home/airflow/.local/lib/python3.12/site-packages/airflow/example_dags/tutorial_dag.py
[2025-04-29T20:20:07.312+0000] {processor.py:925} INFO - DAG(s) 'tutorial_dag' retrieved from /home/airflow/.local/lib/python3.12/site-packages/airflow/example_dags/tutorial_dag.py
[2025-04-29T20:20:07.346+0000] {logging_mixin.py:190} INFO - [2025-04-29T20:20:07.346+0000] {dag.py:3239} INFO - Sync 1 DAGs
[2025-04-29T20:20:07.366+0000] {logging_mixin.py:190} INFO - [2025-04-29T20:20:07.366+0000] {dag.py:4180} INFO - Setting next_dagrun for tutorial_dag to None, run_after=None
[2025-04-29T20:20:07.396+0000] {processor.py:208} INFO - Processing /home/airflow/.local/lib/python3.12/site-packages/airflow/example_dags/tutorial_dag.py took 0.119 seconds
[2025-04-29T20:20:38.243+0000] {processor.py:186} INFO - Started process (PID=3284) to work on /home/airflow/.local/lib/python3.12/site-packages/airflow/example_dags/tutorial_dag.py
[2025-04-29T20:20:38.245+0000] {processor.py:914} INFO - Processing file /home/airflow/.local/lib/python3.12/site-packages/airflow/example_dags/tutorial_dag.py for tasks to queue
[2025-04-29T20:20:38.249+0000] {logging_mixin.py:190} INFO - [2025-04-29T20:20:38.249+0000] {dagbag.py:588} INFO - Filling up the DagBag from /home/airflow/.local/lib/python3.12/site-packages/airflow/example_dags/tutorial_dag.py
[2025-04-29T20:20:38.265+0000] {processor.py:925} INFO - DAG(s) 'tutorial_dag' retrieved from /home/airflow/.local/lib/python3.12/site-packages/airflow/example_dags/tutorial_dag.py
[2025-04-29T20:20:38.305+0000] {logging_mixin.py:190} INFO - [2025-04-29T20:20:38.304+0000] {dag.py:3239} INFO - Sync 1 DAGs
[2025-04-29T20:20:38.335+0000] {logging_mixin.py:190} INFO - [2025-04-29T20:20:38.334+0000] {dag.py:4180} INFO - Setting next_dagrun for tutorial_dag to None, run_after=None
[2025-04-29T20:20:38.372+0000] {processor.py:208} INFO - Processing /home/airflow/.local/lib/python3.12/site-packages/airflow/example_dags/tutorial_dag.py took 0.140 seconds
[2025-04-29T20:21:09.620+0000] {processor.py:186} INFO - Started process (PID=3347) to work on /home/airflow/.local/lib/python3.12/site-packages/airflow/example_dags/tutorial_dag.py
[2025-04-29T20:21:09.622+0000] {processor.py:914} INFO - Processing file /home/airflow/.local/lib/python3.12/site-packages/airflow/example_dags/tutorial_dag.py for tasks to queue
[2025-04-29T20:21:09.626+0000] {logging_mixin.py:190} INFO - [2025-04-29T20:21:09.626+0000] {dagbag.py:588} INFO - Filling up the DagBag from /home/airflow/.local/lib/python3.12/site-packages/airflow/example_dags/tutorial_dag.py
[2025-04-29T20:21:09.638+0000] {processor.py:925} INFO - DAG(s) 'tutorial_dag' retrieved from /home/airflow/.local/lib/python3.12/site-packages/airflow/example_dags/tutorial_dag.py
[2025-04-29T20:21:09.671+0000] {logging_mixin.py:190} INFO - [2025-04-29T20:21:09.670+0000] {dag.py:3239} INFO - Sync 1 DAGs
[2025-04-29T20:21:09.933+0000] {logging_mixin.py:190} INFO - [2025-04-29T20:21:09.933+0000] {dag.py:4180} INFO - Setting next_dagrun for tutorial_dag to None, run_after=None
[2025-04-29T20:21:09.972+0000] {processor.py:208} INFO - Processing /home/airflow/.local/lib/python3.12/site-packages/airflow/example_dags/tutorial_dag.py took 0.360 seconds
[2025-04-29T20:21:40.586+0000] {processor.py:186} INFO - Started process (PID=3415) to work on /home/airflow/.local/lib/python3.12/site-packages/airflow/example_dags/tutorial_dag.py
[2025-04-29T20:21:40.588+0000] {processor.py:914} INFO - Processing file /home/airflow/.local/lib/python3.12/site-packages/airflow/example_dags/tutorial_dag.py for tasks to queue
[2025-04-29T20:21:40.593+0000] {logging_mixin.py:190} INFO - [2025-04-29T20:21:40.593+0000] {dagbag.py:588} INFO - Filling up the DagBag from /home/airflow/.local/lib/python3.12/site-packages/airflow/example_dags/tutorial_dag.py
[2025-04-29T20:21:40.609+0000] {processor.py:925} INFO - DAG(s) 'tutorial_dag' retrieved from /home/airflow/.local/lib/python3.12/site-packages/airflow/example_dags/tutorial_dag.py
[2025-04-29T20:21:40.645+0000] {logging_mixin.py:190} INFO - [2025-04-29T20:21:40.644+0000] {dag.py:3239} INFO - Sync 1 DAGs
[2025-04-29T20:21:40.666+0000] {logging_mixin.py:190} INFO - [2025-04-29T20:21:40.666+0000] {dag.py:4180} INFO - Setting next_dagrun for tutorial_dag to None, run_after=None
[2025-04-29T20:21:40.708+0000] {processor.py:208} INFO - Processing /home/airflow/.local/lib/python3.12/site-packages/airflow/example_dags/tutorial_dag.py took 0.134 seconds
[2025-04-29T20:22:11.500+0000] {processor.py:186} INFO - Started process (PID=3478) to work on /home/airflow/.local/lib/python3.12/site-packages/airflow/example_dags/tutorial_dag.py
[2025-04-29T20:22:11.503+0000] {processor.py:914} INFO - Processing file /home/airflow/.local/lib/python3.12/site-packages/airflow/example_dags/tutorial_dag.py for tasks to queue
[2025-04-29T20:22:11.511+0000] {logging_mixin.py:190} INFO - [2025-04-29T20:22:11.510+0000] {dagbag.py:588} INFO - Filling up the DagBag from /home/airflow/.local/lib/python3.12/site-packages/airflow/example_dags/tutorial_dag.py
[2025-04-29T20:22:11.531+0000] {processor.py:925} INFO - DAG(s) 'tutorial_dag' retrieved from /home/airflow/.local/lib/python3.12/site-packages/airflow/example_dags/tutorial_dag.py
[2025-04-29T20:22:11.582+0000] {logging_mixin.py:190} INFO - [2025-04-29T20:22:11.581+0000] {dag.py:3239} INFO - Sync 1 DAGs
[2025-04-29T20:22:11.610+0000] {logging_mixin.py:190} INFO - [2025-04-29T20:22:11.610+0000] {dag.py:4180} INFO - Setting next_dagrun for tutorial_dag to None, run_after=None
[2025-04-29T20:22:11.655+0000] {processor.py:208} INFO - Processing /home/airflow/.local/lib/python3.12/site-packages/airflow/example_dags/tutorial_dag.py took 0.176 seconds
[2025-04-29T20:22:42.447+0000] {processor.py:186} INFO - Started process (PID=3540) to work on /home/airflow/.local/lib/python3.12/site-packages/airflow/example_dags/tutorial_dag.py
[2025-04-29T20:22:42.450+0000] {processor.py:914} INFO - Processing file /home/airflow/.local/lib/python3.12/site-packages/airflow/example_dags/tutorial_dag.py for tasks to queue
[2025-04-29T20:22:42.454+0000] {logging_mixin.py:190} INFO - [2025-04-29T20:22:42.453+0000] {dagbag.py:588} INFO - Filling up the DagBag from /home/airflow/.local/lib/python3.12/site-packages/airflow/example_dags/tutorial_dag.py
[2025-04-29T20:22:42.466+0000] {processor.py:925} INFO - DAG(s) 'tutorial_dag' retrieved from /home/airflow/.local/lib/python3.12/site-packages/airflow/example_dags/tutorial_dag.py
[2025-04-29T20:22:42.495+0000] {logging_mixin.py:190} INFO - [2025-04-29T20:22:42.494+0000] {dag.py:3239} INFO - Sync 1 DAGs
[2025-04-29T20:22:42.514+0000] {logging_mixin.py:190} INFO - [2025-04-29T20:22:42.513+0000] {dag.py:4180} INFO - Setting next_dagrun for tutorial_dag to None, run_after=None
[2025-04-29T20:22:42.553+0000] {processor.py:208} INFO - Processing /home/airflow/.local/lib/python3.12/site-packages/airflow/example_dags/tutorial_dag.py took 0.116 seconds
[2025-04-29T20:23:12.758+0000] {processor.py:186} INFO - Started process (PID=3603) to work on /home/airflow/.local/lib/python3.12/site-packages/airflow/example_dags/tutorial_dag.py
[2025-04-29T20:23:12.760+0000] {processor.py:914} INFO - Processing file /home/airflow/.local/lib/python3.12/site-packages/airflow/example_dags/tutorial_dag.py for tasks to queue
[2025-04-29T20:23:12.765+0000] {logging_mixin.py:190} INFO - [2025-04-29T20:23:12.764+0000] {dagbag.py:588} INFO - Filling up the DagBag from /home/airflow/.local/lib/python3.12/site-packages/airflow/example_dags/tutorial_dag.py
[2025-04-29T20:23:12.781+0000] {processor.py:925} INFO - DAG(s) 'tutorial_dag' retrieved from /home/airflow/.local/lib/python3.12/site-packages/airflow/example_dags/tutorial_dag.py
[2025-04-29T20:23:12.818+0000] {logging_mixin.py:190} INFO - [2025-04-29T20:23:12.818+0000] {dag.py:3239} INFO - Sync 1 DAGs
[2025-04-29T20:23:12.841+0000] {logging_mixin.py:190} INFO - [2025-04-29T20:23:12.840+0000] {dag.py:4180} INFO - Setting next_dagrun for tutorial_dag to None, run_after=None
[2025-04-29T20:23:12.870+0000] {processor.py:208} INFO - Processing /home/airflow/.local/lib/python3.12/site-packages/airflow/example_dags/tutorial_dag.py took 0.124 seconds
[2025-04-29T20:23:43.295+0000] {processor.py:186} INFO - Started process (PID=3666) to work on /home/airflow/.local/lib/python3.12/site-packages/airflow/example_dags/tutorial_dag.py
[2025-04-29T20:23:43.297+0000] {processor.py:914} INFO - Processing file /home/airflow/.local/lib/python3.12/site-packages/airflow/example_dags/tutorial_dag.py for tasks to queue
[2025-04-29T20:23:43.301+0000] {logging_mixin.py:190} INFO - [2025-04-29T20:23:43.301+0000] {dagbag.py:588} INFO - Filling up the DagBag from /home/airflow/.local/lib/python3.12/site-packages/airflow/example_dags/tutorial_dag.py
[2025-04-29T20:23:43.316+0000] {processor.py:925} INFO - DAG(s) 'tutorial_dag' retrieved from /home/airflow/.local/lib/python3.12/site-packages/airflow/example_dags/tutorial_dag.py
[2025-04-29T20:23:43.345+0000] {logging_mixin.py:190} INFO - [2025-04-29T20:23:43.345+0000] {dag.py:3239} INFO - Sync 1 DAGs
[2025-04-29T20:23:43.373+0000] {logging_mixin.py:190} INFO - [2025-04-29T20:23:43.372+0000] {dag.py:4180} INFO - Setting next_dagrun for tutorial_dag to None, run_after=None
[2025-04-29T20:23:43.409+0000] {processor.py:208} INFO - Processing /home/airflow/.local/lib/python3.12/site-packages/airflow/example_dags/tutorial_dag.py took 0.126 seconds
[2025-04-29T20:24:13.537+0000] {processor.py:186} INFO - Started process (PID=3729) to work on /home/airflow/.local/lib/python3.12/site-packages/airflow/example_dags/tutorial_dag.py
[2025-04-29T20:24:13.540+0000] {processor.py:914} INFO - Processing file /home/airflow/.local/lib/python3.12/site-packages/airflow/example_dags/tutorial_dag.py for tasks to queue
[2025-04-29T20:24:13.546+0000] {logging_mixin.py:190} INFO - [2025-04-29T20:24:13.545+0000] {dagbag.py:588} INFO - Filling up the DagBag from /home/airflow/.local/lib/python3.12/site-packages/airflow/example_dags/tutorial_dag.py
[2025-04-29T20:24:13.564+0000] {processor.py:925} INFO - DAG(s) 'tutorial_dag' retrieved from /home/airflow/.local/lib/python3.12/site-packages/airflow/example_dags/tutorial_dag.py
[2025-04-29T20:24:13.602+0000] {logging_mixin.py:190} INFO - [2025-04-29T20:24:13.601+0000] {dag.py:3239} INFO - Sync 1 DAGs
[2025-04-29T20:24:13.628+0000] {logging_mixin.py:190} INFO - [2025-04-29T20:24:13.627+0000] {dag.py:4180} INFO - Setting next_dagrun for tutorial_dag to None, run_after=None
[2025-04-29T20:24:13.664+0000] {processor.py:208} INFO - Processing /home/airflow/.local/lib/python3.12/site-packages/airflow/example_dags/tutorial_dag.py took 0.139 seconds
[2025-04-29T20:24:44.424+0000] {processor.py:186} INFO - Started process (PID=3792) to work on /home/airflow/.local/lib/python3.12/site-packages/airflow/example_dags/tutorial_dag.py
[2025-04-29T20:24:44.426+0000] {processor.py:914} INFO - Processing file /home/airflow/.local/lib/python3.12/site-packages/airflow/example_dags/tutorial_dag.py for tasks to queue
[2025-04-29T20:24:44.432+0000] {logging_mixin.py:190} INFO - [2025-04-29T20:24:44.431+0000] {dagbag.py:588} INFO - Filling up the DagBag from /home/airflow/.local/lib/python3.12/site-packages/airflow/example_dags/tutorial_dag.py
[2025-04-29T20:24:44.451+0000] {processor.py:925} INFO - DAG(s) 'tutorial_dag' retrieved from /home/airflow/.local/lib/python3.12/site-packages/airflow/example_dags/tutorial_dag.py
[2025-04-29T20:24:44.495+0000] {logging_mixin.py:190} INFO - [2025-04-29T20:24:44.494+0000] {dag.py:3239} INFO - Sync 1 DAGs
[2025-04-29T20:24:44.518+0000] {logging_mixin.py:190} INFO - [2025-04-29T20:24:44.518+0000] {dag.py:4180} INFO - Setting next_dagrun for tutorial_dag to None, run_after=None
[2025-04-29T20:24:44.561+0000] {processor.py:208} INFO - Processing /home/airflow/.local/lib/python3.12/site-packages/airflow/example_dags/tutorial_dag.py took 0.150 seconds
[2025-04-29T20:25:14.961+0000] {processor.py:186} INFO - Started process (PID=3855) to work on /home/airflow/.local/lib/python3.12/site-packages/airflow/example_dags/tutorial_dag.py
[2025-04-29T20:25:14.964+0000] {processor.py:914} INFO - Processing file /home/airflow/.local/lib/python3.12/site-packages/airflow/example_dags/tutorial_dag.py for tasks to queue
[2025-04-29T20:25:14.973+0000] {logging_mixin.py:190} INFO - [2025-04-29T20:25:14.971+0000] {dagbag.py:588} INFO - Filling up the DagBag from /home/airflow/.local/lib/python3.12/site-packages/airflow/example_dags/tutorial_dag.py
[2025-04-29T20:25:15.001+0000] {processor.py:925} INFO - DAG(s) 'tutorial_dag' retrieved from /home/airflow/.local/lib/python3.12/site-packages/airflow/example_dags/tutorial_dag.py
[2025-04-29T20:25:15.060+0000] {logging_mixin.py:190} INFO - [2025-04-29T20:25:15.059+0000] {dag.py:3239} INFO - Sync 1 DAGs
[2025-04-29T20:25:15.110+0000] {logging_mixin.py:190} INFO - [2025-04-29T20:25:15.109+0000] {dag.py:4180} INFO - Setting next_dagrun for tutorial_dag to None, run_after=None
[2025-04-29T20:25:15.180+0000] {processor.py:208} INFO - Processing /home/airflow/.local/lib/python3.12/site-packages/airflow/example_dags/tutorial_dag.py took 0.241 seconds
[2025-04-29T20:25:45.276+0000] {processor.py:186} INFO - Started process (PID=3918) to work on /home/airflow/.local/lib/python3.12/site-packages/airflow/example_dags/tutorial_dag.py
[2025-04-29T20:25:45.278+0000] {processor.py:914} INFO - Processing file /home/airflow/.local/lib/python3.12/site-packages/airflow/example_dags/tutorial_dag.py for tasks to queue
[2025-04-29T20:25:45.282+0000] {logging_mixin.py:190} INFO - [2025-04-29T20:25:45.281+0000] {dagbag.py:588} INFO - Filling up the DagBag from /home/airflow/.local/lib/python3.12/site-packages/airflow/example_dags/tutorial_dag.py
[2025-04-29T20:25:45.291+0000] {processor.py:925} INFO - DAG(s) 'tutorial_dag' retrieved from /home/airflow/.local/lib/python3.12/site-packages/airflow/example_dags/tutorial_dag.py
[2025-04-29T20:25:45.318+0000] {logging_mixin.py:190} INFO - [2025-04-29T20:25:45.318+0000] {dag.py:3239} INFO - Sync 1 DAGs
[2025-04-29T20:25:45.337+0000] {logging_mixin.py:190} INFO - [2025-04-29T20:25:45.337+0000] {dag.py:4180} INFO - Setting next_dagrun for tutorial_dag to None, run_after=None
[2025-04-29T20:25:45.370+0000] {processor.py:208} INFO - Processing /home/airflow/.local/lib/python3.12/site-packages/airflow/example_dags/tutorial_dag.py took 0.107 seconds
[2025-04-29T20:26:15.447+0000] {processor.py:186} INFO - Started process (PID=3981) to work on /home/airflow/.local/lib/python3.12/site-packages/airflow/example_dags/tutorial_dag.py
[2025-04-29T20:26:15.449+0000] {processor.py:914} INFO - Processing file /home/airflow/.local/lib/python3.12/site-packages/airflow/example_dags/tutorial_dag.py for tasks to queue
[2025-04-29T20:26:15.454+0000] {logging_mixin.py:190} INFO - [2025-04-29T20:26:15.453+0000] {dagbag.py:588} INFO - Filling up the DagBag from /home/airflow/.local/lib/python3.12/site-packages/airflow/example_dags/tutorial_dag.py
[2025-04-29T20:26:15.466+0000] {processor.py:925} INFO - DAG(s) 'tutorial_dag' retrieved from /home/airflow/.local/lib/python3.12/site-packages/airflow/example_dags/tutorial_dag.py
[2025-04-29T20:26:15.493+0000] {logging_mixin.py:190} INFO - [2025-04-29T20:26:15.493+0000] {dag.py:3239} INFO - Sync 1 DAGs
[2025-04-29T20:26:15.513+0000] {logging_mixin.py:190} INFO - [2025-04-29T20:26:15.512+0000] {dag.py:4180} INFO - Setting next_dagrun for tutorial_dag to None, run_after=None
[2025-04-29T20:26:15.548+0000] {processor.py:208} INFO - Processing /home/airflow/.local/lib/python3.12/site-packages/airflow/example_dags/tutorial_dag.py took 0.112 seconds
[2025-04-29T20:26:46.054+0000] {processor.py:186} INFO - Started process (PID=4044) to work on /home/airflow/.local/lib/python3.12/site-packages/airflow/example_dags/tutorial_dag.py
[2025-04-29T20:26:46.056+0000] {processor.py:914} INFO - Processing file /home/airflow/.local/lib/python3.12/site-packages/airflow/example_dags/tutorial_dag.py for tasks to queue
[2025-04-29T20:26:46.062+0000] {logging_mixin.py:190} INFO - [2025-04-29T20:26:46.061+0000] {dagbag.py:588} INFO - Filling up the DagBag from /home/airflow/.local/lib/python3.12/site-packages/airflow/example_dags/tutorial_dag.py
[2025-04-29T20:26:46.084+0000] {processor.py:925} INFO - DAG(s) 'tutorial_dag' retrieved from /home/airflow/.local/lib/python3.12/site-packages/airflow/example_dags/tutorial_dag.py
[2025-04-29T20:26:46.132+0000] {logging_mixin.py:190} INFO - [2025-04-29T20:26:46.132+0000] {dag.py:3239} INFO - Sync 1 DAGs
[2025-04-29T20:26:46.154+0000] {logging_mixin.py:190} INFO - [2025-04-29T20:26:46.154+0000] {dag.py:4180} INFO - Setting next_dagrun for tutorial_dag to None, run_after=None
[2025-04-29T20:26:46.195+0000] {processor.py:208} INFO - Processing /home/airflow/.local/lib/python3.12/site-packages/airflow/example_dags/tutorial_dag.py took 0.157 seconds
[2025-04-29T20:27:16.488+0000] {processor.py:186} INFO - Started process (PID=4107) to work on /home/airflow/.local/lib/python3.12/site-packages/airflow/example_dags/tutorial_dag.py
[2025-04-29T20:27:16.490+0000] {processor.py:914} INFO - Processing file /home/airflow/.local/lib/python3.12/site-packages/airflow/example_dags/tutorial_dag.py for tasks to queue
[2025-04-29T20:27:16.494+0000] {logging_mixin.py:190} INFO - [2025-04-29T20:27:16.493+0000] {dagbag.py:588} INFO - Filling up the DagBag from /home/airflow/.local/lib/python3.12/site-packages/airflow/example_dags/tutorial_dag.py
[2025-04-29T20:27:16.508+0000] {processor.py:925} INFO - DAG(s) 'tutorial_dag' retrieved from /home/airflow/.local/lib/python3.12/site-packages/airflow/example_dags/tutorial_dag.py
[2025-04-29T20:27:16.542+0000] {logging_mixin.py:190} INFO - [2025-04-29T20:27:16.541+0000] {dag.py:3239} INFO - Sync 1 DAGs
[2025-04-29T20:27:16.565+0000] {logging_mixin.py:190} INFO - [2025-04-29T20:27:16.564+0000] {dag.py:4180} INFO - Setting next_dagrun for tutorial_dag to None, run_after=None
[2025-04-29T20:27:16.595+0000] {processor.py:208} INFO - Processing /home/airflow/.local/lib/python3.12/site-packages/airflow/example_dags/tutorial_dag.py took 0.118 seconds
[2025-04-29T20:27:47.100+0000] {processor.py:186} INFO - Started process (PID=4170) to work on /home/airflow/.local/lib/python3.12/site-packages/airflow/example_dags/tutorial_dag.py
[2025-04-29T20:27:47.103+0000] {processor.py:914} INFO - Processing file /home/airflow/.local/lib/python3.12/site-packages/airflow/example_dags/tutorial_dag.py for tasks to queue
[2025-04-29T20:27:47.110+0000] {logging_mixin.py:190} INFO - [2025-04-29T20:27:47.109+0000] {dagbag.py:588} INFO - Filling up the DagBag from /home/airflow/.local/lib/python3.12/site-packages/airflow/example_dags/tutorial_dag.py
[2025-04-29T20:27:47.132+0000] {processor.py:925} INFO - DAG(s) 'tutorial_dag' retrieved from /home/airflow/.local/lib/python3.12/site-packages/airflow/example_dags/tutorial_dag.py
[2025-04-29T20:27:47.186+0000] {logging_mixin.py:190} INFO - [2025-04-29T20:27:47.186+0000] {dag.py:3239} INFO - Sync 1 DAGs
[2025-04-29T20:27:47.225+0000] {logging_mixin.py:190} INFO - [2025-04-29T20:27:47.224+0000] {dag.py:4180} INFO - Setting next_dagrun for tutorial_dag to None, run_after=None
[2025-04-29T20:27:47.275+0000] {processor.py:208} INFO - Processing /home/airflow/.local/lib/python3.12/site-packages/airflow/example_dags/tutorial_dag.py took 0.193 seconds
[2025-04-29T20:28:17.630+0000] {processor.py:186} INFO - Started process (PID=4233) to work on /home/airflow/.local/lib/python3.12/site-packages/airflow/example_dags/tutorial_dag.py
[2025-04-29T20:28:17.632+0000] {processor.py:914} INFO - Processing file /home/airflow/.local/lib/python3.12/site-packages/airflow/example_dags/tutorial_dag.py for tasks to queue
[2025-04-29T20:28:17.635+0000] {logging_mixin.py:190} INFO - [2025-04-29T20:28:17.634+0000] {dagbag.py:588} INFO - Filling up the DagBag from /home/airflow/.local/lib/python3.12/site-packages/airflow/example_dags/tutorial_dag.py
[2025-04-29T20:28:17.644+0000] {processor.py:925} INFO - DAG(s) 'tutorial_dag' retrieved from /home/airflow/.local/lib/python3.12/site-packages/airflow/example_dags/tutorial_dag.py
[2025-04-29T20:28:17.667+0000] {logging_mixin.py:190} INFO - [2025-04-29T20:28:17.667+0000] {dag.py:3239} INFO - Sync 1 DAGs
[2025-04-29T20:28:17.684+0000] {logging_mixin.py:190} INFO - [2025-04-29T20:28:17.684+0000] {dag.py:4180} INFO - Setting next_dagrun for tutorial_dag to None, run_after=None
[2025-04-29T20:28:17.707+0000] {processor.py:208} INFO - Processing /home/airflow/.local/lib/python3.12/site-packages/airflow/example_dags/tutorial_dag.py took 0.084 seconds
[2025-04-29T20:28:48.661+0000] {processor.py:186} INFO - Started process (PID=4296) to work on /home/airflow/.local/lib/python3.12/site-packages/airflow/example_dags/tutorial_dag.py
[2025-04-29T20:28:48.662+0000] {processor.py:914} INFO - Processing file /home/airflow/.local/lib/python3.12/site-packages/airflow/example_dags/tutorial_dag.py for tasks to queue
[2025-04-29T20:28:48.667+0000] {logging_mixin.py:190} INFO - [2025-04-29T20:28:48.666+0000] {dagbag.py:588} INFO - Filling up the DagBag from /home/airflow/.local/lib/python3.12/site-packages/airflow/example_dags/tutorial_dag.py
[2025-04-29T20:28:48.684+0000] {processor.py:925} INFO - DAG(s) 'tutorial_dag' retrieved from /home/airflow/.local/lib/python3.12/site-packages/airflow/example_dags/tutorial_dag.py
[2025-04-29T20:28:48.736+0000] {logging_mixin.py:190} INFO - [2025-04-29T20:28:48.736+0000] {dag.py:3239} INFO - Sync 1 DAGs
[2025-04-29T20:28:48.767+0000] {logging_mixin.py:190} INFO - [2025-04-29T20:28:48.766+0000] {dag.py:4180} INFO - Setting next_dagrun for tutorial_dag to None, run_after=None
[2025-04-29T20:28:48.819+0000] {processor.py:208} INFO - Processing /home/airflow/.local/lib/python3.12/site-packages/airflow/example_dags/tutorial_dag.py took 0.169 seconds
[2025-04-29T20:29:19.098+0000] {processor.py:186} INFO - Started process (PID=4359) to work on /home/airflow/.local/lib/python3.12/site-packages/airflow/example_dags/tutorial_dag.py
[2025-04-29T20:29:19.101+0000] {processor.py:914} INFO - Processing file /home/airflow/.local/lib/python3.12/site-packages/airflow/example_dags/tutorial_dag.py for tasks to queue
[2025-04-29T20:29:19.110+0000] {logging_mixin.py:190} INFO - [2025-04-29T20:29:19.109+0000] {dagbag.py:588} INFO - Filling up the DagBag from /home/airflow/.local/lib/python3.12/site-packages/airflow/example_dags/tutorial_dag.py
[2025-04-29T20:29:19.130+0000] {processor.py:925} INFO - DAG(s) 'tutorial_dag' retrieved from /home/airflow/.local/lib/python3.12/site-packages/airflow/example_dags/tutorial_dag.py
[2025-04-29T20:29:19.185+0000] {logging_mixin.py:190} INFO - [2025-04-29T20:29:19.184+0000] {dag.py:3239} INFO - Sync 1 DAGs
[2025-04-29T20:29:19.219+0000] {logging_mixin.py:190} INFO - [2025-04-29T20:29:19.219+0000] {dag.py:4180} INFO - Setting next_dagrun for tutorial_dag to None, run_after=None
[2025-04-29T20:29:19.281+0000] {processor.py:208} INFO - Processing /home/airflow/.local/lib/python3.12/site-packages/airflow/example_dags/tutorial_dag.py took 0.200 seconds
[2025-04-29T20:29:49.539+0000] {processor.py:186} INFO - Started process (PID=4422) to work on /home/airflow/.local/lib/python3.12/site-packages/airflow/example_dags/tutorial_dag.py
[2025-04-29T20:29:49.541+0000] {processor.py:914} INFO - Processing file /home/airflow/.local/lib/python3.12/site-packages/airflow/example_dags/tutorial_dag.py for tasks to queue
[2025-04-29T20:29:49.548+0000] {logging_mixin.py:190} INFO - [2025-04-29T20:29:49.547+0000] {dagbag.py:588} INFO - Filling up the DagBag from /home/airflow/.local/lib/python3.12/site-packages/airflow/example_dags/tutorial_dag.py
[2025-04-29T20:29:49.565+0000] {processor.py:925} INFO - DAG(s) 'tutorial_dag' retrieved from /home/airflow/.local/lib/python3.12/site-packages/airflow/example_dags/tutorial_dag.py
[2025-04-29T20:29:49.599+0000] {logging_mixin.py:190} INFO - [2025-04-29T20:29:49.598+0000] {dag.py:3239} INFO - Sync 1 DAGs
[2025-04-29T20:29:49.624+0000] {logging_mixin.py:190} INFO - [2025-04-29T20:29:49.624+0000] {dag.py:4180} INFO - Setting next_dagrun for tutorial_dag to None, run_after=None
[2025-04-29T20:29:49.675+0000] {processor.py:208} INFO - Processing /home/airflow/.local/lib/python3.12/site-packages/airflow/example_dags/tutorial_dag.py took 0.149 seconds
[2025-04-29T20:30:19.922+0000] {processor.py:186} INFO - Started process (PID=4485) to work on /home/airflow/.local/lib/python3.12/site-packages/airflow/example_dags/tutorial_dag.py
[2025-04-29T20:30:19.925+0000] {processor.py:914} INFO - Processing file /home/airflow/.local/lib/python3.12/site-packages/airflow/example_dags/tutorial_dag.py for tasks to queue
[2025-04-29T20:30:19.933+0000] {logging_mixin.py:190} INFO - [2025-04-29T20:30:19.932+0000] {dagbag.py:588} INFO - Filling up the DagBag from /home/airflow/.local/lib/python3.12/site-packages/airflow/example_dags/tutorial_dag.py
[2025-04-29T20:30:19.960+0000] {processor.py:925} INFO - DAG(s) 'tutorial_dag' retrieved from /home/airflow/.local/lib/python3.12/site-packages/airflow/example_dags/tutorial_dag.py
[2025-04-29T20:30:20.014+0000] {logging_mixin.py:190} INFO - [2025-04-29T20:30:20.013+0000] {dag.py:3239} INFO - Sync 1 DAGs
[2025-04-29T20:30:20.047+0000] {logging_mixin.py:190} INFO - [2025-04-29T20:30:20.046+0000] {dag.py:4180} INFO - Setting next_dagrun for tutorial_dag to None, run_after=None
[2025-04-29T20:30:20.092+0000] {processor.py:208} INFO - Processing /home/airflow/.local/lib/python3.12/site-packages/airflow/example_dags/tutorial_dag.py took 0.184 seconds
[2025-04-29T20:30:50.199+0000] {processor.py:186} INFO - Started process (PID=4547) to work on /home/airflow/.local/lib/python3.12/site-packages/airflow/example_dags/tutorial_dag.py
[2025-04-29T20:30:50.200+0000] {processor.py:914} INFO - Processing file /home/airflow/.local/lib/python3.12/site-packages/airflow/example_dags/tutorial_dag.py for tasks to queue
[2025-04-29T20:30:50.204+0000] {logging_mixin.py:190} INFO - [2025-04-29T20:30:50.203+0000] {dagbag.py:588} INFO - Filling up the DagBag from /home/airflow/.local/lib/python3.12/site-packages/airflow/example_dags/tutorial_dag.py
[2025-04-29T20:30:50.213+0000] {processor.py:925} INFO - DAG(s) 'tutorial_dag' retrieved from /home/airflow/.local/lib/python3.12/site-packages/airflow/example_dags/tutorial_dag.py
[2025-04-29T20:30:50.239+0000] {logging_mixin.py:190} INFO - [2025-04-29T20:30:50.239+0000] {dag.py:3239} INFO - Sync 1 DAGs
[2025-04-29T20:30:50.256+0000] {logging_mixin.py:190} INFO - [2025-04-29T20:30:50.256+0000] {dag.py:4180} INFO - Setting next_dagrun for tutorial_dag to None, run_after=None
[2025-04-29T20:30:50.282+0000] {processor.py:208} INFO - Processing /home/airflow/.local/lib/python3.12/site-packages/airflow/example_dags/tutorial_dag.py took 0.091 seconds
[2025-04-29T20:31:20.376+0000] {processor.py:186} INFO - Started process (PID=4610) to work on /home/airflow/.local/lib/python3.12/site-packages/airflow/example_dags/tutorial_dag.py
[2025-04-29T20:31:20.378+0000] {processor.py:914} INFO - Processing file /home/airflow/.local/lib/python3.12/site-packages/airflow/example_dags/tutorial_dag.py for tasks to queue
[2025-04-29T20:31:20.385+0000] {logging_mixin.py:190} INFO - [2025-04-29T20:31:20.384+0000] {dagbag.py:588} INFO - Filling up the DagBag from /home/airflow/.local/lib/python3.12/site-packages/airflow/example_dags/tutorial_dag.py
[2025-04-29T20:31:20.402+0000] {processor.py:925} INFO - DAG(s) 'tutorial_dag' retrieved from /home/airflow/.local/lib/python3.12/site-packages/airflow/example_dags/tutorial_dag.py
[2025-04-29T20:31:20.429+0000] {logging_mixin.py:190} INFO - [2025-04-29T20:31:20.429+0000] {dag.py:3239} INFO - Sync 1 DAGs
[2025-04-29T20:31:20.449+0000] {logging_mixin.py:190} INFO - [2025-04-29T20:31:20.449+0000] {dag.py:4180} INFO - Setting next_dagrun for tutorial_dag to None, run_after=None
[2025-04-29T20:31:20.479+0000] {processor.py:208} INFO - Processing /home/airflow/.local/lib/python3.12/site-packages/airflow/example_dags/tutorial_dag.py took 0.118 seconds
[2025-04-29T20:31:51.609+0000] {processor.py:186} INFO - Started process (PID=4673) to work on /home/airflow/.local/lib/python3.12/site-packages/airflow/example_dags/tutorial_dag.py
[2025-04-29T20:31:51.611+0000] {processor.py:914} INFO - Processing file /home/airflow/.local/lib/python3.12/site-packages/airflow/example_dags/tutorial_dag.py for tasks to queue
[2025-04-29T20:31:51.616+0000] {logging_mixin.py:190} INFO - [2025-04-29T20:31:51.615+0000] {dagbag.py:588} INFO - Filling up the DagBag from /home/airflow/.local/lib/python3.12/site-packages/airflow/example_dags/tutorial_dag.py
[2025-04-29T20:31:51.630+0000] {processor.py:925} INFO - DAG(s) 'tutorial_dag' retrieved from /home/airflow/.local/lib/python3.12/site-packages/airflow/example_dags/tutorial_dag.py
[2025-04-29T20:31:51.669+0000] {logging_mixin.py:190} INFO - [2025-04-29T20:31:51.668+0000] {dag.py:3239} INFO - Sync 1 DAGs
[2025-04-29T20:31:51.709+0000] {logging_mixin.py:190} INFO - [2025-04-29T20:31:51.708+0000] {dag.py:4180} INFO - Setting next_dagrun for tutorial_dag to None, run_after=None
[2025-04-29T20:31:51.753+0000] {processor.py:208} INFO - Processing /home/airflow/.local/lib/python3.12/site-packages/airflow/example_dags/tutorial_dag.py took 0.157 seconds
[2025-04-29T20:32:21.898+0000] {processor.py:186} INFO - Started process (PID=4735) to work on /home/airflow/.local/lib/python3.12/site-packages/airflow/example_dags/tutorial_dag.py
[2025-04-29T20:32:21.900+0000] {processor.py:914} INFO - Processing file /home/airflow/.local/lib/python3.12/site-packages/airflow/example_dags/tutorial_dag.py for tasks to queue
[2025-04-29T20:32:21.909+0000] {logging_mixin.py:190} INFO - [2025-04-29T20:32:21.907+0000] {dagbag.py:588} INFO - Filling up the DagBag from /home/airflow/.local/lib/python3.12/site-packages/airflow/example_dags/tutorial_dag.py
[2025-04-29T20:32:21.933+0000] {processor.py:925} INFO - DAG(s) 'tutorial_dag' retrieved from /home/airflow/.local/lib/python3.12/site-packages/airflow/example_dags/tutorial_dag.py
[2025-04-29T20:32:21.985+0000] {logging_mixin.py:190} INFO - [2025-04-29T20:32:21.985+0000] {dag.py:3239} INFO - Sync 1 DAGs
[2025-04-29T20:32:22.008+0000] {logging_mixin.py:190} INFO - [2025-04-29T20:32:22.008+0000] {dag.py:4180} INFO - Setting next_dagrun for tutorial_dag to None, run_after=None
[2025-04-29T20:32:22.046+0000] {processor.py:208} INFO - Processing /home/airflow/.local/lib/python3.12/site-packages/airflow/example_dags/tutorial_dag.py took 0.163 seconds
[2025-04-29T20:32:52.510+0000] {processor.py:186} INFO - Started process (PID=4798) to work on /home/airflow/.local/lib/python3.12/site-packages/airflow/example_dags/tutorial_dag.py
[2025-04-29T20:32:52.512+0000] {processor.py:914} INFO - Processing file /home/airflow/.local/lib/python3.12/site-packages/airflow/example_dags/tutorial_dag.py for tasks to queue
[2025-04-29T20:32:52.517+0000] {logging_mixin.py:190} INFO - [2025-04-29T20:32:52.517+0000] {dagbag.py:588} INFO - Filling up the DagBag from /home/airflow/.local/lib/python3.12/site-packages/airflow/example_dags/tutorial_dag.py
[2025-04-29T20:32:52.539+0000] {processor.py:925} INFO - DAG(s) 'tutorial_dag' retrieved from /home/airflow/.local/lib/python3.12/site-packages/airflow/example_dags/tutorial_dag.py
[2025-04-29T20:32:52.596+0000] {logging_mixin.py:190} INFO - [2025-04-29T20:32:52.595+0000] {dag.py:3239} INFO - Sync 1 DAGs
[2025-04-29T20:32:52.640+0000] {logging_mixin.py:190} INFO - [2025-04-29T20:32:52.639+0000] {dag.py:4180} INFO - Setting next_dagrun for tutorial_dag to None, run_after=None
[2025-04-29T20:32:52.696+0000] {processor.py:208} INFO - Processing /home/airflow/.local/lib/python3.12/site-packages/airflow/example_dags/tutorial_dag.py took 0.196 seconds
[2025-04-29T20:33:22.905+0000] {processor.py:186} INFO - Started process (PID=4861) to work on /home/airflow/.local/lib/python3.12/site-packages/airflow/example_dags/tutorial_dag.py
[2025-04-29T20:33:22.907+0000] {processor.py:914} INFO - Processing file /home/airflow/.local/lib/python3.12/site-packages/airflow/example_dags/tutorial_dag.py for tasks to queue
[2025-04-29T20:33:22.913+0000] {logging_mixin.py:190} INFO - [2025-04-29T20:33:22.912+0000] {dagbag.py:588} INFO - Filling up the DagBag from /home/airflow/.local/lib/python3.12/site-packages/airflow/example_dags/tutorial_dag.py
[2025-04-29T20:33:22.931+0000] {processor.py:925} INFO - DAG(s) 'tutorial_dag' retrieved from /home/airflow/.local/lib/python3.12/site-packages/airflow/example_dags/tutorial_dag.py
[2025-04-29T20:33:22.976+0000] {logging_mixin.py:190} INFO - [2025-04-29T20:33:22.976+0000] {dag.py:3239} INFO - Sync 1 DAGs
[2025-04-29T20:33:23.000+0000] {logging_mixin.py:190} INFO - [2025-04-29T20:33:22.999+0000] {dag.py:4180} INFO - Setting next_dagrun for tutorial_dag to None, run_after=None
[2025-04-29T20:33:23.048+0000] {processor.py:208} INFO - Processing /home/airflow/.local/lib/python3.12/site-packages/airflow/example_dags/tutorial_dag.py took 0.157 seconds
[2025-04-29T20:33:53.293+0000] {processor.py:186} INFO - Started process (PID=4924) to work on /home/airflow/.local/lib/python3.12/site-packages/airflow/example_dags/tutorial_dag.py
[2025-04-29T20:33:53.294+0000] {processor.py:914} INFO - Processing file /home/airflow/.local/lib/python3.12/site-packages/airflow/example_dags/tutorial_dag.py for tasks to queue
[2025-04-29T20:33:53.299+0000] {logging_mixin.py:190} INFO - [2025-04-29T20:33:53.299+0000] {dagbag.py:588} INFO - Filling up the DagBag from /home/airflow/.local/lib/python3.12/site-packages/airflow/example_dags/tutorial_dag.py
[2025-04-29T20:33:53.317+0000] {processor.py:925} INFO - DAG(s) 'tutorial_dag' retrieved from /home/airflow/.local/lib/python3.12/site-packages/airflow/example_dags/tutorial_dag.py
[2025-04-29T20:33:53.344+0000] {logging_mixin.py:190} INFO - [2025-04-29T20:33:53.344+0000] {dag.py:3239} INFO - Sync 1 DAGs
[2025-04-29T20:33:53.367+0000] {logging_mixin.py:190} INFO - [2025-04-29T20:33:53.367+0000] {dag.py:4180} INFO - Setting next_dagrun for tutorial_dag to None, run_after=None
[2025-04-29T20:33:53.409+0000] {processor.py:208} INFO - Processing /home/airflow/.local/lib/python3.12/site-packages/airflow/example_dags/tutorial_dag.py took 0.124 seconds
